;  LST file generated by mikroListExporter - v.2.0 
; Date/Time: 8/19/2018 10:50:20 PM
;----------------------------------------------

;Address Opcode 	ASM
0x0000	0x2BD2      	GOTO       978
_interrupt:
;Tractor.c,69 :: 		void interrupt()
0x0004	0x0870      	MOVF       R0, 0
0x0005	0x0020      	MOVLB      0
0x0006	0x00A1      	MOVWF      33
0x0007	0x0871      	MOVF       R1, 0
0x0008	0x00A0      	MOVWF      32
;Tractor.c,71 :: 		if(TMR0IE_bit == 1 && TMR0IF_bit == 1)   /* interrupt handler*/
0x0009	0x3180      	MOVLP      0
0x000A	0x1E8B      	BTFSS      TMR0IE_bit, BitPos(TMR0IE_bit+0)
0x000B	0x2810      	GOTO       L_interrupt2
0x000C	0x1D0B      	BTFSS      TMR0IF_bit, BitPos(TMR0IF_bit+0)
0x000D	0x2810      	GOTO       L_interrupt2
L__interrupt49:
;Tractor.c,73 :: 		TMR0_ISR();
0x000E	0x2344      	CALL       _TMR0_ISR
;Tractor.c,74 :: 		}
0x000F	0x2810      	GOTO       L_interrupt3
L_interrupt2:
;Tractor.c,77 :: 		}
L_interrupt3:
;Tractor.c,78 :: 		}
L_end_interrupt:
L__interrupt54:
0x0010	0x0821      	MOVF       33, 0
0x0011	0x00F0      	MOVWF      R0
0x0012	0x0820      	MOVF       32, 0
0x0013	0x00F1      	MOVWF      R1
0x0014	0x0009      	RETFIE     %s
; end of _interrupt
_TMR0_CallBack_Half_Sec:
;tmr0.c,77 :: 		void TMR0_CallBack_Half_Sec(void)
;tmr0.c,80 :: 		if(guc_togg_half==1)
0x0015	0x0020      	MOVLB      0
0x0016	0x0848      	MOVF       _guc_togg_half, 0
0x0017	0x3A01      	XORLW      1
0x0018	0x1D03      	BTFSS      STATUS, 2
0x0019	0x281B      	GOTO       L_TMR0_CallBack_Half_Sec6
;tmr0.c,85 :: 		BUZZER=1;
0x001A	0x150C      	BSF        PORTA, 2
;tmr0.c,87 :: 		}
L_TMR0_CallBack_Half_Sec6:
;tmr0.c,89 :: 		if(guc_togg_half==0)
0x001B	0x0848      	MOVF       _guc_togg_half, 0
0x001C	0x3A00      	XORLW      0
0x001D	0x1D03      	BTFSS      STATUS, 2
0x001E	0x2820      	GOTO       L_TMR0_CallBack_Half_Sec7
;tmr0.c,99 :: 		BUZZER = 0;
0x001F	0x110C      	BCF        PORTA, 2
;tmr0.c,101 :: 		}
L_TMR0_CallBack_Half_Sec7:
;tmr0.c,102 :: 		}
L_end_TMR0_CallBack_Half_Sec:
0x0020	0x0008      	RETURN
; end of _TMR0_CallBack_Half_Sec
_Check_Engine:
;tmr1.c,50 :: 		void Check_Engine()
;tmr1.c,57 :: 		if(eng_H>0 && eng_L>0){ Eng_On = 1;}
0x0021	0x0020      	MOVLB      0
0x0022	0x084A      	MOVF       _eng_H+1, 0
0x0023	0x3C00      	SUBLW      0
0x0024	0x1D03      	BTFSS      STATUS, 2
0x0025	0x2828      	GOTO       L__Check_Engine6
0x0026	0x0849      	MOVF       _eng_H, 0
0x0027	0x3C00      	SUBLW      0
L__Check_Engine6:
0x0028	0x1803      	BTFSC      STATUS, 0
0x0029	0x2835      	GOTO       L_Check_Engine2
0x002A	0x0845      	MOVF       _eng_L+1, 0
0x002B	0x3C00      	SUBLW      0
0x002C	0x1D03      	BTFSS      STATUS, 2
0x002D	0x2830      	GOTO       L__Check_Engine7
0x002E	0x0844      	MOVF       _eng_L, 0
0x002F	0x3C00      	SUBLW      0
L__Check_Engine7:
0x0030	0x1803      	BTFSC      STATUS, 0
0x0031	0x2835      	GOTO       L_Check_Engine2
L__Check_Engine4:
0x0032	0x3001      	MOVLW      1
0x0033	0x00C3      	MOVWF      _Eng_On
0x0034	0x2836      	GOTO       L_Check_Engine3
L_Check_Engine2:
;tmr1.c,58 :: 		else Eng_On = 0;
0x0035	0x01C3      	CLRF       _Eng_On
L_Check_Engine3:
;tmr1.c,59 :: 		eng_H = 0;
0x0036	0x01C9      	CLRF       _eng_H
0x0037	0x01CA      	CLRF       _eng_H+1
;tmr1.c,60 :: 		eng_L = 0;
0x0038	0x01C4      	CLRF       _eng_L
0x0039	0x01C5      	CLRF       _eng_L+1
;tmr1.c,61 :: 		}
L_end_Check_Engine:
0x003A	0x0008      	RETURN
; end of _Check_Engine
_TMR0_Reload:
;tmr0.c,24 :: 		void TMR0_Reload(void)
;tmr0.c,26 :: 		TMR0 = timer0ReloadVal;     /* Write to the Timer0 register*/
0x003B	0x0020      	MOVLB      0
0x003C	0x0865      	MOVF       _timer0ReloadVal, 0
0x003D	0x0095      	MOVWF      TMR0
;tmr0.c,27 :: 		}
L_end_TMR0_Reload:
0x003E	0x0008      	RETURN
; end of _TMR0_Reload
_CHCK_COND:
;Tractor.c,80 :: 		void CHCK_COND(uint8 x)
;Tractor.c,83 :: 		guc_deb[x]++;
0x003F	0x0020      	MOVLB      0
0x0040	0x086B      	MOVF       FARG_CHCK_COND_x, 0
0x0041	0x00F0      	MOVWF      R0
0x0042	0x01F1      	CLRF       R1
0x0043	0x35F0      	LSLF       R0, 1
0x0044	0x0DF1      	RLF        R1, 1
0x0045	0x3027      	MOVLW      _guc_deb
0x0046	0x0770      	ADDWF      R0, 0
0x0047	0x00F2      	MOVWF      R2
0x0048	0x3000      	MOVLW      hi_addr(_guc_deb)
0x0049	0x3D71      	ADDWFC     R1, 0
0x004A	0x00F3      	MOVWF      R3
0x004B	0x0872      	MOVF       R2, 0
0x004C	0x0084      	MOVWF      FSR0
0x004D	0x0873      	MOVF       R3, 0
0x004E	0x0085      	MOVWF      FSR0H
0x004F	0x0800      	MOVF       INDF0, 0
0x0050	0x00F0      	MOVWF      R0
0x0051	0x3101      	ADDFSR     0, 1
0x0052	0x0800      	MOVF       INDF0, 0
0x0053	0x00F1      	MOVWF      R1
0x0054	0x0AF0      	INCF       R0, 1
0x0055	0x1903      	BTFSC      STATUS, 2
0x0056	0x0AF1      	INCF       R1, 1
0x0057	0x0872      	MOVF       R2, 0
0x0058	0x0086      	MOVWF      FSR1
0x0059	0x0873      	MOVF       R3, 0
0x005A	0x0087      	MOVWF      FSR1H
0x005B	0x0870      	MOVF       R0, 0
0x005C	0x0081      	MOVWF      INDF1
0x005D	0x0871      	MOVF       R1, 0
0x005E	0x3141      	ADDFSR     1, 1
0x005F	0x0081      	MOVWF      INDF1
;Tractor.c,84 :: 		for(i=0;i<=13 && i!=x;i++){guc_deb[i] = 0;}
0x0060	0x01F4      	CLRF       R4
L_CHCK_COND4:
0x0061	0x0874      	MOVF       R4, 0
0x0062	0x3C0D      	SUBLW      13
0x0063	0x1C03      	BTFSS      STATUS, 0
0x0064	0x2879      	GOTO       L_CHCK_COND5
0x0065	0x0874      	MOVF       R4, 0
0x0066	0x066B      	XORWF      FARG_CHCK_COND_x, 0
0x0067	0x1903      	BTFSC      STATUS, 2
0x0068	0x2879      	GOTO       L_CHCK_COND5
L__CHCK_COND50:
0x0069	0x0874      	MOVF       R4, 0
0x006A	0x00F0      	MOVWF      R0
0x006B	0x01F1      	CLRF       R1
0x006C	0x35F0      	LSLF       R0, 1
0x006D	0x0DF1      	RLF        R1, 1
0x006E	0x3027      	MOVLW      _guc_deb
0x006F	0x0770      	ADDWF      R0, 0
0x0070	0x0086      	MOVWF      FSR1
0x0071	0x3000      	MOVLW      hi_addr(_guc_deb)
0x0072	0x3D71      	ADDWFC     R1, 0
0x0073	0x0087      	MOVWF      FSR1H
0x0074	0x0181      	CLRF       INDF1
0x0075	0x3141      	ADDFSR     1, 1
0x0076	0x0181      	CLRF       INDF1
0x0077	0x0AF4      	INCF       R4, 1
0x0078	0x2861      	GOTO       L_CHCK_COND4
L_CHCK_COND5:
;Tractor.c,85 :: 		if(guc_deb[x] > 10){ guc_choice = x; guc_deb[x] = 0;}
0x0079	0x086B      	MOVF       FARG_CHCK_COND_x, 0
0x007A	0x00F0      	MOVWF      R0
0x007B	0x01F1      	CLRF       R1
0x007C	0x35F0      	LSLF       R0, 1
0x007D	0x0DF1      	RLF        R1, 1
0x007E	0x3027      	MOVLW      _guc_deb
0x007F	0x0770      	ADDWF      R0, 0
0x0080	0x0084      	MOVWF      FSR0
0x0081	0x3000      	MOVLW      hi_addr(_guc_deb)
0x0082	0x3D71      	ADDWFC     R1, 0
0x0083	0x0085      	MOVWF      FSR0H
0x0084	0x0800      	MOVF       INDF0, 0
0x0085	0x00F1      	MOVWF      R1
0x0086	0x3101      	ADDFSR     0, 1
0x0087	0x0800      	MOVF       INDF0, 0
0x0088	0x00F2      	MOVWF      R2
0x0089	0x0872      	MOVF       R2, 0
0x008A	0x3C00      	SUBLW      0
0x008B	0x1D03      	BTFSS      STATUS, 2
0x008C	0x288F      	GOTO       L__CHCK_COND56
0x008D	0x0871      	MOVF       R1, 0
0x008E	0x3C0A      	SUBLW      10
L__CHCK_COND56:
0x008F	0x1803      	BTFSC      STATUS, 0
0x0090	0x28A1      	GOTO       L_CHCK_COND9
0x0091	0x086B      	MOVF       FARG_CHCK_COND_x, 0
0x0092	0x00A6      	MOVWF      _guc_choice
0x0093	0x086B      	MOVF       FARG_CHCK_COND_x, 0
0x0094	0x00F0      	MOVWF      R0
0x0095	0x01F1      	CLRF       R1
0x0096	0x35F0      	LSLF       R0, 1
0x0097	0x0DF1      	RLF        R1, 1
0x0098	0x3027      	MOVLW      _guc_deb
0x0099	0x0770      	ADDWF      R0, 0
0x009A	0x0086      	MOVWF      FSR1
0x009B	0x3000      	MOVLW      hi_addr(_guc_deb)
0x009C	0x3D71      	ADDWFC     R1, 0
0x009D	0x0087      	MOVWF      FSR1H
0x009E	0x0181      	CLRF       INDF1
0x009F	0x3141      	ADDFSR     1, 1
0x00A0	0x0181      	CLRF       INDF1
L_CHCK_COND9:
;Tractor.c,86 :: 		}
L_end_CHCK_COND:
0x00A1	0x0008      	RETURN
; end of _CHCK_COND
_TMR0_Initialize:
;tmr0.c,14 :: 		void TMR0_Initialize(void)
;tmr0.c,17 :: 		OPTION_REG = (uint8)((OPTION_REG & 0xC0) | 0xD7 & 0x3F);
0x00A2	0x30C0      	MOVLW      192
0x00A3	0x0021      	MOVLB      1
0x00A4	0x0515      	ANDWF      OPTION_REG, 0
0x00A5	0x00F0      	MOVWF      R0
0x00A6	0x3017      	MOVLW      23
0x00A7	0x0470      	IORWF       R0, 0
0x00A8	0x0095      	MOVWF      OPTION_REG
;tmr0.c,18 :: 		TMR0 = 0xF8;              /* TMR0 248;*/
0x00A9	0x30F8      	MOVLW      248
0x00AA	0x0020      	MOVLB      0
0x00AB	0x0095      	MOVWF      TMR0
;tmr0.c,19 :: 		timer0ReloadVal= 0xF8;     /* Load the TMR value to reload variable */
0x00AC	0x30F8      	MOVLW      248
0x00AD	0x00E5      	MOVWF      _timer0ReloadVal
;tmr0.c,20 :: 		TMR0IF_bit = 0;           /*Clear Interrupt flag before enabling the interrupt*/
0x00AE	0x110B      	BCF        TMR0IF_bit, BitPos(TMR0IF_bit+0)
;tmr0.c,21 :: 		TMR0IE_bit = 1;           /* Enabling TMR0 interrupt */
0x00AF	0x168B      	BSF        TMR0IE_bit, BitPos(TMR0IE_bit+0)
;tmr0.c,22 :: 		}
L_end_TMR0_Initialize:
0x00B0	0x0008      	RETURN
; end of _TMR0_Initialize
_check_cond:
;Tractor.c,89 :: 		void check_cond()
;Tractor.c,91 :: 		guc_choice = 0;
0x00B1	0x0020      	MOVLB      0
0x00B2	0x01A6      	CLRF       _guc_choice
;Tractor.c,92 :: 		if(COND1){ CHCK_COND(1); }
0x00B3	0x190E      	BTFSC      PORTC, 2
0x00B4	0x28B7      	GOTO       L__check_cond58
0x00B5	0x1470      	BSF        R0, 0
0x00B6	0x28B8      	GOTO       L__check_cond59
L__check_cond58:
0x00B7	0x1070      	BCF        R0, 0
L__check_cond59:
0x00B8	0x188E      	BTFSC      PORTC, 1
0x00B9	0x28BC      	GOTO       L__check_cond60
0x00BA	0x1403      	BSF        STATUS, 0
0x00BB	0x28BD      	GOTO       L__check_cond61
L__check_cond60:
0x00BC	0x1003      	BCF        STATUS, 0
L__check_cond61:
0x00BD	0x1C70      	BTFSS      R0, 0
0x00BE	0x28C3      	GOTO       L__check_cond62
0x00BF	0x1C03      	BTFSS      STATUS, 0
0x00C0	0x28C3      	GOTO       L__check_cond62
0x00C1	0x1470      	BSF        R0, 0
0x00C2	0x28C4      	GOTO       L__check_cond63
L__check_cond62:
0x00C3	0x1070      	BCF        R0, 0
L__check_cond63:
0x00C4	0x180E      	BTFSC      PORTC, 0
0x00C5	0x28C8      	GOTO       L__check_cond64
0x00C6	0x1403      	BSF        STATUS, 0
0x00C7	0x28C9      	GOTO       L__check_cond65
L__check_cond64:
0x00C8	0x1003      	BCF        STATUS, 0
L__check_cond65:
0x00C9	0x1C70      	BTFSS      R0, 0
0x00CA	0x28CF      	GOTO       L__check_cond66
0x00CB	0x1C03      	BTFSS      STATUS, 0
0x00CC	0x28CF      	GOTO       L__check_cond66
0x00CD	0x1470      	BSF        R0, 0
0x00CE	0x28D0      	GOTO       L__check_cond67
L__check_cond66:
0x00CF	0x1070      	BCF        R0, 0
L__check_cond67:
0x00D0	0x1C70      	BTFSS      R0, 0
0x00D1	0x28D6      	GOTO       L__check_cond68
0x00D2	0x1E8C      	BTFSS      PORTA, 5
0x00D3	0x28D6      	GOTO       L__check_cond68
0x00D4	0x1403      	BSF        STATUS, 0
0x00D5	0x28D7      	GOTO       L__check_cond69
L__check_cond68:
0x00D6	0x1003      	BCF        STATUS, 0
L__check_cond69:
0x00D7	0x1C03      	BTFSS      STATUS, 0
0x00D8	0x28DC      	GOTO       L_check_cond10
0x00D9	0x3001      	MOVLW      1
0x00DA	0x00EB      	MOVWF      FARG_CHCK_COND_x
0x00DB	0x203F      	CALL       _CHCK_COND
L_check_cond10:
;Tractor.c,93 :: 		if(COND2){ CHCK_COND(2); }
0x00DC	0x190E      	BTFSC      PORTC, 2
0x00DD	0x28E0      	GOTO       L__check_cond70
0x00DE	0x1470      	BSF        R0, 0
0x00DF	0x28E1      	GOTO       L__check_cond71
L__check_cond70:
0x00E0	0x1070      	BCF        R0, 0
L__check_cond71:
0x00E1	0x188E      	BTFSC      PORTC, 1
0x00E2	0x28E5      	GOTO       L__check_cond72
0x00E3	0x1403      	BSF        STATUS, 0
0x00E4	0x28E6      	GOTO       L__check_cond73
L__check_cond72:
0x00E5	0x1003      	BCF        STATUS, 0
L__check_cond73:
0x00E6	0x1C70      	BTFSS      R0, 0
0x00E7	0x28EC      	GOTO       L__check_cond74
0x00E8	0x1C03      	BTFSS      STATUS, 0
0x00E9	0x28EC      	GOTO       L__check_cond74
0x00EA	0x1470      	BSF        R0, 0
0x00EB	0x28ED      	GOTO       L__check_cond75
L__check_cond74:
0x00EC	0x1070      	BCF        R0, 0
L__check_cond75:
0x00ED	0x180E      	BTFSC      PORTC, 0
0x00EE	0x28F1      	GOTO       L__check_cond76
0x00EF	0x1403      	BSF        STATUS, 0
0x00F0	0x28F2      	GOTO       L__check_cond77
L__check_cond76:
0x00F1	0x1003      	BCF        STATUS, 0
L__check_cond77:
0x00F2	0x1C70      	BTFSS      R0, 0
0x00F3	0x28F8      	GOTO       L__check_cond78
0x00F4	0x1C03      	BTFSS      STATUS, 0
0x00F5	0x28F8      	GOTO       L__check_cond78
0x00F6	0x1470      	BSF        R0, 0
0x00F7	0x28F9      	GOTO       L__check_cond79
L__check_cond78:
0x00F8	0x1070      	BCF        R0, 0
L__check_cond79:
0x00F9	0x1A8C      	BTFSC      PORTA, 5
0x00FA	0x28FD      	GOTO       L__check_cond80
0x00FB	0x1403      	BSF        STATUS, 0
0x00FC	0x28FE      	GOTO       L__check_cond81
L__check_cond80:
0x00FD	0x1003      	BCF        STATUS, 0
L__check_cond81:
0x00FE	0x1C70      	BTFSS      R0, 0
0x00FF	0x2904      	GOTO       L__check_cond82
0x0100	0x1C03      	BTFSS      STATUS, 0
0x0101	0x2904      	GOTO       L__check_cond82
0x0102	0x1470      	BSF        R0, 0
0x0103	0x2905      	GOTO       L__check_cond83
L__check_cond82:
0x0104	0x1070      	BCF        R0, 0
L__check_cond83:
0x0105	0x1C70      	BTFSS      R0, 0
0x0106	0x290A      	GOTO       L_check_cond11
0x0107	0x3002      	MOVLW      2
0x0108	0x00EB      	MOVWF      FARG_CHCK_COND_x
0x0109	0x203F      	CALL       _CHCK_COND
L_check_cond11:
;Tractor.c,94 :: 		if(COND3){ CHCK_COND(3); }
0x010A	0x190E      	BTFSC      PORTC, 2
0x010B	0x290E      	GOTO       L__check_cond84
0x010C	0x1403      	BSF        STATUS, 0
0x010D	0x290F      	GOTO       L__check_cond85
L__check_cond84:
0x010E	0x1003      	BCF        STATUS, 0
L__check_cond85:
0x010F	0x1C03      	BTFSS      STATUS, 0
0x0110	0x2915      	GOTO       L__check_cond86
0x0111	0x1C8E      	BTFSS      PORTC, 1
0x0112	0x2915      	GOTO       L__check_cond86
0x0113	0x1470      	BSF        R0, 0
0x0114	0x2916      	GOTO       L__check_cond87
L__check_cond86:
0x0115	0x1070      	BCF        R0, 0
L__check_cond87:
0x0116	0x180E      	BTFSC      PORTC, 0
0x0117	0x291A      	GOTO       L__check_cond88
0x0118	0x1403      	BSF        STATUS, 0
0x0119	0x291B      	GOTO       L__check_cond89
L__check_cond88:
0x011A	0x1003      	BCF        STATUS, 0
L__check_cond89:
0x011B	0x1C70      	BTFSS      R0, 0
0x011C	0x2921      	GOTO       L__check_cond90
0x011D	0x1C03      	BTFSS      STATUS, 0
0x011E	0x2921      	GOTO       L__check_cond90
0x011F	0x1470      	BSF        R0, 0
0x0120	0x2922      	GOTO       L__check_cond91
L__check_cond90:
0x0121	0x1070      	BCF        R0, 0
L__check_cond91:
0x0122	0x1C70      	BTFSS      R0, 0
0x0123	0x2928      	GOTO       L__check_cond92
0x0124	0x1E8C      	BTFSS      PORTA, 5
0x0125	0x2928      	GOTO       L__check_cond92
0x0126	0x1403      	BSF        STATUS, 0
0x0127	0x2929      	GOTO       L__check_cond93
L__check_cond92:
0x0128	0x1003      	BCF        STATUS, 0
L__check_cond93:
0x0129	0x1C03      	BTFSS      STATUS, 0
0x012A	0x292E      	GOTO       L_check_cond12
0x012B	0x3003      	MOVLW      3
0x012C	0x00EB      	MOVWF      FARG_CHCK_COND_x
0x012D	0x203F      	CALL       _CHCK_COND
L_check_cond12:
;Tractor.c,95 :: 		if(COND4){ CHCK_COND(4); }
0x012E	0x190E      	BTFSC      PORTC, 2
0x012F	0x2932      	GOTO       L__check_cond94
0x0130	0x1403      	BSF        STATUS, 0
0x0131	0x2933      	GOTO       L__check_cond95
L__check_cond94:
0x0132	0x1003      	BCF        STATUS, 0
L__check_cond95:
0x0133	0x1C03      	BTFSS      STATUS, 0
0x0134	0x2939      	GOTO       L__check_cond96
0x0135	0x1C8E      	BTFSS      PORTC, 1
0x0136	0x2939      	GOTO       L__check_cond96
0x0137	0x1470      	BSF        R0, 0
0x0138	0x293A      	GOTO       L__check_cond97
L__check_cond96:
0x0139	0x1070      	BCF        R0, 0
L__check_cond97:
0x013A	0x180E      	BTFSC      PORTC, 0
0x013B	0x293E      	GOTO       L__check_cond98
0x013C	0x1403      	BSF        STATUS, 0
0x013D	0x293F      	GOTO       L__check_cond99
L__check_cond98:
0x013E	0x1003      	BCF        STATUS, 0
L__check_cond99:
0x013F	0x1C70      	BTFSS      R0, 0
0x0140	0x2945      	GOTO       L__check_cond100
0x0141	0x1C03      	BTFSS      STATUS, 0
0x0142	0x2945      	GOTO       L__check_cond100
0x0143	0x1470      	BSF        R0, 0
0x0144	0x2946      	GOTO       L__check_cond101
L__check_cond100:
0x0145	0x1070      	BCF        R0, 0
L__check_cond101:
0x0146	0x1A8C      	BTFSC      PORTA, 5
0x0147	0x294A      	GOTO       L__check_cond102
0x0148	0x1403      	BSF        STATUS, 0
0x0149	0x294B      	GOTO       L__check_cond103
L__check_cond102:
0x014A	0x1003      	BCF        STATUS, 0
L__check_cond103:
0x014B	0x1C70      	BTFSS      R0, 0
0x014C	0x2951      	GOTO       L__check_cond104
0x014D	0x1C03      	BTFSS      STATUS, 0
0x014E	0x2951      	GOTO       L__check_cond104
0x014F	0x1470      	BSF        R0, 0
0x0150	0x2952      	GOTO       L__check_cond105
L__check_cond104:
0x0151	0x1070      	BCF        R0, 0
L__check_cond105:
0x0152	0x1C70      	BTFSS      R0, 0
0x0153	0x2957      	GOTO       L_check_cond13
0x0154	0x3004      	MOVLW      4
0x0155	0x00EB      	MOVWF      FARG_CHCK_COND_x
0x0156	0x203F      	CALL       _CHCK_COND
L_check_cond13:
;Tractor.c,96 :: 		if(COND5){ CHCK_COND(5); }
0x0157	0x190E      	BTFSC      PORTC, 2
0x0158	0x295B      	GOTO       L__check_cond106
0x0159	0x1470      	BSF        R0, 0
0x015A	0x295C      	GOTO       L__check_cond107
L__check_cond106:
0x015B	0x1070      	BCF        R0, 0
L__check_cond107:
0x015C	0x188E      	BTFSC      PORTC, 1
0x015D	0x2960      	GOTO       L__check_cond108
0x015E	0x1403      	BSF        STATUS, 0
0x015F	0x2961      	GOTO       L__check_cond109
L__check_cond108:
0x0160	0x1003      	BCF        STATUS, 0
L__check_cond109:
0x0161	0x1C70      	BTFSS      R0, 0
0x0162	0x2967      	GOTO       L__check_cond110
0x0163	0x1C03      	BTFSS      STATUS, 0
0x0164	0x2967      	GOTO       L__check_cond110
0x0165	0x1470      	BSF        R0, 0
0x0166	0x2968      	GOTO       L__check_cond111
L__check_cond110:
0x0167	0x1070      	BCF        R0, 0
L__check_cond111:
0x0168	0x1C70      	BTFSS      R0, 0
0x0169	0x296E      	GOTO       L__check_cond112
0x016A	0x1C0E      	BTFSS      PORTC, 0
0x016B	0x296E      	GOTO       L__check_cond112
0x016C	0x1403      	BSF        STATUS, 0
0x016D	0x296F      	GOTO       L__check_cond113
L__check_cond112:
0x016E	0x1003      	BCF        STATUS, 0
L__check_cond113:
0x016F	0x1C03      	BTFSS      STATUS, 0
0x0170	0x2975      	GOTO       L__check_cond114
0x0171	0x1E8C      	BTFSS      PORTA, 5
0x0172	0x2975      	GOTO       L__check_cond114
0x0173	0x1470      	BSF        R0, 0
0x0174	0x2976      	GOTO       L__check_cond115
L__check_cond114:
0x0175	0x1070      	BCF        R0, 0
L__check_cond115:
0x0176	0x1C70      	BTFSS      R0, 0
0x0177	0x297B      	GOTO       L_check_cond14
0x0178	0x3005      	MOVLW      5
0x0179	0x00EB      	MOVWF      FARG_CHCK_COND_x
0x017A	0x203F      	CALL       _CHCK_COND
L_check_cond14:
;Tractor.c,97 :: 		if(COND6){ CHCK_COND(6); }
0x017B	0x190E      	BTFSC      PORTC, 2
0x017C	0x297F      	GOTO       L__check_cond116
0x017D	0x1470      	BSF        R0, 0
0x017E	0x2980      	GOTO       L__check_cond117
L__check_cond116:
0x017F	0x1070      	BCF        R0, 0
L__check_cond117:
0x0180	0x188E      	BTFSC      PORTC, 1
0x0181	0x2984      	GOTO       L__check_cond118
0x0182	0x1403      	BSF        STATUS, 0
0x0183	0x2985      	GOTO       L__check_cond119
L__check_cond118:
0x0184	0x1003      	BCF        STATUS, 0
L__check_cond119:
0x0185	0x1C70      	BTFSS      R0, 0
0x0186	0x298B      	GOTO       L__check_cond120
0x0187	0x1C03      	BTFSS      STATUS, 0
0x0188	0x298B      	GOTO       L__check_cond120
0x0189	0x1470      	BSF        R0, 0
0x018A	0x298C      	GOTO       L__check_cond121
L__check_cond120:
0x018B	0x1070      	BCF        R0, 0
L__check_cond121:
0x018C	0x1C70      	BTFSS      R0, 0
0x018D	0x2992      	GOTO       L__check_cond122
0x018E	0x1C0E      	BTFSS      PORTC, 0
0x018F	0x2992      	GOTO       L__check_cond122
0x0190	0x1470      	BSF        R0, 0
0x0191	0x2993      	GOTO       L__check_cond123
L__check_cond122:
0x0192	0x1070      	BCF        R0, 0
L__check_cond123:
0x0193	0x1A8C      	BTFSC      PORTA, 5
0x0194	0x2997      	GOTO       L__check_cond124
0x0195	0x1403      	BSF        STATUS, 0
0x0196	0x2998      	GOTO       L__check_cond125
L__check_cond124:
0x0197	0x1003      	BCF        STATUS, 0
L__check_cond125:
0x0198	0x1C70      	BTFSS      R0, 0
0x0199	0x299E      	GOTO       L__check_cond126
0x019A	0x1C03      	BTFSS      STATUS, 0
0x019B	0x299E      	GOTO       L__check_cond126
0x019C	0x1470      	BSF        R0, 0
0x019D	0x299F      	GOTO       L__check_cond127
L__check_cond126:
0x019E	0x1070      	BCF        R0, 0
L__check_cond127:
0x019F	0x1C70      	BTFSS      R0, 0
0x01A0	0x29A4      	GOTO       L_check_cond15
0x01A1	0x3006      	MOVLW      6
0x01A2	0x00EB      	MOVWF      FARG_CHCK_COND_x
0x01A3	0x203F      	CALL       _CHCK_COND
L_check_cond15:
;Tractor.c,98 :: 		if(COND7){ CHCK_COND(7); }
0x01A4	0x190E      	BTFSC      PORTC, 2
0x01A5	0x29A8      	GOTO       L__check_cond128
0x01A6	0x1403      	BSF        STATUS, 0
0x01A7	0x29A9      	GOTO       L__check_cond129
L__check_cond128:
0x01A8	0x1003      	BCF        STATUS, 0
L__check_cond129:
0x01A9	0x1C03      	BTFSS      STATUS, 0
0x01AA	0x29AF      	GOTO       L__check_cond130
0x01AB	0x1C8E      	BTFSS      PORTC, 1
0x01AC	0x29AF      	GOTO       L__check_cond130
0x01AD	0x1470      	BSF        R0, 0
0x01AE	0x29B0      	GOTO       L__check_cond131
L__check_cond130:
0x01AF	0x1070      	BCF        R0, 0
L__check_cond131:
0x01B0	0x1C70      	BTFSS      R0, 0
0x01B1	0x29B6      	GOTO       L__check_cond132
0x01B2	0x1C0E      	BTFSS      PORTC, 0
0x01B3	0x29B6      	GOTO       L__check_cond132
0x01B4	0x1403      	BSF        STATUS, 0
0x01B5	0x29B7      	GOTO       L__check_cond133
L__check_cond132:
0x01B6	0x1003      	BCF        STATUS, 0
L__check_cond133:
0x01B7	0x1C03      	BTFSS      STATUS, 0
0x01B8	0x29BD      	GOTO       L__check_cond134
0x01B9	0x1E8C      	BTFSS      PORTA, 5
0x01BA	0x29BD      	GOTO       L__check_cond134
0x01BB	0x1470      	BSF        R0, 0
0x01BC	0x29BE      	GOTO       L__check_cond135
L__check_cond134:
0x01BD	0x1070      	BCF        R0, 0
L__check_cond135:
0x01BE	0x1C70      	BTFSS      R0, 0
0x01BF	0x29C3      	GOTO       L_check_cond16
0x01C0	0x3007      	MOVLW      7
0x01C1	0x00EB      	MOVWF      FARG_CHCK_COND_x
0x01C2	0x203F      	CALL       _CHCK_COND
L_check_cond16:
;Tractor.c,99 :: 		if(COND8){ CHCK_COND(8); }
0x01C3	0x190E      	BTFSC      PORTC, 2
0x01C4	0x29C7      	GOTO       L__check_cond136
0x01C5	0x1403      	BSF        STATUS, 0
0x01C6	0x29C8      	GOTO       L__check_cond137
L__check_cond136:
0x01C7	0x1003      	BCF        STATUS, 0
L__check_cond137:
0x01C8	0x1C03      	BTFSS      STATUS, 0
0x01C9	0x29CE      	GOTO       L__check_cond138
0x01CA	0x1C8E      	BTFSS      PORTC, 1
0x01CB	0x29CE      	GOTO       L__check_cond138
0x01CC	0x1470      	BSF        R0, 0
0x01CD	0x29CF      	GOTO       L__check_cond139
L__check_cond138:
0x01CE	0x1070      	BCF        R0, 0
L__check_cond139:
0x01CF	0x1C70      	BTFSS      R0, 0
0x01D0	0x29D5      	GOTO       L__check_cond140
0x01D1	0x1C0E      	BTFSS      PORTC, 0
0x01D2	0x29D5      	GOTO       L__check_cond140
0x01D3	0x1470      	BSF        R0, 0
0x01D4	0x29D6      	GOTO       L__check_cond141
L__check_cond140:
0x01D5	0x1070      	BCF        R0, 0
L__check_cond141:
0x01D6	0x1A8C      	BTFSC      PORTA, 5
0x01D7	0x29DA      	GOTO       L__check_cond142
0x01D8	0x1403      	BSF        STATUS, 0
0x01D9	0x29DB      	GOTO       L__check_cond143
L__check_cond142:
0x01DA	0x1003      	BCF        STATUS, 0
L__check_cond143:
0x01DB	0x1C70      	BTFSS      R0, 0
0x01DC	0x29E1      	GOTO       L__check_cond144
0x01DD	0x1C03      	BTFSS      STATUS, 0
0x01DE	0x29E1      	GOTO       L__check_cond144
0x01DF	0x1470      	BSF        R0, 0
0x01E0	0x29E2      	GOTO       L__check_cond145
L__check_cond144:
0x01E1	0x1070      	BCF        R0, 0
L__check_cond145:
0x01E2	0x1C70      	BTFSS      R0, 0
0x01E3	0x29E7      	GOTO       L_check_cond17
0x01E4	0x3008      	MOVLW      8
0x01E5	0x00EB      	MOVWF      FARG_CHCK_COND_x
0x01E6	0x203F      	CALL       _CHCK_COND
L_check_cond17:
;Tractor.c,100 :: 		if(COND9){ CHCK_COND(9); }
0x01E7	0x188E      	BTFSC      PORTC, 1
0x01E8	0x29EB      	GOTO       L__check_cond146
0x01E9	0x1403      	BSF        STATUS, 0
0x01EA	0x29EC      	GOTO       L__check_cond147
L__check_cond146:
0x01EB	0x1003      	BCF        STATUS, 0
L__check_cond147:
0x01EC	0x1D0E      	BTFSS      PORTC, 2
0x01ED	0x29F2      	GOTO       L__check_cond148
0x01EE	0x1C03      	BTFSS      STATUS, 0
0x01EF	0x29F2      	GOTO       L__check_cond148
0x01F0	0x1470      	BSF        R0, 0
0x01F1	0x29F3      	GOTO       L__check_cond149
L__check_cond148:
0x01F2	0x1070      	BCF        R0, 0
L__check_cond149:
0x01F3	0x1C70      	BTFSS      R0, 0
0x01F4	0x29F9      	GOTO       L__check_cond150
0x01F5	0x1C0E      	BTFSS      PORTC, 0
0x01F6	0x29F9      	GOTO       L__check_cond150
0x01F7	0x1403      	BSF        STATUS, 0
0x01F8	0x29FA      	GOTO       L__check_cond151
L__check_cond150:
0x01F9	0x1003      	BCF        STATUS, 0
L__check_cond151:
0x01FA	0x1C03      	BTFSS      STATUS, 0
0x01FB	0x2A00      	GOTO       L__check_cond152
0x01FC	0x1E8C      	BTFSS      PORTA, 5
0x01FD	0x2A00      	GOTO       L__check_cond152
0x01FE	0x1470      	BSF        R0, 0
0x01FF	0x2A01      	GOTO       L__check_cond153
L__check_cond152:
0x0200	0x1070      	BCF        R0, 0
L__check_cond153:
0x0201	0x1C70      	BTFSS      R0, 0
0x0202	0x2A06      	GOTO       L_check_cond18
0x0203	0x3009      	MOVLW      9
0x0204	0x00EB      	MOVWF      FARG_CHCK_COND_x
0x0205	0x203F      	CALL       _CHCK_COND
L_check_cond18:
;Tractor.c,101 :: 		if(COND10){ CHCK_COND(10); }
0x0206	0x188E      	BTFSC      PORTC, 1
0x0207	0x2A0A      	GOTO       L__check_cond154
0x0208	0x1403      	BSF        STATUS, 0
0x0209	0x2A0B      	GOTO       L__check_cond155
L__check_cond154:
0x020A	0x1003      	BCF        STATUS, 0
L__check_cond155:
0x020B	0x1D0E      	BTFSS      PORTC, 2
0x020C	0x2A11      	GOTO       L__check_cond156
0x020D	0x1C03      	BTFSS      STATUS, 0
0x020E	0x2A11      	GOTO       L__check_cond156
0x020F	0x1470      	BSF        R0, 0
0x0210	0x2A12      	GOTO       L__check_cond157
L__check_cond156:
0x0211	0x1070      	BCF        R0, 0
L__check_cond157:
0x0212	0x1C70      	BTFSS      R0, 0
0x0213	0x2A18      	GOTO       L__check_cond158
0x0214	0x1C0E      	BTFSS      PORTC, 0
0x0215	0x2A18      	GOTO       L__check_cond158
0x0216	0x1470      	BSF        R0, 0
0x0217	0x2A19      	GOTO       L__check_cond159
L__check_cond158:
0x0218	0x1070      	BCF        R0, 0
L__check_cond159:
0x0219	0x1A8C      	BTFSC      PORTA, 5
0x021A	0x2A1D      	GOTO       L__check_cond160
0x021B	0x1403      	BSF        STATUS, 0
0x021C	0x2A1E      	GOTO       L__check_cond161
L__check_cond160:
0x021D	0x1003      	BCF        STATUS, 0
L__check_cond161:
0x021E	0x1C70      	BTFSS      R0, 0
0x021F	0x2A24      	GOTO       L__check_cond162
0x0220	0x1C03      	BTFSS      STATUS, 0
0x0221	0x2A24      	GOTO       L__check_cond162
0x0222	0x1470      	BSF        R0, 0
0x0223	0x2A25      	GOTO       L__check_cond163
L__check_cond162:
0x0224	0x1070      	BCF        R0, 0
L__check_cond163:
0x0225	0x1C70      	BTFSS      R0, 0
0x0226	0x2A2A      	GOTO       L_check_cond19
0x0227	0x300A      	MOVLW      10
0x0228	0x00EB      	MOVWF      FARG_CHCK_COND_x
0x0229	0x203F      	CALL       _CHCK_COND
L_check_cond19:
;Tractor.c,102 :: 		if(COND11){ CHCK_COND(11); }
0x022A	0x1D0E      	BTFSS      PORTC, 2
0x022B	0x2A30      	GOTO       L__check_cond164
0x022C	0x1C8E      	BTFSS      PORTC, 1
0x022D	0x2A30      	GOTO       L__check_cond164
0x022E	0x1403      	BSF        STATUS, 0
0x022F	0x2A31      	GOTO       L__check_cond165
L__check_cond164:
0x0230	0x1003      	BCF        STATUS, 0
L__check_cond165:
0x0231	0x1C03      	BTFSS      STATUS, 0
0x0232	0x2A37      	GOTO       L__check_cond166
0x0233	0x1C0E      	BTFSS      PORTC, 0
0x0234	0x2A37      	GOTO       L__check_cond166
0x0235	0x1470      	BSF        R0, 0
0x0236	0x2A38      	GOTO       L__check_cond167
L__check_cond166:
0x0237	0x1070      	BCF        R0, 0
L__check_cond167:
0x0238	0x1C70      	BTFSS      R0, 0
0x0239	0x2A3E      	GOTO       L__check_cond168
0x023A	0x1E8C      	BTFSS      PORTA, 5
0x023B	0x2A3E      	GOTO       L__check_cond168
0x023C	0x1403      	BSF        STATUS, 0
0x023D	0x2A3F      	GOTO       L__check_cond169
L__check_cond168:
0x023E	0x1003      	BCF        STATUS, 0
L__check_cond169:
0x023F	0x1C03      	BTFSS      STATUS, 0
0x0240	0x2A44      	GOTO       L_check_cond20
0x0241	0x300B      	MOVLW      11
0x0242	0x00EB      	MOVWF      FARG_CHCK_COND_x
0x0243	0x203F      	CALL       _CHCK_COND
L_check_cond20:
;Tractor.c,103 :: 		if(COND12){ CHCK_COND(12); }
0x0244	0x1D0E      	BTFSS      PORTC, 2
0x0245	0x2A4A      	GOTO       L__check_cond170
0x0246	0x1C8E      	BTFSS      PORTC, 1
0x0247	0x2A4A      	GOTO       L__check_cond170
0x0248	0x1403      	BSF        STATUS, 0
0x0249	0x2A4B      	GOTO       L__check_cond171
L__check_cond170:
0x024A	0x1003      	BCF        STATUS, 0
L__check_cond171:
0x024B	0x1C03      	BTFSS      STATUS, 0
0x024C	0x2A51      	GOTO       L__check_cond172
0x024D	0x1C0E      	BTFSS      PORTC, 0
0x024E	0x2A51      	GOTO       L__check_cond172
0x024F	0x1470      	BSF        R0, 0
0x0250	0x2A52      	GOTO       L__check_cond173
L__check_cond172:
0x0251	0x1070      	BCF        R0, 0
L__check_cond173:
0x0252	0x1A8C      	BTFSC      PORTA, 5
0x0253	0x2A56      	GOTO       L__check_cond174
0x0254	0x1403      	BSF        STATUS, 0
0x0255	0x2A57      	GOTO       L__check_cond175
L__check_cond174:
0x0256	0x1003      	BCF        STATUS, 0
L__check_cond175:
0x0257	0x1C70      	BTFSS      R0, 0
0x0258	0x2A5D      	GOTO       L__check_cond176
0x0259	0x1C03      	BTFSS      STATUS, 0
0x025A	0x2A5D      	GOTO       L__check_cond176
0x025B	0x1470      	BSF        R0, 0
0x025C	0x2A5E      	GOTO       L__check_cond177
L__check_cond176:
0x025D	0x1070      	BCF        R0, 0
L__check_cond177:
0x025E	0x1C70      	BTFSS      R0, 0
0x025F	0x2A63      	GOTO       L_check_cond21
0x0260	0x300C      	MOVLW      12
0x0261	0x00EB      	MOVWF      FARG_CHCK_COND_x
0x0262	0x203F      	CALL       _CHCK_COND
L_check_cond21:
;Tractor.c,104 :: 		if(COND13){ CHCK_COND(13); }
0x0263	0x188E      	BTFSC      PORTC, 1
0x0264	0x2A67      	GOTO       L__check_cond178
0x0265	0x1403      	BSF        STATUS, 0
0x0266	0x2A68      	GOTO       L__check_cond179
L__check_cond178:
0x0267	0x1003      	BCF        STATUS, 0
L__check_cond179:
0x0268	0x1D0E      	BTFSS      PORTC, 2
0x0269	0x2A6E      	GOTO       L__check_cond180
0x026A	0x1C03      	BTFSS      STATUS, 0
0x026B	0x2A6E      	GOTO       L__check_cond180
0x026C	0x1470      	BSF        R0, 0
0x026D	0x2A6F      	GOTO       L__check_cond181
L__check_cond180:
0x026E	0x1070      	BCF        R0, 0
L__check_cond181:
0x026F	0x180E      	BTFSC      PORTC, 0
0x0270	0x2A73      	GOTO       L__check_cond182
0x0271	0x1403      	BSF        STATUS, 0
0x0272	0x2A74      	GOTO       L__check_cond183
L__check_cond182:
0x0273	0x1003      	BCF        STATUS, 0
L__check_cond183:
0x0274	0x1C70      	BTFSS      R0, 0
0x0275	0x2A7A      	GOTO       L__check_cond184
0x0276	0x1C03      	BTFSS      STATUS, 0
0x0277	0x2A7A      	GOTO       L__check_cond184
0x0278	0x1470      	BSF        R0, 0
0x0279	0x2A7B      	GOTO       L__check_cond185
L__check_cond184:
0x027A	0x1070      	BCF        R0, 0
L__check_cond185:
0x027B	0x1C70      	BTFSS      R0, 0
0x027C	0x2A81      	GOTO       L__check_cond186
0x027D	0x1E8C      	BTFSS      PORTA, 5
0x027E	0x2A81      	GOTO       L__check_cond186
0x027F	0x1403      	BSF        STATUS, 0
0x0280	0x2A82      	GOTO       L__check_cond187
L__check_cond186:
0x0281	0x1003      	BCF        STATUS, 0
L__check_cond187:
0x0282	0x1C03      	BTFSS      STATUS, 0
0x0283	0x2A87      	GOTO       L_check_cond22
0x0284	0x300D      	MOVLW      13
0x0285	0x00EB      	MOVWF      FARG_CHCK_COND_x
0x0286	0x203F      	CALL       _CHCK_COND
L_check_cond22:
;Tractor.c,105 :: 		asm CLRWDT ;
0x0287	0x0064      	CLRWDT
;Tractor.c,107 :: 		}
L_end_check_cond:
0x0288	0x0008      	RETURN
; end of _check_cond
_exe_cond:
;Tractor.c,109 :: 		void exe_cond()
;Tractor.c,111 :: 		if(guc_choice == 1 || guc_choice == 2 || guc_choice == 3
0x0289	0x0020      	MOVLB      0
0x028A	0x0826      	MOVF       _guc_choice, 0
0x028B	0x3A01      	XORLW      1
0x028C	0x1903      	BTFSC      STATUS, 2
0x028D	0x2A9F      	GOTO       L__exe_cond52
0x028E	0x0826      	MOVF       _guc_choice, 0
0x028F	0x3A02      	XORLW      2
0x0290	0x1903      	BTFSC      STATUS, 2
0x0291	0x2A9F      	GOTO       L__exe_cond52
0x0292	0x0826      	MOVF       _guc_choice, 0
0x0293	0x3A03      	XORLW      3
0x0294	0x1903      	BTFSC      STATUS, 2
0x0295	0x2A9F      	GOTO       L__exe_cond52
;Tractor.c,112 :: 		|| guc_choice == 4 || guc_choice == 5){guc_buzz_state=1;}
0x0296	0x0826      	MOVF       _guc_choice, 0
0x0297	0x3A04      	XORLW      4
0x0298	0x1903      	BTFSC      STATUS, 2
0x0299	0x2A9F      	GOTO       L__exe_cond52
0x029A	0x0826      	MOVF       _guc_choice, 0
0x029B	0x3A05      	XORLW      5
0x029C	0x1903      	BTFSC      STATUS, 2
0x029D	0x2A9F      	GOTO       L__exe_cond52
0x029E	0x2AA2      	GOTO       L_exe_cond25
L__exe_cond52:
0x029F	0x3001      	MOVLW      1
0x02A0	0x00A5      	MOVWF      _guc_buzz_state
0x02A1	0x2AA3      	GOTO       L_exe_cond26
L_exe_cond25:
;Tractor.c,113 :: 		else { guc_buzz_state=0;}
0x02A2	0x01A5      	CLRF       _guc_buzz_state
L_exe_cond26:
;Tractor.c,115 :: 		if(guc_choice == 6 || guc_choice == 7 || guc_choice == 8
0x02A3	0x0826      	MOVF       _guc_choice, 0
0x02A4	0x3A06      	XORLW      6
0x02A5	0x1903      	BTFSC      STATUS, 2
0x02A6	0x2AC0      	GOTO       L__exe_cond51
0x02A7	0x0826      	MOVF       _guc_choice, 0
0x02A8	0x3A07      	XORLW      7
0x02A9	0x1903      	BTFSC      STATUS, 2
0x02AA	0x2AC0      	GOTO       L__exe_cond51
0x02AB	0x0826      	MOVF       _guc_choice, 0
0x02AC	0x3A08      	XORLW      8
0x02AD	0x1903      	BTFSC      STATUS, 2
0x02AE	0x2AC0      	GOTO       L__exe_cond51
;Tractor.c,116 :: 		|| guc_choice == 9 || guc_choice == 10 || guc_choice == 11
0x02AF	0x0826      	MOVF       _guc_choice, 0
0x02B0	0x3A09      	XORLW      9
0x02B1	0x1903      	BTFSC      STATUS, 2
0x02B2	0x2AC0      	GOTO       L__exe_cond51
0x02B3	0x0826      	MOVF       _guc_choice, 0
0x02B4	0x3A0A      	XORLW      10
0x02B5	0x1903      	BTFSC      STATUS, 2
0x02B6	0x2AC0      	GOTO       L__exe_cond51
0x02B7	0x0826      	MOVF       _guc_choice, 0
0x02B8	0x3A0B      	XORLW      11
0x02B9	0x1903      	BTFSC      STATUS, 2
0x02BA	0x2AC0      	GOTO       L__exe_cond51
;Tractor.c,117 :: 		|| guc_choice == 12)
0x02BB	0x0826      	MOVF       _guc_choice, 0
0x02BC	0x3A0C      	XORLW      12
0x02BD	0x1903      	BTFSC      STATUS, 2
0x02BE	0x2AC0      	GOTO       L__exe_cond51
0x02BF	0x2AC2      	GOTO       L_exe_cond29
L__exe_cond51:
;Tractor.c,118 :: 		{P_IND = 1;}
0x02C0	0x160E      	BSF        PORTC, 4
0x02C1	0x2AC3      	GOTO       L_exe_cond30
L_exe_cond29:
;Tractor.c,119 :: 		else { P_IND = 0;}
0x02C2	0x120E      	BCF        PORTC, 4
L_exe_cond30:
;Tractor.c,127 :: 		if(guc_choice == 2)
0x02C3	0x0826      	MOVF       _guc_choice, 0
0x02C4	0x3A02      	XORLW      2
0x02C5	0x1D03      	BTFSS      STATUS, 2
0x02C6	0x2B05      	GOTO       L_exe_cond31
;Tractor.c,131 :: 		guc_sec=0; RELAY_SOL = 1;while(guc_sec<6);
0x02C7	0x01A2      	CLRF       _guc_sec
0x02C8	0x01A3      	CLRF       _guc_sec+1
0x02C9	0x168E      	BSF        PORTC, 5
L_exe_cond32:
0x02CA	0x3000      	MOVLW      0
0x02CB	0x0223      	SUBWF      _guc_sec+1, 0
0x02CC	0x1D03      	BTFSS      STATUS, 2
0x02CD	0x2AD0      	GOTO       L__exe_cond189
0x02CE	0x3006      	MOVLW      6
0x02CF	0x0222      	SUBWF      _guc_sec, 0
L__exe_cond189:
0x02D0	0x1803      	BTFSC      STATUS, 0
0x02D1	0x2AD3      	GOTO       L_exe_cond33
0x02D2	0x2ACA      	GOTO       L_exe_cond32
L_exe_cond33:
;Tractor.c,132 :: 		RELAY_SOL = 0;rel_lock = 1;
0x02D3	0x128E      	BCF        PORTC, 5
0x02D4	0x3001      	MOVLW      1
0x02D5	0x00A4      	MOVWF      _rel_lock
;Tractor.c,133 :: 		while(COND2)asm CLRWDT ;
L_exe_cond34:
0x02D6	0x190E      	BTFSC      PORTC, 2
0x02D7	0x2ADA      	GOTO       L__exe_cond190
0x02D8	0x1471      	BSF        R1, 0
0x02D9	0x2ADB      	GOTO       L__exe_cond191
L__exe_cond190:
0x02DA	0x1071      	BCF        R1, 0
L__exe_cond191:
0x02DB	0x188E      	BTFSC      PORTC, 1
0x02DC	0x2ADF      	GOTO       L__exe_cond192
0x02DD	0x1403      	BSF        STATUS, 0
0x02DE	0x2AE0      	GOTO       L__exe_cond193
L__exe_cond192:
0x02DF	0x1003      	BCF        STATUS, 0
L__exe_cond193:
0x02E0	0x1C71      	BTFSS      R1, 0
0x02E1	0x2AE6      	GOTO       L__exe_cond194
0x02E2	0x1C03      	BTFSS      STATUS, 0
0x02E3	0x2AE6      	GOTO       L__exe_cond194
0x02E4	0x1471      	BSF        R1, 0
0x02E5	0x2AE7      	GOTO       L__exe_cond195
L__exe_cond194:
0x02E6	0x1071      	BCF        R1, 0
L__exe_cond195:
0x02E7	0x180E      	BTFSC      PORTC, 0
0x02E8	0x2AEB      	GOTO       L__exe_cond196
0x02E9	0x1403      	BSF        STATUS, 0
0x02EA	0x2AEC      	GOTO       L__exe_cond197
L__exe_cond196:
0x02EB	0x1003      	BCF        STATUS, 0
L__exe_cond197:
0x02EC	0x1C71      	BTFSS      R1, 0
0x02ED	0x2AF2      	GOTO       L__exe_cond198
0x02EE	0x1C03      	BTFSS      STATUS, 0
0x02EF	0x2AF2      	GOTO       L__exe_cond198
0x02F0	0x1471      	BSF        R1, 0
0x02F1	0x2AF3      	GOTO       L__exe_cond199
L__exe_cond198:
0x02F2	0x1071      	BCF        R1, 0
L__exe_cond199:
0x02F3	0x1A8C      	BTFSC      PORTA, 5
0x02F4	0x2AF7      	GOTO       L__exe_cond200
0x02F5	0x1403      	BSF        STATUS, 0
0x02F6	0x2AF8      	GOTO       L__exe_cond201
L__exe_cond200:
0x02F7	0x1003      	BCF        STATUS, 0
L__exe_cond201:
0x02F8	0x1C71      	BTFSS      R1, 0
0x02F9	0x2AFE      	GOTO       L__exe_cond202
0x02FA	0x1C03      	BTFSS      STATUS, 0
0x02FB	0x2AFE      	GOTO       L__exe_cond202
0x02FC	0x1471      	BSF        R1, 0
0x02FD	0x2AFF      	GOTO       L__exe_cond203
L__exe_cond202:
0x02FE	0x1071      	BCF        R1, 0
L__exe_cond203:
0x02FF	0x1C71      	BTFSS      R1, 0
0x0300	0x2B03      	GOTO       L_exe_cond35
0x0301	0x0064      	CLRWDT
0x0302	0x2AD6      	GOTO       L_exe_cond34
L_exe_cond35:
;Tractor.c,134 :: 		guc_buzz_state=0;
0x0303	0x01A5      	CLRF       _guc_buzz_state
;Tractor.c,136 :: 		}
0x0304	0x2B43      	GOTO       L_exe_cond36
L_exe_cond31:
;Tractor.c,137 :: 		else if(guc_choice == 6)
0x0305	0x0826      	MOVF       _guc_choice, 0
0x0306	0x3A06      	XORLW      6
0x0307	0x1D03      	BTFSS      STATUS, 2
0x0308	0x2B42      	GOTO       L_exe_cond37
;Tractor.c,141 :: 		guc_sec=0; RELAY_SOL = 1;while(guc_sec<6);
0x0309	0x01A2      	CLRF       _guc_sec
0x030A	0x01A3      	CLRF       _guc_sec+1
0x030B	0x168E      	BSF        PORTC, 5
L_exe_cond38:
0x030C	0x3000      	MOVLW      0
0x030D	0x0223      	SUBWF      _guc_sec+1, 0
0x030E	0x1D03      	BTFSS      STATUS, 2
0x030F	0x2B12      	GOTO       L__exe_cond204
0x0310	0x3006      	MOVLW      6
0x0311	0x0222      	SUBWF      _guc_sec, 0
L__exe_cond204:
0x0312	0x1803      	BTFSC      STATUS, 0
0x0313	0x2B15      	GOTO       L_exe_cond39
0x0314	0x2B0C      	GOTO       L_exe_cond38
L_exe_cond39:
;Tractor.c,142 :: 		RELAY_SOL = 0;rel_lock = 1;
0x0315	0x128E      	BCF        PORTC, 5
0x0316	0x3001      	MOVLW      1
0x0317	0x00A4      	MOVWF      _rel_lock
;Tractor.c,143 :: 		while(COND6)asm CLRWDT ;
L_exe_cond40:
0x0318	0x190E      	BTFSC      PORTC, 2
0x0319	0x2B1C      	GOTO       L__exe_cond205
0x031A	0x1471      	BSF        R1, 0
0x031B	0x2B1D      	GOTO       L__exe_cond206
L__exe_cond205:
0x031C	0x1071      	BCF        R1, 0
L__exe_cond206:
0x031D	0x188E      	BTFSC      PORTC, 1
0x031E	0x2B21      	GOTO       L__exe_cond207
0x031F	0x1403      	BSF        STATUS, 0
0x0320	0x2B22      	GOTO       L__exe_cond208
L__exe_cond207:
0x0321	0x1003      	BCF        STATUS, 0
L__exe_cond208:
0x0322	0x1C71      	BTFSS      R1, 0
0x0323	0x2B28      	GOTO       L__exe_cond209
0x0324	0x1C03      	BTFSS      STATUS, 0
0x0325	0x2B28      	GOTO       L__exe_cond209
0x0326	0x1471      	BSF        R1, 0
0x0327	0x2B29      	GOTO       L__exe_cond210
L__exe_cond209:
0x0328	0x1071      	BCF        R1, 0
L__exe_cond210:
0x0329	0x1C71      	BTFSS      R1, 0
0x032A	0x2B2F      	GOTO       L__exe_cond211
0x032B	0x1C0E      	BTFSS      PORTC, 0
0x032C	0x2B2F      	GOTO       L__exe_cond211
0x032D	0x1471      	BSF        R1, 0
0x032E	0x2B30      	GOTO       L__exe_cond212
L__exe_cond211:
0x032F	0x1071      	BCF        R1, 0
L__exe_cond212:
0x0330	0x1A8C      	BTFSC      PORTA, 5
0x0331	0x2B34      	GOTO       L__exe_cond213
0x0332	0x1403      	BSF        STATUS, 0
0x0333	0x2B35      	GOTO       L__exe_cond214
L__exe_cond213:
0x0334	0x1003      	BCF        STATUS, 0
L__exe_cond214:
0x0335	0x1C71      	BTFSS      R1, 0
0x0336	0x2B3B      	GOTO       L__exe_cond215
0x0337	0x1C03      	BTFSS      STATUS, 0
0x0338	0x2B3B      	GOTO       L__exe_cond215
0x0339	0x1471      	BSF        R1, 0
0x033A	0x2B3C      	GOTO       L__exe_cond216
L__exe_cond215:
0x033B	0x1071      	BCF        R1, 0
L__exe_cond216:
0x033C	0x1C71      	BTFSS      R1, 0
0x033D	0x2B40      	GOTO       L_exe_cond41
0x033E	0x0064      	CLRWDT
0x033F	0x2B18      	GOTO       L_exe_cond40
L_exe_cond41:
;Tractor.c,144 :: 		guc_buzz_state=0;
0x0340	0x01A5      	CLRF       _guc_buzz_state
;Tractor.c,146 :: 		}
0x0341	0x2B43      	GOTO       L_exe_cond42
L_exe_cond37:
;Tractor.c,147 :: 		else { RELAY_SOL = 0;}
0x0342	0x128E      	BCF        PORTC, 5
L_exe_cond42:
L_exe_cond36:
;Tractor.c,252 :: 		}
L_end_exe_cond:
0x0343	0x0008      	RETURN
; end of _exe_cond
_TMR0_ISR:
;tmr0.c,29 :: 		void TMR0_ISR(void)
;tmr0.c,31 :: 		TMR0_Reload();
0x0344	0x203B      	CALL       _TMR0_Reload
;tmr0.c,32 :: 		TMR0IF_bit = 0;     /*Clear the TMR0 interrupt flag8*/
0x0345	0x110B      	BCF        TMR0IF_bit, BitPos(TMR0IF_bit+0)
;tmr0.c,33 :: 		asm CLRWDT ;
0x0346	0x0064      	CLRWDT
;tmr0.c,34 :: 		if(ENGINE_SENSE == 1){ eng_H++;}
0x0347	0x1E8C      	BTFSS      PORTA, 5
0x0348	0x2B53      	GOTO       L_TMR0_ISR0
0x0349	0x3001      	MOVLW      1
0x034A	0x0749      	ADDWF      _eng_H, 0
0x034B	0x00F0      	MOVWF      R0
0x034C	0x3000      	MOVLW      0
0x034D	0x3D4A      	ADDWFC     _eng_H+1, 0
0x034E	0x00F1      	MOVWF      R1
0x034F	0x0870      	MOVF       R0, 0
0x0350	0x00C9      	MOVWF      _eng_H
0x0351	0x0871      	MOVF       R1, 0
0x0352	0x00CA      	MOVWF      _eng_H+1
L_TMR0_ISR0:
;tmr0.c,35 :: 		if(ENGINE_SENSE == 0){ eng_L--;}
0x0353	0x1A8C      	BTFSC      PORTA, 5
0x0354	0x2B5F      	GOTO       L_TMR0_ISR1
0x0355	0x3001      	MOVLW      1
0x0356	0x0244      	SUBWF      _eng_L, 0
0x0357	0x00F0      	MOVWF      R0
0x0358	0x3000      	MOVLW      0
0x0359	0x3B45      	SUBWFB     _eng_L+1, 0
0x035A	0x00F1      	MOVWF      R1
0x035B	0x0870      	MOVF       R0, 0
0x035C	0x00C4      	MOVWF      _eng_L
0x035D	0x0871      	MOVF       R1, 0
0x035E	0x00C5      	MOVWF      _eng_L+1
L_TMR0_ISR1:
;tmr0.c,36 :: 		if(one_sec>1048)           /*Timer for 1 sec*/
0x035F	0x0867      	MOVF       _one_sec+1, 0
0x0360	0x3C04      	SUBLW      4
0x0361	0x1D03      	BTFSS      STATUS, 2
0x0362	0x2B65      	GOTO       L__TMR0_ISR11
0x0363	0x0866      	MOVF       _one_sec, 0
0x0364	0x3C18      	SUBLW      24
L__TMR0_ISR11:
0x0365	0x1803      	BTFSC      STATUS, 0
0x0366	0x2B6D      	GOTO       L_TMR0_ISR2
;tmr0.c,38 :: 		one_sec=0;
0x0367	0x01E6      	CLRF       _one_sec
0x0368	0x01E7      	CLRF       _one_sec+1
;tmr0.c,39 :: 		guc_sec++;
0x0369	0x0A22      	INCF       _guc_sec, 0
0x036A	0x00F0      	MOVWF      R0
0x036B	0x0870      	MOVF       R0, 0
0x036C	0x00A2      	MOVWF      _guc_sec
;tmr0.c,49 :: 		}
L_TMR0_ISR2:
;tmr0.c,51 :: 		if(half_sec>512) /*Timer count for 0.5 sec*/
0x036D	0x0869      	MOVF       _half_sec+1, 0
0x036E	0x3C02      	SUBLW      2
0x036F	0x1D03      	BTFSS      STATUS, 2
0x0370	0x2B73      	GOTO       L__TMR0_ISR12
0x0371	0x0868      	MOVF       _half_sec, 0
0x0372	0x3C00      	SUBLW      0
L__TMR0_ISR12:
0x0373	0x1803      	BTFSC      STATUS, 0
0x0374	0x2B81      	GOTO       L_TMR0_ISR3
;tmr0.c,53 :: 		half_sec=0;
0x0375	0x01E8      	CLRF       _half_sec
0x0376	0x01E9      	CLRF       _half_sec+1
;tmr0.c,54 :: 		Check_Engine();
0x0377	0x2021      	CALL       _Check_Engine
;tmr0.c,55 :: 		if(guc_buzz_state==1)
0x0378	0x0825      	MOVF       _guc_buzz_state, 0
0x0379	0x3A01      	XORLW      1
0x037A	0x1D03      	BTFSS      STATUS, 2
0x037B	0x2B80      	GOTO       L_TMR0_ISR4
;tmr0.c,57 :: 		guc_togg_half ^= 1;
0x037C	0x3001      	MOVLW      1
0x037D	0x06C8      	XORWF      _guc_togg_half, 1
;tmr0.c,58 :: 		TMR0_CallBack_Half_Sec();
0x037E	0x2015      	CALL       _TMR0_CallBack_Half_Sec
;tmr0.c,59 :: 		}
0x037F	0x2B81      	GOTO       L_TMR0_ISR5
L_TMR0_ISR4:
;tmr0.c,70 :: 		BUZZER = 0;
0x0380	0x110C      	BCF        PORTA, 2
;tmr0.c,72 :: 		}
L_TMR0_ISR5:
;tmr0.c,73 :: 		}
L_TMR0_ISR3:
;tmr0.c,74 :: 		one_sec++;half_sec++;
0x0381	0x3001      	MOVLW      1
0x0382	0x0766      	ADDWF      _one_sec, 0
0x0383	0x00F0      	MOVWF      R0
0x0384	0x3000      	MOVLW      0
0x0385	0x3D67      	ADDWFC     _one_sec+1, 0
0x0386	0x00F1      	MOVWF      R1
0x0387	0x0870      	MOVF       R0, 0
0x0388	0x00E6      	MOVWF      _one_sec
0x0389	0x0871      	MOVF       R1, 0
0x038A	0x00E7      	MOVWF      _one_sec+1
0x038B	0x3001      	MOVLW      1
0x038C	0x0768      	ADDWF      _half_sec, 0
0x038D	0x00F0      	MOVWF      R0
0x038E	0x3000      	MOVLW      0
0x038F	0x3D69      	ADDWFC     _half_sec+1, 0
0x0390	0x00F1      	MOVWF      R1
0x0391	0x0870      	MOVF       R0, 0
0x0392	0x00E8      	MOVWF      _half_sec
0x0393	0x0871      	MOVF       R1, 0
0x0394	0x00E9      	MOVWF      _half_sec+1
;tmr0.c,75 :: 		}
L_end_TMR0_ISR:
0x0395	0x0008      	RETURN
; end of _TMR0_ISR
_sys_init:
;Tractor.c,287 :: 		void sys_init()
;Tractor.c,290 :: 		OSCCON = 0x72;   /* SCS INTOSC; SPLLEN disabled; IRCF 8MHz_HF; */
0x0396	0x3072      	MOVLW      114
0x0397	0x0021      	MOVLB      1
0x0398	0x0099      	MOVWF      OSCCON
;Tractor.c,292 :: 		PORTA = 0x00;
0x0399	0x0020      	MOVLB      0
0x039A	0x018C      	CLRF       PORTA
;Tractor.c,293 :: 		LATA = 0x00;
0x039B	0x0022      	MOVLB      2
0x039C	0x018C      	CLRF       LATA
;Tractor.c,294 :: 		ANSELA=0x00;
0x039D	0x0023      	MOVLB      3
0x039E	0x018C      	CLRF       ANSELA
;Tractor.c,295 :: 		TRISA=0x20;
0x039F	0x3020      	MOVLW      32
0x03A0	0x0021      	MOVLB      1
0x03A1	0x008C      	MOVWF      TRISA
;Tractor.c,297 :: 		PORTC = 0x00;
0x03A2	0x0020      	MOVLB      0
0x03A3	0x018E      	CLRF       PORTC
;Tractor.c,298 :: 		ANSELC=0x00;
0x03A4	0x0023      	MOVLB      3
0x03A5	0x018E      	CLRF       ANSELC
;Tractor.c,299 :: 		LATC = 0x00;
0x03A6	0x0022      	MOVLB      2
0x03A7	0x018E      	CLRF       LATC
;Tractor.c,300 :: 		TRISC=0x07;
0x03A8	0x3007      	MOVLW      7
0x03A9	0x0021      	MOVLB      1
0x03AA	0x008E      	MOVWF      TRISC
;Tractor.c,302 :: 		BUZZER = 0;
0x03AB	0x0020      	MOVLB      0
0x03AC	0x110C      	BCF        PORTA, 2
;Tractor.c,303 :: 		RELAY_SOL = 0;
0x03AD	0x128E      	BCF        PORTC, 5
;Tractor.c,306 :: 		WDTCON = 0x17;   /*WDTPS 1:65536; SWDTEN ON; */
0x03AE	0x3017      	MOVLW      23
0x03AF	0x0021      	MOVLB      1
0x03B0	0x0097      	MOVWF      WDTCON
;Tractor.c,307 :: 		TMR0_Initialize();
0x03B1	0x20A2      	CALL       _TMR0_Initialize
;Tractor.c,313 :: 		for(i=0;i<6;i++) guc_cycle[i]=0;
0x03B2	0x01EA      	CLRF       sys_init_i_L0
L_sys_init43:
0x03B3	0x3006      	MOVLW      6
0x03B4	0x026A      	SUBWF      sys_init_i_L0, 0
0x03B5	0x1803      	BTFSC      STATUS, 0
0x03B6	0x2BC7      	GOTO       L_sys_init44
0x03B7	0x086A      	MOVF       sys_init_i_L0, 0
0x03B8	0x00F0      	MOVWF      R0
0x03B9	0x01F1      	CLRF       R1
0x03BA	0x35F0      	LSLF       R0, 1
0x03BB	0x0DF1      	RLF        R1, 1
0x03BC	0x304B      	MOVLW      _guc_cycle
0x03BD	0x0770      	ADDWF      R0, 0
0x03BE	0x0086      	MOVWF      FSR1
0x03BF	0x3000      	MOVLW      hi_addr(_guc_cycle)
0x03C0	0x3D71      	ADDWFC     R1, 0
0x03C1	0x0087      	MOVWF      FSR1H
0x03C2	0x0181      	CLRF       INDF1
0x03C3	0x3141      	ADDFSR     1, 1
0x03C4	0x0181      	CLRF       INDF1
0x03C5	0x0AEA      	INCF       sys_init_i_L0, 1
0x03C6	0x2BB3      	GOTO       L_sys_init43
L_sys_init44:
;Tractor.c,314 :: 		GIE_bit = 1;     /* Enable INTs  */
0x03C7	0x178B      	BSF        GIE_bit, BitPos(GIE_bit+0)
;Tractor.c,319 :: 		}
L_end_sys_init:
0x03C8	0x0008      	RETURN
; end of _sys_init
___CC2DW:
;__Lib_System.c,71 :: 		
;__Lib_System.c,73 :: 		
_CC2DL_Loop1:
;__Lib_System.c,74 :: 		
0x03C9	0x0012      	MOVIW      FSR0++ 
;__Lib_System.c,75 :: 		
0x03CA	0x001E      	MOVWI      FSR1++ 
;__Lib_System.c,76 :: 		
0x03CB	0x03F0      	DECF       R0, 1
;__Lib_System.c,77 :: 		
0x03CC	0x1D03      	BTFSS      STATUS, 2
;__Lib_System.c,78 :: 		
0x03CD	0x2BC9      	GOTO       _CC2DL_Loop1
;__Lib_System.c,79 :: 		
0x03CE	0x03F1      	DECF       R1, 1
;__Lib_System.c,80 :: 		
0x03CF	0x1D03      	BTFSS      STATUS, 2
;__Lib_System.c,81 :: 		
0x03D0	0x2BC9      	GOTO       _CC2DL_Loop1
;__Lib_System.c,83 :: 		
L_end___CC2DW:
0x03D1	0x0008      	RETURN
; end of ___CC2DW
_main:
0x03D2	0x240C      	CALL       1036
;Tractor.c,321 :: 		void main()
;Tractor.c,324 :: 		sys_init();
0x03D3	0x2396      	CALL       _sys_init
;Tractor.c,325 :: 		demo_time = 0;
0x03D4	0x01C6      	CLRF       _demo_time
0x03D5	0x01C7      	CLRF       _demo_time+1
;Tractor.c,327 :: 		while(1)
L_main46:
;Tractor.c,329 :: 		check_cond();                 /*Check the condition*/
0x03D6	0x20B1      	CALL       _check_cond
;Tractor.c,330 :: 		if(guc_choice > 0)
0x03D7	0x0826      	MOVF       _guc_choice, 0
0x03D8	0x3C00      	SUBLW      0
0x03D9	0x1803      	BTFSC      STATUS, 0
0x03DA	0x2BDC      	GOTO       L_main48
;Tractor.c,331 :: 		exe_cond();
0x03DB	0x2289      	CALL       _exe_cond
L_main48:
;Tractor.c,332 :: 		guc_choice=0;                 /*Clear the condition*/
0x03DC	0x01A6      	CLRF       _guc_choice
;Tractor.c,339 :: 		asm CLRWDT ;
0x03DD	0x0064      	CLRWDT
;Tractor.c,340 :: 		}
0x03DE	0x2BD6      	GOTO       L_main46
;Tractor.c,341 :: 		}
L_end_main:
0x03DF	0x2BDF      	GOTO       $+0
; end of _main
0x040C	0x30E3      	MOVLW      227
0x040D	0x0084      	MOVWF      FSR0
0x040E	0x3083      	MOVLW      131
0x040F	0x0085      	MOVWF      FSR0H
0x0410	0x3029      	MOVLW      41
0x0411	0x00F0      	MOVWF      R0
0x0412	0x3001      	MOVLW      1
0x0413	0x00F1      	MOVWF      R1
0x0414	0x3022      	MOVLW      34
0x0415	0x0086      	MOVWF      FSR1
0x0416	0x3000      	MOVLW      0
0x0417	0x0087      	MOVWF      FSR1H
0x0418	0x23C9      	CALL       969
0x0419	0x0008      	RETURN
;Tractor.c,0 :: ?ICS_guc_sec
0x03E3	0x3400 ;?ICS_guc_sec+0
0x03E4	0x3400 ;?ICS_guc_sec+1
; end of ?ICS_guc_sec
;Tractor.c,0 :: ?ICS_rel_lock
0x03E5	0x3400 ;?ICS_rel_lock+0
; end of ?ICS_rel_lock
;Tractor.c,0 :: ?ICS_guc_buzz_state
0x03E6	0x3400 ;?ICS_guc_buzz_state+0
; end of ?ICS_guc_buzz_state
;Tractor.c,0 :: ?ICS_guc_choice
0x03E7	0x3401 ;?ICS_guc_choice+0
; end of ?ICS_guc_choice
;Tractor.c,0 :: ?ICS_guc_deb
0x03E8	0x3400 ;?ICS_guc_deb+0
0x03E9	0x3400 ;?ICS_guc_deb+1
0x03EA	0x3400 ;?ICS_guc_deb+2
0x03EB	0x3400 ;?ICS_guc_deb+3
0x03EC	0x3400 ;?ICS_guc_deb+4
0x03ED	0x3400 ;?ICS_guc_deb+5
0x03EE	0x3400 ;?ICS_guc_deb+6
0x03EF	0x3400 ;?ICS_guc_deb+7
0x03F0	0x3400 ;?ICS_guc_deb+8
0x03F1	0x3400 ;?ICS_guc_deb+9
0x03F2	0x3400 ;?ICS_guc_deb+10
0x03F3	0x3400 ;?ICS_guc_deb+11
0x03F4	0x3400 ;?ICS_guc_deb+12
0x03F5	0x3400 ;?ICS_guc_deb+13
0x03F6	0x3400 ;?ICS_guc_deb+14
0x03F7	0x3400 ;?ICS_guc_deb+15
0x03F8	0x3400 ;?ICS_guc_deb+16
0x03F9	0x3400 ;?ICS_guc_deb+17
0x03FA	0x3400 ;?ICS_guc_deb+18
0x03FB	0x3400 ;?ICS_guc_deb+19
0x03FC	0x3400 ;?ICS_guc_deb+20
0x03FD	0x3400 ;?ICS_guc_deb+21
0x03FE	0x3400 ;?ICS_guc_deb+22
0x03FF	0x3400 ;?ICS_guc_deb+23
0x0400	0x3400 ;?ICS_guc_deb+24
0x0401	0x3400 ;?ICS_guc_deb+25
0x0402	0x3400 ;?ICS_guc_deb+26
0x0403	0x3400 ;?ICS_guc_deb+27
; end of ?ICS_guc_deb
;Tractor.c,0 :: ?ICS_Eng_On
0x0404	0x3400 ;?ICS_Eng_On+0
; end of ?ICS_Eng_On
;tmr0.c,0 :: ?ICS_eng_L
0x0405	0x3400 ;?ICS_eng_L+0
0x0406	0x3400 ;?ICS_eng_L+1
; end of ?ICS_eng_L
;Tractor.c,0 :: ?ICS_demo_time
0x0407	0x3400 ;?ICS_demo_time+0
0x0408	0x3400 ;?ICS_demo_time+1
; end of ?ICS_demo_time
;tmr0.c,0 :: ?ICS_guc_togg_half
0x0409	0x3401 ;?ICS_guc_togg_half+0
; end of ?ICS_guc_togg_half
;tmr0.c,0 :: ?ICS_eng_H
0x040A	0x3400 ;?ICS_eng_H+0
0x040B	0x3400 ;?ICS_eng_H+1
; end of ?ICS_eng_H
Symbol List:
//** Routines locations **
//ADDRESS    SIZE    PROCEDURE
//----------------------------------------------
0x0004      [17]    _interrupt
0x0015      [12]    _TMR0_CallBack_Half_Sec
0x0021      [26]    _Check_Engine
0x003B       [4]    _TMR0_Reload
0x003F      [99]    _CHCK_COND
0x00A2      [15]    _TMR0_Initialize
0x00B1     [472]    _check_cond
0x0289     [187]    _exe_cond
0x0344      [82]    _TMR0_ISR
0x0396      [51]    _sys_init
0x03C9       [9]    ___CC2DW
0x03D2      [13]    _main
//** Variables locations ** 
//ADDRESS    SIZE    VARIABLE
//----------------------------------------------
0x0000       [1]    INDF0
0x0001       [1]    INDF1
0x0003       [1]    STATUS
0x0004       [1]    FSR0L
0x0005       [1]    FSR0H
0x0006       [1]    FSR1L
0x0007       [1]    FSR1H
0x000A       [1]    PCLATH
0x000B       [0]    GIE_bit
0x000B       [0]    TMR0IE_bit
0x000B       [0]    TMR0IF_bit
0x000C       [1]    PORTA
0x000E       [1]    PORTC
0x0015       [1]    TMR0
0x0022       [2]    _guc_sec
0x0024       [1]    _rel_lock
0x0025       [1]    _guc_buzz_state
0x0026       [1]    _guc_choice
0x0027      [28]    _guc_deb
0x0043       [1]    _Eng_On
0x0044       [2]    _eng_L
0x0046       [2]    _demo_time
0x0048       [1]    _guc_togg_half
0x0049       [2]    _eng_H
0x004B      [26]    _guc_cycle
0x0065       [1]    _timer0ReloadVal
0x0066       [2]    _one_sec
0x0068       [2]    _half_sec
0x006A       [1]    sys_init_i_L0
0x006B       [1]    FARG_CHCK_COND_x
0x0070       [1]    R0
0x0071       [1]    R1
0x0072       [1]    R2
0x0073       [1]    R3
0x0074       [1]    R4
0x0075       [1]    R5
0x0076       [1]    R6
0x0077       [1]    R7
0x0078       [1]    R8
0x0079       [1]    R9
0x007A       [1]    R10
0x007B       [1]    R11
0x007C       [1]    R12
0x007D       [1]    R13
0x007E       [1]    R14
0x007F       [1]    R15
0x008C       [1]    TRISA
0x008E       [1]    TRISC
0x0095       [1]    OPTION_REG
0x0097       [1]    WDTCON
0x0099       [1]    OSCCON
0x010C       [1]    LATA
0x010E       [1]    LATC
0x018C       [1]    ANSELA
0x018E       [1]    ANSELC
//** Constants locations ** 
//ADDRESS    SIZE    CONSTANT
//----------------------------------------------
0x03E3       [2]    ?ICS_guc_sec
0x03E5       [1]    ?ICS_rel_lock
0x03E6       [1]    ?ICS_guc_buzz_state
0x03E7       [1]    ?ICS_guc_choice
0x03E8      [28]    ?ICS_guc_deb
0x0404       [1]    ?ICS_Eng_On
0x0405       [2]    ?ICS_eng_L
0x0407       [2]    ?ICS_demo_time
0x0409       [1]    ?ICS_guc_togg_half
0x040A       [2]    ?ICS_eng_H
