0	1	mikroCPIC1618.exe -MSF -DBG -pP16F1824 -RA -DL -O11111114 -fo8 -N"C:\Users\sahil\Desktop\PIC Project\tractor\source code\micro\tractor.mcppi" -SP"C:\Users\Public\Documents\Mikroelektronika\mikroC PRO for PIC\Defs\" -SP"C:\Users\Public\Documents\Mikroelektronika\mikroC PRO for PIC\Uses\P16_Enh\" -SP"C:\Users\sahil\Desktop\PIC Project\tractor\source code\micro\" -IP"C:\Users\sahil\Desktop\PIC Project\tractor\source code\micro\" "memory.c" "pwm3.c" "tmr0.c" "tmr2.c" "Tractor.c" "__Lib_Math.mcl" "__Lib_MathDouble.mcl" "__Lib_System.mcl" "__Lib_Delays.mcl" "__Lib_PWM_c53a2c1.mcl"	 
hint: 0	1139	Available RAM: 240 [bytes], Available ROM: 4096 [bytes]	 
diagnostics: 0	122	Compilation Started	P16F1824.c
diagnostics: 1335	123	Compiled Successfully	P16F1824.c
diagnostics: 0	122	Compilation Started	__Lib_Delays.c
diagnostics: 123	123	Compiled Successfully	__Lib_Delays.c
diagnostics: 0	122	Compilation Started	types.h
diagnostics: 31	123	Compiled Successfully	memory.c
diagnostics: 0	122	Compilation Started	types.h
diagnostics: 14	123	Compiled Successfully	pwm3.c
diagnostics: 0	122	Compilation Started	types.h
warning: -6	1507	Unknown pragma line ignored: ''	tmr0.h
warning: -6	1507	Unknown pragma line ignored: ''	tmr0.h
warning: -6	1507	Unknown pragma line ignored: ''	tmr0.h
warning: -6	1507	Unknown pragma line ignored: ''	tmr0.h
warning: -6	1507	Unknown pragma line ignored: ''	tmr0.h
warning: -6	1507	Unknown pragma line ignored: ''	tmr0.h
warning: -6	1507	Unknown pragma line ignored: ''	tmr0.h
warning: -6	1507	Unknown pragma line ignored: ''	tmr0.h
warning: -6	1507	Unknown pragma line ignored: ''	tmr0.h
warning: -6	1507	Unknown pragma line ignored: ''	tmr0.h
warning: -6	1507	Unknown pragma line ignored: ''	tmr0.h
warning: -6	1507	Unknown pragma line ignored: ''	tmr0.h
warning: -6	1507	Unknown pragma line ignored: ''	tmr0.h
warning: -6	1507	Unknown pragma line ignored: ''	tmr0.h
warning: -6	1507	Unknown pragma line ignored: ''	tmr0.h
diagnostics: 73	123	Compiled Successfully	tmr0.c
diagnostics: 0	122	Compilation Started	types.h
diagnostics: 16	123	Compiled Successfully	tmr2.c
diagnostics: 0	122	Compilation Started	types.h
diagnostics: 246	123	Compiled Successfully	Tractor.c
diagnostics: 0	127	All files Compiled in 203 ms	 
hint: 0	1144	Used RAM (bytes): 30 (12%)  Free RAM (bytes): 210 (88%)	Used RAM (bytes): 30 (12%)  Free RAM (bytes): 210 (88%)
hint: 0	1144	Used ROM (program words): 1819 (44%)  Free ROM (program words): 2277 (56%)	Used ROM (program words): 1819 (44%)  Free ROM (program words): 2277 (56%)
diagnostics: 0	125	Project Linked Successfully	tractor.mcppi
diagnostics: 0	128	Linked in 375 ms	 
diagnostics: 0	129	Project 'tractor.mcppi' completed: 703 ms	 
diagnostics: 0	103	Finished successfully: 10 Sep 2017, 20:49:34	tractor.mcppi
