;  LST file generated by mikroListExporter - v.2.0 
; Date/Time: 30-Sep-17 10:14:34 AM
;----------------------------------------------

;Address Opcode 	ASM
0x0000	0x2A56      	GOTO       598
_interrupt:
;scope_marker.c,10 :: 		void interrupt()
;scope_marker.c,12 :: 		if(TMR0IE_bit == 1 && TMR0IF_bit == 1)   /* interrupt handler*/
0x0004	0x3180      	MOVLP      0
0x0005	0x1E8B      	BTFSS      TMR0IE_bit, BitPos(TMR0IE_bit+0)
0x0006	0x280A      	GOTO       L_interrupt2
0x0007	0x1D0B      	BTFSS      TMR0IF_bit, BitPos(TMR0IF_bit+0)
0x0008	0x280A      	GOTO       L_interrupt2
L__interrupt67:
;scope_marker.c,15 :: 		}
0x0009	0x280A      	GOTO       L_interrupt3
L_interrupt2:
;scope_marker.c,18 :: 		}
L_interrupt3:
;scope_marker.c,19 :: 		}
L_end_interrupt:
L__interrupt69:
0x000A	0x0009      	RETFIE     %s
; end of _interrupt
_Load_PWM3:
;pwm3.c,16 :: 		void Load_PWM3(uint8 Control,uint8 HByte,uint8 LByte)
;pwm3.c,18 :: 		TRISA=0x00;
0x000B	0x0021      	MOVLB      1
0x000C	0x018C      	CLRF       TRISA
;pwm3.c,19 :: 		PWM3CON = PWM_OFF;        /*Diable PWM */
0x000D	0x002C      	MOVLB      12
0x000E	0x0199      	CLRF       PWM3CON
;pwm3.c,20 :: 		PWM3DCH = HByte;
0x000F	0x0020      	MOVLB      0
0x0010	0x0825      	MOVF       FARG_Load_PWM3_HByte, 0
0x0011	0x002C      	MOVLB      12
0x0012	0x0098      	MOVWF      PWM3DCH
;pwm3.c,21 :: 		PWM3DCL = LByte;
0x0013	0x0020      	MOVLB      0
0x0014	0x0826      	MOVF       FARG_Load_PWM3_LByte, 0
0x0015	0x002C      	MOVLB      12
0x0016	0x0097      	MOVWF      PWM3DCL
;pwm3.c,22 :: 		PWM3CON = PWM_ON;        /*Enable PWM */
0x0017	0x30C0      	MOVLW      192
0x0018	0x0099      	MOVWF      PWM3CON
;pwm3.c,23 :: 		}
L_end_Load_PWM3:
0x0019	0x0008      	RETURN
; end of _Load_PWM3
_Load_TMR2:
;tmr2.c,4 :: 		void Load_TMR2(uint8 Prescalar,uint8 T2Control ,uint8 Timer2)
;tmr2.c,6 :: 		TMR2ON_bit =0;                  /*Stop the timer*/
0x001A	0x0020      	MOVLB      0
0x001B	0x111C      	BCF        TMR2ON_bit, BitPos(TMR2ON_bit+0)
;tmr2.c,7 :: 		PR2 = Prescalar;                /* PR2 ;*/
0x001C	0x0824      	MOVF       FARG_Load_TMR2_Prescalar, 0
0x001D	0x009B      	MOVWF      PR2
;tmr2.c,8 :: 		TMR2 = Timer2;                  /* TMR2 0; */
0x001E	0x0826      	MOVF       FARG_Load_TMR2_Timer2, 0
0x001F	0x009A      	MOVWF      TMR2
;tmr2.c,9 :: 		T2CON = T2Control;              /* T2CKPS  T2OUTPS  TMR2ON on*/
0x0020	0x0825      	MOVF       FARG_Load_TMR2_T2Control, 0
0x0021	0x009C      	MOVWF      T2CON
;tmr2.c,10 :: 		TMR2IF_bit = 0;                 /* Clearing IF flag. */
0x0022	0x1091      	BCF        TMR2IF_bit, BitPos(TMR2IF_bit+0)
;tmr2.c,11 :: 		TMR2ON_bit = 1;                 /* Start the Timer by writing to TMRxON bit*/
0x0023	0x151C      	BSF        TMR2ON_bit, BitPos(TMR2ON_bit+0)
;tmr2.c,12 :: 		}
L_end_Load_TMR2:
0x0024	0x0008      	RETURN
; end of _Load_TMR2
___CC2DW:
;__Lib_System.c,71 :: 		
;__Lib_System.c,73 :: 		
_CC2DL_Loop1:
;__Lib_System.c,74 :: 		
0x0025	0x0012      	MOVIW      FSR0++ 
;__Lib_System.c,75 :: 		
0x0026	0x001E      	MOVWI      FSR1++ 
;__Lib_System.c,76 :: 		
0x0027	0x03F0      	DECF       R0, 1
;__Lib_System.c,77 :: 		
0x0028	0x1D03      	BTFSS      STATUS, 2
;__Lib_System.c,78 :: 		
0x0029	0x2825      	GOTO       _CC2DL_Loop1
;__Lib_System.c,79 :: 		
0x002A	0x03F1      	DECF       R1, 1
;__Lib_System.c,80 :: 		
0x002B	0x1D03      	BTFSS      STATUS, 2
;__Lib_System.c,81 :: 		
0x002C	0x2825      	GOTO       _CC2DL_Loop1
;__Lib_System.c,83 :: 		
L_end___CC2DW:
0x002D	0x0008      	RETURN
; end of ___CC2DW
_sys_init:
;scope_marker.c,257 :: 		void sys_init()
;scope_marker.c,259 :: 		OSCCON = 0x7A;   /* SCS INTOSC; SPLLEN disabled; IRCF 16MHz_HF; */
0x002E	0x307A      	MOVLW      122
0x002F	0x0021      	MOVLB      1
0x0030	0x0099      	MOVWF      OSCCON
;scope_marker.c,260 :: 		ANSELA=0x00;
0x0031	0x0023      	MOVLB      3
0x0032	0x018C      	CLRF       ANSELA
;scope_marker.c,261 :: 		ANSELC=0x00;
0x0033	0x018E      	CLRF       ANSELC
;scope_marker.c,262 :: 		TRISA=0x00;
0x0034	0x0021      	MOVLB      1
0x0035	0x018C      	CLRF       TRISA
;scope_marker.c,263 :: 		TRISC=0x0F;
0x0036	0x300F      	MOVLW      15
0x0037	0x008E      	MOVWF      TRISC
;scope_marker.c,264 :: 		WDTCON = 0x17;   /*WDTPS 1:65536; SWDTEN ON; */
0x0038	0x3017      	MOVLW      23
0x0039	0x0097      	MOVWF      WDTCON
;scope_marker.c,265 :: 		GIE_bit = 1;     /* Enable INTs  */
0x003A	0x178B      	BSF        GIE_bit, BitPos(GIE_bit+0)
;scope_marker.c,266 :: 		}
L_end_sys_init:
0x003B	0x0008      	RETURN
; end of _sys_init
_exe_cond:
;scope_marker.c,63 :: 		void exe_cond()
;scope_marker.c,65 :: 		switch (choice)
0x003C	0x29DB      	GOTO       L_exe_cond20
;scope_marker.c,67 :: 		case 0: if(ch_flg != 0)   /* frequency = 2Mhz , time = 0.5us*/
L_exe_cond22:
0x003D	0x0020      	MOVLB      0
0x003E	0x0821      	MOVF       _ch_flg, 0
0x003F	0x3A00      	XORLW      0
0x0040	0x1903      	BTFSC      STATUS, 2
0x0041	0x2852      	GOTO       L_exe_cond23
;scope_marker.c,69 :: 		Load_TMR2(0x01,0x04,0x00);
0x0042	0x3001      	MOVLW      1
0x0043	0x00A4      	MOVWF      FARG_Load_TMR2_Prescalar
0x0044	0x3004      	MOVLW      4
0x0045	0x00A5      	MOVWF      FARG_Load_TMR2_T2Control
0x0046	0x01A6      	CLRF       FARG_Load_TMR2_Timer2
0x0047	0x201A      	CALL       _Load_TMR2
;scope_marker.c,70 :: 		Load_PWM3(0xC0,0x00,0x40);
0x0048	0x30C0      	MOVLW      192
0x0049	0x00A4      	MOVWF      FARG_Load_PWM3_Control
0x004A	0x01A5      	CLRF       FARG_Load_PWM3_HByte
0x004B	0x3040      	MOVLW      64
0x004C	0x00A6      	MOVWF      FARG_Load_PWM3_LByte
0x004D	0x200B      	CALL       _Load_PWM3
;scope_marker.c,71 :: 		TMR2IE_bit = 0;
0x004E	0x0021      	MOVLB      1
0x004F	0x1091      	BCF        TMR2IE_bit, BitPos(TMR2IE_bit+0)
;scope_marker.c,72 :: 		ch_flg=0;
0x0050	0x0020      	MOVLB      0
0x0051	0x01A1      	CLRF       _ch_flg
;scope_marker.c,73 :: 		}
L_exe_cond23:
;scope_marker.c,74 :: 		break;
0x0052	0x2A25      	GOTO       L_exe_cond21
;scope_marker.c,75 :: 		case 1: if(ch_flg != 1)  /* frequency = 1Mhz , time = 1us*/
L_exe_cond24:
0x0053	0x0821      	MOVF       _ch_flg, 0
0x0054	0x3A01      	XORLW      1
0x0055	0x1903      	BTFSC      STATUS, 2
0x0056	0x2868      	GOTO       L_exe_cond25
;scope_marker.c,77 :: 		Load_TMR2(0x03,0x04,0x00);
0x0057	0x3003      	MOVLW      3
0x0058	0x00A4      	MOVWF      FARG_Load_TMR2_Prescalar
0x0059	0x3004      	MOVLW      4
0x005A	0x00A5      	MOVWF      FARG_Load_TMR2_T2Control
0x005B	0x01A6      	CLRF       FARG_Load_TMR2_Timer2
0x005C	0x201A      	CALL       _Load_TMR2
;scope_marker.c,78 :: 		Load_PWM3(0xC0,0x00,0x40);
0x005D	0x30C0      	MOVLW      192
0x005E	0x00A4      	MOVWF      FARG_Load_PWM3_Control
0x005F	0x01A5      	CLRF       FARG_Load_PWM3_HByte
0x0060	0x3040      	MOVLW      64
0x0061	0x00A6      	MOVWF      FARG_Load_PWM3_LByte
0x0062	0x200B      	CALL       _Load_PWM3
;scope_marker.c,79 :: 		TMR2IE_bit = 0;
0x0063	0x0021      	MOVLB      1
0x0064	0x1091      	BCF        TMR2IE_bit, BitPos(TMR2IE_bit+0)
;scope_marker.c,80 :: 		ch_flg=1;
0x0065	0x3001      	MOVLW      1
0x0066	0x0020      	MOVLB      0
0x0067	0x00A1      	MOVWF      _ch_flg
;scope_marker.c,81 :: 		}
L_exe_cond25:
;scope_marker.c,82 :: 		break;
0x0068	0x2A25      	GOTO       L_exe_cond21
;scope_marker.c,83 :: 		case 2: if(ch_flg != 2) /* frequency = 500Khz , time = 2us*/
L_exe_cond26:
0x0069	0x0821      	MOVF       _ch_flg, 0
0x006A	0x3A02      	XORLW      2
0x006B	0x1903      	BTFSC      STATUS, 2
0x006C	0x287E      	GOTO       L_exe_cond27
;scope_marker.c,85 :: 		Load_TMR2(0x07,0x04,0x00);
0x006D	0x3007      	MOVLW      7
0x006E	0x00A4      	MOVWF      FARG_Load_TMR2_Prescalar
0x006F	0x3004      	MOVLW      4
0x0070	0x00A5      	MOVWF      FARG_Load_TMR2_T2Control
0x0071	0x01A6      	CLRF       FARG_Load_TMR2_Timer2
0x0072	0x201A      	CALL       _Load_TMR2
;scope_marker.c,86 :: 		Load_PWM3(0xC0,0x00,0x40);
0x0073	0x30C0      	MOVLW      192
0x0074	0x00A4      	MOVWF      FARG_Load_PWM3_Control
0x0075	0x01A5      	CLRF       FARG_Load_PWM3_HByte
0x0076	0x3040      	MOVLW      64
0x0077	0x00A6      	MOVWF      FARG_Load_PWM3_LByte
0x0078	0x200B      	CALL       _Load_PWM3
;scope_marker.c,87 :: 		TMR2IE_bit = 0;
0x0079	0x0021      	MOVLB      1
0x007A	0x1091      	BCF        TMR2IE_bit, BitPos(TMR2IE_bit+0)
;scope_marker.c,88 :: 		ch_flg = 2;
0x007B	0x3002      	MOVLW      2
0x007C	0x0020      	MOVLB      0
0x007D	0x00A1      	MOVWF      _ch_flg
;scope_marker.c,89 :: 		}
L_exe_cond27:
;scope_marker.c,90 :: 		break;
0x007E	0x2A25      	GOTO       L_exe_cond21
;scope_marker.c,91 :: 		case 3: if(ch_flg != 3) /* frequency = 200Khz , time = 5us*/
L_exe_cond28:
0x007F	0x0821      	MOVF       _ch_flg, 0
0x0080	0x3A03      	XORLW      3
0x0081	0x1903      	BTFSC      STATUS, 2
0x0082	0x2895      	GOTO       L_exe_cond29
;scope_marker.c,93 :: 		Load_TMR2(0x13,0x04,0x00);
0x0083	0x3013      	MOVLW      19
0x0084	0x00A4      	MOVWF      FARG_Load_TMR2_Prescalar
0x0085	0x3004      	MOVLW      4
0x0086	0x00A5      	MOVWF      FARG_Load_TMR2_T2Control
0x0087	0x01A6      	CLRF       FARG_Load_TMR2_Timer2
0x0088	0x201A      	CALL       _Load_TMR2
;scope_marker.c,94 :: 		Load_PWM3(0xC0,0x04,0xC0);
0x0089	0x30C0      	MOVLW      192
0x008A	0x00A4      	MOVWF      FARG_Load_PWM3_Control
0x008B	0x3004      	MOVLW      4
0x008C	0x00A5      	MOVWF      FARG_Load_PWM3_HByte
0x008D	0x30C0      	MOVLW      192
0x008E	0x00A6      	MOVWF      FARG_Load_PWM3_LByte
0x008F	0x200B      	CALL       _Load_PWM3
;scope_marker.c,95 :: 		TMR2IE_bit = 0;
0x0090	0x0021      	MOVLB      1
0x0091	0x1091      	BCF        TMR2IE_bit, BitPos(TMR2IE_bit+0)
;scope_marker.c,96 :: 		ch_flg = 3;
0x0092	0x3003      	MOVLW      3
0x0093	0x0020      	MOVLB      0
0x0094	0x00A1      	MOVWF      _ch_flg
;scope_marker.c,97 :: 		}
L_exe_cond29:
;scope_marker.c,98 :: 		break;
0x0095	0x2A25      	GOTO       L_exe_cond21
;scope_marker.c,99 :: 		case 4: if(ch_flg != 4)  /* frequency = 100Khz , time = 10us*/
L_exe_cond30:
0x0096	0x0821      	MOVF       _ch_flg, 0
0x0097	0x3A04      	XORLW      4
0x0098	0x1903      	BTFSC      STATUS, 2
0x0099	0x28AC      	GOTO       L_exe_cond31
;scope_marker.c,101 :: 		Load_TMR2(0x27,0x04,0x00);
0x009A	0x3027      	MOVLW      39
0x009B	0x00A4      	MOVWF      FARG_Load_TMR2_Prescalar
0x009C	0x3004      	MOVLW      4
0x009D	0x00A5      	MOVWF      FARG_Load_TMR2_T2Control
0x009E	0x01A6      	CLRF       FARG_Load_TMR2_Timer2
0x009F	0x201A      	CALL       _Load_TMR2
;scope_marker.c,102 :: 		Load_PWM3(0xC0,0x01,0xC0);
0x00A0	0x30C0      	MOVLW      192
0x00A1	0x00A4      	MOVWF      FARG_Load_PWM3_Control
0x00A2	0x3001      	MOVLW      1
0x00A3	0x00A5      	MOVWF      FARG_Load_PWM3_HByte
0x00A4	0x30C0      	MOVLW      192
0x00A5	0x00A6      	MOVWF      FARG_Load_PWM3_LByte
0x00A6	0x200B      	CALL       _Load_PWM3
;scope_marker.c,103 :: 		TMR2IE_bit = 0;
0x00A7	0x0021      	MOVLB      1
0x00A8	0x1091      	BCF        TMR2IE_bit, BitPos(TMR2IE_bit+0)
;scope_marker.c,104 :: 		ch_flg = 4;
0x00A9	0x3004      	MOVLW      4
0x00AA	0x0020      	MOVLB      0
0x00AB	0x00A1      	MOVWF      _ch_flg
;scope_marker.c,105 :: 		}
L_exe_cond31:
;scope_marker.c,106 :: 		break;
0x00AC	0x2A25      	GOTO       L_exe_cond21
;scope_marker.c,107 :: 		case 5: if(ch_flg != 5)  /* frequency = 50Khz , time = 20us*/
L_exe_cond32:
0x00AD	0x0821      	MOVF       _ch_flg, 0
0x00AE	0x3A05      	XORLW      5
0x00AF	0x1903      	BTFSC      STATUS, 2
0x00B0	0x28C3      	GOTO       L_exe_cond33
;scope_marker.c,109 :: 		Load_TMR2(0x4F,0x04,0x00);
0x00B1	0x304F      	MOVLW      79
0x00B2	0x00A4      	MOVWF      FARG_Load_TMR2_Prescalar
0x00B3	0x3004      	MOVLW      4
0x00B4	0x00A5      	MOVWF      FARG_Load_TMR2_T2Control
0x00B5	0x01A6      	CLRF       FARG_Load_TMR2_Timer2
0x00B6	0x201A      	CALL       _Load_TMR2
;scope_marker.c,110 :: 		Load_PWM3(0xC0,0x03,0xC0);
0x00B7	0x30C0      	MOVLW      192
0x00B8	0x00A4      	MOVWF      FARG_Load_PWM3_Control
0x00B9	0x3003      	MOVLW      3
0x00BA	0x00A5      	MOVWF      FARG_Load_PWM3_HByte
0x00BB	0x30C0      	MOVLW      192
0x00BC	0x00A6      	MOVWF      FARG_Load_PWM3_LByte
0x00BD	0x200B      	CALL       _Load_PWM3
;scope_marker.c,111 :: 		TMR2IE_bit = 0;
0x00BE	0x0021      	MOVLB      1
0x00BF	0x1091      	BCF        TMR2IE_bit, BitPos(TMR2IE_bit+0)
;scope_marker.c,112 :: 		ch_flg = 5;
0x00C0	0x3005      	MOVLW      5
0x00C1	0x0020      	MOVLB      0
0x00C2	0x00A1      	MOVWF      _ch_flg
;scope_marker.c,113 :: 		}
L_exe_cond33:
;scope_marker.c,114 :: 		break;
0x00C3	0x2A25      	GOTO       L_exe_cond21
;scope_marker.c,115 :: 		case 6: if(ch_flg != 6)  /* frequency = 20Khz , time = 50us*/
L_exe_cond34:
0x00C4	0x0821      	MOVF       _ch_flg, 0
0x00C5	0x3A06      	XORLW      6
0x00C6	0x1903      	BTFSC      STATUS, 2
0x00C7	0x28DA      	GOTO       L_exe_cond35
;scope_marker.c,117 :: 		Load_TMR2(0xC7,0x04,0x00);
0x00C8	0x30C7      	MOVLW      199
0x00C9	0x00A4      	MOVWF      FARG_Load_TMR2_Prescalar
0x00CA	0x3004      	MOVLW      4
0x00CB	0x00A5      	MOVWF      FARG_Load_TMR2_T2Control
0x00CC	0x01A6      	CLRF       FARG_Load_TMR2_Timer2
0x00CD	0x201A      	CALL       _Load_TMR2
;scope_marker.c,118 :: 		Load_PWM3(0xC0,0x09,0xC0);
0x00CE	0x30C0      	MOVLW      192
0x00CF	0x00A4      	MOVWF      FARG_Load_PWM3_Control
0x00D0	0x3009      	MOVLW      9
0x00D1	0x00A5      	MOVWF      FARG_Load_PWM3_HByte
0x00D2	0x30C0      	MOVLW      192
0x00D3	0x00A6      	MOVWF      FARG_Load_PWM3_LByte
0x00D4	0x200B      	CALL       _Load_PWM3
;scope_marker.c,119 :: 		TMR2IE_bit = 0;
0x00D5	0x0021      	MOVLB      1
0x00D6	0x1091      	BCF        TMR2IE_bit, BitPos(TMR2IE_bit+0)
;scope_marker.c,120 :: 		ch_flg=6;
0x00D7	0x3006      	MOVLW      6
0x00D8	0x0020      	MOVLB      0
0x00D9	0x00A1      	MOVWF      _ch_flg
;scope_marker.c,121 :: 		}
L_exe_cond35:
;scope_marker.c,122 :: 		break;
0x00DA	0x2A25      	GOTO       L_exe_cond21
;scope_marker.c,123 :: 		case 7: if(ch_flg != 7) /* frequency = 10Khz , time = 0.1ms*/
L_exe_cond36:
0x00DB	0x0821      	MOVF       _ch_flg, 0
0x00DC	0x3A07      	XORLW      7
0x00DD	0x1903      	BTFSC      STATUS, 2
0x00DE	0x28F1      	GOTO       L_exe_cond37
;scope_marker.c,125 :: 		Load_TMR2(0x63,0x05,0x00);
0x00DF	0x3063      	MOVLW      99
0x00E0	0x00A4      	MOVWF      FARG_Load_TMR2_Prescalar
0x00E1	0x3005      	MOVLW      5
0x00E2	0x00A5      	MOVWF      FARG_Load_TMR2_T2Control
0x00E3	0x01A6      	CLRF       FARG_Load_TMR2_Timer2
0x00E4	0x201A      	CALL       _Load_TMR2
;scope_marker.c,126 :: 		Load_PWM3(0xC0,0x04,0xC0);
0x00E5	0x30C0      	MOVLW      192
0x00E6	0x00A4      	MOVWF      FARG_Load_PWM3_Control
0x00E7	0x3004      	MOVLW      4
0x00E8	0x00A5      	MOVWF      FARG_Load_PWM3_HByte
0x00E9	0x30C0      	MOVLW      192
0x00EA	0x00A6      	MOVWF      FARG_Load_PWM3_LByte
0x00EB	0x200B      	CALL       _Load_PWM3
;scope_marker.c,127 :: 		TMR2IE_bit = 0;
0x00EC	0x0021      	MOVLB      1
0x00ED	0x1091      	BCF        TMR2IE_bit, BitPos(TMR2IE_bit+0)
;scope_marker.c,128 :: 		ch_flg = 7;
0x00EE	0x3007      	MOVLW      7
0x00EF	0x0020      	MOVLB      0
0x00F0	0x00A1      	MOVWF      _ch_flg
;scope_marker.c,129 :: 		}
L_exe_cond37:
;scope_marker.c,130 :: 		break;
0x00F1	0x2A25      	GOTO       L_exe_cond21
;scope_marker.c,131 :: 		case 8: if(ch_flg != 8) /* frequency = 5Khz , time = 0.2ms*/
L_exe_cond38:
0x00F2	0x0821      	MOVF       _ch_flg, 0
0x00F3	0x3A08      	XORLW      8
0x00F4	0x1903      	BTFSC      STATUS, 2
0x00F5	0x2908      	GOTO       L_exe_cond39
;scope_marker.c,133 :: 		Load_TMR2(0xC7,0x05,0x00);
0x00F6	0x30C7      	MOVLW      199
0x00F7	0x00A4      	MOVWF      FARG_Load_TMR2_Prescalar
0x00F8	0x3005      	MOVLW      5
0x00F9	0x00A5      	MOVWF      FARG_Load_TMR2_T2Control
0x00FA	0x01A6      	CLRF       FARG_Load_TMR2_Timer2
0x00FB	0x201A      	CALL       _Load_TMR2
;scope_marker.c,134 :: 		Load_PWM3(0xC0,0x09,0xC0);
0x00FC	0x30C0      	MOVLW      192
0x00FD	0x00A4      	MOVWF      FARG_Load_PWM3_Control
0x00FE	0x3009      	MOVLW      9
0x00FF	0x00A5      	MOVWF      FARG_Load_PWM3_HByte
0x0100	0x30C0      	MOVLW      192
0x0101	0x00A6      	MOVWF      FARG_Load_PWM3_LByte
0x0102	0x200B      	CALL       _Load_PWM3
;scope_marker.c,135 :: 		TMR2IE_bit = 0;
0x0103	0x0021      	MOVLB      1
0x0104	0x1091      	BCF        TMR2IE_bit, BitPos(TMR2IE_bit+0)
;scope_marker.c,136 :: 		ch_flg = 8;
0x0105	0x3008      	MOVLW      8
0x0106	0x0020      	MOVLB      0
0x0107	0x00A1      	MOVWF      _ch_flg
;scope_marker.c,137 :: 		}
L_exe_cond39:
;scope_marker.c,138 :: 		break;
0x0108	0x2A25      	GOTO       L_exe_cond21
;scope_marker.c,139 :: 		case 9: if(ch_flg != 9)  /* frequency = 2Khz , time = 0.5ms*/
L_exe_cond40:
0x0109	0x0821      	MOVF       _ch_flg, 0
0x010A	0x3A09      	XORLW      9
0x010B	0x1903      	BTFSC      STATUS, 2
0x010C	0x291E      	GOTO       L_exe_cond41
;scope_marker.c,141 :: 		Load_TMR2(0x7C,0x06,0x00);
0x010D	0x307C      	MOVLW      124
0x010E	0x00A4      	MOVWF      FARG_Load_TMR2_Prescalar
0x010F	0x3006      	MOVLW      6
0x0110	0x00A5      	MOVWF      FARG_Load_TMR2_T2Control
0x0111	0x01A6      	CLRF       FARG_Load_TMR2_Timer2
0x0112	0x201A      	CALL       _Load_TMR2
;scope_marker.c,142 :: 		Load_PWM3(0xC0,0x06,0x00);
0x0113	0x30C0      	MOVLW      192
0x0114	0x00A4      	MOVWF      FARG_Load_PWM3_Control
0x0115	0x3006      	MOVLW      6
0x0116	0x00A5      	MOVWF      FARG_Load_PWM3_HByte
0x0117	0x01A6      	CLRF       FARG_Load_PWM3_LByte
0x0118	0x200B      	CALL       _Load_PWM3
;scope_marker.c,143 :: 		TMR2IE_bit = 0;
0x0119	0x0021      	MOVLB      1
0x011A	0x1091      	BCF        TMR2IE_bit, BitPos(TMR2IE_bit+0)
;scope_marker.c,144 :: 		ch_flg = 9;
0x011B	0x3009      	MOVLW      9
0x011C	0x0020      	MOVLB      0
0x011D	0x00A1      	MOVWF      _ch_flg
;scope_marker.c,145 :: 		}
L_exe_cond41:
;scope_marker.c,146 :: 		break;
0x011E	0x2A25      	GOTO       L_exe_cond21
;scope_marker.c,147 :: 		case 10: if(ch_flg != 10)  /* frequency = 1Khz , time = 1ms*/
L_exe_cond42:
0x011F	0x0821      	MOVF       _ch_flg, 0
0x0120	0x3A0A      	XORLW      10
0x0121	0x1903      	BTFSC      STATUS, 2
0x0122	0x2935      	GOTO       L_exe_cond43
;scope_marker.c,149 :: 		Load_TMR2(0xF9,0x06,0x00);
0x0123	0x30F9      	MOVLW      249
0x0124	0x00A4      	MOVWF      FARG_Load_TMR2_Prescalar
0x0125	0x3006      	MOVLW      6
0x0126	0x00A5      	MOVWF      FARG_Load_TMR2_T2Control
0x0127	0x01A6      	CLRF       FARG_Load_TMR2_Timer2
0x0128	0x201A      	CALL       _Load_TMR2
;scope_marker.c,150 :: 		Load_PWM3(0xC0,0x0C,0x01);
0x0129	0x30C0      	MOVLW      192
0x012A	0x00A4      	MOVWF      FARG_Load_PWM3_Control
0x012B	0x300C      	MOVLW      12
0x012C	0x00A5      	MOVWF      FARG_Load_PWM3_HByte
0x012D	0x3001      	MOVLW      1
0x012E	0x00A6      	MOVWF      FARG_Load_PWM3_LByte
0x012F	0x200B      	CALL       _Load_PWM3
;scope_marker.c,151 :: 		TMR2IE_bit = 0;
0x0130	0x0021      	MOVLB      1
0x0131	0x1091      	BCF        TMR2IE_bit, BitPos(TMR2IE_bit+0)
;scope_marker.c,152 :: 		ch_flg=10;
0x0132	0x300A      	MOVLW      10
0x0133	0x0020      	MOVLB      0
0x0134	0x00A1      	MOVWF      _ch_flg
;scope_marker.c,153 :: 		}
L_exe_cond43:
;scope_marker.c,154 :: 		break;
0x0135	0x2A25      	GOTO       L_exe_cond21
;scope_marker.c,155 :: 		case 11: if(ch_flg != 11)  /* frequency = 500hz , time = 2ms*/
L_exe_cond44:
0x0136	0x0821      	MOVF       _ch_flg, 0
0x0137	0x3A0B      	XORLW      11
0x0138	0x1903      	BTFSC      STATUS, 2
0x0139	0x294B      	GOTO       L_exe_cond45
;scope_marker.c,157 :: 		Load_TMR2(0x7C,0x07,0x00);
0x013A	0x307C      	MOVLW      124
0x013B	0x00A4      	MOVWF      FARG_Load_TMR2_Prescalar
0x013C	0x3007      	MOVLW      7
0x013D	0x00A5      	MOVWF      FARG_Load_TMR2_T2Control
0x013E	0x01A6      	CLRF       FARG_Load_TMR2_Timer2
0x013F	0x201A      	CALL       _Load_TMR2
;scope_marker.c,158 :: 		Load_PWM3(0xC0,0x06,0x00);
0x0140	0x30C0      	MOVLW      192
0x0141	0x00A4      	MOVWF      FARG_Load_PWM3_Control
0x0142	0x3006      	MOVLW      6
0x0143	0x00A5      	MOVWF      FARG_Load_PWM3_HByte
0x0144	0x01A6      	CLRF       FARG_Load_PWM3_LByte
0x0145	0x200B      	CALL       _Load_PWM3
;scope_marker.c,159 :: 		TMR2IE_bit = 0;
0x0146	0x0021      	MOVLB      1
0x0147	0x1091      	BCF        TMR2IE_bit, BitPos(TMR2IE_bit+0)
;scope_marker.c,160 :: 		ch_flg=11;
0x0148	0x300B      	MOVLW      11
0x0149	0x0020      	MOVLB      0
0x014A	0x00A1      	MOVWF      _ch_flg
;scope_marker.c,161 :: 		}
L_exe_cond45:
;scope_marker.c,162 :: 		break;
0x014B	0x2A25      	GOTO       L_exe_cond21
;scope_marker.c,163 :: 		case 12: if(ch_flg != 12)  /* frequency = 200hz , time = 5ms*/
L_exe_cond46:
0x014C	0x0821      	MOVF       _ch_flg, 0
0x014D	0x3A0C      	XORLW      12
0x014E	0x1903      	BTFSC      STATUS, 2
0x014F	0x2962      	GOTO       L_exe_cond47
;scope_marker.c,165 :: 		Load_TMR2(0x26,0x04,0x00);
0x0150	0x3026      	MOVLW      38
0x0151	0x00A4      	MOVWF      FARG_Load_TMR2_Prescalar
0x0152	0x3004      	MOVLW      4
0x0153	0x00A5      	MOVWF      FARG_Load_TMR2_T2Control
0x0154	0x01A6      	CLRF       FARG_Load_TMR2_Timer2
0x0155	0x201A      	CALL       _Load_TMR2
;scope_marker.c,166 :: 		Load_PWM3(0xC0,0x01,0xC0);
0x0156	0x30C0      	MOVLW      192
0x0157	0x00A4      	MOVWF      FARG_Load_PWM3_Control
0x0158	0x3001      	MOVLW      1
0x0159	0x00A5      	MOVWF      FARG_Load_PWM3_HByte
0x015A	0x30C0      	MOVLW      192
0x015B	0x00A6      	MOVWF      FARG_Load_PWM3_LByte
0x015C	0x200B      	CALL       _Load_PWM3
;scope_marker.c,167 :: 		TMR2IE_bit = 0;
0x015D	0x0021      	MOVLB      1
0x015E	0x1091      	BCF        TMR2IE_bit, BitPos(TMR2IE_bit+0)
;scope_marker.c,168 :: 		ch_flg=12;
0x015F	0x300C      	MOVLW      12
0x0160	0x0020      	MOVLB      0
0x0161	0x00A1      	MOVWF      _ch_flg
;scope_marker.c,169 :: 		}
L_exe_cond47:
;scope_marker.c,170 :: 		break;
0x0162	0x2A25      	GOTO       L_exe_cond21
;scope_marker.c,171 :: 		case 13: if(ch_flg != 13) /* frequency = 100hz , time = 10ms*/
L_exe_cond48:
0x0163	0x0821      	MOVF       _ch_flg, 0
0x0164	0x3A0D      	XORLW      13
0x0165	0x1903      	BTFSC      STATUS, 2
0x0166	0x2979      	GOTO       L_exe_cond49
;scope_marker.c,173 :: 		Load_TMR2(0x4D,0x04,0x00);
0x0167	0x304D      	MOVLW      77
0x0168	0x00A4      	MOVWF      FARG_Load_TMR2_Prescalar
0x0169	0x3004      	MOVLW      4
0x016A	0x00A5      	MOVWF      FARG_Load_TMR2_T2Control
0x016B	0x01A6      	CLRF       FARG_Load_TMR2_Timer2
0x016C	0x201A      	CALL       _Load_TMR2
;scope_marker.c,174 :: 		Load_PWM3(0xC0,0x03,0xC0);
0x016D	0x30C0      	MOVLW      192
0x016E	0x00A4      	MOVWF      FARG_Load_PWM3_Control
0x016F	0x3003      	MOVLW      3
0x0170	0x00A5      	MOVWF      FARG_Load_PWM3_HByte
0x0171	0x30C0      	MOVLW      192
0x0172	0x00A6      	MOVWF      FARG_Load_PWM3_LByte
0x0173	0x200B      	CALL       _Load_PWM3
;scope_marker.c,175 :: 		ch_flg=13;
0x0174	0x300D      	MOVLW      13
0x0175	0x0020      	MOVLB      0
0x0176	0x00A1      	MOVWF      _ch_flg
;scope_marker.c,176 :: 		TMR2IE_bit = 1;
0x0177	0x0021      	MOVLB      1
0x0178	0x1491      	BSF        TMR2IE_bit, BitPos(TMR2IE_bit+0)
;scope_marker.c,177 :: 		}
L_exe_cond49:
;scope_marker.c,178 :: 		break;
0x0179	0x2A25      	GOTO       L_exe_cond21
;scope_marker.c,179 :: 		case 14: if(ch_flg != 14) /* frequency = 50hz , time = 20ms*/
L_exe_cond50:
0x017A	0x0020      	MOVLB      0
0x017B	0x0821      	MOVF       _ch_flg, 0
0x017C	0x3A0E      	XORLW      14
0x017D	0x1903      	BTFSC      STATUS, 2
0x017E	0x2991      	GOTO       L_exe_cond51
;scope_marker.c,181 :: 		Load_TMR2(0x9A,0x04,0x00);
0x017F	0x309A      	MOVLW      154
0x0180	0x00A4      	MOVWF      FARG_Load_TMR2_Prescalar
0x0181	0x3004      	MOVLW      4
0x0182	0x00A5      	MOVWF      FARG_Load_TMR2_T2Control
0x0183	0x01A6      	CLRF       FARG_Load_TMR2_Timer2
0x0184	0x201A      	CALL       _Load_TMR2
;scope_marker.c,182 :: 		Load_PWM3(0xC0,0x07,0x02);
0x0185	0x30C0      	MOVLW      192
0x0186	0x00A4      	MOVWF      FARG_Load_PWM3_Control
0x0187	0x3007      	MOVLW      7
0x0188	0x00A5      	MOVWF      FARG_Load_PWM3_HByte
0x0189	0x3002      	MOVLW      2
0x018A	0x00A6      	MOVWF      FARG_Load_PWM3_LByte
0x018B	0x200B      	CALL       _Load_PWM3
;scope_marker.c,183 :: 		ch_flg=14;
0x018C	0x300E      	MOVLW      14
0x018D	0x0020      	MOVLB      0
0x018E	0x00A1      	MOVWF      _ch_flg
;scope_marker.c,184 :: 		TMR2IE_bit = 1;
0x018F	0x0021      	MOVLB      1
0x0190	0x1491      	BSF        TMR2IE_bit, BitPos(TMR2IE_bit+0)
;scope_marker.c,185 :: 		}
L_exe_cond51:
;scope_marker.c,186 :: 		break;
0x0191	0x2A25      	GOTO       L_exe_cond21
;scope_marker.c,187 :: 		case 15: if(ch_flg!=15) /* frequency = 20hz , time = 50ms*/
L_exe_cond52:
0x0192	0x0020      	MOVLB      0
0x0193	0x0821      	MOVF       _ch_flg, 0
0x0194	0x3A0F      	XORLW      15
0x0195	0x1903      	BTFSC      STATUS, 2
0x0196	0x29A9      	GOTO       L_exe_cond53
;scope_marker.c,189 :: 		Load_TMR2(0x60,0x05,0x00);
0x0197	0x3060      	MOVLW      96
0x0198	0x00A4      	MOVWF      FARG_Load_TMR2_Prescalar
0x0199	0x3005      	MOVLW      5
0x019A	0x00A5      	MOVWF      FARG_Load_TMR2_T2Control
0x019B	0x01A6      	CLRF       FARG_Load_TMR2_Timer2
0x019C	0x201A      	CALL       _Load_TMR2
;scope_marker.c,190 :: 		Load_PWM3(0xC0,0x04,0x80);
0x019D	0x30C0      	MOVLW      192
0x019E	0x00A4      	MOVWF      FARG_Load_PWM3_Control
0x019F	0x3004      	MOVLW      4
0x01A0	0x00A5      	MOVWF      FARG_Load_PWM3_HByte
0x01A1	0x3080      	MOVLW      128
0x01A2	0x00A6      	MOVWF      FARG_Load_PWM3_LByte
0x01A3	0x200B      	CALL       _Load_PWM3
;scope_marker.c,191 :: 		ch_flg=15;
0x01A4	0x300F      	MOVLW      15
0x01A5	0x0020      	MOVLB      0
0x01A6	0x00A1      	MOVWF      _ch_flg
;scope_marker.c,192 :: 		TMR2IE_bit = 1;
0x01A7	0x0021      	MOVLB      1
0x01A8	0x1491      	BSF        TMR2IE_bit, BitPos(TMR2IE_bit+0)
;scope_marker.c,193 :: 		}
L_exe_cond53:
;scope_marker.c,194 :: 		break;
0x01A9	0x2A25      	GOTO       L_exe_cond21
;scope_marker.c,195 :: 		case 16: if(ch_flg!=16) /* frequency = 10hz , time = 0.1s*/
L_exe_cond54:
0x01AA	0x0020      	MOVLB      0
0x01AB	0x0821      	MOVF       _ch_flg, 0
0x01AC	0x3A10      	XORLW      16
0x01AD	0x1903      	BTFSC      STATUS, 2
0x01AE	0x29C1      	GOTO       L_exe_cond55
;scope_marker.c,197 :: 		Load_TMR2(0x2F,0x06,0x00);
0x01AF	0x302F      	MOVLW      47
0x01B0	0x00A4      	MOVWF      FARG_Load_TMR2_Prescalar
0x01B1	0x3006      	MOVLW      6
0x01B2	0x00A5      	MOVWF      FARG_Load_TMR2_T2Control
0x01B3	0x01A6      	CLRF       FARG_Load_TMR2_Timer2
0x01B4	0x201A      	CALL       _Load_TMR2
;scope_marker.c,198 :: 		Load_PWM3(0xC0,0x02,0x40);
0x01B5	0x30C0      	MOVLW      192
0x01B6	0x00A4      	MOVWF      FARG_Load_PWM3_Control
0x01B7	0x3002      	MOVLW      2
0x01B8	0x00A5      	MOVWF      FARG_Load_PWM3_HByte
0x01B9	0x3040      	MOVLW      64
0x01BA	0x00A6      	MOVWF      FARG_Load_PWM3_LByte
0x01BB	0x200B      	CALL       _Load_PWM3
;scope_marker.c,199 :: 		ch_flg=16;
0x01BC	0x3010      	MOVLW      16
0x01BD	0x0020      	MOVLB      0
0x01BE	0x00A1      	MOVWF      _ch_flg
;scope_marker.c,200 :: 		TMR2IE_bit = 1;
0x01BF	0x0021      	MOVLB      1
0x01C0	0x1491      	BSF        TMR2IE_bit, BitPos(TMR2IE_bit+0)
;scope_marker.c,201 :: 		}
L_exe_cond55:
;scope_marker.c,202 :: 		break;
0x01C1	0x2A25      	GOTO       L_exe_cond21
;scope_marker.c,203 :: 		case 17: if(ch_flg!=17)  /* frequency = 5hz , time = 0.2s*/
L_exe_cond56:
0x01C2	0x0020      	MOVLB      0
0x01C3	0x0821      	MOVF       _ch_flg, 0
0x01C4	0x3A11      	XORLW      17
0x01C5	0x1903      	BTFSC      STATUS, 2
0x01C6	0x29D9      	GOTO       L_exe_cond57
;scope_marker.c,205 :: 		Load_TMR2(0x60,0x06,0x00);
0x01C7	0x3060      	MOVLW      96
0x01C8	0x00A4      	MOVWF      FARG_Load_TMR2_Prescalar
0x01C9	0x3006      	MOVLW      6
0x01CA	0x00A5      	MOVWF      FARG_Load_TMR2_T2Control
0x01CB	0x01A6      	CLRF       FARG_Load_TMR2_Timer2
0x01CC	0x201A      	CALL       _Load_TMR2
;scope_marker.c,206 :: 		Load_PWM3(0xC0,0x04,0x02);
0x01CD	0x30C0      	MOVLW      192
0x01CE	0x00A4      	MOVWF      FARG_Load_PWM3_Control
0x01CF	0x3004      	MOVLW      4
0x01D0	0x00A5      	MOVWF      FARG_Load_PWM3_HByte
0x01D1	0x3002      	MOVLW      2
0x01D2	0x00A6      	MOVWF      FARG_Load_PWM3_LByte
0x01D3	0x200B      	CALL       _Load_PWM3
;scope_marker.c,207 :: 		ch_flg=17;
0x01D4	0x3011      	MOVLW      17
0x01D5	0x0020      	MOVLB      0
0x01D6	0x00A1      	MOVWF      _ch_flg
;scope_marker.c,208 :: 		TMR2IE_bit = 1;
0x01D7	0x0021      	MOVLB      1
0x01D8	0x1491      	BSF        TMR2IE_bit, BitPos(TMR2IE_bit+0)
;scope_marker.c,209 :: 		}
L_exe_cond57:
;scope_marker.c,210 :: 		break;
0x01D9	0x2A25      	GOTO       L_exe_cond21
;scope_marker.c,211 :: 		default: break;
L_exe_cond58:
0x01DA	0x2A25      	GOTO       L_exe_cond21
;scope_marker.c,213 :: 		}
L_exe_cond20:
0x01DB	0x0020      	MOVLB      0
0x01DC	0x0820      	MOVF       _choice, 0
0x01DD	0x3A00      	XORLW      0
0x01DE	0x1903      	BTFSC      STATUS, 2
0x01DF	0x283D      	GOTO       L_exe_cond22
0x01E0	0x0820      	MOVF       _choice, 0
0x01E1	0x3A01      	XORLW      1
0x01E2	0x1903      	BTFSC      STATUS, 2
0x01E3	0x2853      	GOTO       L_exe_cond24
0x01E4	0x0820      	MOVF       _choice, 0
0x01E5	0x3A02      	XORLW      2
0x01E6	0x1903      	BTFSC      STATUS, 2
0x01E7	0x2869      	GOTO       L_exe_cond26
0x01E8	0x0820      	MOVF       _choice, 0
0x01E9	0x3A03      	XORLW      3
0x01EA	0x1903      	BTFSC      STATUS, 2
0x01EB	0x287F      	GOTO       L_exe_cond28
0x01EC	0x0820      	MOVF       _choice, 0
0x01ED	0x3A04      	XORLW      4
0x01EE	0x1903      	BTFSC      STATUS, 2
0x01EF	0x2896      	GOTO       L_exe_cond30
0x01F0	0x0820      	MOVF       _choice, 0
0x01F1	0x3A05      	XORLW      5
0x01F2	0x1903      	BTFSC      STATUS, 2
0x01F3	0x28AD      	GOTO       L_exe_cond32
0x01F4	0x0820      	MOVF       _choice, 0
0x01F5	0x3A06      	XORLW      6
0x01F6	0x1903      	BTFSC      STATUS, 2
0x01F7	0x28C4      	GOTO       L_exe_cond34
0x01F8	0x0820      	MOVF       _choice, 0
0x01F9	0x3A07      	XORLW      7
0x01FA	0x1903      	BTFSC      STATUS, 2
0x01FB	0x28DB      	GOTO       L_exe_cond36
0x01FC	0x0820      	MOVF       _choice, 0
0x01FD	0x3A08      	XORLW      8
0x01FE	0x1903      	BTFSC      STATUS, 2
0x01FF	0x28F2      	GOTO       L_exe_cond38
0x0200	0x0820      	MOVF       _choice, 0
0x0201	0x3A09      	XORLW      9
0x0202	0x1903      	BTFSC      STATUS, 2
0x0203	0x2909      	GOTO       L_exe_cond40
0x0204	0x0820      	MOVF       _choice, 0
0x0205	0x3A0A      	XORLW      10
0x0206	0x1903      	BTFSC      STATUS, 2
0x0207	0x291F      	GOTO       L_exe_cond42
0x0208	0x0820      	MOVF       _choice, 0
0x0209	0x3A0B      	XORLW      11
0x020A	0x1903      	BTFSC      STATUS, 2
0x020B	0x2936      	GOTO       L_exe_cond44
0x020C	0x0820      	MOVF       _choice, 0
0x020D	0x3A0C      	XORLW      12
0x020E	0x1903      	BTFSC      STATUS, 2
0x020F	0x294C      	GOTO       L_exe_cond46
0x0210	0x0820      	MOVF       _choice, 0
0x0211	0x3A0D      	XORLW      13
0x0212	0x1903      	BTFSC      STATUS, 2
0x0213	0x2963      	GOTO       L_exe_cond48
0x0214	0x0820      	MOVF       _choice, 0
0x0215	0x3A0E      	XORLW      14
0x0216	0x1903      	BTFSC      STATUS, 2
0x0217	0x297A      	GOTO       L_exe_cond50
0x0218	0x0820      	MOVF       _choice, 0
0x0219	0x3A0F      	XORLW      15
0x021A	0x1903      	BTFSC      STATUS, 2
0x021B	0x2992      	GOTO       L_exe_cond52
0x021C	0x0820      	MOVF       _choice, 0
0x021D	0x3A10      	XORLW      16
0x021E	0x1903      	BTFSC      STATUS, 2
0x021F	0x29AA      	GOTO       L_exe_cond54
0x0220	0x0820      	MOVF       _choice, 0
0x0221	0x3A11      	XORLW      17
0x0222	0x1903      	BTFSC      STATUS, 2
0x0223	0x29C2      	GOTO       L_exe_cond56
0x0224	0x29DA      	GOTO       L_exe_cond58
L_exe_cond21:
;scope_marker.c,214 :: 		}
L_end_exe_cond:
0x0225	0x0008      	RETURN
; end of _exe_cond
_check_cond:
;scope_marker.c,21 :: 		void check_cond()
;scope_marker.c,23 :: 		if(!DEC)
0x0226	0x0020      	MOVLB      0
0x0227	0x180E      	BTFSC      PORTC, 0
0x0228	0x2A2E      	GOTO       L_check_cond4
;scope_marker.c,25 :: 		choice--;
0x0229	0x03A0      	DECF       _choice, 1
;scope_marker.c,26 :: 		while(!DEC);
L_check_cond5:
0x022A	0x180E      	BTFSC      PORTC, 0
0x022B	0x2A2D      	GOTO       L_check_cond6
0x022C	0x2A2A      	GOTO       L_check_cond5
L_check_cond6:
;scope_marker.c,27 :: 		}
0x022D	0x2A3C      	GOTO       L_check_cond7
L_check_cond4:
;scope_marker.c,28 :: 		else if(!INC)
0x022E	0x188E      	BTFSC      PORTC, 1
0x022F	0x2A35      	GOTO       L_check_cond8
;scope_marker.c,30 :: 		choice++;
0x0230	0x0AA0      	INCF       _choice, 1
;scope_marker.c,31 :: 		while(!INC);
L_check_cond9:
0x0231	0x188E      	BTFSC      PORTC, 1
0x0232	0x2A34      	GOTO       L_check_cond10
0x0233	0x2A31      	GOTO       L_check_cond9
L_check_cond10:
;scope_marker.c,32 :: 		}
0x0234	0x2A3C      	GOTO       L_check_cond11
L_check_cond8:
;scope_marker.c,33 :: 		else if(!SET_0)
0x0235	0x190E      	BTFSC      PORTC, 2
0x0236	0x2A3C      	GOTO       L_check_cond12
;scope_marker.c,35 :: 		choice = 5;
0x0237	0x3005      	MOVLW      5
0x0238	0x00A0      	MOVWF      _choice
;scope_marker.c,36 :: 		while(!SET_0);
L_check_cond13:
0x0239	0x190E      	BTFSC      PORTC, 2
0x023A	0x2A3C      	GOTO       L_check_cond14
0x023B	0x2A39      	GOTO       L_check_cond13
L_check_cond14:
;scope_marker.c,37 :: 		}
L_check_cond12:
L_check_cond11:
L_check_cond7:
;scope_marker.c,38 :: 		if(choice>17) choice=5;
0x023C	0x0820      	MOVF       _choice, 0
0x023D	0x3C11      	SUBLW      17
0x023E	0x1803      	BTFSC      STATUS, 0
0x023F	0x2A42      	GOTO       L_check_cond15
0x0240	0x3005      	MOVLW      5
0x0241	0x00A0      	MOVWF      _choice
L_check_cond15:
;scope_marker.c,40 :: 		if(choice>11)
0x0242	0x0820      	MOVF       _choice, 0
0x0243	0x3C0B      	SUBLW      11
0x0244	0x1803      	BTFSC      STATUS, 0
0x0245	0x2A4E      	GOTO       L_check_cond16
;scope_marker.c,42 :: 		if(OSCCON != 0x12)
0x0246	0x0021      	MOVLB      1
0x0247	0x0819      	MOVF       OSCCON, 0
0x0248	0x3A12      	XORLW      18
0x0249	0x1903      	BTFSC      STATUS, 2
0x024A	0x2A4D      	GOTO       L_check_cond17
;scope_marker.c,45 :: 		OSCCON = 0x12;
0x024B	0x3012      	MOVLW      18
0x024C	0x0099      	MOVWF      OSCCON
;scope_marker.c,48 :: 		}
L_check_cond17:
;scope_marker.c,49 :: 		}
0x024D	0x2A55      	GOTO       L_check_cond18
L_check_cond16:
0x024E	0x0021      	MOVLB      1
;scope_marker.c,52 :: 		if(OSCCON != 0x7A)
0x024F	0x0819      	MOVF       OSCCON, 0
0x0250	0x3A7A      	XORLW      122
0x0251	0x1903      	BTFSC      STATUS, 2
0x0252	0x2A55      	GOTO       L_check_cond19
;scope_marker.c,55 :: 		OSCCON = 0x7A;
0x0253	0x307A      	MOVLW      122
0x0254	0x0099      	MOVWF      OSCCON
;scope_marker.c,59 :: 		}
L_check_cond19:
;scope_marker.c,60 :: 		}
L_check_cond18:
;scope_marker.c,61 :: 		}
L_end_check_cond:
0x0255	0x0008      	RETURN
; end of _check_cond
_main:
0x0256	0x0020      	MOVLB      0
0x0257	0x01A0      	CLRF       _choice
0x0258	0x01A1      	CLRF       _ch_flg
0x0259	0x01A2      	CLRF       _demo_time
0x025A	0x01A3      	CLRF       35
;scope_marker.c,268 :: 		void main()
;scope_marker.c,270 :: 		sys_init();
0x025B	0x202E      	CALL       _sys_init
;scope_marker.c,271 :: 		demo_time = 0;
0x025C	0x0020      	MOVLB      0
0x025D	0x01A2      	CLRF       _demo_time
0x025E	0x01A3      	CLRF       _demo_time+1
;scope_marker.c,272 :: 		while(1)
L_main65:
;scope_marker.c,274 :: 		check_cond();                 /*Check the condition*/
0x025F	0x2226      	CALL       _check_cond
;scope_marker.c,275 :: 		exe_cond();
0x0260	0x203C      	CALL       _exe_cond
;scope_marker.c,282 :: 		}
0x0261	0x2A5F      	GOTO       L_main65
;scope_marker.c,283 :: 		}
L_end_main:
0x0262	0x2A62      	GOTO       $+0
; end of _main
Symbol List:
//** Routines locations **
//ADDRESS    SIZE    PROCEDURE
//----------------------------------------------
0x0004       [7]    _interrupt
0x000B      [15]    _Load_PWM3
0x001A      [11]    _Load_TMR2
0x0025       [9]    ___CC2DW
0x002E      [14]    _sys_init
0x003C     [490]    _exe_cond
0x0226      [48]    _check_cond
0x0256      [13]    _main
//** Variables locations ** 
//ADDRESS    SIZE    VARIABLE
//----------------------------------------------
0x0000       [1]    INDF0
0x0001       [1]    INDF1
0x0003       [1]    STATUS
0x0004       [1]    FSR0L
0x0005       [1]    FSR0H
0x0006       [1]    FSR1L
0x0007       [1]    FSR1H
0x000A       [1]    PCLATH
0x000B       [0]    TMR0IF_bit
0x000B       [0]    TMR0IE_bit
0x000B       [0]    GIE_bit
0x000E       [1]    PORTC
0x0011       [0]    TMR2IF_bit
0x001A       [1]    TMR2
0x001B       [1]    PR2
0x001C       [0]    TMR2ON_bit
0x001C       [1]    T2CON
0x0020       [1]    _choice
0x0021       [1]    _ch_flg
0x0022       [2]    _demo_time
0x0024       [1]    FARG_Load_TMR2_Prescalar
0x0024       [1]    FARG_Load_PWM3_Control
0x0025       [1]    FARG_Load_TMR2_T2Control
0x0025       [1]    FARG_Load_PWM3_HByte
0x0026       [1]    FARG_Load_PWM3_LByte
0x0026       [1]    FARG_Load_TMR2_Timer2
0x0070       [1]    R0
0x0071       [1]    R1
0x0072       [1]    R2
0x0073       [1]    R3
0x0074       [1]    R4
0x0075       [1]    R5
0x0076       [1]    R6
0x0077       [1]    R7
0x0078       [1]    R8
0x0079       [1]    R9
0x007A       [1]    R10
0x007B       [1]    R11
0x007C       [1]    R12
0x007D       [1]    R13
0x007E       [1]    R14
0x007F       [1]    R15
0x008C       [1]    TRISA
0x008E       [1]    TRISC
0x0091       [0]    TMR2IE_bit
0x0097       [1]    WDTCON
0x0099       [1]    OSCCON
0x018C       [1]    ANSELA
0x018E       [1]    ANSELC
0x0617       [1]    PWM3DCL
0x0618       [1]    PWM3DCH
0x0619       [1]    PWM3CON
