0	1	mikroCPIC1618.exe -MSF -DBG -pP16F1503 -RA -DL -O11111114 -fo8 -N"D:\PIC Project\one_mhz\source_file\micro(different)\one_mhz.mcppi" -SP"C:\Users\Public\Documents\Mikroelektronika\mikroC PRO for PIC\Defs\" -SP"C:\Users\Public\Documents\Mikroelektronika\mikroC PRO for PIC\Uses\P16_Enh\" -SP"D:\PIC Project\one_mhz\source_file\micro(different)\" -IP"D:\PIC Project\one_mhz\source_file\micro(different)\" "pwm3.c" "tmr0.c" "tmr2.c" "one_mhz.c" "__Lib_Math.mcl" "__Lib_MathDouble.mcl" "__Lib_System.mcl" "__Lib_Delays.mcl" "__Lib_PWM_150x.mcl"	 
hint: 0	1139	Available RAM: 112 [bytes], Available ROM: 2048 [bytes]	 
diagnostics: 0	122	Compilation Started	P16F1503.c
diagnostics: 1571	123	Compiled Successfully	P16F1503.c
diagnostics: 0	122	Compilation Started	__Lib_Delays.c
diagnostics: 123	123	Compiled Successfully	__Lib_Delays.c
diagnostics: 0	122	Compilation Started	types.h
diagnostics: 15	123	Compiled Successfully	pwm3.c
diagnostics: 0	122	Compilation Started	types.h
diagnostics: 58	123	Compiled Successfully	tmr0.c
diagnostics: 0	122	Compilation Started	types.h
diagnostics: 17	123	Compiled Successfully	tmr2.c
diagnostics: 0	122	Compilation Started	types.h
hint: 95	1163	Variable 'i' has been declared, but not used	one_mhz.c
diagnostics: 127	123	Compiled Successfully	one_mhz.c
diagnostics: 0	127	All files Compiled in 360 ms	 
hint: 0	1144	Used RAM (bytes): 13 (12%)  Free RAM (bytes): 99 (88%)	Used RAM (bytes): 13 (12%)  Free RAM (bytes): 99 (88%)
hint: 0	1144	Used ROM (program words): 197 (10%)  Free ROM (program words): 1851 (90%)	Used ROM (program words): 197 (10%)  Free ROM (program words): 1851 (90%)
diagnostics: 0	125	Project Linked Successfully	one_mhz.mcppi
diagnostics: 0	128	Linked in 62 ms	 
diagnostics: 0	129	Project 'one_mhz.mcppi' completed: 672 ms	 
diagnostics: 0	103	Finished successfully: 04 Nov 2017, 18:32:30	one_mhz.mcppi
