;  LST file generated by mikroListExporter - v.2.0 
; Date/Time: 16-Jul-17 5:45:05 PM
;----------------------------------------------

;Address Opcode 	ASM
0x0000	0x2ABC      	GOTO       700
_interrupt:
;Tractor.c,10 :: 		void interrupt()
0x0004	0x0870      	MOVF       R0, 0
0x0005	0x0020      	MOVLB      0
0x0006	0x00A2      	MOVWF      34
0x0007	0x0871      	MOVF       R1, 0
0x0008	0x00A1      	MOVWF      33
;Tractor.c,12 :: 		if(TMR0IE_bit == 1 && TMR0IF_bit == 1)   /* interrupt handler*/
0x0009	0x3180      	MOVLP      0
0x000A	0x1E8B      	BTFSS      TMR0IE_bit, BitPos(TMR0IE_bit+0)
0x000B	0x2810      	GOTO       L_interrupt2
0x000C	0x1D0B      	BTFSS      TMR0IF_bit, BitPos(TMR0IF_bit+0)
0x000D	0x2810      	GOTO       L_interrupt2
L__interrupt14:
;Tractor.c,14 :: 		TMR0_ISR();
0x000E	0x2254      	CALL       _TMR0_ISR
;Tractor.c,15 :: 		}
0x000F	0x2814      	GOTO       L_interrupt3
L_interrupt2:
;Tractor.c,16 :: 		else if (ADIF_bit == 1)                 /*ADC Interrupt*/
0x0010	0x1F11      	BTFSS      ADIF_bit, BitPos(ADIF_bit+0)
0x0011	0x2814      	GOTO       L_interrupt4
;Tractor.c,18 :: 		ADC_ISR();
0x0012	0x22AE      	CALL       _ADC_ISR
;Tractor.c,19 :: 		}
0x0013	0x2814      	GOTO       L_interrupt5
L_interrupt4:
;Tractor.c,22 :: 		}
L_interrupt5:
L_interrupt3:
;Tractor.c,23 :: 		}
L_end_interrupt:
L__interrupt16:
0x0014	0x0822      	MOVF       34, 0
0x0015	0x00F0      	MOVWF      R0
0x0016	0x0821      	MOVF       33, 0
0x0017	0x00F1      	MOVWF      R1
0x0018	0x0009      	RETFIE     %s
; end of _interrupt
_TMR0_Reload:
;tmr0.c,21 :: 		void TMR0_Reload(void)
;tmr0.c,23 :: 		TMR0 = timer0ReloadVal;     /* Write to the Timer0 register*/
0x0019	0x0020      	MOVLB      0
0x001A	0x0830      	MOVF       _timer0ReloadVal, 0
0x001B	0x0095      	MOVWF      TMR0
;tmr0.c,24 :: 		}
L_end_TMR0_Reload:
0x001C	0x0008      	RETURN
; end of _TMR0_Reload
_ADC_GetConversion:
;adc.c,16 :: 		uint32 ADC_GetConversion()
;adc.c,18 :: 		ADCON0 = 0x08;                     /* select the A/D channel2 */
0x001D	0x3008      	MOVLW      8
0x001E	0x0021      	MOVLB      1
0x001F	0x009D      	MOVWF      ADCON0
;adc.c,19 :: 		ADON_bit = 1;                      /*Turn on the ADC module*/
0x0020	0x141D      	BSF        ADON_bit, BitPos(ADON_bit+0)
;adc.c,20 :: 		delay_us(50);                      /*Acquisition time delay */
0x0021	0x3021      	MOVLW      33
0x0022	0x00FD      	MOVWF      R13
L_ADC_GetConversion0:
0x0023	0x0BFD      	DECFSZ     R13, 1
0x0024	0x2823      	GOTO       L_ADC_GetConversion0
;adc.c,21 :: 		GO_NOT_DONE_bit = 1;               /*Start the conversion*/
0x0025	0x149D      	BSF        GO_NOT_DONE_bit, BitPos(GO_NOT_DONE_bit+0)
;adc.c,22 :: 		while (GO_NOT_DONE_bit);           /*Wait for the conversion to finish*/
L_ADC_GetConversion1:
0x0026	0x1C9D      	BTFSS      GO_NOT_DONE_bit, BitPos(GO_NOT_DONE_bit+0)
0x0027	0x2829      	GOTO       L_ADC_GetConversion2
0x0028	0x2826      	GOTO       L_ADC_GetConversion1
L_ADC_GetConversion2:
;adc.c,23 :: 		return ((ADRESH << 8) + ADRESL);   /*Conversion finished, return the result*/
0x0029	0x081C      	MOVF       ADRESH, 0
0x002A	0x00F1      	MOVWF      R1
0x002B	0x01F0      	CLRF       R0
0x002C	0x081B      	MOVF       ADRESL, 0
0x002D	0x07F0      	ADDWF      R0, 1
0x002E	0x3000      	MOVLW      0
0x002F	0x3DF1      	ADDWFC     R1, 1
0x0030	0x3000      	MOVLW      0
0x0031	0x00F2      	MOVWF      R2
0x0032	0x00F3      	MOVWF      R3
;adc.c,25 :: 		}
L_end_ADC_GetConversion:
0x0033	0x0008      	RETURN
; end of _ADC_GetConversion
_ADC_Initialize:
;adc.c,6 :: 		void ADC_Initialize(void)
;adc.c,8 :: 		ADCON0 = 0x08;                      /*GO_nDONE stop; ADON enabled; CHS AN2; */
0x0034	0x3008      	MOVLW      8
0x0035	0x0021      	MOVLB      1
0x0036	0x009D      	MOVWF      ADCON0
;adc.c,9 :: 		ADCON1 = 0xC0;                      /*ADFM Right; ADPREF VDD; ADCS FOSC/4; */
0x0037	0x30C0      	MOVLW      192
0x0038	0x009E      	MOVWF      ADCON1
;adc.c,10 :: 		ADCON2 = 0x00;                      /* TRIGSEL no_auto_trigger */
0x0039	0x019F      	CLRF       ADCON2
;adc.c,11 :: 		ADRESL = 0x00;                      /* ADRESL 0*/
0x003A	0x019B      	CLRF       ADRESL
;adc.c,12 :: 		ADRESH = 0x00;                      /* ADRESH 0*/
0x003B	0x019C      	CLRF       ADRESH
;adc.c,13 :: 		ADIE_bit = 1;                       /* Enabling ADC interrupt. */
0x003C	0x1711      	BSF        ADIE_bit, BitPos(ADIE_bit+0)
;adc.c,14 :: 		}
L_end_ADC_Initialize:
0x003D	0x0008      	RETURN
; end of _ADC_Initialize
_TMR0_CallBack_Half_Sec:
;tmr0.c,71 :: 		void TMR0_CallBack_Half_Sec(void)
;tmr0.c,73 :: 		if(guc_togg_half==1)
0x003E	0x0020      	MOVLB      0
0x003F	0x082F      	MOVF       _guc_togg_half, 0
0x0040	0x3A01      	XORLW      1
0x0041	0x1D03      	BTFSS      STATUS, 2
0x0042	0x2844      	GOTO       L_TMR0_CallBack_Half_Sec6
;tmr0.c,78 :: 		BUZZER=1;
0x0043	0x168E      	BSF        PORTC, 5
;tmr0.c,80 :: 		}
L_TMR0_CallBack_Half_Sec6:
;tmr0.c,81 :: 		if(guc_togg_half==0)
0x0044	0x082F      	MOVF       _guc_togg_half, 0
0x0045	0x3A00      	XORLW      0
0x0046	0x1D03      	BTFSS      STATUS, 2
0x0047	0x2849      	GOTO       L_TMR0_CallBack_Half_Sec7
;tmr0.c,91 :: 		BUZZER=0;
0x0048	0x128E      	BCF        PORTC, 5
;tmr0.c,93 :: 		}
L_TMR0_CallBack_Half_Sec7:
;tmr0.c,94 :: 		}
L_end_TMR0_CallBack_Half_Sec:
0x0049	0x0008      	RETURN
; end of _TMR0_CallBack_Half_Sec
_Div_32x32_U:
;__Lib_Math.c,1309 :: 		
;__Lib_Math.c,1318 :: 		
;__Lib_Math.c,1320 :: 		
0x004A	0x0020      	MOVLB      0
;__Lib_Math.c,1321 :: 		
0x004B	0x01FB      	CLRF       R11
;__Lib_Math.c,1322 :: 		
0x004C	0x01FA      	CLRF       R10
;__Lib_Math.c,1323 :: 		
0x004D	0x01F9      	CLRF       R9
;__Lib_Math.c,1324 :: 		
0x004E	0x01F8      	CLRF       R8
;__Lib_Math.c,1326 :: 		
0x004F	0x01A0      	CLRF       ___math_tempb
;__Lib_Math.c,1328 :: 		
0x0050	0x0D73      	RLF        R3, 0
;__Lib_Math.c,1329 :: 		
0x0051	0x0DF8      	RLF        R8, 1
;__Lib_Math.c,1330 :: 		
0x0052	0x0874      	MOVF       R4, 0
;__Lib_Math.c,1331 :: 		
0x0053	0x02F8      	SUBWF      R8, 1
;__Lib_Math.c,1332 :: 		
0x0054	0x0875      	MOVF       R5, 0
;__Lib_Math.c,1333 :: 		
0x0055	0x1C03      	BTFSS      STATUS, 0
;__Lib_Math.c,1334 :: 		
0x0056	0x0F75      	INCFSZ     R5, 0
;__Lib_Math.c,1335 :: 		
0x0057	0x02F9      	SUBWF      R9, 1
;__Lib_Math.c,1336 :: 		
0x0058	0x0876      	MOVF       R6, 0
;__Lib_Math.c,1337 :: 		
0x0059	0x1C03      	BTFSS      STATUS, 0
;__Lib_Math.c,1338 :: 		
0x005A	0x0F76      	INCFSZ     R6, 0
;__Lib_Math.c,1339 :: 		
0x005B	0x02FA      	SUBWF      R10, 1
;__Lib_Math.c,1340 :: 		
0x005C	0x0877      	MOVF       R7, 0
;__Lib_Math.c,1341 :: 		
0x005D	0x1C03      	BTFSS      STATUS, 0
;__Lib_Math.c,1342 :: 		
0x005E	0x0F77      	INCFSZ     R7, 0
;__Lib_Math.c,1343 :: 		
0x005F	0x02FB      	SUBWF      R11, 1
;__Lib_Math.c,1345 :: 		
0x0060	0x0100      	CLRW       0, 0
;__Lib_Math.c,1346 :: 		
0x0061	0x1C03      	BTFSS      STATUS, 0
;__Lib_Math.c,1347 :: 		
0x0062	0x3001      	MOVLW      1
;__Lib_Math.c,1348 :: 		
0x0063	0x02A0      	SUBWF      ___math_tempb, 1
;__Lib_Math.c,1349 :: 		
0x0064	0x0DF3      	RLF        R3, 1
;__Lib_Math.c,1351 :: 		
0x0065	0x3007      	MOVLW      7
;__Lib_Math.c,1352 :: 		
0x0066	0x00FC      	MOVWF      R12
;__Lib_Math.c,1354 :: 		
LOOPU3232A:
;__Lib_Math.c,1355 :: 		
0x0067	0x0D73      	RLF        R3, 0
;__Lib_Math.c,1356 :: 		
0x0068	0x0DF8      	RLF        R8, 1
;__Lib_Math.c,1357 :: 		
0x0069	0x0DF9      	RLF        R9, 1
;__Lib_Math.c,1358 :: 		
0x006A	0x0DFA      	RLF        R10, 1
;__Lib_Math.c,1359 :: 		
0x006B	0x0DFB      	RLF        R11, 1
;__Lib_Math.c,1360 :: 		
0x006C	0x0DA0      	RLF        ___math_tempb, 1
;__Lib_Math.c,1361 :: 		
0x006D	0x0874      	MOVF       R4, 0
;__Lib_Math.c,1362 :: 		
0x006E	0x1C73      	BTFSS      R3, 0
;__Lib_Math.c,1363 :: 		
0x006F	0x2882      	GOTO       UADD22LA
;__Lib_Math.c,1365 :: 		
0x0070	0x02F8      	SUBWF      R8, 1
;__Lib_Math.c,1366 :: 		
0x0071	0x0875      	MOVF       R5, 0
;__Lib_Math.c,1367 :: 		
0x0072	0x1C03      	BTFSS      STATUS, 0
;__Lib_Math.c,1368 :: 		
0x0073	0x0F75      	INCFSZ     R5, 0
;__Lib_Math.c,1369 :: 		
0x0074	0x02F9      	SUBWF      R9, 1
;__Lib_Math.c,1370 :: 		
0x0075	0x0876      	MOVF       R6, 0
;__Lib_Math.c,1371 :: 		
0x0076	0x1C03      	BTFSS      STATUS, 0
;__Lib_Math.c,1372 :: 		
0x0077	0x0F76      	INCFSZ     R6, 0
;__Lib_Math.c,1373 :: 		
0x0078	0x02FA      	SUBWF      R10, 1
;__Lib_Math.c,1374 :: 		
0x0079	0x0877      	MOVF       R7, 0
;__Lib_Math.c,1375 :: 		
0x007A	0x1C03      	BTFSS      STATUS, 0
;__Lib_Math.c,1376 :: 		
0x007B	0x0F77      	INCFSZ     R7, 0
;__Lib_Math.c,1377 :: 		
0x007C	0x02FB      	SUBWF      R11, 1
;__Lib_Math.c,1378 :: 		
0x007D	0x0100      	CLRW       0, 0
;__Lib_Math.c,1379 :: 		
0x007E	0x1C03      	BTFSS      STATUS, 0
;__Lib_Math.c,1380 :: 		
0x007F	0x3001      	MOVLW      1
;__Lib_Math.c,1381 :: 		
0x0080	0x02A0      	SUBWF      ___math_tempb, 1
;__Lib_Math.c,1382 :: 		
0x0081	0x2893      	GOTO       UOK22LA
;__Lib_Math.c,1384 :: 		
UADD22LA:
;__Lib_Math.c,1385 :: 		
0x0082	0x07F8      	ADDWF      R8, 1
;__Lib_Math.c,1386 :: 		
0x0083	0x0875      	MOVF       R5, 0
;__Lib_Math.c,1387 :: 		
0x0084	0x1803      	BTFSC      STATUS, 0
;__Lib_Math.c,1388 :: 		
0x0085	0x0F75      	INCFSZ     R5, 0
;__Lib_Math.c,1389 :: 		
0x0086	0x07F9      	ADDWF      R9, 1
;__Lib_Math.c,1390 :: 		
0x0087	0x0876      	MOVF       R6, 0
;__Lib_Math.c,1391 :: 		
0x0088	0x1803      	BTFSC      STATUS, 0
;__Lib_Math.c,1392 :: 		
0x0089	0x0F76      	INCFSZ     R6, 0
;__Lib_Math.c,1393 :: 		
0x008A	0x07FA      	ADDWF      R10, 1
;__Lib_Math.c,1394 :: 		
0x008B	0x0877      	MOVF       R7, 0
;__Lib_Math.c,1395 :: 		
0x008C	0x1803      	BTFSC      STATUS, 0
;__Lib_Math.c,1396 :: 		
0x008D	0x0F77      	INCFSZ     R7, 0
;__Lib_Math.c,1397 :: 		
0x008E	0x07FB      	ADDWF      R11, 1
;__Lib_Math.c,1398 :: 		
0x008F	0x0100      	CLRW       0, 0
;__Lib_Math.c,1399 :: 		
0x0090	0x1803      	BTFSC      STATUS, 0
;__Lib_Math.c,1400 :: 		
0x0091	0x3001      	MOVLW      1
;__Lib_Math.c,1401 :: 		
0x0092	0x07A0      	ADDWF      ___math_tempb, 1
;__Lib_Math.c,1403 :: 		
UOK22LA:
;__Lib_Math.c,1404 :: 		
0x0093	0x0DF3      	RLF        R3, 1
;__Lib_Math.c,1406 :: 		
0x0094	0x0BFC      	DECFSZ     R12, 1
;__Lib_Math.c,1407 :: 		
0x0095	0x2867      	GOTO       LOOPU3232A
;__Lib_Math.c,1409 :: 		
0x0096	0x0D72      	RLF        R2, 0
;__Lib_Math.c,1410 :: 		
0x0097	0x0DF8      	RLF        R8, 1
;__Lib_Math.c,1411 :: 		
0x0098	0x0DF9      	RLF        R9, 1
;__Lib_Math.c,1412 :: 		
0x0099	0x0DFA      	RLF        R10, 1
;__Lib_Math.c,1413 :: 		
0x009A	0x0DFB      	RLF        R11, 1
;__Lib_Math.c,1414 :: 		
0x009B	0x0DA0      	RLF        ___math_tempb, 1
;__Lib_Math.c,1415 :: 		
0x009C	0x0874      	MOVF       R4, 0
;__Lib_Math.c,1416 :: 		
0x009D	0x1C73      	BTFSS      R3, 0
;__Lib_Math.c,1417 :: 		
0x009E	0x28B1      	GOTO       UADD22L8
;__Lib_Math.c,1419 :: 		
0x009F	0x02F8      	SUBWF      R8, 1
;__Lib_Math.c,1420 :: 		
0x00A0	0x0875      	MOVF       R5, 0
;__Lib_Math.c,1421 :: 		
0x00A1	0x1C03      	BTFSS      STATUS, 0
;__Lib_Math.c,1422 :: 		
0x00A2	0x0F75      	INCFSZ     R5, 0
;__Lib_Math.c,1423 :: 		
0x00A3	0x02F9      	SUBWF      R9, 1
;__Lib_Math.c,1424 :: 		
0x00A4	0x0876      	MOVF       R6, 0
;__Lib_Math.c,1425 :: 		
0x00A5	0x1C03      	BTFSS      STATUS, 0
;__Lib_Math.c,1426 :: 		
0x00A6	0x0F76      	INCFSZ     R6, 0
;__Lib_Math.c,1427 :: 		
0x00A7	0x02FA      	SUBWF      R10, 1
;__Lib_Math.c,1428 :: 		
0x00A8	0x0877      	MOVF       R7, 0
;__Lib_Math.c,1429 :: 		
0x00A9	0x1C03      	BTFSS      STATUS, 0
;__Lib_Math.c,1430 :: 		
0x00AA	0x0F77      	INCFSZ     R7, 0
;__Lib_Math.c,1431 :: 		
0x00AB	0x02FB      	SUBWF      R11, 1
;__Lib_Math.c,1432 :: 		
0x00AC	0x0100      	CLRW       0, 0
;__Lib_Math.c,1433 :: 		
0x00AD	0x1C03      	BTFSS      STATUS, 0
;__Lib_Math.c,1434 :: 		
0x00AE	0x3001      	MOVLW      1
;__Lib_Math.c,1435 :: 		
0x00AF	0x02A0      	SUBWF      ___math_tempb, 1
;__Lib_Math.c,1436 :: 		
0x00B0	0x28C2      	GOTO       UOK22L8
;__Lib_Math.c,1438 :: 		
UADD22L8:
;__Lib_Math.c,1439 :: 		
0x00B1	0x07F8      	ADDWF      R8, 1
;__Lib_Math.c,1440 :: 		
0x00B2	0x0875      	MOVF       R5, 0
;__Lib_Math.c,1441 :: 		
0x00B3	0x1803      	BTFSC      STATUS, 0
;__Lib_Math.c,1442 :: 		
0x00B4	0x0F75      	INCFSZ     R5, 0
;__Lib_Math.c,1443 :: 		
0x00B5	0x07F9      	ADDWF      R9, 1
;__Lib_Math.c,1444 :: 		
0x00B6	0x0876      	MOVF       R6, 0
;__Lib_Math.c,1445 :: 		
0x00B7	0x1803      	BTFSC      STATUS, 0
;__Lib_Math.c,1446 :: 		
0x00B8	0x0F76      	INCFSZ     R6, 0
;__Lib_Math.c,1447 :: 		
0x00B9	0x07FA      	ADDWF      R10, 1
;__Lib_Math.c,1448 :: 		
0x00BA	0x0877      	MOVF       R7, 0
;__Lib_Math.c,1449 :: 		
0x00BB	0x1803      	BTFSC      STATUS, 0
;__Lib_Math.c,1450 :: 		
0x00BC	0x0F77      	INCFSZ     R7, 0
;__Lib_Math.c,1451 :: 		
0x00BD	0x07FB      	ADDWF      R11, 1
;__Lib_Math.c,1452 :: 		
0x00BE	0x0100      	CLRW       0, 0
;__Lib_Math.c,1453 :: 		
0x00BF	0x1803      	BTFSC      STATUS, 0
;__Lib_Math.c,1454 :: 		
0x00C0	0x3001      	MOVLW      1
;__Lib_Math.c,1455 :: 		
0x00C1	0x07A0      	ADDWF      ___math_tempb, 1
;__Lib_Math.c,1457 :: 		
UOK22L8:
;__Lib_Math.c,1458 :: 		
0x00C2	0x0DF2      	RLF        R2, 1
;__Lib_Math.c,1460 :: 		
0x00C3	0x3007      	MOVLW      7
;__Lib_Math.c,1461 :: 		
0x00C4	0x00FC      	MOVWF      R12
;__Lib_Math.c,1463 :: 		
LOOPU3232B:
;__Lib_Math.c,1464 :: 		
0x00C5	0x0D72      	RLF        R2, 0
;__Lib_Math.c,1465 :: 		
0x00C6	0x0DF8      	RLF        R8, 1
;__Lib_Math.c,1466 :: 		
0x00C7	0x0DF9      	RLF        R9, 1
;__Lib_Math.c,1467 :: 		
0x00C8	0x0DFA      	RLF        R10, 1
;__Lib_Math.c,1468 :: 		
0x00C9	0x0DFB      	RLF        R11, 1
;__Lib_Math.c,1469 :: 		
0x00CA	0x0DA0      	RLF        ___math_tempb, 1
;__Lib_Math.c,1470 :: 		
0x00CB	0x0874      	MOVF       R4, 0
;__Lib_Math.c,1471 :: 		
0x00CC	0x1C72      	BTFSS      R2, 0
;__Lib_Math.c,1472 :: 		
0x00CD	0x28E0      	GOTO       UADD22LB
;__Lib_Math.c,1474 :: 		
0x00CE	0x02F8      	SUBWF      R8, 1
;__Lib_Math.c,1475 :: 		
0x00CF	0x0875      	MOVF       R5, 0
;__Lib_Math.c,1476 :: 		
0x00D0	0x1C03      	BTFSS      STATUS, 0
;__Lib_Math.c,1477 :: 		
0x00D1	0x0F75      	INCFSZ     R5, 0
;__Lib_Math.c,1478 :: 		
0x00D2	0x02F9      	SUBWF      R9, 1
;__Lib_Math.c,1479 :: 		
0x00D3	0x0876      	MOVF       R6, 0
;__Lib_Math.c,1480 :: 		
0x00D4	0x1C03      	BTFSS      STATUS, 0
;__Lib_Math.c,1481 :: 		
0x00D5	0x0F76      	INCFSZ     R6, 0
;__Lib_Math.c,1482 :: 		
0x00D6	0x02FA      	SUBWF      R10, 1
;__Lib_Math.c,1483 :: 		
0x00D7	0x0877      	MOVF       R7, 0
;__Lib_Math.c,1484 :: 		
0x00D8	0x1C03      	BTFSS      STATUS, 0
;__Lib_Math.c,1485 :: 		
0x00D9	0x0F77      	INCFSZ     R7, 0
;__Lib_Math.c,1486 :: 		
0x00DA	0x02FB      	SUBWF      R11, 1
;__Lib_Math.c,1487 :: 		
0x00DB	0x0100      	CLRW       0, 0
;__Lib_Math.c,1488 :: 		
0x00DC	0x1C03      	BTFSS      STATUS, 0
;__Lib_Math.c,1489 :: 		
0x00DD	0x3001      	MOVLW      1
;__Lib_Math.c,1490 :: 		
0x00DE	0x02A0      	SUBWF      ___math_tempb, 1
;__Lib_Math.c,1491 :: 		
0x00DF	0x28F1      	GOTO       UOK22LB
;__Lib_Math.c,1493 :: 		
UADD22LB:
;__Lib_Math.c,1494 :: 		
0x00E0	0x07F8      	ADDWF      R8, 1
;__Lib_Math.c,1495 :: 		
0x00E1	0x0875      	MOVF       R5, 0
;__Lib_Math.c,1496 :: 		
0x00E2	0x1803      	BTFSC      STATUS, 0
;__Lib_Math.c,1497 :: 		
0x00E3	0x0F75      	INCFSZ     R5, 0
;__Lib_Math.c,1498 :: 		
0x00E4	0x07F9      	ADDWF      R9, 1
;__Lib_Math.c,1499 :: 		
0x00E5	0x0876      	MOVF       R6, 0
;__Lib_Math.c,1500 :: 		
0x00E6	0x1803      	BTFSC      STATUS, 0
;__Lib_Math.c,1501 :: 		
0x00E7	0x0F76      	INCFSZ     R6, 0
;__Lib_Math.c,1502 :: 		
0x00E8	0x07FA      	ADDWF      R10, 1
;__Lib_Math.c,1503 :: 		
0x00E9	0x0877      	MOVF       R7, 0
;__Lib_Math.c,1504 :: 		
0x00EA	0x1803      	BTFSC      STATUS, 0
;__Lib_Math.c,1505 :: 		
0x00EB	0x0F77      	INCFSZ     R7, 0
;__Lib_Math.c,1506 :: 		
0x00EC	0x07FB      	ADDWF      R11, 1
;__Lib_Math.c,1507 :: 		
0x00ED	0x0100      	CLRW       0, 0
;__Lib_Math.c,1508 :: 		
0x00EE	0x1803      	BTFSC      STATUS, 0
;__Lib_Math.c,1509 :: 		
0x00EF	0x3001      	MOVLW      1
;__Lib_Math.c,1510 :: 		
0x00F0	0x07A0      	ADDWF      ___math_tempb, 1
;__Lib_Math.c,1512 :: 		
UOK22LB:
;__Lib_Math.c,1513 :: 		
0x00F1	0x0DF2      	RLF        R2, 1
;__Lib_Math.c,1515 :: 		
0x00F2	0x0BFC      	DECFSZ     R12, 1
;__Lib_Math.c,1516 :: 		
0x00F3	0x28C5      	GOTO       LOOPU3232B
;__Lib_Math.c,1518 :: 		
0x00F4	0x0D71      	RLF        R1, 0
;__Lib_Math.c,1519 :: 		
0x00F5	0x0DF8      	RLF        R8, 1
;__Lib_Math.c,1520 :: 		
0x00F6	0x0DF9      	RLF        R9, 1
;__Lib_Math.c,1521 :: 		
0x00F7	0x0DFA      	RLF        R10, 1
;__Lib_Math.c,1522 :: 		
0x00F8	0x0DFB      	RLF        R11, 1
;__Lib_Math.c,1523 :: 		
0x00F9	0x0DA0      	RLF        ___math_tempb, 1
;__Lib_Math.c,1524 :: 		
0x00FA	0x0874      	MOVF       R4, 0
;__Lib_Math.c,1525 :: 		
0x00FB	0x1C72      	BTFSS      R2, 0
;__Lib_Math.c,1526 :: 		
0x00FC	0x290F      	GOTO       UADD22L16
;__Lib_Math.c,1528 :: 		
0x00FD	0x02F8      	SUBWF      R8, 1
;__Lib_Math.c,1529 :: 		
0x00FE	0x0875      	MOVF       R5, 0
;__Lib_Math.c,1530 :: 		
0x00FF	0x1C03      	BTFSS      STATUS, 0
;__Lib_Math.c,1531 :: 		
0x0100	0x0F75      	INCFSZ     R5, 0
;__Lib_Math.c,1532 :: 		
0x0101	0x02F9      	SUBWF      R9, 1
;__Lib_Math.c,1533 :: 		
0x0102	0x0876      	MOVF       R6, 0
;__Lib_Math.c,1534 :: 		
0x0103	0x1C03      	BTFSS      STATUS, 0
;__Lib_Math.c,1535 :: 		
0x0104	0x0F76      	INCFSZ     R6, 0
;__Lib_Math.c,1536 :: 		
0x0105	0x02FA      	SUBWF      R10, 1
;__Lib_Math.c,1537 :: 		
0x0106	0x0877      	MOVF       R7, 0
;__Lib_Math.c,1538 :: 		
0x0107	0x1C03      	BTFSS      STATUS, 0
;__Lib_Math.c,1539 :: 		
0x0108	0x0F77      	INCFSZ     R7, 0
;__Lib_Math.c,1540 :: 		
0x0109	0x02FB      	SUBWF      R11, 1
;__Lib_Math.c,1541 :: 		
0x010A	0x0100      	CLRW       0, 0
;__Lib_Math.c,1542 :: 		
0x010B	0x1C03      	BTFSS      STATUS, 0
;__Lib_Math.c,1543 :: 		
0x010C	0x3001      	MOVLW      1
;__Lib_Math.c,1544 :: 		
0x010D	0x02A0      	SUBWF      ___math_tempb, 1
;__Lib_Math.c,1545 :: 		
0x010E	0x2920      	GOTO       UOK22L16
;__Lib_Math.c,1547 :: 		
UADD22L16:
;__Lib_Math.c,1548 :: 		
0x010F	0x07F8      	ADDWF      R8, 1
;__Lib_Math.c,1549 :: 		
0x0110	0x0875      	MOVF       R5, 0
;__Lib_Math.c,1550 :: 		
0x0111	0x1803      	BTFSC      STATUS, 0
;__Lib_Math.c,1551 :: 		
0x0112	0x0F75      	INCFSZ     R5, 0
;__Lib_Math.c,1552 :: 		
0x0113	0x07F9      	ADDWF      R9, 1
;__Lib_Math.c,1553 :: 		
0x0114	0x0876      	MOVF       R6, 0
;__Lib_Math.c,1554 :: 		
0x0115	0x1803      	BTFSC      STATUS, 0
;__Lib_Math.c,1555 :: 		
0x0116	0x0F76      	INCFSZ     R6, 0
;__Lib_Math.c,1556 :: 		
0x0117	0x07FA      	ADDWF      R10, 1
;__Lib_Math.c,1557 :: 		
0x0118	0x0877      	MOVF       R7, 0
;__Lib_Math.c,1558 :: 		
0x0119	0x1803      	BTFSC      STATUS, 0
;__Lib_Math.c,1559 :: 		
0x011A	0x0F77      	INCFSZ     R7, 0
;__Lib_Math.c,1560 :: 		
0x011B	0x07FB      	ADDWF      R11, 1
;__Lib_Math.c,1561 :: 		
0x011C	0x0100      	CLRW       0, 0
;__Lib_Math.c,1562 :: 		
0x011D	0x1803      	BTFSC      STATUS, 0
;__Lib_Math.c,1563 :: 		
0x011E	0x3001      	MOVLW      1
;__Lib_Math.c,1564 :: 		
0x011F	0x07A0      	ADDWF      ___math_tempb, 1
;__Lib_Math.c,1566 :: 		
UOK22L16:
;__Lib_Math.c,1567 :: 		
0x0120	0x0DF1      	RLF        R1, 1
;__Lib_Math.c,1569 :: 		
0x0121	0x3007      	MOVLW      7
;__Lib_Math.c,1570 :: 		
0x0122	0x00FC      	MOVWF      R12
;__Lib_Math.c,1572 :: 		
LOOPU3232C:
;__Lib_Math.c,1573 :: 		
0x0123	0x0D71      	RLF        R1, 0
;__Lib_Math.c,1574 :: 		
0x0124	0x0DF8      	RLF        R8, 1
;__Lib_Math.c,1575 :: 		
0x0125	0x0DF9      	RLF        R9, 1
;__Lib_Math.c,1576 :: 		
0x0126	0x0DFA      	RLF        R10, 1
;__Lib_Math.c,1577 :: 		
0x0127	0x0DFB      	RLF        R11, 1
;__Lib_Math.c,1578 :: 		
0x0128	0x0DA0      	RLF        ___math_tempb, 1
;__Lib_Math.c,1579 :: 		
0x0129	0x0874      	MOVF       R4, 0
;__Lib_Math.c,1580 :: 		
0x012A	0x1C71      	BTFSS      R1, 0
;__Lib_Math.c,1581 :: 		
0x012B	0x293E      	GOTO       UADD22LC
;__Lib_Math.c,1583 :: 		
0x012C	0x02F8      	SUBWF      R8, 1
;__Lib_Math.c,1584 :: 		
0x012D	0x0875      	MOVF       R5, 0
;__Lib_Math.c,1585 :: 		
0x012E	0x1C03      	BTFSS      STATUS, 0
;__Lib_Math.c,1586 :: 		
0x012F	0x0F75      	INCFSZ     R5, 0
;__Lib_Math.c,1587 :: 		
0x0130	0x02F9      	SUBWF      R9, 1
;__Lib_Math.c,1588 :: 		
0x0131	0x0876      	MOVF       R6, 0
;__Lib_Math.c,1589 :: 		
0x0132	0x1C03      	BTFSS      STATUS, 0
;__Lib_Math.c,1590 :: 		
0x0133	0x0F76      	INCFSZ     R6, 0
;__Lib_Math.c,1591 :: 		
0x0134	0x02FA      	SUBWF      R10, 1
;__Lib_Math.c,1592 :: 		
0x0135	0x0877      	MOVF       R7, 0
;__Lib_Math.c,1593 :: 		
0x0136	0x1C03      	BTFSS      STATUS, 0
;__Lib_Math.c,1594 :: 		
0x0137	0x0F77      	INCFSZ     R7, 0
;__Lib_Math.c,1595 :: 		
0x0138	0x02FB      	SUBWF      R11, 1
;__Lib_Math.c,1596 :: 		
0x0139	0x0100      	CLRW       0, 0
;__Lib_Math.c,1597 :: 		
0x013A	0x1C03      	BTFSS      STATUS, 0
;__Lib_Math.c,1598 :: 		
0x013B	0x3001      	MOVLW      1
;__Lib_Math.c,1599 :: 		
0x013C	0x02A0      	SUBWF      ___math_tempb, 1
;__Lib_Math.c,1600 :: 		
0x013D	0x294F      	GOTO       UOK22LC
;__Lib_Math.c,1602 :: 		
UADD22LC:
;__Lib_Math.c,1603 :: 		
0x013E	0x07F8      	ADDWF      R8, 1
;__Lib_Math.c,1604 :: 		
0x013F	0x0875      	MOVF       R5, 0
;__Lib_Math.c,1605 :: 		
0x0140	0x1803      	BTFSC      STATUS, 0
;__Lib_Math.c,1606 :: 		
0x0141	0x0F75      	INCFSZ     R5, 0
;__Lib_Math.c,1607 :: 		
0x0142	0x07F9      	ADDWF      R9, 1
;__Lib_Math.c,1608 :: 		
0x0143	0x0876      	MOVF       R6, 0
;__Lib_Math.c,1609 :: 		
0x0144	0x1803      	BTFSC      STATUS, 0
;__Lib_Math.c,1610 :: 		
0x0145	0x0F76      	INCFSZ     R6, 0
;__Lib_Math.c,1611 :: 		
0x0146	0x07FA      	ADDWF      R10, 1
;__Lib_Math.c,1612 :: 		
0x0147	0x0877      	MOVF       R7, 0
;__Lib_Math.c,1613 :: 		
0x0148	0x1803      	BTFSC      STATUS, 0
;__Lib_Math.c,1614 :: 		
0x0149	0x0F77      	INCFSZ     R7, 0
;__Lib_Math.c,1615 :: 		
0x014A	0x07FB      	ADDWF      R11, 1
;__Lib_Math.c,1616 :: 		
0x014B	0x0100      	CLRW       0, 0
;__Lib_Math.c,1617 :: 		
0x014C	0x1803      	BTFSC      STATUS, 0
;__Lib_Math.c,1618 :: 		
0x014D	0x3001      	MOVLW      1
;__Lib_Math.c,1619 :: 		
0x014E	0x07A0      	ADDWF      ___math_tempb, 1
;__Lib_Math.c,1621 :: 		
UOK22LC:
;__Lib_Math.c,1622 :: 		
0x014F	0x0DF1      	RLF        R1, 1
;__Lib_Math.c,1624 :: 		
0x0150	0x0BFC      	DECFSZ     R12, 1
;__Lib_Math.c,1625 :: 		
0x0151	0x2923      	GOTO       LOOPU3232C
;__Lib_Math.c,1627 :: 		
0x0152	0x0D70      	RLF        R0, 0
;__Lib_Math.c,1628 :: 		
0x0153	0x0DF8      	RLF        R8, 1
;__Lib_Math.c,1629 :: 		
0x0154	0x0DF9      	RLF        R9, 1
;__Lib_Math.c,1630 :: 		
0x0155	0x0DFA      	RLF        R10, 1
;__Lib_Math.c,1631 :: 		
0x0156	0x0DFB      	RLF        R11, 1
;__Lib_Math.c,1632 :: 		
0x0157	0x0DA0      	RLF        ___math_tempb, 1
;__Lib_Math.c,1633 :: 		
0x0158	0x0874      	MOVF       R4, 0
;__Lib_Math.c,1634 :: 		
0x0159	0x1C71      	BTFSS      R1, 0
;__Lib_Math.c,1635 :: 		
0x015A	0x296D      	GOTO       UADD22L24
;__Lib_Math.c,1637 :: 		
0x015B	0x02F8      	SUBWF      R8, 1
;__Lib_Math.c,1638 :: 		
0x015C	0x0875      	MOVF       R5, 0
;__Lib_Math.c,1639 :: 		
0x015D	0x1C03      	BTFSS      STATUS, 0
;__Lib_Math.c,1640 :: 		
0x015E	0x0F75      	INCFSZ     R5, 0
;__Lib_Math.c,1641 :: 		
0x015F	0x02F9      	SUBWF      R9, 1
;__Lib_Math.c,1642 :: 		
0x0160	0x0876      	MOVF       R6, 0
;__Lib_Math.c,1643 :: 		
0x0161	0x1C03      	BTFSS      STATUS, 0
;__Lib_Math.c,1644 :: 		
0x0162	0x0F76      	INCFSZ     R6, 0
;__Lib_Math.c,1645 :: 		
0x0163	0x02FA      	SUBWF      R10, 1
;__Lib_Math.c,1646 :: 		
0x0164	0x0877      	MOVF       R7, 0
;__Lib_Math.c,1647 :: 		
0x0165	0x1C03      	BTFSS      STATUS, 0
;__Lib_Math.c,1648 :: 		
0x0166	0x0F77      	INCFSZ     R7, 0
;__Lib_Math.c,1649 :: 		
0x0167	0x02FB      	SUBWF      R11, 1
;__Lib_Math.c,1650 :: 		
0x0168	0x0100      	CLRW       0, 0
;__Lib_Math.c,1651 :: 		
0x0169	0x1C03      	BTFSS      STATUS, 0
;__Lib_Math.c,1652 :: 		
0x016A	0x3001      	MOVLW      1
;__Lib_Math.c,1653 :: 		
0x016B	0x02A0      	SUBWF      ___math_tempb, 1
;__Lib_Math.c,1654 :: 		
0x016C	0x297E      	GOTO       UOK22L24
;__Lib_Math.c,1656 :: 		
UADD22L24:
;__Lib_Math.c,1657 :: 		
0x016D	0x07F8      	ADDWF      R8, 1
;__Lib_Math.c,1658 :: 		
0x016E	0x0875      	MOVF       R5, 0
;__Lib_Math.c,1659 :: 		
0x016F	0x1803      	BTFSC      STATUS, 0
;__Lib_Math.c,1660 :: 		
0x0170	0x0F75      	INCFSZ     R5, 0
;__Lib_Math.c,1661 :: 		
0x0171	0x07F9      	ADDWF      R9, 1
;__Lib_Math.c,1662 :: 		
0x0172	0x0876      	MOVF       R6, 0
;__Lib_Math.c,1663 :: 		
0x0173	0x1803      	BTFSC      STATUS, 0
;__Lib_Math.c,1664 :: 		
0x0174	0x0F76      	INCFSZ     R6, 0
;__Lib_Math.c,1665 :: 		
0x0175	0x07FA      	ADDWF      R10, 1
;__Lib_Math.c,1666 :: 		
0x0176	0x0877      	MOVF       R7, 0
;__Lib_Math.c,1667 :: 		
0x0177	0x1803      	BTFSC      STATUS, 0
;__Lib_Math.c,1668 :: 		
0x0178	0x0F77      	INCFSZ     R7, 0
;__Lib_Math.c,1669 :: 		
0x0179	0x07FB      	ADDWF      R11, 1
;__Lib_Math.c,1670 :: 		
0x017A	0x0100      	CLRW       0, 0
;__Lib_Math.c,1671 :: 		
0x017B	0x1803      	BTFSC      STATUS, 0
;__Lib_Math.c,1672 :: 		
0x017C	0x3001      	MOVLW      1
;__Lib_Math.c,1673 :: 		
0x017D	0x07A0      	ADDWF      ___math_tempb, 1
;__Lib_Math.c,1675 :: 		
UOK22L24:
;__Lib_Math.c,1676 :: 		
0x017E	0x0DF0      	RLF        R0, 1
;__Lib_Math.c,1678 :: 		
0x017F	0x3007      	MOVLW      7
;__Lib_Math.c,1679 :: 		
0x0180	0x00FC      	MOVWF      R12
;__Lib_Math.c,1681 :: 		
LOOPU3232D:
;__Lib_Math.c,1682 :: 		
0x0181	0x0D70      	RLF        R0, 0
;__Lib_Math.c,1683 :: 		
0x0182	0x0DF8      	RLF        R8, 1
;__Lib_Math.c,1684 :: 		
0x0183	0x0DF9      	RLF        R9, 1
;__Lib_Math.c,1685 :: 		
0x0184	0x0DFA      	RLF        R10, 1
;__Lib_Math.c,1686 :: 		
0x0185	0x0DFB      	RLF        R11, 1
;__Lib_Math.c,1687 :: 		
0x0186	0x0DA0      	RLF        ___math_tempb, 1
;__Lib_Math.c,1688 :: 		
0x0187	0x0874      	MOVF       R4, 0
;__Lib_Math.c,1689 :: 		
0x0188	0x1C70      	BTFSS      R0, 0
;__Lib_Math.c,1690 :: 		
0x0189	0x299C      	GOTO       UADD22LD
;__Lib_Math.c,1692 :: 		
0x018A	0x02F8      	SUBWF      R8, 1
;__Lib_Math.c,1693 :: 		
0x018B	0x0875      	MOVF       R5, 0
;__Lib_Math.c,1694 :: 		
0x018C	0x1C03      	BTFSS      STATUS, 0
;__Lib_Math.c,1695 :: 		
0x018D	0x0F75      	INCFSZ     R5, 0
;__Lib_Math.c,1696 :: 		
0x018E	0x02F9      	SUBWF      R9, 1
;__Lib_Math.c,1697 :: 		
0x018F	0x0876      	MOVF       R6, 0
;__Lib_Math.c,1698 :: 		
0x0190	0x1C03      	BTFSS      STATUS, 0
;__Lib_Math.c,1699 :: 		
0x0191	0x0F76      	INCFSZ     R6, 0
;__Lib_Math.c,1700 :: 		
0x0192	0x02FA      	SUBWF      R10, 1
;__Lib_Math.c,1701 :: 		
0x0193	0x0877      	MOVF       R7, 0
;__Lib_Math.c,1702 :: 		
0x0194	0x1C03      	BTFSS      STATUS, 0
;__Lib_Math.c,1703 :: 		
0x0195	0x0F77      	INCFSZ     R7, 0
;__Lib_Math.c,1704 :: 		
0x0196	0x02FB      	SUBWF      R11, 1
;__Lib_Math.c,1705 :: 		
0x0197	0x0100      	CLRW       0, 0
;__Lib_Math.c,1706 :: 		
0x0198	0x1C03      	BTFSS      STATUS, 0
;__Lib_Math.c,1707 :: 		
0x0199	0x3001      	MOVLW      1
;__Lib_Math.c,1708 :: 		
0x019A	0x02A0      	SUBWF      ___math_tempb, 1
;__Lib_Math.c,1709 :: 		
0x019B	0x29AD      	GOTO       UOK22LD
;__Lib_Math.c,1711 :: 		
UADD22LD:
;__Lib_Math.c,1712 :: 		
0x019C	0x07F8      	ADDWF      R8, 1
;__Lib_Math.c,1713 :: 		
0x019D	0x0875      	MOVF       R5, 0
;__Lib_Math.c,1714 :: 		
0x019E	0x1803      	BTFSC      STATUS, 0
;__Lib_Math.c,1715 :: 		
0x019F	0x0F75      	INCFSZ     R5, 0
;__Lib_Math.c,1716 :: 		
0x01A0	0x07F9      	ADDWF      R9, 1
;__Lib_Math.c,1717 :: 		
0x01A1	0x0876      	MOVF       R6, 0
;__Lib_Math.c,1718 :: 		
0x01A2	0x1803      	BTFSC      STATUS, 0
;__Lib_Math.c,1719 :: 		
0x01A3	0x0F76      	INCFSZ     R6, 0
;__Lib_Math.c,1720 :: 		
0x01A4	0x07FA      	ADDWF      R10, 1
;__Lib_Math.c,1721 :: 		
0x01A5	0x0877      	MOVF       R7, 0
;__Lib_Math.c,1722 :: 		
0x01A6	0x1803      	BTFSC      STATUS, 0
;__Lib_Math.c,1723 :: 		
0x01A7	0x0F77      	INCFSZ     R7, 0
;__Lib_Math.c,1724 :: 		
0x01A8	0x07FB      	ADDWF      R11, 1
;__Lib_Math.c,1725 :: 		
0x01A9	0x0100      	CLRW       0, 0
;__Lib_Math.c,1726 :: 		
0x01AA	0x1803      	BTFSC      STATUS, 0
;__Lib_Math.c,1727 :: 		
0x01AB	0x3001      	MOVLW      1
;__Lib_Math.c,1728 :: 		
0x01AC	0x07A0      	ADDWF      ___math_tempb, 1
;__Lib_Math.c,1730 :: 		
UOK22LD:
;__Lib_Math.c,1731 :: 		
0x01AD	0x0DF0      	RLF        R0, 1
;__Lib_Math.c,1733 :: 		
0x01AE	0x0BFC      	DECFSZ     R12, 1
;__Lib_Math.c,1734 :: 		
0x01AF	0x2981      	GOTO       LOOPU3232D
;__Lib_Math.c,1736 :: 		
0x01B0	0x1870      	BTFSC      R0, 0
;__Lib_Math.c,1737 :: 		
0x01B1	0x29C0      	GOTO       UOK22L
;__Lib_Math.c,1738 :: 		
0x01B2	0x0874      	MOVF       R4, 0
;__Lib_Math.c,1739 :: 		
0x01B3	0x07F8      	ADDWF      R8, 1
;__Lib_Math.c,1740 :: 		
0x01B4	0x0875      	MOVF       R5, 0
;__Lib_Math.c,1741 :: 		
0x01B5	0x1803      	BTFSC      STATUS, 0
;__Lib_Math.c,1742 :: 		
0x01B6	0x0F75      	INCFSZ     R5, 0
;__Lib_Math.c,1743 :: 		
0x01B7	0x07F9      	ADDWF      R9, 1
;__Lib_Math.c,1744 :: 		
0x01B8	0x0876      	MOVF       R6, 0
;__Lib_Math.c,1745 :: 		
0x01B9	0x1803      	BTFSC      STATUS, 0
;__Lib_Math.c,1746 :: 		
0x01BA	0x0F76      	INCFSZ     R6, 0
;__Lib_Math.c,1747 :: 		
0x01BB	0x07FA      	ADDWF      R10, 1
;__Lib_Math.c,1748 :: 		
0x01BC	0x0877      	MOVF       R7, 0
;__Lib_Math.c,1749 :: 		
0x01BD	0x1803      	BTFSC      STATUS, 0
;__Lib_Math.c,1750 :: 		
0x01BE	0x0F77      	INCFSZ     R7, 0
;__Lib_Math.c,1751 :: 		
0x01BF	0x07FB      	ADDWF      R11, 1
;__Lib_Math.c,1753 :: 		
UOK22L:
;__Lib_Math.c,1756 :: 		
L_end_Div_32x32_U:
0x01C0	0x0008      	RETURN
; end of _Div_32x32_U
_port_init:
;Tractor.c,66 :: 		void port_init()
;Tractor.c,68 :: 		ANSELA=0x04;
0x01C1	0x3004      	MOVLW      4
0x01C2	0x0023      	MOVLB      3
0x01C3	0x008C      	MOVWF      ANSELA
;Tractor.c,69 :: 		ANSELC=0x00;
0x01C4	0x018E      	CLRF       ANSELC
;Tractor.c,70 :: 		TRISA=0x3F;
0x01C5	0x303F      	MOVLW      63
0x01C6	0x0021      	MOVLB      1
0x01C7	0x008C      	MOVWF      TRISA
;Tractor.c,71 :: 		TRISC=0x0F;
0x01C8	0x300F      	MOVLW      15
0x01C9	0x008E      	MOVWF      TRISC
;Tractor.c,72 :: 		WPUA = 0x00;
0x01CA	0x0024      	MOVLB      4
0x01CB	0x018C      	CLRF       WPUA
;Tractor.c,73 :: 		BUZZER = 0;
0x01CC	0x0020      	MOVLB      0
0x01CD	0x128E      	BCF        PORTC, 5
;Tractor.c,74 :: 		LED = 1;
0x01CE	0x160E      	BSF        PORTC, 4
;Tractor.c,75 :: 		}
L_end_port_init:
0x01CF	0x0008      	RETURN
; end of _port_init
_TMR0_Initialize:
;tmr0.c,11 :: 		void TMR0_Initialize(void)
;tmr0.c,14 :: 		OPTION_REG = (uint8)((OPTION_REG & 0xC0) | 0xD7 & 0x3F);
0x01D0	0x30C0      	MOVLW      192
0x01D1	0x0021      	MOVLB      1
0x01D2	0x0515      	ANDWF      OPTION_REG, 0
0x01D3	0x00F0      	MOVWF      R0
0x01D4	0x3017      	MOVLW      23
0x01D5	0x0470      	IORWF       R0, 0
0x01D6	0x0095      	MOVWF      OPTION_REG
;tmr0.c,15 :: 		TMR0 = 0xF8;              /* TMR0 248;*/
0x01D7	0x30F8      	MOVLW      248
0x01D8	0x0020      	MOVLB      0
0x01D9	0x0095      	MOVWF      TMR0
;tmr0.c,16 :: 		timer0ReloadVal= 248;     /* Load the TMR value to reload variable */
0x01DA	0x30F8      	MOVLW      248
0x01DB	0x00B0      	MOVWF      _timer0ReloadVal
;tmr0.c,17 :: 		TMR0IF_bit = 0;           /*Clear Interrupt flag before enabling the interrupt*/
0x01DC	0x110B      	BCF        TMR0IF_bit, BitPos(TMR0IF_bit+0)
;tmr0.c,18 :: 		TMR0IE_bit = 1;           /* Enabling TMR0 interrupt */
0x01DD	0x168B      	BSF        TMR0IE_bit, BitPos(TMR0IE_bit+0)
;tmr0.c,19 :: 		}
L_end_TMR0_Initialize:
0x01DE	0x0008      	RETURN
; end of _TMR0_Initialize
_check_adc:
;adc.c,32 :: 		void check_adc()
;adc.c,35 :: 		uint32 res = 0;
0x01DF	0x0020      	MOVLB      0
0x01E0	0x01B2      	CLRF       check_adc_res_L0
0x01E1	0x01B3      	CLRF       check_adc_res_L0+1
0x01E2	0x01B4      	CLRF       check_adc_res_L0+2
0x01E3	0x01B5      	CLRF       check_adc_res_L0+3
;adc.c,36 :: 		if(wt_flag == 1)                   /*wait time flag*/
0x01E4	0x0828      	MOVF       _wt_flag, 0
0x01E5	0x3A01      	XORLW      1
0x01E6	0x1D03      	BTFSS      STATUS, 2
0x01E7	0x2A2A      	GOTO       L_check_adc3
;adc.c,38 :: 		res = 0;
0x01E8	0x01B2      	CLRF       check_adc_res_L0
0x01E9	0x01B3      	CLRF       check_adc_res_L0+1
0x01EA	0x01B4      	CLRF       check_adc_res_L0+2
0x01EB	0x01B5      	CLRF       check_adc_res_L0+3
;adc.c,39 :: 		for(i=0;i<50;i++)
0x01EC	0x01B1      	CLRF       check_adc_i_L0
L_check_adc4:
0x01ED	0x3032      	MOVLW      50
0x01EE	0x0231      	SUBWF      check_adc_i_L0, 0
0x01EF	0x1803      	BTFSC      STATUS, 0
0x01F0	0x29FD      	GOTO       L_check_adc5
;adc.c,41 :: 		res+=ADC_GetConversion();     /*Take 50 sample from adc conversion*/
0x01F1	0x201D      	CALL       _ADC_GetConversion
0x01F2	0x0870      	MOVF       R0, 0
0x01F3	0x0020      	MOVLB      0
0x01F4	0x07B2      	ADDWF      check_adc_res_L0, 1
0x01F5	0x0871      	MOVF       R1, 0
0x01F6	0x3DB3      	ADDWFC     check_adc_res_L0+1, 1
0x01F7	0x0872      	MOVF       R2, 0
0x01F8	0x3DB4      	ADDWFC     check_adc_res_L0+2, 1
0x01F9	0x0873      	MOVF       R3, 0
0x01FA	0x3DB5      	ADDWFC     check_adc_res_L0+3, 1
;adc.c,39 :: 		for(i=0;i<50;i++)
0x01FB	0x0AB1      	INCF       check_adc_i_L0, 1
;adc.c,42 :: 		}
0x01FC	0x29ED      	GOTO       L_check_adc4
L_check_adc5:
;adc.c,43 :: 		res/=50;                        /*Take average of ADC conversion*/
0x01FD	0x3032      	MOVLW      50
0x01FE	0x00F4      	MOVWF      R4
0x01FF	0x01F5      	CLRF       R5
0x0200	0x01F6      	CLRF       R6
0x0201	0x01F7      	CLRF       R7
0x0202	0x0832      	MOVF       check_adc_res_L0, 0
0x0203	0x00F0      	MOVWF      R0
0x0204	0x0833      	MOVF       check_adc_res_L0+1, 0
0x0205	0x00F1      	MOVWF      R1
0x0206	0x0834      	MOVF       check_adc_res_L0+2, 0
0x0207	0x00F2      	MOVWF      R2
0x0208	0x0835      	MOVF       check_adc_res_L0+3, 0
0x0209	0x00F3      	MOVWF      R3
0x020A	0x204A      	CALL       _Div_32x32_U
0x020B	0x0870      	MOVF       R0, 0
0x020C	0x00B2      	MOVWF      check_adc_res_L0
0x020D	0x0871      	MOVF       R1, 0
0x020E	0x00B3      	MOVWF      check_adc_res_L0+1
0x020F	0x0872      	MOVF       R2, 0
0x0210	0x00B4      	MOVWF      check_adc_res_L0+2
0x0211	0x0873      	MOVF       R3, 0
0x0212	0x00B5      	MOVWF      check_adc_res_L0+3
;adc.c,44 :: 		if(res > THRESHOLD_VAL)
0x0213	0x0873      	MOVF       R3, 0
0x0214	0x3C00      	SUBLW      0
0x0215	0x1D03      	BTFSS      STATUS, 2
0x0216	0x2A21      	GOTO       L__check_adc14
0x0217	0x0872      	MOVF       R2, 0
0x0218	0x3C00      	SUBLW      0
0x0219	0x1D03      	BTFSS      STATUS, 2
0x021A	0x2A21      	GOTO       L__check_adc14
0x021B	0x0871      	MOVF       R1, 0
0x021C	0x3C02      	SUBLW      2
0x021D	0x1D03      	BTFSS      STATUS, 2
0x021E	0x2A21      	GOTO       L__check_adc14
0x021F	0x0870      	MOVF       R0, 0
0x0220	0x3C7A      	SUBLW      122
L__check_adc14:
0x0221	0x1803      	BTFSC      STATUS, 0
0x0222	0x2A27      	GOTO       L_check_adc7
;adc.c,46 :: 		LED = 0;
0x0223	0x120E      	BCF        PORTC, 4
;adc.c,47 :: 		guc_buzz_state = 1;
0x0224	0x3001      	MOVLW      1
0x0225	0x00A9      	MOVWF      _guc_buzz_state
;adc.c,48 :: 		}
0x0226	0x2A29      	GOTO       L_check_adc8
L_check_adc7:
;adc.c,51 :: 		LED = 1;
0x0227	0x160E      	BSF        PORTC, 4
;adc.c,52 :: 		guc_buzz_state = 0;
0x0228	0x01A9      	CLRF       _guc_buzz_state
;adc.c,53 :: 		}
L_check_adc8:
;adc.c,54 :: 		}
0x0229	0x2A2F      	GOTO       L_check_adc9
L_check_adc3:
;adc.c,57 :: 		ADON_bit = 0;                   /*Turn off the ADC module*/
0x022A	0x0021      	MOVLB      1
0x022B	0x101D      	BCF        ADON_bit, BitPos(ADON_bit+0)
;adc.c,58 :: 		LED = 1;
0x022C	0x0020      	MOVLB      0
0x022D	0x160E      	BSF        PORTC, 4
;adc.c,59 :: 		guc_buzz_state = 0;
0x022E	0x01A9      	CLRF       _guc_buzz_state
;adc.c,60 :: 		}
L_check_adc9:
;adc.c,61 :: 		}
L_end_check_adc:
0x022F	0x0008      	RETURN
; end of _check_adc
_chk_wait_time:
;tmr0.c,96 :: 		void chk_wait_time(uint16 t_mins)
;tmr0.c,98 :: 		if(OVERIDE == 0)
0x0230	0x0020      	MOVLB      0
0x0231	0x198E      	BTFSC      PORTC, 3
0x0232	0x2A3A      	GOTO       L_chk_wait_time8
;tmr0.c,100 :: 		while(OVERIDE == 0);
L_chk_wait_time9:
0x0233	0x198E      	BTFSC      PORTC, 3
0x0234	0x2A36      	GOTO       L_chk_wait_time10
0x0235	0x2A33      	GOTO       L_chk_wait_time9
L_chk_wait_time10:
;tmr0.c,101 :: 		guc_wait_time = 0;
0x0236	0x01AB      	CLRF       _guc_wait_time
0x0237	0x01AC      	CLRF       _guc_wait_time+1
;tmr0.c,102 :: 		wt_flag = 0;             /*wait time flag*/
0x0238	0x01A8      	CLRF       _wt_flag
;tmr0.c,103 :: 		st_flag = 0;             /*start of system flag*/
0x0239	0x01AA      	CLRF       _st_flag
;tmr0.c,104 :: 		}
L_chk_wait_time8:
;tmr0.c,105 :: 		if(st_flag == 0 && t_mins>guc_wait_time) wt_flag = 0;
0x023A	0x082A      	MOVF       _st_flag, 0
0x023B	0x3A00      	XORLW      0
0x023C	0x1D03      	BTFSS      STATUS, 2
0x023D	0x2A48      	GOTO       L_chk_wait_time13
0x023E	0x0832      	MOVF       FARG_chk_wait_time_t_mins+1, 0
0x023F	0x022C      	SUBWF      _guc_wait_time+1, 0
0x0240	0x1D03      	BTFSS      STATUS, 2
0x0241	0x2A44      	GOTO       L__chk_wait_time24
0x0242	0x0831      	MOVF       FARG_chk_wait_time_t_mins, 0
0x0243	0x022B      	SUBWF      _guc_wait_time, 0
L__chk_wait_time24:
0x0244	0x1803      	BTFSC      STATUS, 0
0x0245	0x2A48      	GOTO       L_chk_wait_time13
L__chk_wait_time15:
0x0246	0x01A8      	CLRF       _wt_flag
0x0247	0x2A4A      	GOTO       L_chk_wait_time14
L_chk_wait_time13:
;tmr0.c,106 :: 		else wt_flag = 1;
0x0248	0x3001      	MOVLW      1
0x0249	0x00A8      	MOVWF      _wt_flag
L_chk_wait_time14:
;tmr0.c,107 :: 		}
L_end_chk_wait_time:
0x024A	0x0008      	RETURN
; end of _chk_wait_time
___CC2DW:
;__Lib_System.c,71 :: 		
;__Lib_System.c,73 :: 		
_CC2DL_Loop1:
;__Lib_System.c,74 :: 		
0x024B	0x0012      	MOVIW      FSR0++ 
;__Lib_System.c,75 :: 		
0x024C	0x001E      	MOVWI      FSR1++ 
;__Lib_System.c,76 :: 		
0x024D	0x03F0      	DECF       R0, 1
;__Lib_System.c,77 :: 		
0x024E	0x1D03      	BTFSS      STATUS, 2
;__Lib_System.c,78 :: 		
0x024F	0x2A4B      	GOTO       _CC2DL_Loop1
;__Lib_System.c,79 :: 		
0x0250	0x03F1      	DECF       R1, 1
;__Lib_System.c,80 :: 		
0x0251	0x1D03      	BTFSS      STATUS, 2
;__Lib_System.c,81 :: 		
0x0252	0x2A4B      	GOTO       _CC2DL_Loop1
;__Lib_System.c,83 :: 		
L_end___CC2DW:
0x0253	0x0008      	RETURN
; end of ___CC2DW
_TMR0_ISR:
;tmr0.c,26 :: 		void TMR0_ISR(void)
;tmr0.c,28 :: 		TMR0_Reload();
0x0254	0x2019      	CALL       _TMR0_Reload
;tmr0.c,29 :: 		TMR0IF_bit = 0;             /*Clear the TMR0 interrupt flag8*/
0x0255	0x110B      	BCF        TMR0IF_bit, BitPos(TMR0IF_bit+0)
;tmr0.c,30 :: 		asm CLRWDT ;
0x0256	0x0064      	CLRWDT
;tmr0.c,31 :: 		if(one_sec>1024)           /*Timer for 1 sec*/
0x0257	0x082E      	MOVF       _one_sec+1, 0
0x0258	0x3C04      	SUBLW      4
0x0259	0x1D03      	BTFSS      STATUS, 2
0x025A	0x2A5D      	GOTO       L__TMR0_ISR19
0x025B	0x082D      	MOVF       _one_sec, 0
0x025C	0x3C00      	SUBLW      0
L__TMR0_ISR19:
0x025D	0x1803      	BTFSC      STATUS, 0
0x025E	0x2A65      	GOTO       L_TMR0_ISR0
;tmr0.c,33 :: 		one_sec=0;
0x025F	0x01AD      	CLRF       _one_sec
0x0260	0x01AE      	CLRF       _one_sec+1
;tmr0.c,34 :: 		guc_sec++;
0x0261	0x0A25      	INCF       _guc_sec, 0
0x0262	0x00F0      	MOVWF      R0
0x0263	0x0870      	MOVF       R0, 0
0x0264	0x00A5      	MOVWF      _guc_sec
;tmr0.c,35 :: 		}
L_TMR0_ISR0:
;tmr0.c,36 :: 		if(guc_sec>60)
0x0265	0x0825      	MOVF       _guc_sec, 0
0x0266	0x3C3C      	SUBLW      60
0x0267	0x1803      	BTFSC      STATUS, 0
0x0268	0x2A7E      	GOTO       L_TMR0_ISR1
;tmr0.c,38 :: 		guc_sec = 0;
0x0269	0x01A5      	CLRF       _guc_sec
;tmr0.c,39 :: 		guc_min++;
0x026A	0x3001      	MOVLW      1
0x026B	0x0723      	ADDWF      _guc_min, 0
0x026C	0x00F0      	MOVWF      R0
0x026D	0x3000      	MOVLW      0
0x026E	0x3D24      	ADDWFC     _guc_min+1, 0
0x026F	0x00F1      	MOVWF      R1
0x0270	0x0870      	MOVF       R0, 0
0x0271	0x00A3      	MOVWF      _guc_min
0x0272	0x0871      	MOVF       R1, 0
0x0273	0x00A4      	MOVWF      _guc_min+1
;tmr0.c,40 :: 		guc_wait_time++;
0x0274	0x3001      	MOVLW      1
0x0275	0x072B      	ADDWF      _guc_wait_time, 0
0x0276	0x00F0      	MOVWF      R0
0x0277	0x3000      	MOVLW      0
0x0278	0x3D2C      	ADDWFC     _guc_wait_time+1, 0
0x0279	0x00F1      	MOVWF      R1
0x027A	0x0870      	MOVF       R0, 0
0x027B	0x00AB      	MOVWF      _guc_wait_time
0x027C	0x0871      	MOVF       R1, 0
0x027D	0x00AC      	MOVWF      _guc_wait_time+1
;tmr0.c,41 :: 		}
L_TMR0_ISR1:
;tmr0.c,42 :: 		if(guc_min>60)
0x027E	0x0824      	MOVF       _guc_min+1, 0
0x027F	0x3C00      	SUBLW      0
0x0280	0x1D03      	BTFSS      STATUS, 2
0x0281	0x2A84      	GOTO       L__TMR0_ISR20
0x0282	0x0823      	MOVF       _guc_min, 0
0x0283	0x3C3C      	SUBLW      60
L__TMR0_ISR20:
0x0284	0x1803      	BTFSC      STATUS, 0
0x0285	0x2A86      	GOTO       L_TMR0_ISR2
;tmr0.c,44 :: 		}
L_TMR0_ISR2:
;tmr0.c,46 :: 		if(half_sec>512) /*Timer count for 0.5 sec*/
0x0286	0x0827      	MOVF       _half_sec+1, 0
0x0287	0x3C02      	SUBLW      2
0x0288	0x1D03      	BTFSS      STATUS, 2
0x0289	0x2A8C      	GOTO       L__TMR0_ISR21
0x028A	0x0826      	MOVF       _half_sec, 0
0x028B	0x3C00      	SUBLW      0
L__TMR0_ISR21:
0x028C	0x1803      	BTFSC      STATUS, 0
0x028D	0x2A99      	GOTO       L_TMR0_ISR3
;tmr0.c,48 :: 		half_sec=0;
0x028E	0x01A6      	CLRF       _half_sec
0x028F	0x01A7      	CLRF       _half_sec+1
;tmr0.c,49 :: 		if(guc_buzz_state==1)
0x0290	0x0829      	MOVF       _guc_buzz_state, 0
0x0291	0x3A01      	XORLW      1
0x0292	0x1D03      	BTFSS      STATUS, 2
0x0293	0x2A98      	GOTO       L_TMR0_ISR4
;tmr0.c,51 :: 		guc_togg_half ^= 1;
0x0294	0x3001      	MOVLW      1
0x0295	0x06AF      	XORWF      _guc_togg_half, 1
;tmr0.c,52 :: 		TMR0_CallBack_Half_Sec();
0x0296	0x203E      	CALL       _TMR0_CallBack_Half_Sec
;tmr0.c,53 :: 		}
0x0297	0x2A99      	GOTO       L_TMR0_ISR5
L_TMR0_ISR4:
;tmr0.c,64 :: 		BUZZER = 0;
0x0298	0x128E      	BCF        PORTC, 5
;tmr0.c,66 :: 		}
L_TMR0_ISR5:
;tmr0.c,67 :: 		}
L_TMR0_ISR3:
;tmr0.c,68 :: 		one_sec++;half_sec++;
0x0299	0x3001      	MOVLW      1
0x029A	0x072D      	ADDWF      _one_sec, 0
0x029B	0x00F0      	MOVWF      R0
0x029C	0x3000      	MOVLW      0
0x029D	0x3D2E      	ADDWFC     _one_sec+1, 0
0x029E	0x00F1      	MOVWF      R1
0x029F	0x0870      	MOVF       R0, 0
0x02A0	0x00AD      	MOVWF      _one_sec
0x02A1	0x0871      	MOVF       R1, 0
0x02A2	0x00AE      	MOVWF      _one_sec+1
0x02A3	0x3001      	MOVLW      1
0x02A4	0x0726      	ADDWF      _half_sec, 0
0x02A5	0x00F0      	MOVWF      R0
0x02A6	0x3000      	MOVLW      0
0x02A7	0x3D27      	ADDWFC     _half_sec+1, 0
0x02A8	0x00F1      	MOVWF      R1
0x02A9	0x0870      	MOVF       R0, 0
0x02AA	0x00A6      	MOVWF      _half_sec
0x02AB	0x0871      	MOVF       R1, 0
0x02AC	0x00A7      	MOVWF      _half_sec+1
;tmr0.c,69 :: 		}
L_end_TMR0_ISR:
0x02AD	0x0008      	RETURN
; end of _TMR0_ISR
_ADC_ISR:
;adc.c,27 :: 		void ADC_ISR(void)
;adc.c,29 :: 		ADIF_bit = 0;                     /*Clear the ADC interrupt flag*/
0x02AE	0x0020      	MOVLB      0
0x02AF	0x1311      	BCF        ADIF_bit, BitPos(ADIF_bit+0)
;adc.c,30 :: 		}
L_end_ADC_ISR:
0x02B0	0x0008      	RETURN
; end of _ADC_ISR
_sys_init:
;Tractor.c,77 :: 		void sys_init()
;Tractor.c,79 :: 		OSCCON = 0x72;              /* SCS INTOSC; SPLLEN disabled; IRCF 8MHz_HF; */
0x02B1	0x3072      	MOVLW      114
0x02B2	0x0021      	MOVLB      1
0x02B3	0x0099      	MOVWF      OSCCON
;Tractor.c,80 :: 		port_init();
0x02B4	0x21C1      	CALL       _port_init
;Tractor.c,83 :: 		WDTCON = 0x17;             /*WDTPS 1:65536; SWDTEN ON; */
0x02B5	0x3017      	MOVLW      23
0x02B6	0x0021      	MOVLB      1
0x02B7	0x0097      	MOVWF      WDTCON
;Tractor.c,84 :: 		ADC_Initialize();
0x02B8	0x2034      	CALL       _ADC_Initialize
;Tractor.c,85 :: 		TMR0_Initialize();
0x02B9	0x21D0      	CALL       _TMR0_Initialize
;Tractor.c,90 :: 		GIE_bit = 1;               /* Enable INTs  */
0x02BA	0x178B      	BSF        GIE_bit, BitPos(GIE_bit+0)
;Tractor.c,91 :: 		}
L_end_sys_init:
0x02BB	0x0008      	RETURN
; end of _sys_init
_main:
0x02BC	0x22D8      	CALL       728
;Tractor.c,93 :: 		void main()
;Tractor.c,95 :: 		sys_init();
0x02BD	0x22B1      	CALL       _sys_init
;Tractor.c,96 :: 		check_adc();
0x02BE	0x21DF      	CALL       _check_adc
;Tractor.c,97 :: 		while(1)
L_main12:
;Tractor.c,99 :: 		check_adc();                   /*Check the condition*/
0x02BF	0x21DF      	CALL       _check_adc
;Tractor.c,100 :: 		chk_wait_time(1);
0x02C0	0x3001      	MOVLW      1
0x02C1	0x00B1      	MOVWF      FARG_chk_wait_time_t_mins
0x02C2	0x3000      	MOVLW      0
0x02C3	0x00B2      	MOVWF      FARG_chk_wait_time_t_mins+1
0x02C4	0x2230      	CALL       _chk_wait_time
;Tractor.c,101 :: 		}
0x02C5	0x2ABF      	GOTO       L_main12
;Tractor.c,102 :: 		}
L_end_main:
0x02C6	0x2AC6      	GOTO       $+0
; end of _main
0x02D8	0x30CA      	MOVLW      202
0x02D9	0x0084      	MOVWF      FSR0
0x02DA	0x3082      	MOVLW      130
0x02DB	0x0085      	MOVWF      FSR0H
0x02DC	0x300D      	MOVLW      13
0x02DD	0x00F0      	MOVWF      R0
0x02DE	0x3001      	MOVLW      1
0x02DF	0x00F1      	MOVWF      R1
0x02E0	0x3023      	MOVLW      35
0x02E1	0x0086      	MOVWF      FSR1
0x02E2	0x3000      	MOVLW      0
0x02E3	0x0087      	MOVWF      FSR1H
0x02E4	0x224B      	CALL       587
0x02E5	0x0008      	RETURN
;tmr0.c,0 :: ?ICS_guc_min
0x02CA	0x3400 ;?ICS_guc_min+0
0x02CB	0x3400 ;?ICS_guc_min+1
; end of ?ICS_guc_min
;tmr0.c,0 :: ?ICS_guc_sec
0x02CC	0x3400 ;?ICS_guc_sec+0
; end of ?ICS_guc_sec
;tmr0.c,0 :: ?ICS_half_sec
0x02CD	0x3400 ;?ICS_half_sec+0
0x02CE	0x3400 ;?ICS_half_sec+1
; end of ?ICS_half_sec
;tmr0.c,0 :: ?ICS_wt_flag
0x02CF	0x3401 ;?ICS_wt_flag+0
; end of ?ICS_wt_flag
;tmr0.c,0 :: ?ICS_guc_buzz_state
0x02D0	0x3400 ;?ICS_guc_buzz_state+0
; end of ?ICS_guc_buzz_state
;tmr0.c,0 :: ?ICS_st_flag
0x02D1	0x3401 ;?ICS_st_flag+0
; end of ?ICS_st_flag
;tmr0.c,0 :: ?ICS_guc_wait_time
0x02D2	0x3400 ;?ICS_guc_wait_time+0
0x02D3	0x3400 ;?ICS_guc_wait_time+1
; end of ?ICS_guc_wait_time
;tmr0.c,0 :: ?ICS_one_sec
0x02D4	0x3400 ;?ICS_one_sec+0
0x02D5	0x3400 ;?ICS_one_sec+1
; end of ?ICS_one_sec
;tmr0.c,0 :: ?ICS_guc_togg_half
0x02D6	0x3401 ;?ICS_guc_togg_half+0
; end of ?ICS_guc_togg_half
Symbol List:
//** Routines locations **
//ADDRESS    SIZE    PROCEDURE
//----------------------------------------------
0x0004      [21]    _interrupt
0x0019       [4]    _TMR0_Reload
0x001D      [23]    _ADC_GetConversion
0x0034      [10]    _ADC_Initialize
0x003E      [12]    _TMR0_CallBack_Half_Sec
0x004A     [375]    _Div_32x32_U
0x01C1      [15]    _port_init
0x01D0      [15]    _TMR0_Initialize
0x01DF      [81]    _check_adc
0x0230      [27]    _chk_wait_time
0x024B       [9]    ___CC2DW
0x0254      [90]    _TMR0_ISR
0x02AE       [3]    _ADC_ISR
0x02B1      [11]    _sys_init
0x02BC      [10]    _main
//** Variables locations ** 
//ADDRESS    SIZE    VARIABLE
//----------------------------------------------
0x0000       [1]    INDF0
0x0001       [1]    INDF1
0x0003       [1]    STATUS
0x0004       [1]    FSR0L
0x0005       [1]    FSR0H
0x0006       [1]    FSR1L
0x0007       [1]    FSR1H
0x000A       [1]    PCLATH
0x000B       [0]    TMR0IE_bit
0x000B       [0]    GIE_bit
0x000B       [0]    TMR0IF_bit
0x000E       [1]    PORTC
0x0011       [0]    ADIF_bit
0x0015       [1]    TMR0
0x0020       [1]    ___math_tempb
0x0023       [2]    _guc_min
0x0025       [1]    _guc_sec
0x0026       [2]    _half_sec
0x0028       [1]    _wt_flag
0x0029       [1]    _guc_buzz_state
0x002A       [1]    _st_flag
0x002B       [2]    _guc_wait_time
0x002D       [2]    _one_sec
0x002F       [1]    _guc_togg_half
0x0030       [1]    _timer0ReloadVal
0x0031       [1]    check_adc_i_L0
0x0031       [2]    FARG_chk_wait_time_t_mins
0x0032       [4]    check_adc_res_L0
0x0070       [1]    R0
0x0071       [1]    R1
0x0072       [1]    R2
0x0073       [1]    R3
0x0074       [1]    R4
0x0075       [1]    R5
0x0076       [1]    R6
0x0077       [1]    R7
0x0078       [1]    R8
0x0079       [1]    R9
0x007A       [1]    R10
0x007B       [1]    R11
0x007C       [1]    R12
0x007D       [1]    R13
0x007E       [1]    R14
0x007F       [1]    R15
0x008C       [1]    TRISA
0x008E       [1]    TRISC
0x0091       [0]    ADIE_bit
0x0095       [1]    OPTION_REG
0x0097       [1]    WDTCON
0x0099       [1]    OSCCON
0x009B       [1]    ADRESL
0x009C       [1]    ADRESH
0x009D       [0]    ADON_bit
0x009D       [0]    GO_NOT_DONE_bit
0x009D       [1]    ADCON0
0x009E       [1]    ADCON1
0x009F       [1]    ADCON2
0x018C       [1]    ANSELA
0x018E       [1]    ANSELC
0x020C       [1]    WPUA
//** Constants locations ** 
//ADDRESS    SIZE    CONSTANT
//----------------------------------------------
0x02CA       [2]    ?ICS_guc_min
0x02CC       [1]    ?ICS_guc_sec
0x02CD       [2]    ?ICS_half_sec
0x02CF       [1]    ?ICS_wt_flag
0x02D0       [1]    ?ICS_guc_buzz_state
0x02D1       [1]    ?ICS_st_flag
0x02D2       [2]    ?ICS_guc_wait_time
0x02D4       [2]    ?ICS_one_sec
0x02D6       [1]    ?ICS_guc_togg_half
