0	1	mikroCPIC1618.exe -MSF -DBG -pP16F1503 -RA -DL -O11111114 -fo8 -N"C:\Users\sahil\Desktop\PIC Project\tractor_temp_sen\source_code\micro(different)\tractor.mcppi" -SP"C:\Users\Public\Documents\Mikroelektronika\mikroC PRO for PIC\Defs\" -SP"C:\Users\Public\Documents\Mikroelektronika\mikroC PRO for PIC\Uses\P16_Enh\" -SP"C:\Users\sahil\Desktop\PIC Project\tractor_temp_sen\source_code\micro(different)\" -SP"C:\Users\sahil\Desktop\PIC Project\tractor\source code\micro(different)\" -SP"C:\Users\sahil\Desktop\PIC Project\tractor\source code\micro\" -IP"C:\Users\sahil\Desktop\PIC Project\tractor\source code\micro\" -IP"C:\Users\sahil\Desktop\PIC Project\tractor\source code\micro(different)\" -IP"C:\Users\sahil\Desktop\PIC Project\tractor_temp_sen\source_code\micro(different)\" "tmr0.c" "tmr2.c" "Tractor.c" "adc.c" "pwm1.c" "__Lib_Math.mcl" "__Lib_MathDouble.mcl" "__Lib_System.mcl" "__Lib_Delays.mcl" "__Lib_PWM_150x.mcl"	 
hint: 0	1139	Available RAM: 112 [bytes], Available ROM: 2048 [bytes]	 
diagnostics: 0	122	Compilation Started	P16F1503.c
diagnostics: 1571	123	Compiled Successfully	P16F1503.c
diagnostics: 0	122	Compilation Started	__Lib_Delays.c
diagnostics: 123	123	Compiled Successfully	__Lib_Delays.c
diagnostics: 0	122	Compilation Started	types.h
warning: -6	1507	Unknown pragma line ignored: ''	tmr0.h
warning: -6	1507	Unknown pragma line ignored: ''	tmr0.h
warning: -6	1507	Unknown pragma line ignored: ''	tmr0.h
warning: -6	1507	Unknown pragma line ignored: ''	tmr0.h
warning: -6	1507	Unknown pragma line ignored: ''	tmr0.h
warning: -6	1507	Unknown pragma line ignored: ''	tmr0.h
warning: -6	1507	Unknown pragma line ignored: ''	tmr0.h
warning: -6	1507	Unknown pragma line ignored: ''	tmr0.h
warning: -6	1507	Unknown pragma line ignored: ''	tmr0.h
warning: -6	1507	Unknown pragma line ignored: ''	tmr0.h
warning: -6	1507	Unknown pragma line ignored: ''	tmr0.h
warning: -6	1507	Unknown pragma line ignored: ''	tmr0.h
warning: -6	1507	Unknown pragma line ignored: ''	tmr0.h
warning: -6	1507	Unknown pragma line ignored: ''	tmr0.h
warning: -6	1507	Unknown pragma line ignored: ''	tmr0.h
diagnostics: 107	123	Compiled Successfully	tmr0.c
diagnostics: 0	122	Compilation Started	types.h
diagnostics: 17	123	Compiled Successfully	tmr2.c
diagnostics: 0	122	Compilation Started	types.h
diagnostics: 102	123	Compiled Successfully	Tractor.c
diagnostics: 0	122	Compilation Started	types.h
diagnostics: 61	123	Compiled Successfully	adc.c
diagnostics: 0	122	Compilation Started	types.h
diagnostics: 13	123	Compiled Successfully	pwm1.c
diagnostics: 0	127	All files Compiled in 10141 ms	 
hint: 0	1144	Used RAM (bytes): 20 (18%)  Free RAM (bytes): 92 (82%)	Used RAM (bytes): 20 (18%)  Free RAM (bytes): 92 (82%)
hint: 0	1144	Used ROM (program words): 735 (36%)  Free ROM (program words): 1313 (64%)	Used ROM (program words): 735 (36%)  Free ROM (program words): 1313 (64%)
diagnostics: 0	125	Project Linked Successfully	tractor.mcppi
diagnostics: 0	128	Linked in 16 ms	 
diagnostics: 0	129	Project 'tractor.mcppi' completed: 13297 ms	 
diagnostics: 0	103	Finished successfully: 16 Jul 2017, 17:45:07	tractor.mcppi
