;  LST file generated by mikroListExporter - v.2.0 
; Date/Time: 03-Jan-18 8:26:51 PM
;----------------------------------------------

;Address Opcode 	ASM
0x0000	0x2E85      	GOTO       1669
_interrupt:
;Tractor.c,29 :: 		void interrupt()
0x0004	0x0870      	MOVF       R0, 0
0x0005	0x0020      	MOVLB      0
0x0006	0x00A1      	MOVWF      33
0x0007	0x0871      	MOVF       R1, 0
0x0008	0x00A0      	MOVWF      32
;Tractor.c,31 :: 		if(TMR0IE_bit == 1 && TMR0IF_bit == 1)   /* interrupt handler*/
0x0009	0x3180      	MOVLP      0
0x000A	0x1E8B      	BTFSS      TMR0IE_bit, BitPos(TMR0IE_bit+0)
0x000B	0x2810      	GOTO       L_interrupt2
0x000C	0x1D0B      	BTFSS      TMR0IF_bit, BitPos(TMR0IF_bit+0)
0x000D	0x2810      	GOTO       L_interrupt2
L__interrupt104:
;Tractor.c,33 :: 		TMR0_ISR();
0x000E	0x261A      	CALL       _TMR0_ISR
;Tractor.c,34 :: 		}
0x000F	0x2810      	GOTO       L_interrupt3
L_interrupt2:
;Tractor.c,37 :: 		}
L_interrupt3:
;Tractor.c,38 :: 		}
L_end_interrupt:
L__interrupt117:
0x0010	0x0821      	MOVF       33, 0
0x0011	0x00F0      	MOVWF      R0
0x0012	0x0820      	MOVF       32, 0
0x0013	0x00F1      	MOVWF      R1
0x0014	0x0009      	RETFIE     %s
; end of _interrupt
_TMR2_StartTimer:
;tmr2.c,14 :: 		void TMR2_StartTimer(void)
;tmr2.c,16 :: 		TMR2ON_bit = 1;   /* Start the Timer by writing to TMRxON bit*/
0x0015	0x0020      	MOVLB      0
0x0016	0x151C      	BSF        TMR2ON_bit, BitPos(TMR2ON_bit+0)
;tmr2.c,17 :: 		}
L_end_TMR2_StartTimer:
0x0017	0x0008      	RETURN
; end of _TMR2_StartTimer
_TMR0_CallBack_Half_Sec:
;tmr0.c,70 :: 		void TMR0_CallBack_Half_Sec(void)
;tmr0.c,73 :: 		if(guc_togg_half==1)
0x0018	0x0020      	MOVLB      0
0x0019	0x082A      	MOVF       _guc_togg_half, 0
0x001A	0x3A01      	XORLW      1
0x001B	0x1D03      	BTFSS      STATUS, 2
0x001C	0x2820      	GOTO       L_TMR0_CallBack_Half_Sec9
;tmr0.c,76 :: 		PWM3CON = PWM_ON;  /*Enable PWM */
0x001D	0x30D0      	MOVLW      208
0x001E	0x002C      	MOVLB      12
0x001F	0x0099      	MOVWF      PWM3CON
;tmr0.c,80 :: 		}
L_TMR0_CallBack_Half_Sec9:
;tmr0.c,82 :: 		if(guc_togg_half==0)
0x0020	0x0020      	MOVLB      0
0x0021	0x082A      	MOVF       _guc_togg_half, 0
0x0022	0x3A00      	XORLW      0
0x0023	0x1D03      	BTFSS      STATUS, 2
0x0024	0x2831      	GOTO       L_TMR0_CallBack_Half_Sec10
;tmr0.c,85 :: 		GIE_bit = 0;               /* Disable INTs  */
0x0025	0x138B      	BCF        GIE_bit, BitPos(GIE_bit+0)
;tmr0.c,86 :: 		while(BUZZER == 1);
L_TMR0_CallBack_Half_Sec11:
0x0026	0x1D0C      	BTFSS      PORTA, 2
0x0027	0x2829      	GOTO       L_TMR0_CallBack_Half_Sec12
0x0028	0x2826      	GOTO       L_TMR0_CallBack_Half_Sec11
L_TMR0_CallBack_Half_Sec12:
;tmr0.c,87 :: 		PWM3CON = PWM_OFF;        /*Diable PWM */
0x0029	0x002C      	MOVLB      12
0x002A	0x0199      	CLRF       PWM3CON
;tmr0.c,88 :: 		while(BUZZER == 1)
L_TMR0_CallBack_Half_Sec13:
0x002B	0x0020      	MOVLB      0
0x002C	0x1D0C      	BTFSS      PORTA, 2
0x002D	0x2830      	GOTO       L_TMR0_CallBack_Half_Sec14
;tmr0.c,89 :: 		BUZZER = 0;
0x002E	0x110C      	BCF        PORTA, 2
0x002F	0x282B      	GOTO       L_TMR0_CallBack_Half_Sec13
L_TMR0_CallBack_Half_Sec14:
;tmr0.c,90 :: 		GIE_bit = 1;              /* Enable INTs  */
0x0030	0x178B      	BSF        GIE_bit, BitPos(GIE_bit+0)
;tmr0.c,94 :: 		}
L_TMR0_CallBack_Half_Sec10:
;tmr0.c,95 :: 		}
L_end_TMR0_CallBack_Half_Sec:
0x0031	0x0008      	RETURN
; end of _TMR0_CallBack_Half_Sec
_TMR2_Initialize:
;tmr2.c,5 :: 		void TMR2_Initialize(void)
;tmr2.c,7 :: 		T2CON = 0x07;    /* T2CKPS 1:64; T2OUTPS 1:1; TMR2ON on*/
0x0032	0x3007      	MOVLW      7
0x0033	0x0020      	MOVLB      0
0x0034	0x009C      	MOVWF      T2CON
;tmr2.c,8 :: 		PR2 = 0x8;      /* PR2 8;*/
0x0035	0x3008      	MOVLW      8
0x0036	0x009B      	MOVWF      PR2
;tmr2.c,9 :: 		TMR2 = 0x00;     /* TMR2 0; */
0x0037	0x019A      	CLRF       TMR2
;tmr2.c,10 :: 		TMR2IF_bit = 0;    /* Clearing IF flag. */
0x0038	0x1091      	BCF        TMR2IF_bit, BitPos(TMR2IF_bit+0)
;tmr2.c,11 :: 		TMR2_StartTimer();     /*Start TMR2 */
0x0039	0x2015      	CALL       _TMR2_StartTimer
;tmr2.c,12 :: 		}
L_end_TMR2_Initialize:
0x003A	0x0008      	RETURN
; end of _TMR2_Initialize
_TMR0_Reload:
;tmr0.c,21 :: 		void TMR0_Reload(void)
;tmr0.c,23 :: 		TMR0 = timer0ReloadVal;     /* Write to the Timer0 register*/
0x003B	0x0020      	MOVLB      0
0x003C	0x0839      	MOVF       _timer0ReloadVal, 0
0x003D	0x0095      	MOVWF      TMR0
;tmr0.c,24 :: 		}
L_end_TMR0_Reload:
0x003E	0x0008      	RETURN
; end of _TMR0_Reload
_PWM3_Initialize:
;pwm3.c,3 :: 		void PWM3_Initialize(void)
;pwm3.c,5 :: 		TRISA=0x00;
0x003F	0x0021      	MOVLB      1
0x0040	0x018C      	CLRF       TRISA
;pwm3.c,6 :: 		PWM3DCH = 0x04;
0x0041	0x3004      	MOVLW      4
0x0042	0x002C      	MOVLB      12
0x0043	0x0098      	MOVWF      PWM3DCH
;pwm3.c,7 :: 		PWM3DCL = 0x40;
0x0044	0x3040      	MOVLW      64
0x0045	0x0097      	MOVWF      PWM3DCL
;pwm3.c,8 :: 		}
L_end_PWM3_Initialize:
0x0046	0x0008      	RETURN
; end of _PWM3_Initialize
_TMR0_Initialize:
;tmr0.c,11 :: 		void TMR0_Initialize(void)
;tmr0.c,14 :: 		OPTION_REG = (uint8)((OPTION_REG & 0xC0) | 0xD7 & 0x3F);
0x0047	0x30C0      	MOVLW      192
0x0048	0x0021      	MOVLB      1
0x0049	0x0515      	ANDWF      OPTION_REG, 0
0x004A	0x00F0      	MOVWF      R0
0x004B	0x3017      	MOVLW      23
0x004C	0x0470      	IORWF       R0, 0
0x004D	0x0095      	MOVWF      OPTION_REG
;tmr0.c,15 :: 		TMR0 = 0xF8;              /* TMR0 248;*/
0x004E	0x30F8      	MOVLW      248
0x004F	0x0020      	MOVLB      0
0x0050	0x0095      	MOVWF      TMR0
;tmr0.c,16 :: 		timer0ReloadVal= 0xF8;     /* Load the TMR value to reload variable */
0x0051	0x30F8      	MOVLW      248
0x0052	0x00B9      	MOVWF      _timer0ReloadVal
;tmr0.c,17 :: 		TMR0IF_bit = 0;           /*Clear Interrupt flag before enabling the interrupt*/
0x0053	0x110B      	BCF        TMR0IF_bit, BitPos(TMR0IF_bit+0)
;tmr0.c,18 :: 		TMR0IE_bit = 1;           /* Enabling TMR0 interrupt */
0x0054	0x168B      	BSF        TMR0IE_bit, BitPos(TMR0IE_bit+0)
;tmr0.c,19 :: 		}
L_end_TMR0_Initialize:
0x0055	0x0008      	RETURN
; end of _TMR0_Initialize
_check_cond:
;Tractor.c,40 :: 		void check_cond()
;Tractor.c,50 :: 		if(COND1)
0x0056	0x0020      	MOVLB      0
0x0057	0x198E      	BTFSC      PORTC, 3
0x0058	0x285B      	GOTO       L__check_cond119
0x0059	0x1472      	BSF        R2, 0
0x005A	0x285C      	GOTO       L__check_cond120
L__check_cond119:
0x005B	0x1072      	BCF        R2, 0
L__check_cond120:
0x005C	0x190E      	BTFSC      PORTC, 2
0x005D	0x2860      	GOTO       L__check_cond121
0x005E	0x1403      	BSF        STATUS, 0
0x005F	0x2861      	GOTO       L__check_cond122
L__check_cond121:
0x0060	0x1003      	BCF        STATUS, 0
L__check_cond122:
0x0061	0x1C72      	BTFSS      R2, 0
0x0062	0x2867      	GOTO       L__check_cond123
0x0063	0x1C03      	BTFSS      STATUS, 0
0x0064	0x2867      	GOTO       L__check_cond123
0x0065	0x1472      	BSF        R2, 0
0x0066	0x2868      	GOTO       L__check_cond124
L__check_cond123:
0x0067	0x1072      	BCF        R2, 0
L__check_cond124:
0x0068	0x1C72      	BTFSS      R2, 0
0x0069	0x286E      	GOTO       L__check_cond125
0x006A	0x1C8E      	BTFSS      PORTC, 1
0x006B	0x286E      	GOTO       L__check_cond125
0x006C	0x1403      	BSF        STATUS, 0
0x006D	0x286F      	GOTO       L__check_cond126
L__check_cond125:
0x006E	0x1003      	BCF        STATUS, 0
L__check_cond126:
0x006F	0x1C03      	BTFSS      STATUS, 0
0x0070	0x2875      	GOTO       L__check_cond127
0x0071	0x1C0E      	BTFSS      PORTC, 0
0x0072	0x2875      	GOTO       L__check_cond127
0x0073	0x1472      	BSF        R2, 0
0x0074	0x2876      	GOTO       L__check_cond128
L__check_cond127:
0x0075	0x1072      	BCF        R2, 0
L__check_cond128:
0x0076	0x1C72      	BTFSS      R2, 0
0x0077	0x2897      	GOTO       L_check_cond4
;Tractor.c,52 :: 		if(guc_cycle[0]<NO_CYCLE_1)
0x0078	0x3003      	MOVLW      3
0x0079	0x022C      	SUBWF      _guc_cycle+1, 0
0x007A	0x1D03      	BTFSS      STATUS, 2
0x007B	0x287E      	GOTO       L__check_cond129
0x007C	0x30E8      	MOVLW      232
0x007D	0x022B      	SUBWF      _guc_cycle, 0
L__check_cond129:
0x007E	0x1803      	BTFSC      STATUS, 0
0x007F	0x2896      	GOTO       L_check_cond5
;Tractor.c,54 :: 		guc_choice=1; guc_cycle[0]++;guc_cycle[1]=0; guc_cycle[2]=0;
0x0080	0x3001      	MOVLW      1
0x0081	0x00A2      	MOVWF      _guc_choice
0x0082	0x3001      	MOVLW      1
0x0083	0x072B      	ADDWF      _guc_cycle, 0
0x0084	0x00F0      	MOVWF      R0
0x0085	0x3000      	MOVLW      0
0x0086	0x3D2C      	ADDWFC     _guc_cycle+1, 0
0x0087	0x00F1      	MOVWF      R1
0x0088	0x0870      	MOVF       R0, 0
0x0089	0x00AB      	MOVWF      _guc_cycle
0x008A	0x0871      	MOVF       R1, 0
0x008B	0x00AC      	MOVWF      _guc_cycle+1
0x008C	0x01AD      	CLRF       _guc_cycle+2
0x008D	0x01AE      	CLRF       _guc_cycle+3
0x008E	0x01AF      	CLRF       _guc_cycle+4
0x008F	0x01B0      	CLRF       _guc_cycle+5
;Tractor.c,55 :: 		guc_cycle[3]=0; guc_cycle[4]=0; guc_cycle[5]=0;
0x0090	0x01B1      	CLRF       _guc_cycle+6
0x0091	0x01B2      	CLRF       _guc_cycle+7
0x0092	0x01B3      	CLRF       _guc_cycle+8
0x0093	0x01B4      	CLRF       _guc_cycle+9
0x0094	0x01B5      	CLRF       _guc_cycle+10
0x0095	0x01B6      	CLRF       _guc_cycle+11
;Tractor.c,56 :: 		}
L_check_cond5:
;Tractor.c,57 :: 		}
0x0096	0x29DB      	GOTO       L_check_cond6
L_check_cond4:
;Tractor.c,58 :: 		else if(COND2)
0x0097	0x198E      	BTFSC      PORTC, 3
0x0098	0x289B      	GOTO       L__check_cond130
0x0099	0x1472      	BSF        R2, 0
0x009A	0x289C      	GOTO       L__check_cond131
L__check_cond130:
0x009B	0x1072      	BCF        R2, 0
L__check_cond131:
0x009C	0x190E      	BTFSC      PORTC, 2
0x009D	0x28A0      	GOTO       L__check_cond132
0x009E	0x1403      	BSF        STATUS, 0
0x009F	0x28A1      	GOTO       L__check_cond133
L__check_cond132:
0x00A0	0x1003      	BCF        STATUS, 0
L__check_cond133:
0x00A1	0x1C72      	BTFSS      R2, 0
0x00A2	0x28A7      	GOTO       L__check_cond134
0x00A3	0x1C03      	BTFSS      STATUS, 0
0x00A4	0x28A7      	GOTO       L__check_cond134
0x00A5	0x1472      	BSF        R2, 0
0x00A6	0x28A8      	GOTO       L__check_cond135
L__check_cond134:
0x00A7	0x1072      	BCF        R2, 0
L__check_cond135:
0x00A8	0x1C72      	BTFSS      R2, 0
0x00A9	0x28AE      	GOTO       L__check_cond136
0x00AA	0x1C8E      	BTFSS      PORTC, 1
0x00AB	0x28AE      	GOTO       L__check_cond136
0x00AC	0x1472      	BSF        R2, 0
0x00AD	0x28AF      	GOTO       L__check_cond137
L__check_cond136:
0x00AE	0x1072      	BCF        R2, 0
L__check_cond137:
0x00AF	0x180E      	BTFSC      PORTC, 0
0x00B0	0x28B3      	GOTO       L__check_cond138
0x00B1	0x1403      	BSF        STATUS, 0
0x00B2	0x28B4      	GOTO       L__check_cond139
L__check_cond138:
0x00B3	0x1003      	BCF        STATUS, 0
L__check_cond139:
0x00B4	0x1C72      	BTFSS      R2, 0
0x00B5	0x28BA      	GOTO       L__check_cond140
0x00B6	0x1C03      	BTFSS      STATUS, 0
0x00B7	0x28BA      	GOTO       L__check_cond140
0x00B8	0x1472      	BSF        R2, 0
0x00B9	0x28BB      	GOTO       L__check_cond141
L__check_cond140:
0x00BA	0x1072      	BCF        R2, 0
L__check_cond141:
0x00BB	0x1C72      	BTFSS      R2, 0
0x00BC	0x28DC      	GOTO       L_check_cond7
;Tractor.c,60 :: 		if(guc_cycle[1]<NO_CYCLE_2)
0x00BD	0x3003      	MOVLW      3
0x00BE	0x022E      	SUBWF      _guc_cycle+3, 0
0x00BF	0x1D03      	BTFSS      STATUS, 2
0x00C0	0x28C3      	GOTO       L__check_cond142
0x00C1	0x30E8      	MOVLW      232
0x00C2	0x022D      	SUBWF      _guc_cycle+2, 0
L__check_cond142:
0x00C3	0x1803      	BTFSC      STATUS, 0
0x00C4	0x28DB      	GOTO       L_check_cond8
;Tractor.c,62 :: 		guc_choice=2; guc_cycle[0]=0;guc_cycle[1]++; guc_cycle[2]=0;
0x00C5	0x3002      	MOVLW      2
0x00C6	0x00A2      	MOVWF      _guc_choice
0x00C7	0x01AB      	CLRF       _guc_cycle
0x00C8	0x01AC      	CLRF       _guc_cycle+1
0x00C9	0x3001      	MOVLW      1
0x00CA	0x072D      	ADDWF      _guc_cycle+2, 0
0x00CB	0x00F0      	MOVWF      R0
0x00CC	0x3000      	MOVLW      0
0x00CD	0x3D2E      	ADDWFC     _guc_cycle+3, 0
0x00CE	0x00F1      	MOVWF      R1
0x00CF	0x0870      	MOVF       R0, 0
0x00D0	0x00AD      	MOVWF      _guc_cycle+2
0x00D1	0x0871      	MOVF       R1, 0
0x00D2	0x00AE      	MOVWF      _guc_cycle+3
0x00D3	0x01AF      	CLRF       _guc_cycle+4
0x00D4	0x01B0      	CLRF       _guc_cycle+5
;Tractor.c,63 :: 		guc_cycle[3]=0; guc_cycle[4]=0; guc_cycle[5]=0;
0x00D5	0x01B1      	CLRF       _guc_cycle+6
0x00D6	0x01B2      	CLRF       _guc_cycle+7
0x00D7	0x01B3      	CLRF       _guc_cycle+8
0x00D8	0x01B4      	CLRF       _guc_cycle+9
0x00D9	0x01B5      	CLRF       _guc_cycle+10
0x00DA	0x01B6      	CLRF       _guc_cycle+11
;Tractor.c,64 :: 		}
L_check_cond8:
;Tractor.c,65 :: 		}
0x00DB	0x29DB      	GOTO       L_check_cond9
L_check_cond7:
;Tractor.c,66 :: 		else if(COND3)
0x00DC	0x198E      	BTFSC      PORTC, 3
0x00DD	0x28E0      	GOTO       L__check_cond143
0x00DE	0x1403      	BSF        STATUS, 0
0x00DF	0x28E1      	GOTO       L__check_cond144
L__check_cond143:
0x00E0	0x1003      	BCF        STATUS, 0
L__check_cond144:
0x00E1	0x1C03      	BTFSS      STATUS, 0
0x00E2	0x28E7      	GOTO       L__check_cond145
0x00E3	0x1D0E      	BTFSS      PORTC, 2
0x00E4	0x28E7      	GOTO       L__check_cond145
0x00E5	0x1472      	BSF        R2, 0
0x00E6	0x28E8      	GOTO       L__check_cond146
L__check_cond145:
0x00E7	0x1072      	BCF        R2, 0
L__check_cond146:
0x00E8	0x1C72      	BTFSS      R2, 0
0x00E9	0x28EE      	GOTO       L__check_cond147
0x00EA	0x1C8E      	BTFSS      PORTC, 1
0x00EB	0x28EE      	GOTO       L__check_cond147
0x00EC	0x1403      	BSF        STATUS, 0
0x00ED	0x28EF      	GOTO       L__check_cond148
L__check_cond147:
0x00EE	0x1003      	BCF        STATUS, 0
L__check_cond148:
0x00EF	0x1C03      	BTFSS      STATUS, 0
0x00F0	0x28F5      	GOTO       L__check_cond149
0x00F1	0x1C0E      	BTFSS      PORTC, 0
0x00F2	0x28F5      	GOTO       L__check_cond149
0x00F3	0x1472      	BSF        R2, 0
0x00F4	0x28F6      	GOTO       L__check_cond150
L__check_cond149:
0x00F5	0x1072      	BCF        R2, 0
L__check_cond150:
0x00F6	0x1C72      	BTFSS      R2, 0
0x00F7	0x2917      	GOTO       L_check_cond10
;Tractor.c,68 :: 		if(guc_cycle[2]<NO_CYCLE_3)
0x00F8	0x3003      	MOVLW      3
0x00F9	0x0230      	SUBWF      _guc_cycle+5, 0
0x00FA	0x1D03      	BTFSS      STATUS, 2
0x00FB	0x28FE      	GOTO       L__check_cond151
0x00FC	0x30E8      	MOVLW      232
0x00FD	0x022F      	SUBWF      _guc_cycle+4, 0
L__check_cond151:
0x00FE	0x1803      	BTFSC      STATUS, 0
0x00FF	0x2916      	GOTO       L_check_cond11
;Tractor.c,70 :: 		guc_choice=3; guc_cycle[0]=0;guc_cycle[1]=0; guc_cycle[2]++;
0x0100	0x3003      	MOVLW      3
0x0101	0x00A2      	MOVWF      _guc_choice
0x0102	0x01AB      	CLRF       _guc_cycle
0x0103	0x01AC      	CLRF       _guc_cycle+1
0x0104	0x01AD      	CLRF       _guc_cycle+2
0x0105	0x01AE      	CLRF       _guc_cycle+3
0x0106	0x3001      	MOVLW      1
0x0107	0x072F      	ADDWF      _guc_cycle+4, 0
0x0108	0x00F0      	MOVWF      R0
0x0109	0x3000      	MOVLW      0
0x010A	0x3D30      	ADDWFC     _guc_cycle+5, 0
0x010B	0x00F1      	MOVWF      R1
0x010C	0x0870      	MOVF       R0, 0
0x010D	0x00AF      	MOVWF      _guc_cycle+4
0x010E	0x0871      	MOVF       R1, 0
0x010F	0x00B0      	MOVWF      _guc_cycle+5
;Tractor.c,71 :: 		guc_cycle[3]=0; guc_cycle[4]=0; guc_cycle[5]=0;
0x0110	0x01B1      	CLRF       _guc_cycle+6
0x0111	0x01B2      	CLRF       _guc_cycle+7
0x0112	0x01B3      	CLRF       _guc_cycle+8
0x0113	0x01B4      	CLRF       _guc_cycle+9
0x0114	0x01B5      	CLRF       _guc_cycle+10
0x0115	0x01B6      	CLRF       _guc_cycle+11
;Tractor.c,72 :: 		}
L_check_cond11:
;Tractor.c,73 :: 		}
0x0116	0x29DB      	GOTO       L_check_cond12
L_check_cond10:
;Tractor.c,74 :: 		else if(COND4)
0x0117	0x198E      	BTFSC      PORTC, 3
0x0118	0x291B      	GOTO       L__check_cond152
0x0119	0x1403      	BSF        STATUS, 0
0x011A	0x291C      	GOTO       L__check_cond153
L__check_cond152:
0x011B	0x1003      	BCF        STATUS, 0
L__check_cond153:
0x011C	0x1C03      	BTFSS      STATUS, 0
0x011D	0x2922      	GOTO       L__check_cond154
0x011E	0x1D0E      	BTFSS      PORTC, 2
0x011F	0x2922      	GOTO       L__check_cond154
0x0120	0x1472      	BSF        R2, 0
0x0121	0x2923      	GOTO       L__check_cond155
L__check_cond154:
0x0122	0x1072      	BCF        R2, 0
L__check_cond155:
0x0123	0x1C72      	BTFSS      R2, 0
0x0124	0x2929      	GOTO       L__check_cond156
0x0125	0x1C8E      	BTFSS      PORTC, 1
0x0126	0x2929      	GOTO       L__check_cond156
0x0127	0x1472      	BSF        R2, 0
0x0128	0x292A      	GOTO       L__check_cond157
L__check_cond156:
0x0129	0x1072      	BCF        R2, 0
L__check_cond157:
0x012A	0x180E      	BTFSC      PORTC, 0
0x012B	0x292E      	GOTO       L__check_cond158
0x012C	0x1403      	BSF        STATUS, 0
0x012D	0x292F      	GOTO       L__check_cond159
L__check_cond158:
0x012E	0x1003      	BCF        STATUS, 0
L__check_cond159:
0x012F	0x1C72      	BTFSS      R2, 0
0x0130	0x2935      	GOTO       L__check_cond160
0x0131	0x1C03      	BTFSS      STATUS, 0
0x0132	0x2935      	GOTO       L__check_cond160
0x0133	0x1472      	BSF        R2, 0
0x0134	0x2936      	GOTO       L__check_cond161
L__check_cond160:
0x0135	0x1072      	BCF        R2, 0
L__check_cond161:
0x0136	0x1C72      	BTFSS      R2, 0
0x0137	0x2957      	GOTO       L_check_cond13
;Tractor.c,76 :: 		if(guc_cycle[3]<NO_CYCLE_4)
0x0138	0x3003      	MOVLW      3
0x0139	0x0232      	SUBWF      _guc_cycle+7, 0
0x013A	0x1D03      	BTFSS      STATUS, 2
0x013B	0x293E      	GOTO       L__check_cond162
0x013C	0x30E8      	MOVLW      232
0x013D	0x0231      	SUBWF      _guc_cycle+6, 0
L__check_cond162:
0x013E	0x1803      	BTFSC      STATUS, 0
0x013F	0x2956      	GOTO       L_check_cond14
;Tractor.c,78 :: 		guc_choice=4; guc_cycle[0]=0;guc_cycle[1]=0; guc_cycle[2]=0;
0x0140	0x3004      	MOVLW      4
0x0141	0x00A2      	MOVWF      _guc_choice
0x0142	0x01AB      	CLRF       _guc_cycle
0x0143	0x01AC      	CLRF       _guc_cycle+1
0x0144	0x01AD      	CLRF       _guc_cycle+2
0x0145	0x01AE      	CLRF       _guc_cycle+3
0x0146	0x01AF      	CLRF       _guc_cycle+4
0x0147	0x01B0      	CLRF       _guc_cycle+5
;Tractor.c,79 :: 		guc_cycle[3]++; guc_cycle[4]=0; guc_cycle[5]=0;
0x0148	0x3001      	MOVLW      1
0x0149	0x0731      	ADDWF      _guc_cycle+6, 0
0x014A	0x00F0      	MOVWF      R0
0x014B	0x3000      	MOVLW      0
0x014C	0x3D32      	ADDWFC     _guc_cycle+7, 0
0x014D	0x00F1      	MOVWF      R1
0x014E	0x0870      	MOVF       R0, 0
0x014F	0x00B1      	MOVWF      _guc_cycle+6
0x0150	0x0871      	MOVF       R1, 0
0x0151	0x00B2      	MOVWF      _guc_cycle+7
0x0152	0x01B3      	CLRF       _guc_cycle+8
0x0153	0x01B4      	CLRF       _guc_cycle+9
0x0154	0x01B5      	CLRF       _guc_cycle+10
0x0155	0x01B6      	CLRF       _guc_cycle+11
;Tractor.c,80 :: 		}
L_check_cond14:
;Tractor.c,81 :: 		}
0x0156	0x29DB      	GOTO       L_check_cond15
L_check_cond13:
;Tractor.c,82 :: 		else if(COND5)
0x0157	0x198E      	BTFSC      PORTC, 3
0x0158	0x295B      	GOTO       L__check_cond163
0x0159	0x1403      	BSF        STATUS, 0
0x015A	0x295C      	GOTO       L__check_cond164
L__check_cond163:
0x015B	0x1003      	BCF        STATUS, 0
L__check_cond164:
0x015C	0x1C03      	BTFSS      STATUS, 0
0x015D	0x2962      	GOTO       L__check_cond165
0x015E	0x1D0E      	BTFSS      PORTC, 2
0x015F	0x2962      	GOTO       L__check_cond165
0x0160	0x1472      	BSF        R2, 0
0x0161	0x2963      	GOTO       L__check_cond166
L__check_cond165:
0x0162	0x1072      	BCF        R2, 0
L__check_cond166:
0x0163	0x188E      	BTFSC      PORTC, 1
0x0164	0x2967      	GOTO       L__check_cond167
0x0165	0x1403      	BSF        STATUS, 0
0x0166	0x2968      	GOTO       L__check_cond168
L__check_cond167:
0x0167	0x1003      	BCF        STATUS, 0
L__check_cond168:
0x0168	0x1C72      	BTFSS      R2, 0
0x0169	0x296E      	GOTO       L__check_cond169
0x016A	0x1C03      	BTFSS      STATUS, 0
0x016B	0x296E      	GOTO       L__check_cond169
0x016C	0x1472      	BSF        R2, 0
0x016D	0x296F      	GOTO       L__check_cond170
L__check_cond169:
0x016E	0x1072      	BCF        R2, 0
L__check_cond170:
0x016F	0x1C72      	BTFSS      R2, 0
0x0170	0x2975      	GOTO       L__check_cond171
0x0171	0x1C0E      	BTFSS      PORTC, 0
0x0172	0x2975      	GOTO       L__check_cond171
0x0173	0x1403      	BSF        STATUS, 0
0x0174	0x2976      	GOTO       L__check_cond172
L__check_cond171:
0x0175	0x1003      	BCF        STATUS, 0
L__check_cond172:
0x0176	0x1C03      	BTFSS      STATUS, 0
0x0177	0x2997      	GOTO       L_check_cond16
;Tractor.c,84 :: 		if(guc_cycle[4]<NO_CYCLE_5)
0x0178	0x3003      	MOVLW      3
0x0179	0x0234      	SUBWF      _guc_cycle+9, 0
0x017A	0x1D03      	BTFSS      STATUS, 2
0x017B	0x297E      	GOTO       L__check_cond173
0x017C	0x30E8      	MOVLW      232
0x017D	0x0233      	SUBWF      _guc_cycle+8, 0
L__check_cond173:
0x017E	0x1803      	BTFSC      STATUS, 0
0x017F	0x2996      	GOTO       L_check_cond17
;Tractor.c,86 :: 		guc_choice=5; guc_cycle[0]=0;guc_cycle[1]=0; guc_cycle[2]=0;
0x0180	0x3005      	MOVLW      5
0x0181	0x00A2      	MOVWF      _guc_choice
0x0182	0x01AB      	CLRF       _guc_cycle
0x0183	0x01AC      	CLRF       _guc_cycle+1
0x0184	0x01AD      	CLRF       _guc_cycle+2
0x0185	0x01AE      	CLRF       _guc_cycle+3
0x0186	0x01AF      	CLRF       _guc_cycle+4
0x0187	0x01B0      	CLRF       _guc_cycle+5
;Tractor.c,87 :: 		guc_cycle[3]=0; guc_cycle[4]++; guc_cycle[5]=0;
0x0188	0x01B1      	CLRF       _guc_cycle+6
0x0189	0x01B2      	CLRF       _guc_cycle+7
0x018A	0x3001      	MOVLW      1
0x018B	0x0733      	ADDWF      _guc_cycle+8, 0
0x018C	0x00F0      	MOVWF      R0
0x018D	0x3000      	MOVLW      0
0x018E	0x3D34      	ADDWFC     _guc_cycle+9, 0
0x018F	0x00F1      	MOVWF      R1
0x0190	0x0870      	MOVF       R0, 0
0x0191	0x00B3      	MOVWF      _guc_cycle+8
0x0192	0x0871      	MOVF       R1, 0
0x0193	0x00B4      	MOVWF      _guc_cycle+9
0x0194	0x01B5      	CLRF       _guc_cycle+10
0x0195	0x01B6      	CLRF       _guc_cycle+11
;Tractor.c,88 :: 		}
L_check_cond17:
;Tractor.c,89 :: 		}
0x0196	0x29DB      	GOTO       L_check_cond18
L_check_cond16:
;Tractor.c,90 :: 		else if(COND6)
0x0197	0x198E      	BTFSC      PORTC, 3
0x0198	0x299B      	GOTO       L__check_cond174
0x0199	0x1403      	BSF        STATUS, 0
0x019A	0x299C      	GOTO       L__check_cond175
L__check_cond174:
0x019B	0x1003      	BCF        STATUS, 0
L__check_cond175:
0x019C	0x1C03      	BTFSS      STATUS, 0
0x019D	0x29A2      	GOTO       L__check_cond176
0x019E	0x1D0E      	BTFSS      PORTC, 2
0x019F	0x29A2      	GOTO       L__check_cond176
0x01A0	0x1472      	BSF        R2, 0
0x01A1	0x29A3      	GOTO       L__check_cond177
L__check_cond176:
0x01A2	0x1072      	BCF        R2, 0
L__check_cond177:
0x01A3	0x188E      	BTFSC      PORTC, 1
0x01A4	0x29A7      	GOTO       L__check_cond178
0x01A5	0x1403      	BSF        STATUS, 0
0x01A6	0x29A8      	GOTO       L__check_cond179
L__check_cond178:
0x01A7	0x1003      	BCF        STATUS, 0
L__check_cond179:
0x01A8	0x1C72      	BTFSS      R2, 0
0x01A9	0x29AE      	GOTO       L__check_cond180
0x01AA	0x1C03      	BTFSS      STATUS, 0
0x01AB	0x29AE      	GOTO       L__check_cond180
0x01AC	0x1472      	BSF        R2, 0
0x01AD	0x29AF      	GOTO       L__check_cond181
L__check_cond180:
0x01AE	0x1072      	BCF        R2, 0
L__check_cond181:
0x01AF	0x180E      	BTFSC      PORTC, 0
0x01B0	0x29B3      	GOTO       L__check_cond182
0x01B1	0x1403      	BSF        STATUS, 0
0x01B2	0x29B4      	GOTO       L__check_cond183
L__check_cond182:
0x01B3	0x1003      	BCF        STATUS, 0
L__check_cond183:
0x01B4	0x1C72      	BTFSS      R2, 0
0x01B5	0x29BA      	GOTO       L__check_cond184
0x01B6	0x1C03      	BTFSS      STATUS, 0
0x01B7	0x29BA      	GOTO       L__check_cond184
0x01B8	0x1472      	BSF        R2, 0
0x01B9	0x29BB      	GOTO       L__check_cond185
L__check_cond184:
0x01BA	0x1072      	BCF        R2, 0
L__check_cond185:
0x01BB	0x1C72      	BTFSS      R2, 0
0x01BC	0x29DB      	GOTO       L_check_cond19
;Tractor.c,92 :: 		if(guc_cycle[5]<NO_CYCLE_6)
0x01BD	0x3003      	MOVLW      3
0x01BE	0x0236      	SUBWF      _guc_cycle+11, 0
0x01BF	0x1D03      	BTFSS      STATUS, 2
0x01C0	0x29C3      	GOTO       L__check_cond186
0x01C1	0x30E8      	MOVLW      232
0x01C2	0x0235      	SUBWF      _guc_cycle+10, 0
L__check_cond186:
0x01C3	0x1803      	BTFSC      STATUS, 0
0x01C4	0x29DB      	GOTO       L_check_cond20
;Tractor.c,94 :: 		guc_choice=6; guc_cycle[0]=0;guc_cycle[1]=0; guc_cycle[2]=0;
0x01C5	0x3006      	MOVLW      6
0x01C6	0x00A2      	MOVWF      _guc_choice
0x01C7	0x01AB      	CLRF       _guc_cycle
0x01C8	0x01AC      	CLRF       _guc_cycle+1
0x01C9	0x01AD      	CLRF       _guc_cycle+2
0x01CA	0x01AE      	CLRF       _guc_cycle+3
0x01CB	0x01AF      	CLRF       _guc_cycle+4
0x01CC	0x01B0      	CLRF       _guc_cycle+5
;Tractor.c,95 :: 		guc_cycle[3]=0; guc_cycle[4]=0; guc_cycle[5]++;
0x01CD	0x01B1      	CLRF       _guc_cycle+6
0x01CE	0x01B2      	CLRF       _guc_cycle+7
0x01CF	0x01B3      	CLRF       _guc_cycle+8
0x01D0	0x01B4      	CLRF       _guc_cycle+9
0x01D1	0x3001      	MOVLW      1
0x01D2	0x0735      	ADDWF      _guc_cycle+10, 0
0x01D3	0x00F0      	MOVWF      R0
0x01D4	0x3000      	MOVLW      0
0x01D5	0x3D36      	ADDWFC     _guc_cycle+11, 0
0x01D6	0x00F1      	MOVWF      R1
0x01D7	0x0870      	MOVF       R0, 0
0x01D8	0x00B5      	MOVWF      _guc_cycle+10
0x01D9	0x0871      	MOVF       R1, 0
0x01DA	0x00B6      	MOVWF      _guc_cycle+11
;Tractor.c,96 :: 		}
L_check_cond20:
;Tractor.c,97 :: 		}
L_check_cond19:
L_check_cond18:
L_check_cond15:
L_check_cond12:
L_check_cond9:
L_check_cond6:
;Tractor.c,98 :: 		}
L_end_check_cond:
0x01DB	0x0008      	RETURN
; end of _check_cond
_exe_cond:
;Tractor.c,100 :: 		void exe_cond()
;Tractor.c,102 :: 		guc_sec=0;
0x01DC	0x0020      	MOVLB      0
0x01DD	0x01A4      	CLRF       _guc_sec
0x01DE	0x01A5      	CLRF       _guc_sec+1
;Tractor.c,103 :: 		switch(guc_choice)
0x01DF	0x2DD5      	GOTO       L_exe_cond21
;Tractor.c,105 :: 		case 1: while(guc_sec<2)
L_exe_cond23:
L_exe_cond24:
0x01E0	0x3000      	MOVLW      0
0x01E1	0x0225      	SUBWF      _guc_sec+1, 0
0x01E2	0x1D03      	BTFSS      STATUS, 2
0x01E3	0x29E6      	GOTO       L__exe_cond188
0x01E4	0x3002      	MOVLW      2
0x01E5	0x0224      	SUBWF      _guc_sec, 0
L__exe_cond188:
0x01E6	0x1803      	BTFSC      STATUS, 0
0x01E7	0x2A32      	GOTO       L_exe_cond25
;Tractor.c,107 :: 		if(COND2 || !COND1) break;
0x01E8	0x198E      	BTFSC      PORTC, 3
0x01E9	0x29EC      	GOTO       L__exe_cond189
0x01EA	0x1471      	BSF        R1, 0
0x01EB	0x29ED      	GOTO       L__exe_cond190
L__exe_cond189:
0x01EC	0x1071      	BCF        R1, 0
L__exe_cond190:
0x01ED	0x190E      	BTFSC      PORTC, 2
0x01EE	0x29F1      	GOTO       L__exe_cond191
0x01EF	0x1403      	BSF        STATUS, 0
0x01F0	0x29F2      	GOTO       L__exe_cond192
L__exe_cond191:
0x01F1	0x1003      	BCF        STATUS, 0
L__exe_cond192:
0x01F2	0x1C71      	BTFSS      R1, 0
0x01F3	0x29F8      	GOTO       L__exe_cond193
0x01F4	0x1C03      	BTFSS      STATUS, 0
0x01F5	0x29F8      	GOTO       L__exe_cond193
0x01F6	0x1471      	BSF        R1, 0
0x01F7	0x29F9      	GOTO       L__exe_cond194
L__exe_cond193:
0x01F8	0x1071      	BCF        R1, 0
L__exe_cond194:
0x01F9	0x1C71      	BTFSS      R1, 0
0x01FA	0x29FF      	GOTO       L__exe_cond195
0x01FB	0x1C8E      	BTFSS      PORTC, 1
0x01FC	0x29FF      	GOTO       L__exe_cond195
0x01FD	0x1471      	BSF        R1, 0
0x01FE	0x2A00      	GOTO       L__exe_cond196
L__exe_cond195:
0x01FF	0x1071      	BCF        R1, 0
L__exe_cond196:
0x0200	0x180E      	BTFSC      PORTC, 0
0x0201	0x2A04      	GOTO       L__exe_cond197
0x0202	0x1403      	BSF        STATUS, 0
0x0203	0x2A05      	GOTO       L__exe_cond198
L__exe_cond197:
0x0204	0x1003      	BCF        STATUS, 0
L__exe_cond198:
0x0205	0x1C71      	BTFSS      R1, 0
0x0206	0x2A0B      	GOTO       L__exe_cond199
0x0207	0x1C03      	BTFSS      STATUS, 0
0x0208	0x2A0B      	GOTO       L__exe_cond199
0x0209	0x1471      	BSF        R1, 0
0x020A	0x2A0C      	GOTO       L__exe_cond200
L__exe_cond199:
0x020B	0x1071      	BCF        R1, 0
L__exe_cond200:
0x020C	0x1871      	BTFSC      R1, 0
0x020D	0x2A30      	GOTO       L__exe_cond115
0x020E	0x198E      	BTFSC      PORTC, 3
0x020F	0x2A12      	GOTO       L__exe_cond201
0x0210	0x1471      	BSF        R1, 0
0x0211	0x2A13      	GOTO       L__exe_cond202
L__exe_cond201:
0x0212	0x1071      	BCF        R1, 0
L__exe_cond202:
0x0213	0x190E      	BTFSC      PORTC, 2
0x0214	0x2A17      	GOTO       L__exe_cond203
0x0215	0x1403      	BSF        STATUS, 0
0x0216	0x2A18      	GOTO       L__exe_cond204
L__exe_cond203:
0x0217	0x1003      	BCF        STATUS, 0
L__exe_cond204:
0x0218	0x1C71      	BTFSS      R1, 0
0x0219	0x2A1E      	GOTO       L__exe_cond205
0x021A	0x1C03      	BTFSS      STATUS, 0
0x021B	0x2A1E      	GOTO       L__exe_cond205
0x021C	0x1471      	BSF        R1, 0
0x021D	0x2A1F      	GOTO       L__exe_cond206
L__exe_cond205:
0x021E	0x1071      	BCF        R1, 0
L__exe_cond206:
0x021F	0x1C71      	BTFSS      R1, 0
0x0220	0x2A25      	GOTO       L__exe_cond207
0x0221	0x1C8E      	BTFSS      PORTC, 1
0x0222	0x2A25      	GOTO       L__exe_cond207
0x0223	0x1403      	BSF        STATUS, 0
0x0224	0x2A26      	GOTO       L__exe_cond208
L__exe_cond207:
0x0225	0x1003      	BCF        STATUS, 0
L__exe_cond208:
0x0226	0x1C03      	BTFSS      STATUS, 0
0x0227	0x2A2C      	GOTO       L__exe_cond209
0x0228	0x1C0E      	BTFSS      PORTC, 0
0x0229	0x2A2C      	GOTO       L__exe_cond209
0x022A	0x1471      	BSF        R1, 0
0x022B	0x2A2D      	GOTO       L__exe_cond210
L__exe_cond209:
0x022C	0x1071      	BCF        R1, 0
L__exe_cond210:
0x022D	0x1C71      	BTFSS      R1, 0
0x022E	0x2A30      	GOTO       L__exe_cond115
0x022F	0x2A31      	GOTO       L_exe_cond28
L__exe_cond115:
0x0230	0x2A32      	GOTO       L_exe_cond25
L_exe_cond28:
;Tractor.c,108 :: 		}
0x0231	0x29E0      	GOTO       L_exe_cond24
L_exe_cond25:
;Tractor.c,109 :: 		guc_buzz_state=1;
0x0232	0x3001      	MOVLW      1
0x0233	0x00A3      	MOVWF      _guc_buzz_state
;Tractor.c,110 :: 		while(COND1);
L_exe_cond29:
0x0234	0x198E      	BTFSC      PORTC, 3
0x0235	0x2A38      	GOTO       L__exe_cond211
0x0236	0x1471      	BSF        R1, 0
0x0237	0x2A39      	GOTO       L__exe_cond212
L__exe_cond211:
0x0238	0x1071      	BCF        R1, 0
L__exe_cond212:
0x0239	0x190E      	BTFSC      PORTC, 2
0x023A	0x2A3D      	GOTO       L__exe_cond213
0x023B	0x1403      	BSF        STATUS, 0
0x023C	0x2A3E      	GOTO       L__exe_cond214
L__exe_cond213:
0x023D	0x1003      	BCF        STATUS, 0
L__exe_cond214:
0x023E	0x1C71      	BTFSS      R1, 0
0x023F	0x2A44      	GOTO       L__exe_cond215
0x0240	0x1C03      	BTFSS      STATUS, 0
0x0241	0x2A44      	GOTO       L__exe_cond215
0x0242	0x1471      	BSF        R1, 0
0x0243	0x2A45      	GOTO       L__exe_cond216
L__exe_cond215:
0x0244	0x1071      	BCF        R1, 0
L__exe_cond216:
0x0245	0x1C71      	BTFSS      R1, 0
0x0246	0x2A4B      	GOTO       L__exe_cond217
0x0247	0x1C8E      	BTFSS      PORTC, 1
0x0248	0x2A4B      	GOTO       L__exe_cond217
0x0249	0x1403      	BSF        STATUS, 0
0x024A	0x2A4C      	GOTO       L__exe_cond218
L__exe_cond217:
0x024B	0x1003      	BCF        STATUS, 0
L__exe_cond218:
0x024C	0x1C03      	BTFSS      STATUS, 0
0x024D	0x2A52      	GOTO       L__exe_cond219
0x024E	0x1C0E      	BTFSS      PORTC, 0
0x024F	0x2A52      	GOTO       L__exe_cond219
0x0250	0x1471      	BSF        R1, 0
0x0251	0x2A53      	GOTO       L__exe_cond220
L__exe_cond219:
0x0252	0x1071      	BCF        R1, 0
L__exe_cond220:
0x0253	0x1C71      	BTFSS      R1, 0
0x0254	0x2A56      	GOTO       L_exe_cond30
0x0255	0x2A34      	GOTO       L_exe_cond29
L_exe_cond30:
;Tractor.c,111 :: 		guc_buzz_state=0;
0x0256	0x01A3      	CLRF       _guc_buzz_state
;Tractor.c,112 :: 		break;
0x0257	0x2DEE      	GOTO       L_exe_cond22
;Tractor.c,113 :: 		case 2: guc_buzz_state=1;
L_exe_cond31:
0x0258	0x3001      	MOVLW      1
0x0259	0x00A3      	MOVWF      _guc_buzz_state
;Tractor.c,114 :: 		while(COND2);
L_exe_cond32:
0x025A	0x198E      	BTFSC      PORTC, 3
0x025B	0x2A5E      	GOTO       L__exe_cond221
0x025C	0x1471      	BSF        R1, 0
0x025D	0x2A5F      	GOTO       L__exe_cond222
L__exe_cond221:
0x025E	0x1071      	BCF        R1, 0
L__exe_cond222:
0x025F	0x190E      	BTFSC      PORTC, 2
0x0260	0x2A63      	GOTO       L__exe_cond223
0x0261	0x1403      	BSF        STATUS, 0
0x0262	0x2A64      	GOTO       L__exe_cond224
L__exe_cond223:
0x0263	0x1003      	BCF        STATUS, 0
L__exe_cond224:
0x0264	0x1C71      	BTFSS      R1, 0
0x0265	0x2A6A      	GOTO       L__exe_cond225
0x0266	0x1C03      	BTFSS      STATUS, 0
0x0267	0x2A6A      	GOTO       L__exe_cond225
0x0268	0x1471      	BSF        R1, 0
0x0269	0x2A6B      	GOTO       L__exe_cond226
L__exe_cond225:
0x026A	0x1071      	BCF        R1, 0
L__exe_cond226:
0x026B	0x1C71      	BTFSS      R1, 0
0x026C	0x2A71      	GOTO       L__exe_cond227
0x026D	0x1C8E      	BTFSS      PORTC, 1
0x026E	0x2A71      	GOTO       L__exe_cond227
0x026F	0x1471      	BSF        R1, 0
0x0270	0x2A72      	GOTO       L__exe_cond228
L__exe_cond227:
0x0271	0x1071      	BCF        R1, 0
L__exe_cond228:
0x0272	0x180E      	BTFSC      PORTC, 0
0x0273	0x2A76      	GOTO       L__exe_cond229
0x0274	0x1403      	BSF        STATUS, 0
0x0275	0x2A77      	GOTO       L__exe_cond230
L__exe_cond229:
0x0276	0x1003      	BCF        STATUS, 0
L__exe_cond230:
0x0277	0x1C71      	BTFSS      R1, 0
0x0278	0x2A7D      	GOTO       L__exe_cond231
0x0279	0x1C03      	BTFSS      STATUS, 0
0x027A	0x2A7D      	GOTO       L__exe_cond231
0x027B	0x1471      	BSF        R1, 0
0x027C	0x2A7E      	GOTO       L__exe_cond232
L__exe_cond231:
0x027D	0x1071      	BCF        R1, 0
L__exe_cond232:
0x027E	0x1C71      	BTFSS      R1, 0
0x027F	0x2A81      	GOTO       L_exe_cond33
0x0280	0x2A5A      	GOTO       L_exe_cond32
L_exe_cond33:
;Tractor.c,115 :: 		guc_buzz_state=0;
0x0281	0x01A3      	CLRF       _guc_buzz_state
;Tractor.c,116 :: 		break;
0x0282	0x2DEE      	GOTO       L_exe_cond22
;Tractor.c,117 :: 		case 3: while(guc_sec<3)
L_exe_cond34:
L_exe_cond35:
0x0283	0x3000      	MOVLW      0
0x0284	0x0225      	SUBWF      _guc_sec+1, 0
0x0285	0x1D03      	BTFSS      STATUS, 2
0x0286	0x2A89      	GOTO       L__exe_cond233
0x0287	0x3003      	MOVLW      3
0x0288	0x0224      	SUBWF      _guc_sec, 0
L__exe_cond233:
0x0289	0x1803      	BTFSC      STATUS, 0
0x028A	0x2AD0      	GOTO       L_exe_cond36
;Tractor.c,119 :: 		if(COND2 || !COND3) break;
0x028B	0x198E      	BTFSC      PORTC, 3
0x028C	0x2A8F      	GOTO       L__exe_cond234
0x028D	0x1471      	BSF        R1, 0
0x028E	0x2A90      	GOTO       L__exe_cond235
L__exe_cond234:
0x028F	0x1071      	BCF        R1, 0
L__exe_cond235:
0x0290	0x190E      	BTFSC      PORTC, 2
0x0291	0x2A94      	GOTO       L__exe_cond236
0x0292	0x1403      	BSF        STATUS, 0
0x0293	0x2A95      	GOTO       L__exe_cond237
L__exe_cond236:
0x0294	0x1003      	BCF        STATUS, 0
L__exe_cond237:
0x0295	0x1C71      	BTFSS      R1, 0
0x0296	0x2A9B      	GOTO       L__exe_cond238
0x0297	0x1C03      	BTFSS      STATUS, 0
0x0298	0x2A9B      	GOTO       L__exe_cond238
0x0299	0x1471      	BSF        R1, 0
0x029A	0x2A9C      	GOTO       L__exe_cond239
L__exe_cond238:
0x029B	0x1071      	BCF        R1, 0
L__exe_cond239:
0x029C	0x1C71      	BTFSS      R1, 0
0x029D	0x2AA2      	GOTO       L__exe_cond240
0x029E	0x1C8E      	BTFSS      PORTC, 1
0x029F	0x2AA2      	GOTO       L__exe_cond240
0x02A0	0x1471      	BSF        R1, 0
0x02A1	0x2AA3      	GOTO       L__exe_cond241
L__exe_cond240:
0x02A2	0x1071      	BCF        R1, 0
L__exe_cond241:
0x02A3	0x180E      	BTFSC      PORTC, 0
0x02A4	0x2AA7      	GOTO       L__exe_cond242
0x02A5	0x1403      	BSF        STATUS, 0
0x02A6	0x2AA8      	GOTO       L__exe_cond243
L__exe_cond242:
0x02A7	0x1003      	BCF        STATUS, 0
L__exe_cond243:
0x02A8	0x1C71      	BTFSS      R1, 0
0x02A9	0x2AAE      	GOTO       L__exe_cond244
0x02AA	0x1C03      	BTFSS      STATUS, 0
0x02AB	0x2AAE      	GOTO       L__exe_cond244
0x02AC	0x1471      	BSF        R1, 0
0x02AD	0x2AAF      	GOTO       L__exe_cond245
L__exe_cond244:
0x02AE	0x1071      	BCF        R1, 0
L__exe_cond245:
0x02AF	0x1871      	BTFSC      R1, 0
0x02B0	0x2ACE      	GOTO       L__exe_cond114
0x02B1	0x198E      	BTFSC      PORTC, 3
0x02B2	0x2AB5      	GOTO       L__exe_cond246
0x02B3	0x1403      	BSF        STATUS, 0
0x02B4	0x2AB6      	GOTO       L__exe_cond247
L__exe_cond246:
0x02B5	0x1003      	BCF        STATUS, 0
L__exe_cond247:
0x02B6	0x1C03      	BTFSS      STATUS, 0
0x02B7	0x2ABC      	GOTO       L__exe_cond248
0x02B8	0x1D0E      	BTFSS      PORTC, 2
0x02B9	0x2ABC      	GOTO       L__exe_cond248
0x02BA	0x1471      	BSF        R1, 0
0x02BB	0x2ABD      	GOTO       L__exe_cond249
L__exe_cond248:
0x02BC	0x1071      	BCF        R1, 0
L__exe_cond249:
0x02BD	0x1C71      	BTFSS      R1, 0
0x02BE	0x2AC3      	GOTO       L__exe_cond250
0x02BF	0x1C8E      	BTFSS      PORTC, 1
0x02C0	0x2AC3      	GOTO       L__exe_cond250
0x02C1	0x1403      	BSF        STATUS, 0
0x02C2	0x2AC4      	GOTO       L__exe_cond251
L__exe_cond250:
0x02C3	0x1003      	BCF        STATUS, 0
L__exe_cond251:
0x02C4	0x1C03      	BTFSS      STATUS, 0
0x02C5	0x2ACA      	GOTO       L__exe_cond252
0x02C6	0x1C0E      	BTFSS      PORTC, 0
0x02C7	0x2ACA      	GOTO       L__exe_cond252
0x02C8	0x1471      	BSF        R1, 0
0x02C9	0x2ACB      	GOTO       L__exe_cond253
L__exe_cond252:
0x02CA	0x1071      	BCF        R1, 0
L__exe_cond253:
0x02CB	0x1C71      	BTFSS      R1, 0
0x02CC	0x2ACE      	GOTO       L__exe_cond114
0x02CD	0x2ACF      	GOTO       L_exe_cond39
L__exe_cond114:
0x02CE	0x2AD0      	GOTO       L_exe_cond36
L_exe_cond39:
;Tractor.c,120 :: 		}
0x02CF	0x2A83      	GOTO       L_exe_cond35
L_exe_cond36:
;Tractor.c,121 :: 		guc_buzz_state=1;
0x02D0	0x3001      	MOVLW      1
0x02D1	0x00A3      	MOVWF      _guc_buzz_state
;Tractor.c,122 :: 		guc_sec=0;
0x02D2	0x01A4      	CLRF       _guc_sec
0x02D3	0x01A5      	CLRF       _guc_sec+1
;Tractor.c,123 :: 		while(guc_sec<5)
L_exe_cond40:
0x02D4	0x3000      	MOVLW      0
0x02D5	0x0225      	SUBWF      _guc_sec+1, 0
0x02D6	0x1D03      	BTFSS      STATUS, 2
0x02D7	0x2ADA      	GOTO       L__exe_cond254
0x02D8	0x3005      	MOVLW      5
0x02D9	0x0224      	SUBWF      _guc_sec, 0
L__exe_cond254:
0x02DA	0x1803      	BTFSC      STATUS, 0
0x02DB	0x2B21      	GOTO       L_exe_cond41
;Tractor.c,125 :: 		if(COND2 || !COND3) break;
0x02DC	0x198E      	BTFSC      PORTC, 3
0x02DD	0x2AE0      	GOTO       L__exe_cond255
0x02DE	0x1471      	BSF        R1, 0
0x02DF	0x2AE1      	GOTO       L__exe_cond256
L__exe_cond255:
0x02E0	0x1071      	BCF        R1, 0
L__exe_cond256:
0x02E1	0x190E      	BTFSC      PORTC, 2
0x02E2	0x2AE5      	GOTO       L__exe_cond257
0x02E3	0x1403      	BSF        STATUS, 0
0x02E4	0x2AE6      	GOTO       L__exe_cond258
L__exe_cond257:
0x02E5	0x1003      	BCF        STATUS, 0
L__exe_cond258:
0x02E6	0x1C71      	BTFSS      R1, 0
0x02E7	0x2AEC      	GOTO       L__exe_cond259
0x02E8	0x1C03      	BTFSS      STATUS, 0
0x02E9	0x2AEC      	GOTO       L__exe_cond259
0x02EA	0x1471      	BSF        R1, 0
0x02EB	0x2AED      	GOTO       L__exe_cond260
L__exe_cond259:
0x02EC	0x1071      	BCF        R1, 0
L__exe_cond260:
0x02ED	0x1C71      	BTFSS      R1, 0
0x02EE	0x2AF3      	GOTO       L__exe_cond261
0x02EF	0x1C8E      	BTFSS      PORTC, 1
0x02F0	0x2AF3      	GOTO       L__exe_cond261
0x02F1	0x1471      	BSF        R1, 0
0x02F2	0x2AF4      	GOTO       L__exe_cond262
L__exe_cond261:
0x02F3	0x1071      	BCF        R1, 0
L__exe_cond262:
0x02F4	0x180E      	BTFSC      PORTC, 0
0x02F5	0x2AF8      	GOTO       L__exe_cond263
0x02F6	0x1403      	BSF        STATUS, 0
0x02F7	0x2AF9      	GOTO       L__exe_cond264
L__exe_cond263:
0x02F8	0x1003      	BCF        STATUS, 0
L__exe_cond264:
0x02F9	0x1C71      	BTFSS      R1, 0
0x02FA	0x2AFF      	GOTO       L__exe_cond265
0x02FB	0x1C03      	BTFSS      STATUS, 0
0x02FC	0x2AFF      	GOTO       L__exe_cond265
0x02FD	0x1471      	BSF        R1, 0
0x02FE	0x2B00      	GOTO       L__exe_cond266
L__exe_cond265:
0x02FF	0x1071      	BCF        R1, 0
L__exe_cond266:
0x0300	0x1871      	BTFSC      R1, 0
0x0301	0x2B1F      	GOTO       L__exe_cond113
0x0302	0x198E      	BTFSC      PORTC, 3
0x0303	0x2B06      	GOTO       L__exe_cond267
0x0304	0x1403      	BSF        STATUS, 0
0x0305	0x2B07      	GOTO       L__exe_cond268
L__exe_cond267:
0x0306	0x1003      	BCF        STATUS, 0
L__exe_cond268:
0x0307	0x1C03      	BTFSS      STATUS, 0
0x0308	0x2B0D      	GOTO       L__exe_cond269
0x0309	0x1D0E      	BTFSS      PORTC, 2
0x030A	0x2B0D      	GOTO       L__exe_cond269
0x030B	0x1471      	BSF        R1, 0
0x030C	0x2B0E      	GOTO       L__exe_cond270
L__exe_cond269:
0x030D	0x1071      	BCF        R1, 0
L__exe_cond270:
0x030E	0x1C71      	BTFSS      R1, 0
0x030F	0x2B14      	GOTO       L__exe_cond271
0x0310	0x1C8E      	BTFSS      PORTC, 1
0x0311	0x2B14      	GOTO       L__exe_cond271
0x0312	0x1403      	BSF        STATUS, 0
0x0313	0x2B15      	GOTO       L__exe_cond272
L__exe_cond271:
0x0314	0x1003      	BCF        STATUS, 0
L__exe_cond272:
0x0315	0x1C03      	BTFSS      STATUS, 0
0x0316	0x2B1B      	GOTO       L__exe_cond273
0x0317	0x1C0E      	BTFSS      PORTC, 0
0x0318	0x2B1B      	GOTO       L__exe_cond273
0x0319	0x1471      	BSF        R1, 0
0x031A	0x2B1C      	GOTO       L__exe_cond274
L__exe_cond273:
0x031B	0x1071      	BCF        R1, 0
L__exe_cond274:
0x031C	0x1C71      	BTFSS      R1, 0
0x031D	0x2B1F      	GOTO       L__exe_cond113
0x031E	0x2B20      	GOTO       L_exe_cond44
L__exe_cond113:
0x031F	0x2B21      	GOTO       L_exe_cond41
L_exe_cond44:
;Tractor.c,126 :: 		}
0x0320	0x2AD4      	GOTO       L_exe_cond40
L_exe_cond41:
;Tractor.c,127 :: 		guc_buzz_state=0;guc_sec=0;
0x0321	0x01A3      	CLRF       _guc_buzz_state
0x0322	0x01A4      	CLRF       _guc_sec
0x0323	0x01A5      	CLRF       _guc_sec+1
;Tractor.c,128 :: 		RELAY = 1;
0x0324	0x160E      	BSF        PORTC, 4
;Tractor.c,129 :: 		while(guc_sec<10)
L_exe_cond45:
0x0325	0x3000      	MOVLW      0
0x0326	0x0225      	SUBWF      _guc_sec+1, 0
0x0327	0x1D03      	BTFSS      STATUS, 2
0x0328	0x2B2B      	GOTO       L__exe_cond275
0x0329	0x300A      	MOVLW      10
0x032A	0x0224      	SUBWF      _guc_sec, 0
L__exe_cond275:
0x032B	0x1803      	BTFSC      STATUS, 0
0x032C	0x2B72      	GOTO       L_exe_cond46
;Tractor.c,131 :: 		if(COND2 || !COND3) break;
0x032D	0x198E      	BTFSC      PORTC, 3
0x032E	0x2B31      	GOTO       L__exe_cond276
0x032F	0x1471      	BSF        R1, 0
0x0330	0x2B32      	GOTO       L__exe_cond277
L__exe_cond276:
0x0331	0x1071      	BCF        R1, 0
L__exe_cond277:
0x0332	0x190E      	BTFSC      PORTC, 2
0x0333	0x2B36      	GOTO       L__exe_cond278
0x0334	0x1403      	BSF        STATUS, 0
0x0335	0x2B37      	GOTO       L__exe_cond279
L__exe_cond278:
0x0336	0x1003      	BCF        STATUS, 0
L__exe_cond279:
0x0337	0x1C71      	BTFSS      R1, 0
0x0338	0x2B3D      	GOTO       L__exe_cond280
0x0339	0x1C03      	BTFSS      STATUS, 0
0x033A	0x2B3D      	GOTO       L__exe_cond280
0x033B	0x1471      	BSF        R1, 0
0x033C	0x2B3E      	GOTO       L__exe_cond281
L__exe_cond280:
0x033D	0x1071      	BCF        R1, 0
L__exe_cond281:
0x033E	0x1C71      	BTFSS      R1, 0
0x033F	0x2B44      	GOTO       L__exe_cond282
0x0340	0x1C8E      	BTFSS      PORTC, 1
0x0341	0x2B44      	GOTO       L__exe_cond282
0x0342	0x1471      	BSF        R1, 0
0x0343	0x2B45      	GOTO       L__exe_cond283
L__exe_cond282:
0x0344	0x1071      	BCF        R1, 0
L__exe_cond283:
0x0345	0x180E      	BTFSC      PORTC, 0
0x0346	0x2B49      	GOTO       L__exe_cond284
0x0347	0x1403      	BSF        STATUS, 0
0x0348	0x2B4A      	GOTO       L__exe_cond285
L__exe_cond284:
0x0349	0x1003      	BCF        STATUS, 0
L__exe_cond285:
0x034A	0x1C71      	BTFSS      R1, 0
0x034B	0x2B50      	GOTO       L__exe_cond286
0x034C	0x1C03      	BTFSS      STATUS, 0
0x034D	0x2B50      	GOTO       L__exe_cond286
0x034E	0x1471      	BSF        R1, 0
0x034F	0x2B51      	GOTO       L__exe_cond287
L__exe_cond286:
0x0350	0x1071      	BCF        R1, 0
L__exe_cond287:
0x0351	0x1871      	BTFSC      R1, 0
0x0352	0x2B70      	GOTO       L__exe_cond112
0x0353	0x198E      	BTFSC      PORTC, 3
0x0354	0x2B57      	GOTO       L__exe_cond288
0x0355	0x1403      	BSF        STATUS, 0
0x0356	0x2B58      	GOTO       L__exe_cond289
L__exe_cond288:
0x0357	0x1003      	BCF        STATUS, 0
L__exe_cond289:
0x0358	0x1C03      	BTFSS      STATUS, 0
0x0359	0x2B5E      	GOTO       L__exe_cond290
0x035A	0x1D0E      	BTFSS      PORTC, 2
0x035B	0x2B5E      	GOTO       L__exe_cond290
0x035C	0x1471      	BSF        R1, 0
0x035D	0x2B5F      	GOTO       L__exe_cond291
L__exe_cond290:
0x035E	0x1071      	BCF        R1, 0
L__exe_cond291:
0x035F	0x1C71      	BTFSS      R1, 0
0x0360	0x2B65      	GOTO       L__exe_cond292
0x0361	0x1C8E      	BTFSS      PORTC, 1
0x0362	0x2B65      	GOTO       L__exe_cond292
0x0363	0x1403      	BSF        STATUS, 0
0x0364	0x2B66      	GOTO       L__exe_cond293
L__exe_cond292:
0x0365	0x1003      	BCF        STATUS, 0
L__exe_cond293:
0x0366	0x1C03      	BTFSS      STATUS, 0
0x0367	0x2B6C      	GOTO       L__exe_cond294
0x0368	0x1C0E      	BTFSS      PORTC, 0
0x0369	0x2B6C      	GOTO       L__exe_cond294
0x036A	0x1471      	BSF        R1, 0
0x036B	0x2B6D      	GOTO       L__exe_cond295
L__exe_cond294:
0x036C	0x1071      	BCF        R1, 0
L__exe_cond295:
0x036D	0x1C71      	BTFSS      R1, 0
0x036E	0x2B70      	GOTO       L__exe_cond112
0x036F	0x2B71      	GOTO       L_exe_cond49
L__exe_cond112:
0x0370	0x2B72      	GOTO       L_exe_cond46
L_exe_cond49:
;Tractor.c,132 :: 		}
0x0371	0x2B25      	GOTO       L_exe_cond45
L_exe_cond46:
;Tractor.c,133 :: 		RELAY = 0;
0x0372	0x120E      	BCF        PORTC, 4
;Tractor.c,134 :: 		break;
0x0373	0x2DEE      	GOTO       L_exe_cond22
;Tractor.c,135 :: 		case 4: while(guc_sec<3)
L_exe_cond50:
L_exe_cond51:
0x0374	0x3000      	MOVLW      0
0x0375	0x0225      	SUBWF      _guc_sec+1, 0
0x0376	0x1D03      	BTFSS      STATUS, 2
0x0377	0x2B7A      	GOTO       L__exe_cond296
0x0378	0x3003      	MOVLW      3
0x0379	0x0224      	SUBWF      _guc_sec, 0
L__exe_cond296:
0x037A	0x1803      	BTFSC      STATUS, 0
0x037B	0x2BC6      	GOTO       L_exe_cond52
;Tractor.c,137 :: 		if(COND2 || !COND4) break;
0x037C	0x198E      	BTFSC      PORTC, 3
0x037D	0x2B80      	GOTO       L__exe_cond297
0x037E	0x1471      	BSF        R1, 0
0x037F	0x2B81      	GOTO       L__exe_cond298
L__exe_cond297:
0x0380	0x1071      	BCF        R1, 0
L__exe_cond298:
0x0381	0x190E      	BTFSC      PORTC, 2
0x0382	0x2B85      	GOTO       L__exe_cond299
0x0383	0x1403      	BSF        STATUS, 0
0x0384	0x2B86      	GOTO       L__exe_cond300
L__exe_cond299:
0x0385	0x1003      	BCF        STATUS, 0
L__exe_cond300:
0x0386	0x1C71      	BTFSS      R1, 0
0x0387	0x2B8C      	GOTO       L__exe_cond301
0x0388	0x1C03      	BTFSS      STATUS, 0
0x0389	0x2B8C      	GOTO       L__exe_cond301
0x038A	0x1471      	BSF        R1, 0
0x038B	0x2B8D      	GOTO       L__exe_cond302
L__exe_cond301:
0x038C	0x1071      	BCF        R1, 0
L__exe_cond302:
0x038D	0x1C71      	BTFSS      R1, 0
0x038E	0x2B93      	GOTO       L__exe_cond303
0x038F	0x1C8E      	BTFSS      PORTC, 1
0x0390	0x2B93      	GOTO       L__exe_cond303
0x0391	0x1471      	BSF        R1, 0
0x0392	0x2B94      	GOTO       L__exe_cond304
L__exe_cond303:
0x0393	0x1071      	BCF        R1, 0
L__exe_cond304:
0x0394	0x180E      	BTFSC      PORTC, 0
0x0395	0x2B98      	GOTO       L__exe_cond305
0x0396	0x1403      	BSF        STATUS, 0
0x0397	0x2B99      	GOTO       L__exe_cond306
L__exe_cond305:
0x0398	0x1003      	BCF        STATUS, 0
L__exe_cond306:
0x0399	0x1C71      	BTFSS      R1, 0
0x039A	0x2B9F      	GOTO       L__exe_cond307
0x039B	0x1C03      	BTFSS      STATUS, 0
0x039C	0x2B9F      	GOTO       L__exe_cond307
0x039D	0x1471      	BSF        R1, 0
0x039E	0x2BA0      	GOTO       L__exe_cond308
L__exe_cond307:
0x039F	0x1071      	BCF        R1, 0
L__exe_cond308:
0x03A0	0x1871      	BTFSC      R1, 0
0x03A1	0x2BC4      	GOTO       L__exe_cond111
0x03A2	0x198E      	BTFSC      PORTC, 3
0x03A3	0x2BA6      	GOTO       L__exe_cond309
0x03A4	0x1403      	BSF        STATUS, 0
0x03A5	0x2BA7      	GOTO       L__exe_cond310
L__exe_cond309:
0x03A6	0x1003      	BCF        STATUS, 0
L__exe_cond310:
0x03A7	0x1C03      	BTFSS      STATUS, 0
0x03A8	0x2BAD      	GOTO       L__exe_cond311
0x03A9	0x1D0E      	BTFSS      PORTC, 2
0x03AA	0x2BAD      	GOTO       L__exe_cond311
0x03AB	0x1471      	BSF        R1, 0
0x03AC	0x2BAE      	GOTO       L__exe_cond312
L__exe_cond311:
0x03AD	0x1071      	BCF        R1, 0
L__exe_cond312:
0x03AE	0x1C71      	BTFSS      R1, 0
0x03AF	0x2BB4      	GOTO       L__exe_cond313
0x03B0	0x1C8E      	BTFSS      PORTC, 1
0x03B1	0x2BB4      	GOTO       L__exe_cond313
0x03B2	0x1471      	BSF        R1, 0
0x03B3	0x2BB5      	GOTO       L__exe_cond314
L__exe_cond313:
0x03B4	0x1071      	BCF        R1, 0
L__exe_cond314:
0x03B5	0x180E      	BTFSC      PORTC, 0
0x03B6	0x2BB9      	GOTO       L__exe_cond315
0x03B7	0x1403      	BSF        STATUS, 0
0x03B8	0x2BBA      	GOTO       L__exe_cond316
L__exe_cond315:
0x03B9	0x1003      	BCF        STATUS, 0
L__exe_cond316:
0x03BA	0x1C71      	BTFSS      R1, 0
0x03BB	0x2BC0      	GOTO       L__exe_cond317
0x03BC	0x1C03      	BTFSS      STATUS, 0
0x03BD	0x2BC0      	GOTO       L__exe_cond317
0x03BE	0x1471      	BSF        R1, 0
0x03BF	0x2BC1      	GOTO       L__exe_cond318
L__exe_cond317:
0x03C0	0x1071      	BCF        R1, 0
L__exe_cond318:
0x03C1	0x1C71      	BTFSS      R1, 0
0x03C2	0x2BC4      	GOTO       L__exe_cond111
0x03C3	0x2BC5      	GOTO       L_exe_cond55
L__exe_cond111:
0x03C4	0x2BC6      	GOTO       L_exe_cond52
L_exe_cond55:
;Tractor.c,138 :: 		}
0x03C5	0x2B74      	GOTO       L_exe_cond51
L_exe_cond52:
;Tractor.c,139 :: 		guc_buzz_state=1;
0x03C6	0x3001      	MOVLW      1
0x03C7	0x00A3      	MOVWF      _guc_buzz_state
;Tractor.c,140 :: 		guc_sec=0;
0x03C8	0x01A4      	CLRF       _guc_sec
0x03C9	0x01A5      	CLRF       _guc_sec+1
;Tractor.c,141 :: 		while(guc_sec<5)
L_exe_cond56:
0x03CA	0x3000      	MOVLW      0
0x03CB	0x0225      	SUBWF      _guc_sec+1, 0
0x03CC	0x1D03      	BTFSS      STATUS, 2
0x03CD	0x2BD0      	GOTO       L__exe_cond319
0x03CE	0x3005      	MOVLW      5
0x03CF	0x0224      	SUBWF      _guc_sec, 0
L__exe_cond319:
0x03D0	0x1803      	BTFSC      STATUS, 0
0x03D1	0x2C1C      	GOTO       L_exe_cond57
;Tractor.c,143 :: 		if(COND2 || !COND4) break;
0x03D2	0x198E      	BTFSC      PORTC, 3
0x03D3	0x2BD6      	GOTO       L__exe_cond320
0x03D4	0x1471      	BSF        R1, 0
0x03D5	0x2BD7      	GOTO       L__exe_cond321
L__exe_cond320:
0x03D6	0x1071      	BCF        R1, 0
L__exe_cond321:
0x03D7	0x190E      	BTFSC      PORTC, 2
0x03D8	0x2BDB      	GOTO       L__exe_cond322
0x03D9	0x1403      	BSF        STATUS, 0
0x03DA	0x2BDC      	GOTO       L__exe_cond323
L__exe_cond322:
0x03DB	0x1003      	BCF        STATUS, 0
L__exe_cond323:
0x03DC	0x1C71      	BTFSS      R1, 0
0x03DD	0x2BE2      	GOTO       L__exe_cond324
0x03DE	0x1C03      	BTFSS      STATUS, 0
0x03DF	0x2BE2      	GOTO       L__exe_cond324
0x03E0	0x1471      	BSF        R1, 0
0x03E1	0x2BE3      	GOTO       L__exe_cond325
L__exe_cond324:
0x03E2	0x1071      	BCF        R1, 0
L__exe_cond325:
0x03E3	0x1C71      	BTFSS      R1, 0
0x03E4	0x2BE9      	GOTO       L__exe_cond326
0x03E5	0x1C8E      	BTFSS      PORTC, 1
0x03E6	0x2BE9      	GOTO       L__exe_cond326
0x03E7	0x1471      	BSF        R1, 0
0x03E8	0x2BEA      	GOTO       L__exe_cond327
L__exe_cond326:
0x03E9	0x1071      	BCF        R1, 0
L__exe_cond327:
0x03EA	0x180E      	BTFSC      PORTC, 0
0x03EB	0x2BEE      	GOTO       L__exe_cond328
0x03EC	0x1403      	BSF        STATUS, 0
0x03ED	0x2BEF      	GOTO       L__exe_cond329
L__exe_cond328:
0x03EE	0x1003      	BCF        STATUS, 0
L__exe_cond329:
0x03EF	0x1C71      	BTFSS      R1, 0
0x03F0	0x2BF5      	GOTO       L__exe_cond330
0x03F1	0x1C03      	BTFSS      STATUS, 0
0x03F2	0x2BF5      	GOTO       L__exe_cond330
0x03F3	0x1471      	BSF        R1, 0
0x03F4	0x2BF6      	GOTO       L__exe_cond331
L__exe_cond330:
0x03F5	0x1071      	BCF        R1, 0
L__exe_cond331:
0x03F6	0x1871      	BTFSC      R1, 0
0x03F7	0x2C1A      	GOTO       L__exe_cond110
0x03F8	0x198E      	BTFSC      PORTC, 3
0x03F9	0x2BFC      	GOTO       L__exe_cond332
0x03FA	0x1403      	BSF        STATUS, 0
0x03FB	0x2BFD      	GOTO       L__exe_cond333
L__exe_cond332:
0x03FC	0x1003      	BCF        STATUS, 0
L__exe_cond333:
0x03FD	0x1C03      	BTFSS      STATUS, 0
0x03FE	0x2C03      	GOTO       L__exe_cond334
0x03FF	0x1D0E      	BTFSS      PORTC, 2
0x0400	0x2C03      	GOTO       L__exe_cond334
0x0401	0x1471      	BSF        R1, 0
0x0402	0x2C04      	GOTO       L__exe_cond335
L__exe_cond334:
0x0403	0x1071      	BCF        R1, 0
L__exe_cond335:
0x0404	0x1C71      	BTFSS      R1, 0
0x0405	0x2C0A      	GOTO       L__exe_cond336
0x0406	0x1C8E      	BTFSS      PORTC, 1
0x0407	0x2C0A      	GOTO       L__exe_cond336
0x0408	0x1471      	BSF        R1, 0
0x0409	0x2C0B      	GOTO       L__exe_cond337
L__exe_cond336:
0x040A	0x1071      	BCF        R1, 0
L__exe_cond337:
0x040B	0x180E      	BTFSC      PORTC, 0
0x040C	0x2C0F      	GOTO       L__exe_cond338
0x040D	0x1403      	BSF        STATUS, 0
0x040E	0x2C10      	GOTO       L__exe_cond339
L__exe_cond338:
0x040F	0x1003      	BCF        STATUS, 0
L__exe_cond339:
0x0410	0x1C71      	BTFSS      R1, 0
0x0411	0x2C16      	GOTO       L__exe_cond340
0x0412	0x1C03      	BTFSS      STATUS, 0
0x0413	0x2C16      	GOTO       L__exe_cond340
0x0414	0x1471      	BSF        R1, 0
0x0415	0x2C17      	GOTO       L__exe_cond341
L__exe_cond340:
0x0416	0x1071      	BCF        R1, 0
L__exe_cond341:
0x0417	0x1C71      	BTFSS      R1, 0
0x0418	0x2C1A      	GOTO       L__exe_cond110
0x0419	0x2C1B      	GOTO       L_exe_cond60
L__exe_cond110:
0x041A	0x2C1C      	GOTO       L_exe_cond57
L_exe_cond60:
;Tractor.c,144 :: 		}
0x041B	0x2BCA      	GOTO       L_exe_cond56
L_exe_cond57:
;Tractor.c,145 :: 		guc_buzz_state=0;guc_sec=0;
0x041C	0x01A3      	CLRF       _guc_buzz_state
0x041D	0x01A4      	CLRF       _guc_sec
0x041E	0x01A5      	CLRF       _guc_sec+1
;Tractor.c,146 :: 		RELAY = 1;
0x041F	0x160E      	BSF        PORTC, 4
;Tractor.c,147 :: 		while(guc_sec < 10)
L_exe_cond61:
0x0420	0x3000      	MOVLW      0
0x0421	0x0225      	SUBWF      _guc_sec+1, 0
0x0422	0x1D03      	BTFSS      STATUS, 2
0x0423	0x2C26      	GOTO       L__exe_cond342
0x0424	0x300A      	MOVLW      10
0x0425	0x0224      	SUBWF      _guc_sec, 0
L__exe_cond342:
0x0426	0x1803      	BTFSC      STATUS, 0
0x0427	0x2C72      	GOTO       L_exe_cond62
;Tractor.c,149 :: 		if(COND2 || !COND4) break;
0x0428	0x198E      	BTFSC      PORTC, 3
0x0429	0x2C2C      	GOTO       L__exe_cond343
0x042A	0x1471      	BSF        R1, 0
0x042B	0x2C2D      	GOTO       L__exe_cond344
L__exe_cond343:
0x042C	0x1071      	BCF        R1, 0
L__exe_cond344:
0x042D	0x190E      	BTFSC      PORTC, 2
0x042E	0x2C31      	GOTO       L__exe_cond345
0x042F	0x1403      	BSF        STATUS, 0
0x0430	0x2C32      	GOTO       L__exe_cond346
L__exe_cond345:
0x0431	0x1003      	BCF        STATUS, 0
L__exe_cond346:
0x0432	0x1C71      	BTFSS      R1, 0
0x0433	0x2C38      	GOTO       L__exe_cond347
0x0434	0x1C03      	BTFSS      STATUS, 0
0x0435	0x2C38      	GOTO       L__exe_cond347
0x0436	0x1471      	BSF        R1, 0
0x0437	0x2C39      	GOTO       L__exe_cond348
L__exe_cond347:
0x0438	0x1071      	BCF        R1, 0
L__exe_cond348:
0x0439	0x1C71      	BTFSS      R1, 0
0x043A	0x2C3F      	GOTO       L__exe_cond349
0x043B	0x1C8E      	BTFSS      PORTC, 1
0x043C	0x2C3F      	GOTO       L__exe_cond349
0x043D	0x1471      	BSF        R1, 0
0x043E	0x2C40      	GOTO       L__exe_cond350
L__exe_cond349:
0x043F	0x1071      	BCF        R1, 0
L__exe_cond350:
0x0440	0x180E      	BTFSC      PORTC, 0
0x0441	0x2C44      	GOTO       L__exe_cond351
0x0442	0x1403      	BSF        STATUS, 0
0x0443	0x2C45      	GOTO       L__exe_cond352
L__exe_cond351:
0x0444	0x1003      	BCF        STATUS, 0
L__exe_cond352:
0x0445	0x1C71      	BTFSS      R1, 0
0x0446	0x2C4B      	GOTO       L__exe_cond353
0x0447	0x1C03      	BTFSS      STATUS, 0
0x0448	0x2C4B      	GOTO       L__exe_cond353
0x0449	0x1471      	BSF        R1, 0
0x044A	0x2C4C      	GOTO       L__exe_cond354
L__exe_cond353:
0x044B	0x1071      	BCF        R1, 0
L__exe_cond354:
0x044C	0x1871      	BTFSC      R1, 0
0x044D	0x2C70      	GOTO       L__exe_cond109
0x044E	0x198E      	BTFSC      PORTC, 3
0x044F	0x2C52      	GOTO       L__exe_cond355
0x0450	0x1403      	BSF        STATUS, 0
0x0451	0x2C53      	GOTO       L__exe_cond356
L__exe_cond355:
0x0452	0x1003      	BCF        STATUS, 0
L__exe_cond356:
0x0453	0x1C03      	BTFSS      STATUS, 0
0x0454	0x2C59      	GOTO       L__exe_cond357
0x0455	0x1D0E      	BTFSS      PORTC, 2
0x0456	0x2C59      	GOTO       L__exe_cond357
0x0457	0x1471      	BSF        R1, 0
0x0458	0x2C5A      	GOTO       L__exe_cond358
L__exe_cond357:
0x0459	0x1071      	BCF        R1, 0
L__exe_cond358:
0x045A	0x1C71      	BTFSS      R1, 0
0x045B	0x2C60      	GOTO       L__exe_cond359
0x045C	0x1C8E      	BTFSS      PORTC, 1
0x045D	0x2C60      	GOTO       L__exe_cond359
0x045E	0x1471      	BSF        R1, 0
0x045F	0x2C61      	GOTO       L__exe_cond360
L__exe_cond359:
0x0460	0x1071      	BCF        R1, 0
L__exe_cond360:
0x0461	0x180E      	BTFSC      PORTC, 0
0x0462	0x2C65      	GOTO       L__exe_cond361
0x0463	0x1403      	BSF        STATUS, 0
0x0464	0x2C66      	GOTO       L__exe_cond362
L__exe_cond361:
0x0465	0x1003      	BCF        STATUS, 0
L__exe_cond362:
0x0466	0x1C71      	BTFSS      R1, 0
0x0467	0x2C6C      	GOTO       L__exe_cond363
0x0468	0x1C03      	BTFSS      STATUS, 0
0x0469	0x2C6C      	GOTO       L__exe_cond363
0x046A	0x1471      	BSF        R1, 0
0x046B	0x2C6D      	GOTO       L__exe_cond364
L__exe_cond363:
0x046C	0x1071      	BCF        R1, 0
L__exe_cond364:
0x046D	0x1C71      	BTFSS      R1, 0
0x046E	0x2C70      	GOTO       L__exe_cond109
0x046F	0x2C71      	GOTO       L_exe_cond65
L__exe_cond109:
0x0470	0x2C72      	GOTO       L_exe_cond62
L_exe_cond65:
;Tractor.c,150 :: 		}
0x0471	0x2C20      	GOTO       L_exe_cond61
L_exe_cond62:
;Tractor.c,151 :: 		RELAY = 0;
0x0472	0x120E      	BCF        PORTC, 4
;Tractor.c,152 :: 		break;
0x0473	0x2DEE      	GOTO       L_exe_cond22
;Tractor.c,153 :: 		case 5: while(guc_sec<3)
L_exe_cond66:
L_exe_cond67:
0x0474	0x3000      	MOVLW      0
0x0475	0x0225      	SUBWF      _guc_sec+1, 0
0x0476	0x1D03      	BTFSS      STATUS, 2
0x0477	0x2C7A      	GOTO       L__exe_cond365
0x0478	0x3003      	MOVLW      3
0x0479	0x0224      	SUBWF      _guc_sec, 0
L__exe_cond365:
0x047A	0x1803      	BTFSC      STATUS, 0
0x047B	0x2CC6      	GOTO       L_exe_cond68
;Tractor.c,155 :: 		if(COND2 || !COND5) break;
0x047C	0x198E      	BTFSC      PORTC, 3
0x047D	0x2C80      	GOTO       L__exe_cond366
0x047E	0x1471      	BSF        R1, 0
0x047F	0x2C81      	GOTO       L__exe_cond367
L__exe_cond366:
0x0480	0x1071      	BCF        R1, 0
L__exe_cond367:
0x0481	0x190E      	BTFSC      PORTC, 2
0x0482	0x2C85      	GOTO       L__exe_cond368
0x0483	0x1403      	BSF        STATUS, 0
0x0484	0x2C86      	GOTO       L__exe_cond369
L__exe_cond368:
0x0485	0x1003      	BCF        STATUS, 0
L__exe_cond369:
0x0486	0x1C71      	BTFSS      R1, 0
0x0487	0x2C8C      	GOTO       L__exe_cond370
0x0488	0x1C03      	BTFSS      STATUS, 0
0x0489	0x2C8C      	GOTO       L__exe_cond370
0x048A	0x1471      	BSF        R1, 0
0x048B	0x2C8D      	GOTO       L__exe_cond371
L__exe_cond370:
0x048C	0x1071      	BCF        R1, 0
L__exe_cond371:
0x048D	0x1C71      	BTFSS      R1, 0
0x048E	0x2C93      	GOTO       L__exe_cond372
0x048F	0x1C8E      	BTFSS      PORTC, 1
0x0490	0x2C93      	GOTO       L__exe_cond372
0x0491	0x1471      	BSF        R1, 0
0x0492	0x2C94      	GOTO       L__exe_cond373
L__exe_cond372:
0x0493	0x1071      	BCF        R1, 0
L__exe_cond373:
0x0494	0x180E      	BTFSC      PORTC, 0
0x0495	0x2C98      	GOTO       L__exe_cond374
0x0496	0x1403      	BSF        STATUS, 0
0x0497	0x2C99      	GOTO       L__exe_cond375
L__exe_cond374:
0x0498	0x1003      	BCF        STATUS, 0
L__exe_cond375:
0x0499	0x1C71      	BTFSS      R1, 0
0x049A	0x2C9F      	GOTO       L__exe_cond376
0x049B	0x1C03      	BTFSS      STATUS, 0
0x049C	0x2C9F      	GOTO       L__exe_cond376
0x049D	0x1471      	BSF        R1, 0
0x049E	0x2CA0      	GOTO       L__exe_cond377
L__exe_cond376:
0x049F	0x1071      	BCF        R1, 0
L__exe_cond377:
0x04A0	0x1871      	BTFSC      R1, 0
0x04A1	0x2CC4      	GOTO       L__exe_cond108
0x04A2	0x198E      	BTFSC      PORTC, 3
0x04A3	0x2CA6      	GOTO       L__exe_cond378
0x04A4	0x1403      	BSF        STATUS, 0
0x04A5	0x2CA7      	GOTO       L__exe_cond379
L__exe_cond378:
0x04A6	0x1003      	BCF        STATUS, 0
L__exe_cond379:
0x04A7	0x1C03      	BTFSS      STATUS, 0
0x04A8	0x2CAD      	GOTO       L__exe_cond380
0x04A9	0x1D0E      	BTFSS      PORTC, 2
0x04AA	0x2CAD      	GOTO       L__exe_cond380
0x04AB	0x1471      	BSF        R1, 0
0x04AC	0x2CAE      	GOTO       L__exe_cond381
L__exe_cond380:
0x04AD	0x1071      	BCF        R1, 0
L__exe_cond381:
0x04AE	0x188E      	BTFSC      PORTC, 1
0x04AF	0x2CB2      	GOTO       L__exe_cond382
0x04B0	0x1403      	BSF        STATUS, 0
0x04B1	0x2CB3      	GOTO       L__exe_cond383
L__exe_cond382:
0x04B2	0x1003      	BCF        STATUS, 0
L__exe_cond383:
0x04B3	0x1C71      	BTFSS      R1, 0
0x04B4	0x2CB9      	GOTO       L__exe_cond384
0x04B5	0x1C03      	BTFSS      STATUS, 0
0x04B6	0x2CB9      	GOTO       L__exe_cond384
0x04B7	0x1471      	BSF        R1, 0
0x04B8	0x2CBA      	GOTO       L__exe_cond385
L__exe_cond384:
0x04B9	0x1071      	BCF        R1, 0
L__exe_cond385:
0x04BA	0x1C71      	BTFSS      R1, 0
0x04BB	0x2CC0      	GOTO       L__exe_cond386
0x04BC	0x1C0E      	BTFSS      PORTC, 0
0x04BD	0x2CC0      	GOTO       L__exe_cond386
0x04BE	0x1403      	BSF        STATUS, 0
0x04BF	0x2CC1      	GOTO       L__exe_cond387
L__exe_cond386:
0x04C0	0x1003      	BCF        STATUS, 0
L__exe_cond387:
0x04C1	0x1C03      	BTFSS      STATUS, 0
0x04C2	0x2CC4      	GOTO       L__exe_cond108
0x04C3	0x2CC5      	GOTO       L_exe_cond71
L__exe_cond108:
0x04C4	0x2CC6      	GOTO       L_exe_cond68
L_exe_cond71:
;Tractor.c,156 :: 		}
0x04C5	0x2C74      	GOTO       L_exe_cond67
L_exe_cond68:
;Tractor.c,157 :: 		guc_buzz_state=1;guc_sec=0;
0x04C6	0x3001      	MOVLW      1
0x04C7	0x00A3      	MOVWF      _guc_buzz_state
0x04C8	0x01A4      	CLRF       _guc_sec
0x04C9	0x01A5      	CLRF       _guc_sec+1
;Tractor.c,158 :: 		while(guc_sec<7)
L_exe_cond72:
0x04CA	0x3000      	MOVLW      0
0x04CB	0x0225      	SUBWF      _guc_sec+1, 0
0x04CC	0x1D03      	BTFSS      STATUS, 2
0x04CD	0x2CD0      	GOTO       L__exe_cond388
0x04CE	0x3007      	MOVLW      7
0x04CF	0x0224      	SUBWF      _guc_sec, 0
L__exe_cond388:
0x04D0	0x1803      	BTFSC      STATUS, 0
0x04D1	0x2D1C      	GOTO       L_exe_cond73
;Tractor.c,160 :: 		if(COND2 || !COND5) break;
0x04D2	0x198E      	BTFSC      PORTC, 3
0x04D3	0x2CD6      	GOTO       L__exe_cond389
0x04D4	0x1471      	BSF        R1, 0
0x04D5	0x2CD7      	GOTO       L__exe_cond390
L__exe_cond389:
0x04D6	0x1071      	BCF        R1, 0
L__exe_cond390:
0x04D7	0x190E      	BTFSC      PORTC, 2
0x04D8	0x2CDB      	GOTO       L__exe_cond391
0x04D9	0x1403      	BSF        STATUS, 0
0x04DA	0x2CDC      	GOTO       L__exe_cond392
L__exe_cond391:
0x04DB	0x1003      	BCF        STATUS, 0
L__exe_cond392:
0x04DC	0x1C71      	BTFSS      R1, 0
0x04DD	0x2CE2      	GOTO       L__exe_cond393
0x04DE	0x1C03      	BTFSS      STATUS, 0
0x04DF	0x2CE2      	GOTO       L__exe_cond393
0x04E0	0x1471      	BSF        R1, 0
0x04E1	0x2CE3      	GOTO       L__exe_cond394
L__exe_cond393:
0x04E2	0x1071      	BCF        R1, 0
L__exe_cond394:
0x04E3	0x1C71      	BTFSS      R1, 0
0x04E4	0x2CE9      	GOTO       L__exe_cond395
0x04E5	0x1C8E      	BTFSS      PORTC, 1
0x04E6	0x2CE9      	GOTO       L__exe_cond395
0x04E7	0x1471      	BSF        R1, 0
0x04E8	0x2CEA      	GOTO       L__exe_cond396
L__exe_cond395:
0x04E9	0x1071      	BCF        R1, 0
L__exe_cond396:
0x04EA	0x180E      	BTFSC      PORTC, 0
0x04EB	0x2CEE      	GOTO       L__exe_cond397
0x04EC	0x1403      	BSF        STATUS, 0
0x04ED	0x2CEF      	GOTO       L__exe_cond398
L__exe_cond397:
0x04EE	0x1003      	BCF        STATUS, 0
L__exe_cond398:
0x04EF	0x1C71      	BTFSS      R1, 0
0x04F0	0x2CF5      	GOTO       L__exe_cond399
0x04F1	0x1C03      	BTFSS      STATUS, 0
0x04F2	0x2CF5      	GOTO       L__exe_cond399
0x04F3	0x1471      	BSF        R1, 0
0x04F4	0x2CF6      	GOTO       L__exe_cond400
L__exe_cond399:
0x04F5	0x1071      	BCF        R1, 0
L__exe_cond400:
0x04F6	0x1871      	BTFSC      R1, 0
0x04F7	0x2D1A      	GOTO       L__exe_cond107
0x04F8	0x198E      	BTFSC      PORTC, 3
0x04F9	0x2CFC      	GOTO       L__exe_cond401
0x04FA	0x1403      	BSF        STATUS, 0
0x04FB	0x2CFD      	GOTO       L__exe_cond402
L__exe_cond401:
0x04FC	0x1003      	BCF        STATUS, 0
L__exe_cond402:
0x04FD	0x1C03      	BTFSS      STATUS, 0
0x04FE	0x2D03      	GOTO       L__exe_cond403
0x04FF	0x1D0E      	BTFSS      PORTC, 2
0x0500	0x2D03      	GOTO       L__exe_cond403
0x0501	0x1471      	BSF        R1, 0
0x0502	0x2D04      	GOTO       L__exe_cond404
L__exe_cond403:
0x0503	0x1071      	BCF        R1, 0
L__exe_cond404:
0x0504	0x188E      	BTFSC      PORTC, 1
0x0505	0x2D08      	GOTO       L__exe_cond405
0x0506	0x1403      	BSF        STATUS, 0
0x0507	0x2D09      	GOTO       L__exe_cond406
L__exe_cond405:
0x0508	0x1003      	BCF        STATUS, 0
L__exe_cond406:
0x0509	0x1C71      	BTFSS      R1, 0
0x050A	0x2D0F      	GOTO       L__exe_cond407
0x050B	0x1C03      	BTFSS      STATUS, 0
0x050C	0x2D0F      	GOTO       L__exe_cond407
0x050D	0x1471      	BSF        R1, 0
0x050E	0x2D10      	GOTO       L__exe_cond408
L__exe_cond407:
0x050F	0x1071      	BCF        R1, 0
L__exe_cond408:
0x0510	0x1C71      	BTFSS      R1, 0
0x0511	0x2D16      	GOTO       L__exe_cond409
0x0512	0x1C0E      	BTFSS      PORTC, 0
0x0513	0x2D16      	GOTO       L__exe_cond409
0x0514	0x1403      	BSF        STATUS, 0
0x0515	0x2D17      	GOTO       L__exe_cond410
L__exe_cond409:
0x0516	0x1003      	BCF        STATUS, 0
L__exe_cond410:
0x0517	0x1C03      	BTFSS      STATUS, 0
0x0518	0x2D1A      	GOTO       L__exe_cond107
0x0519	0x2D1B      	GOTO       L_exe_cond76
L__exe_cond107:
0x051A	0x2D1C      	GOTO       L_exe_cond73
L_exe_cond76:
;Tractor.c,161 :: 		}
0x051B	0x2CCA      	GOTO       L_exe_cond72
L_exe_cond73:
;Tractor.c,162 :: 		guc_buzz_state=0;
0x051C	0x01A3      	CLRF       _guc_buzz_state
;Tractor.c,163 :: 		break;
0x051D	0x2DEE      	GOTO       L_exe_cond22
;Tractor.c,164 :: 		case 6: while(guc_sec<3)
L_exe_cond77:
L_exe_cond78:
0x051E	0x3000      	MOVLW      0
0x051F	0x0225      	SUBWF      _guc_sec+1, 0
0x0520	0x1D03      	BTFSS      STATUS, 2
0x0521	0x2D24      	GOTO       L__exe_cond411
0x0522	0x3003      	MOVLW      3
0x0523	0x0224      	SUBWF      _guc_sec, 0
L__exe_cond411:
0x0524	0x1803      	BTFSC      STATUS, 0
0x0525	0x2D75      	GOTO       L_exe_cond79
;Tractor.c,166 :: 		if(COND2 || !COND6) break;
0x0526	0x198E      	BTFSC      PORTC, 3
0x0527	0x2D2A      	GOTO       L__exe_cond412
0x0528	0x1471      	BSF        R1, 0
0x0529	0x2D2B      	GOTO       L__exe_cond413
L__exe_cond412:
0x052A	0x1071      	BCF        R1, 0
L__exe_cond413:
0x052B	0x190E      	BTFSC      PORTC, 2
0x052C	0x2D2F      	GOTO       L__exe_cond414
0x052D	0x1403      	BSF        STATUS, 0
0x052E	0x2D30      	GOTO       L__exe_cond415
L__exe_cond414:
0x052F	0x1003      	BCF        STATUS, 0
L__exe_cond415:
0x0530	0x1C71      	BTFSS      R1, 0
0x0531	0x2D36      	GOTO       L__exe_cond416
0x0532	0x1C03      	BTFSS      STATUS, 0
0x0533	0x2D36      	GOTO       L__exe_cond416
0x0534	0x1471      	BSF        R1, 0
0x0535	0x2D37      	GOTO       L__exe_cond417
L__exe_cond416:
0x0536	0x1071      	BCF        R1, 0
L__exe_cond417:
0x0537	0x1C71      	BTFSS      R1, 0
0x0538	0x2D3D      	GOTO       L__exe_cond418
0x0539	0x1C8E      	BTFSS      PORTC, 1
0x053A	0x2D3D      	GOTO       L__exe_cond418
0x053B	0x1471      	BSF        R1, 0
0x053C	0x2D3E      	GOTO       L__exe_cond419
L__exe_cond418:
0x053D	0x1071      	BCF        R1, 0
L__exe_cond419:
0x053E	0x180E      	BTFSC      PORTC, 0
0x053F	0x2D42      	GOTO       L__exe_cond420
0x0540	0x1403      	BSF        STATUS, 0
0x0541	0x2D43      	GOTO       L__exe_cond421
L__exe_cond420:
0x0542	0x1003      	BCF        STATUS, 0
L__exe_cond421:
0x0543	0x1C71      	BTFSS      R1, 0
0x0544	0x2D49      	GOTO       L__exe_cond422
0x0545	0x1C03      	BTFSS      STATUS, 0
0x0546	0x2D49      	GOTO       L__exe_cond422
0x0547	0x1471      	BSF        R1, 0
0x0548	0x2D4A      	GOTO       L__exe_cond423
L__exe_cond422:
0x0549	0x1071      	BCF        R1, 0
L__exe_cond423:
0x054A	0x1871      	BTFSC      R1, 0
0x054B	0x2D73      	GOTO       L__exe_cond106
0x054C	0x198E      	BTFSC      PORTC, 3
0x054D	0x2D50      	GOTO       L__exe_cond424
0x054E	0x1403      	BSF        STATUS, 0
0x054F	0x2D51      	GOTO       L__exe_cond425
L__exe_cond424:
0x0550	0x1003      	BCF        STATUS, 0
L__exe_cond425:
0x0551	0x1C03      	BTFSS      STATUS, 0
0x0552	0x2D57      	GOTO       L__exe_cond426
0x0553	0x1D0E      	BTFSS      PORTC, 2
0x0554	0x2D57      	GOTO       L__exe_cond426
0x0555	0x1471      	BSF        R1, 0
0x0556	0x2D58      	GOTO       L__exe_cond427
L__exe_cond426:
0x0557	0x1071      	BCF        R1, 0
L__exe_cond427:
0x0558	0x188E      	BTFSC      PORTC, 1
0x0559	0x2D5C      	GOTO       L__exe_cond428
0x055A	0x1403      	BSF        STATUS, 0
0x055B	0x2D5D      	GOTO       L__exe_cond429
L__exe_cond428:
0x055C	0x1003      	BCF        STATUS, 0
L__exe_cond429:
0x055D	0x1C71      	BTFSS      R1, 0
0x055E	0x2D63      	GOTO       L__exe_cond430
0x055F	0x1C03      	BTFSS      STATUS, 0
0x0560	0x2D63      	GOTO       L__exe_cond430
0x0561	0x1471      	BSF        R1, 0
0x0562	0x2D64      	GOTO       L__exe_cond431
L__exe_cond430:
0x0563	0x1071      	BCF        R1, 0
L__exe_cond431:
0x0564	0x180E      	BTFSC      PORTC, 0
0x0565	0x2D68      	GOTO       L__exe_cond432
0x0566	0x1403      	BSF        STATUS, 0
0x0567	0x2D69      	GOTO       L__exe_cond433
L__exe_cond432:
0x0568	0x1003      	BCF        STATUS, 0
L__exe_cond433:
0x0569	0x1C71      	BTFSS      R1, 0
0x056A	0x2D6F      	GOTO       L__exe_cond434
0x056B	0x1C03      	BTFSS      STATUS, 0
0x056C	0x2D6F      	GOTO       L__exe_cond434
0x056D	0x1471      	BSF        R1, 0
0x056E	0x2D70      	GOTO       L__exe_cond435
L__exe_cond434:
0x056F	0x1071      	BCF        R1, 0
L__exe_cond435:
0x0570	0x1C71      	BTFSS      R1, 0
0x0571	0x2D73      	GOTO       L__exe_cond106
0x0572	0x2D74      	GOTO       L_exe_cond82
L__exe_cond106:
0x0573	0x2D75      	GOTO       L_exe_cond79
L_exe_cond82:
;Tractor.c,167 :: 		}
0x0574	0x2D1E      	GOTO       L_exe_cond78
L_exe_cond79:
;Tractor.c,168 :: 		guc_buzz_state=1;guc_sec=0;
0x0575	0x3001      	MOVLW      1
0x0576	0x00A3      	MOVWF      _guc_buzz_state
0x0577	0x01A4      	CLRF       _guc_sec
0x0578	0x01A5      	CLRF       _guc_sec+1
;Tractor.c,169 :: 		while(guc_sec<7)
L_exe_cond83:
0x0579	0x3000      	MOVLW      0
0x057A	0x0225      	SUBWF      _guc_sec+1, 0
0x057B	0x1D03      	BTFSS      STATUS, 2
0x057C	0x2D7F      	GOTO       L__exe_cond436
0x057D	0x3007      	MOVLW      7
0x057E	0x0224      	SUBWF      _guc_sec, 0
L__exe_cond436:
0x057F	0x1803      	BTFSC      STATUS, 0
0x0580	0x2DD0      	GOTO       L_exe_cond84
;Tractor.c,171 :: 		if(COND2 || !COND6) break;
0x0581	0x198E      	BTFSC      PORTC, 3
0x0582	0x2D85      	GOTO       L__exe_cond437
0x0583	0x1471      	BSF        R1, 0
0x0584	0x2D86      	GOTO       L__exe_cond438
L__exe_cond437:
0x0585	0x1071      	BCF        R1, 0
L__exe_cond438:
0x0586	0x190E      	BTFSC      PORTC, 2
0x0587	0x2D8A      	GOTO       L__exe_cond439
0x0588	0x1403      	BSF        STATUS, 0
0x0589	0x2D8B      	GOTO       L__exe_cond440
L__exe_cond439:
0x058A	0x1003      	BCF        STATUS, 0
L__exe_cond440:
0x058B	0x1C71      	BTFSS      R1, 0
0x058C	0x2D91      	GOTO       L__exe_cond441
0x058D	0x1C03      	BTFSS      STATUS, 0
0x058E	0x2D91      	GOTO       L__exe_cond441
0x058F	0x1471      	BSF        R1, 0
0x0590	0x2D92      	GOTO       L__exe_cond442
L__exe_cond441:
0x0591	0x1071      	BCF        R1, 0
L__exe_cond442:
0x0592	0x1C71      	BTFSS      R1, 0
0x0593	0x2D98      	GOTO       L__exe_cond443
0x0594	0x1C8E      	BTFSS      PORTC, 1
0x0595	0x2D98      	GOTO       L__exe_cond443
0x0596	0x1471      	BSF        R1, 0
0x0597	0x2D99      	GOTO       L__exe_cond444
L__exe_cond443:
0x0598	0x1071      	BCF        R1, 0
L__exe_cond444:
0x0599	0x180E      	BTFSC      PORTC, 0
0x059A	0x2D9D      	GOTO       L__exe_cond445
0x059B	0x1403      	BSF        STATUS, 0
0x059C	0x2D9E      	GOTO       L__exe_cond446
L__exe_cond445:
0x059D	0x1003      	BCF        STATUS, 0
L__exe_cond446:
0x059E	0x1C71      	BTFSS      R1, 0
0x059F	0x2DA4      	GOTO       L__exe_cond447
0x05A0	0x1C03      	BTFSS      STATUS, 0
0x05A1	0x2DA4      	GOTO       L__exe_cond447
0x05A2	0x1471      	BSF        R1, 0
0x05A3	0x2DA5      	GOTO       L__exe_cond448
L__exe_cond447:
0x05A4	0x1071      	BCF        R1, 0
L__exe_cond448:
0x05A5	0x1871      	BTFSC      R1, 0
0x05A6	0x2DCE      	GOTO       L__exe_cond105
0x05A7	0x198E      	BTFSC      PORTC, 3
0x05A8	0x2DAB      	GOTO       L__exe_cond449
0x05A9	0x1403      	BSF        STATUS, 0
0x05AA	0x2DAC      	GOTO       L__exe_cond450
L__exe_cond449:
0x05AB	0x1003      	BCF        STATUS, 0
L__exe_cond450:
0x05AC	0x1C03      	BTFSS      STATUS, 0
0x05AD	0x2DB2      	GOTO       L__exe_cond451
0x05AE	0x1D0E      	BTFSS      PORTC, 2
0x05AF	0x2DB2      	GOTO       L__exe_cond451
0x05B0	0x1471      	BSF        R1, 0
0x05B1	0x2DB3      	GOTO       L__exe_cond452
L__exe_cond451:
0x05B2	0x1071      	BCF        R1, 0
L__exe_cond452:
0x05B3	0x188E      	BTFSC      PORTC, 1
0x05B4	0x2DB7      	GOTO       L__exe_cond453
0x05B5	0x1403      	BSF        STATUS, 0
0x05B6	0x2DB8      	GOTO       L__exe_cond454
L__exe_cond453:
0x05B7	0x1003      	BCF        STATUS, 0
L__exe_cond454:
0x05B8	0x1C71      	BTFSS      R1, 0
0x05B9	0x2DBE      	GOTO       L__exe_cond455
0x05BA	0x1C03      	BTFSS      STATUS, 0
0x05BB	0x2DBE      	GOTO       L__exe_cond455
0x05BC	0x1471      	BSF        R1, 0
0x05BD	0x2DBF      	GOTO       L__exe_cond456
L__exe_cond455:
0x05BE	0x1071      	BCF        R1, 0
L__exe_cond456:
0x05BF	0x180E      	BTFSC      PORTC, 0
0x05C0	0x2DC3      	GOTO       L__exe_cond457
0x05C1	0x1403      	BSF        STATUS, 0
0x05C2	0x2DC4      	GOTO       L__exe_cond458
L__exe_cond457:
0x05C3	0x1003      	BCF        STATUS, 0
L__exe_cond458:
0x05C4	0x1C71      	BTFSS      R1, 0
0x05C5	0x2DCA      	GOTO       L__exe_cond459
0x05C6	0x1C03      	BTFSS      STATUS, 0
0x05C7	0x2DCA      	GOTO       L__exe_cond459
0x05C8	0x1471      	BSF        R1, 0
0x05C9	0x2DCB      	GOTO       L__exe_cond460
L__exe_cond459:
0x05CA	0x1071      	BCF        R1, 0
L__exe_cond460:
0x05CB	0x1C71      	BTFSS      R1, 0
0x05CC	0x2DCE      	GOTO       L__exe_cond105
0x05CD	0x2DCF      	GOTO       L_exe_cond87
L__exe_cond105:
0x05CE	0x2DD0      	GOTO       L_exe_cond84
L_exe_cond87:
;Tractor.c,172 :: 		}
0x05CF	0x2D79      	GOTO       L_exe_cond83
L_exe_cond84:
;Tractor.c,173 :: 		guc_buzz_state=0;
0x05D0	0x01A3      	CLRF       _guc_buzz_state
;Tractor.c,174 :: 		break;
0x05D1	0x2DEE      	GOTO       L_exe_cond22
;Tractor.c,175 :: 		default: guc_choice=0;
L_exe_cond88:
0x05D2	0x01A2      	CLRF       _guc_choice
;Tractor.c,176 :: 		guc_buzz_state=0;
0x05D3	0x01A3      	CLRF       _guc_buzz_state
;Tractor.c,177 :: 		break;
0x05D4	0x2DEE      	GOTO       L_exe_cond22
;Tractor.c,178 :: 		}
L_exe_cond21:
0x05D5	0x0822      	MOVF       _guc_choice, 0
0x05D6	0x3A01      	XORLW      1
0x05D7	0x1903      	BTFSC      STATUS, 2
0x05D8	0x29E0      	GOTO       L_exe_cond23
0x05D9	0x0822      	MOVF       _guc_choice, 0
0x05DA	0x3A02      	XORLW      2
0x05DB	0x1903      	BTFSC      STATUS, 2
0x05DC	0x2A58      	GOTO       L_exe_cond31
0x05DD	0x0822      	MOVF       _guc_choice, 0
0x05DE	0x3A03      	XORLW      3
0x05DF	0x1903      	BTFSC      STATUS, 2
0x05E0	0x2A83      	GOTO       L_exe_cond34
0x05E1	0x0822      	MOVF       _guc_choice, 0
0x05E2	0x3A04      	XORLW      4
0x05E3	0x1903      	BTFSC      STATUS, 2
0x05E4	0x2B74      	GOTO       L_exe_cond50
0x05E5	0x0822      	MOVF       _guc_choice, 0
0x05E6	0x3A05      	XORLW      5
0x05E7	0x1903      	BTFSC      STATUS, 2
0x05E8	0x2C74      	GOTO       L_exe_cond66
0x05E9	0x0822      	MOVF       _guc_choice, 0
0x05EA	0x3A06      	XORLW      6
0x05EB	0x1903      	BTFSC      STATUS, 2
0x05EC	0x2D1E      	GOTO       L_exe_cond77
0x05ED	0x2DD2      	GOTO       L_exe_cond88
L_exe_cond22:
;Tractor.c,179 :: 		}
L_end_exe_cond:
0x05EE	0x0008      	RETURN
; end of _exe_cond
_sys_init:
;Tractor.c,221 :: 		void sys_init()
;Tractor.c,224 :: 		OSCCON = 0x72;   /* SCS INTOSC; SPLLEN disabled; IRCF 8MHz_HF; */
0x05EF	0x3072      	MOVLW      114
0x05F0	0x0021      	MOVLB      1
0x05F1	0x0099      	MOVWF      OSCCON
;Tractor.c,225 :: 		ANSELA=0x00;
0x05F2	0x0023      	MOVLB      3
0x05F3	0x018C      	CLRF       ANSELA
;Tractor.c,226 :: 		ANSELC=0x00;
0x05F4	0x018E      	CLRF       ANSELC
;Tractor.c,227 :: 		TRISA=0x00;
0x05F5	0x0021      	MOVLB      1
0x05F6	0x018C      	CLRF       TRISA
;Tractor.c,228 :: 		TRISC=0x0F;
0x05F7	0x300F      	MOVLW      15
0x05F8	0x008E      	MOVWF      TRISC
;Tractor.c,229 :: 		BUZZER = 0;
0x05F9	0x0020      	MOVLB      0
0x05FA	0x110C      	BCF        PORTA, 2
;Tractor.c,230 :: 		RELAY = 0;
0x05FB	0x120E      	BCF        PORTC, 4
;Tractor.c,233 :: 		WDTCON = 0x17;   /*WDTPS 1:65536; SWDTEN ON; */
0x05FC	0x3017      	MOVLW      23
0x05FD	0x0021      	MOVLB      1
0x05FE	0x0097      	MOVWF      WDTCON
;Tractor.c,234 :: 		TMR0_Initialize();
0x05FF	0x2047      	CALL       _TMR0_Initialize
;Tractor.c,236 :: 		TMR2_Initialize();
0x0600	0x2032      	CALL       _TMR2_Initialize
;Tractor.c,237 :: 		PWM3_Initialize();
0x0601	0x203F      	CALL       _PWM3_Initialize
;Tractor.c,239 :: 		for(i=0;i<6;i++) guc_cycle[i]=0;
0x0602	0x0020      	MOVLB      0
0x0603	0x01BC      	CLRF       sys_init_i_L0
L_sys_init95:
0x0604	0x3006      	MOVLW      6
0x0605	0x023C      	SUBWF      sys_init_i_L0, 0
0x0606	0x1803      	BTFSC      STATUS, 0
0x0607	0x2E18      	GOTO       L_sys_init96
0x0608	0x083C      	MOVF       sys_init_i_L0, 0
0x0609	0x00F0      	MOVWF      R0
0x060A	0x01F1      	CLRF       R1
0x060B	0x35F0      	LSLF       R0, 1
0x060C	0x0DF1      	RLF        R1, 1
0x060D	0x302B      	MOVLW      _guc_cycle
0x060E	0x0770      	ADDWF      R0, 0
0x060F	0x0086      	MOVWF      FSR1
0x0610	0x3000      	MOVLW      hi_addr(_guc_cycle)
0x0611	0x3D71      	ADDWFC     R1, 0
0x0612	0x0087      	MOVWF      FSR1H
0x0613	0x0181      	CLRF       INDF1
0x0614	0x3141      	ADDFSR     1, 1
0x0615	0x0181      	CLRF       INDF1
0x0616	0x0ABC      	INCF       sys_init_i_L0, 1
0x0617	0x2E04      	GOTO       L_sys_init95
L_sys_init96:
;Tractor.c,240 :: 		GIE_bit = 1;     /* Enable INTs  */
0x0618	0x178B      	BSF        GIE_bit, BitPos(GIE_bit+0)
;Tractor.c,241 :: 		}
L_end_sys_init:
0x0619	0x0008      	RETURN
; end of _sys_init
_TMR0_ISR:
;tmr0.c,26 :: 		void TMR0_ISR(void)
;tmr0.c,28 :: 		TMR0_Reload();
0x061A	0x203B      	CALL       _TMR0_Reload
;tmr0.c,29 :: 		TMR0IF_bit = 0;     /*Clear the TMR0 interrupt flag8*/
0x061B	0x110B      	BCF        TMR0IF_bit, BitPos(TMR0IF_bit+0)
;tmr0.c,30 :: 		asm CLRWDT ;
0x061C	0x0064      	CLRWDT
;tmr0.c,31 :: 		if(one_sec>1048)           /*Timer for 1 sec*/
0x061D	0x083B      	MOVF       _one_sec+1, 0
0x061E	0x3C04      	SUBLW      4
0x061F	0x1D03      	BTFSS      STATUS, 2
0x0620	0x2E23      	GOTO       L__TMR0_ISR18
0x0621	0x083A      	MOVF       _one_sec, 0
0x0622	0x3C18      	SUBLW      24
L__TMR0_ISR18:
0x0623	0x1803      	BTFSC      STATUS, 0
0x0624	0x2E49      	GOTO       L_TMR0_ISR0
;tmr0.c,33 :: 		one_sec=0;
0x0625	0x01BA      	CLRF       _one_sec
0x0626	0x01BB      	CLRF       _one_sec+1
;tmr0.c,34 :: 		guc_sec++;
0x0627	0x0A24      	INCF       _guc_sec, 0
0x0628	0x00F0      	MOVWF      R0
0x0629	0x0870      	MOVF       R0, 0
0x062A	0x00A4      	MOVWF      _guc_sec
;tmr0.c,36 :: 		guc_min++;
0x062B	0x3001      	MOVLW      1
0x062C	0x0726      	ADDWF      _guc_min, 0
0x062D	0x00F0      	MOVWF      R0
0x062E	0x3000      	MOVLW      0
0x062F	0x3D27      	ADDWFC     _guc_min+1, 0
0x0630	0x00F1      	MOVWF      R1
0x0631	0x0870      	MOVF       R0, 0
0x0632	0x00A6      	MOVWF      _guc_min
0x0633	0x0871      	MOVF       R1, 0
0x0634	0x00A7      	MOVWF      _guc_min+1
;tmr0.c,37 :: 		if(guc_min>60)
0x0635	0x0827      	MOVF       _guc_min+1, 0
0x0636	0x3C00      	SUBLW      0
0x0637	0x1D03      	BTFSS      STATUS, 2
0x0638	0x2E3B      	GOTO       L__TMR0_ISR19
0x0639	0x0826      	MOVF       _guc_min, 0
0x063A	0x3C3C      	SUBLW      60
L__TMR0_ISR19:
0x063B	0x1803      	BTFSC      STATUS, 0
0x063C	0x2E49      	GOTO       L_TMR0_ISR1
;tmr0.c,39 :: 		guc_min=0;
0x063D	0x01A6      	CLRF       _guc_min
0x063E	0x01A7      	CLRF       _guc_min+1
;tmr0.c,40 :: 		demo_time++;
0x063F	0x3001      	MOVLW      1
0x0640	0x0728      	ADDWF      _demo_time, 0
0x0641	0x00F0      	MOVWF      R0
0x0642	0x3000      	MOVLW      0
0x0643	0x3D29      	ADDWFC     _demo_time+1, 0
0x0644	0x00F1      	MOVWF      R1
0x0645	0x0870      	MOVF       R0, 0
0x0646	0x00A8      	MOVWF      _demo_time
0x0647	0x0871      	MOVF       R1, 0
0x0648	0x00A9      	MOVWF      _demo_time+1
;tmr0.c,41 :: 		}
L_TMR0_ISR1:
;tmr0.c,43 :: 		}
L_TMR0_ISR0:
;tmr0.c,45 :: 		if(half_sec>512) /*Timer count for 0.5 sec*/
0x0649	0x0838      	MOVF       _half_sec+1, 0
0x064A	0x3C02      	SUBLW      2
0x064B	0x1D03      	BTFSS      STATUS, 2
0x064C	0x2E4F      	GOTO       L__TMR0_ISR20
0x064D	0x0837      	MOVF       _half_sec, 0
0x064E	0x3C00      	SUBLW      0
L__TMR0_ISR20:
0x064F	0x1803      	BTFSC      STATUS, 0
0x0650	0x2E67      	GOTO       L_TMR0_ISR2
;tmr0.c,47 :: 		half_sec=0;
0x0651	0x01B7      	CLRF       _half_sec
0x0652	0x01B8      	CLRF       _half_sec+1
;tmr0.c,48 :: 		if(guc_buzz_state==1)
0x0653	0x0823      	MOVF       _guc_buzz_state, 0
0x0654	0x3A01      	XORLW      1
0x0655	0x1D03      	BTFSS      STATUS, 2
0x0656	0x2E5B      	GOTO       L_TMR0_ISR3
;tmr0.c,50 :: 		guc_togg_half ^= 1;
0x0657	0x3001      	MOVLW      1
0x0658	0x06AA      	XORWF      _guc_togg_half, 1
;tmr0.c,51 :: 		TMR0_CallBack_Half_Sec();
0x0659	0x2018      	CALL       _TMR0_CallBack_Half_Sec
;tmr0.c,52 :: 		}
0x065A	0x2E67      	GOTO       L_TMR0_ISR4
L_TMR0_ISR3:
;tmr0.c,56 :: 		GIE_bit = 0;              /* Disable INTs  */
0x065B	0x138B      	BCF        GIE_bit, BitPos(GIE_bit+0)
;tmr0.c,57 :: 		while(BUZZER == 1);
L_TMR0_ISR5:
0x065C	0x1D0C      	BTFSS      PORTA, 2
0x065D	0x2E5F      	GOTO       L_TMR0_ISR6
0x065E	0x2E5C      	GOTO       L_TMR0_ISR5
L_TMR0_ISR6:
;tmr0.c,58 :: 		PWM3CON = PWM_OFF;        /*Diable PWM */
0x065F	0x002C      	MOVLB      12
0x0660	0x0199      	CLRF       PWM3CON
;tmr0.c,59 :: 		while(BUZZER == 1)
L_TMR0_ISR7:
0x0661	0x0020      	MOVLB      0
0x0662	0x1D0C      	BTFSS      PORTA, 2
0x0663	0x2E66      	GOTO       L_TMR0_ISR8
;tmr0.c,60 :: 		BUZZER = 0;
0x0664	0x110C      	BCF        PORTA, 2
0x0665	0x2E61      	GOTO       L_TMR0_ISR7
L_TMR0_ISR8:
;tmr0.c,61 :: 		GIE_bit = 1;              /* Enable INTs  */
0x0666	0x178B      	BSF        GIE_bit, BitPos(GIE_bit+0)
;tmr0.c,65 :: 		}
L_TMR0_ISR4:
;tmr0.c,66 :: 		}
L_TMR0_ISR2:
;tmr0.c,67 :: 		one_sec++;half_sec++;
0x0667	0x3001      	MOVLW      1
0x0668	0x073A      	ADDWF      _one_sec, 0
0x0669	0x00F0      	MOVWF      R0
0x066A	0x3000      	MOVLW      0
0x066B	0x3D3B      	ADDWFC     _one_sec+1, 0
0x066C	0x00F1      	MOVWF      R1
0x066D	0x0870      	MOVF       R0, 0
0x066E	0x00BA      	MOVWF      _one_sec
0x066F	0x0871      	MOVF       R1, 0
0x0670	0x00BB      	MOVWF      _one_sec+1
0x0671	0x3001      	MOVLW      1
0x0672	0x0737      	ADDWF      _half_sec, 0
0x0673	0x00F0      	MOVWF      R0
0x0674	0x3000      	MOVLW      0
0x0675	0x3D38      	ADDWFC     _half_sec+1, 0
0x0676	0x00F1      	MOVWF      R1
0x0677	0x0870      	MOVF       R0, 0
0x0678	0x00B7      	MOVWF      _half_sec
0x0679	0x0871      	MOVF       R1, 0
0x067A	0x00B8      	MOVWF      _half_sec+1
;tmr0.c,68 :: 		}
L_end_TMR0_ISR:
0x067B	0x0008      	RETURN
; end of _TMR0_ISR
___CC2DW:
;__Lib_System.c,71 :: 		
;__Lib_System.c,73 :: 		
_CC2DL_Loop1:
;__Lib_System.c,74 :: 		
0x067C	0x0012      	MOVIW      FSR0++ 
;__Lib_System.c,75 :: 		
0x067D	0x001E      	MOVWI      FSR1++ 
;__Lib_System.c,76 :: 		
0x067E	0x03F0      	DECF       R0, 1
;__Lib_System.c,77 :: 		
0x067F	0x1D03      	BTFSS      STATUS, 2
;__Lib_System.c,78 :: 		
0x0680	0x2E7C      	GOTO       _CC2DL_Loop1
;__Lib_System.c,79 :: 		
0x0681	0x03F1      	DECF       R1, 1
;__Lib_System.c,80 :: 		
0x0682	0x1D03      	BTFSS      STATUS, 2
;__Lib_System.c,81 :: 		
0x0683	0x2E7C      	GOTO       _CC2DL_Loop1
;__Lib_System.c,83 :: 		
L_end___CC2DW:
0x0684	0x0008      	RETURN
; end of ___CC2DW
_main:
0x0685	0x26A8      	CALL       1704
;Tractor.c,243 :: 		void main()
;Tractor.c,245 :: 		sys_init();
0x0686	0x25EF      	CALL       _sys_init
;Tractor.c,246 :: 		demo_time = 0;
0x0687	0x01A8      	CLRF       _demo_time
0x0688	0x01A9      	CLRF       _demo_time+1
;Tractor.c,247 :: 		while(1)
L_main98:
;Tractor.c,249 :: 		check_cond();                 /*Check the condition*/
0x0689	0x2056      	CALL       _check_cond
;Tractor.c,250 :: 		if(guc_choice>0)
0x068A	0x0822      	MOVF       _guc_choice, 0
0x068B	0x3C00      	SUBLW      0
0x068C	0x1803      	BTFSC      STATUS, 0
0x068D	0x2E8F      	GOTO       L_main100
;Tractor.c,251 :: 		exe_cond();               /*Execute the condtion*/
0x068E	0x21DC      	CALL       _exe_cond
L_main100:
;Tractor.c,252 :: 		guc_choice=0;                 /*Clear the condition*/
0x068F	0x01A2      	CLRF       _guc_choice
;Tractor.c,254 :: 		if(demo_time>360)
0x0690	0x0829      	MOVF       _demo_time+1, 0
0x0691	0x3C01      	SUBLW      1
0x0692	0x1D03      	BTFSS      STATUS, 2
0x0693	0x2E96      	GOTO       L__main466
0x0694	0x0828      	MOVF       _demo_time, 0
0x0695	0x3C68      	SUBLW      104
L__main466:
0x0696	0x1803      	BTFSC      STATUS, 0
0x0697	0x2E99      	GOTO       L_main101
;Tractor.c,256 :: 		while(1);
L_main102:
0x0698	0x2E98      	GOTO       L_main102
;Tractor.c,257 :: 		}
L_main101:
;Tractor.c,259 :: 		}
0x0699	0x2E89      	GOTO       L_main98
;Tractor.c,260 :: 		}
L_end_main:
0x069A	0x2E9A      	GOTO       $+0
; end of _main
0x06A8	0x309E      	MOVLW      158
0x06A9	0x0084      	MOVWF      FSR0
0x06AA	0x3086      	MOVLW      134
0x06AB	0x0085      	MOVWF      FSR0H
0x06AC	0x3009      	MOVLW      9
0x06AD	0x00F0      	MOVWF      R0
0x06AE	0x3001      	MOVLW      1
0x06AF	0x00F1      	MOVWF      R1
0x06B0	0x3022      	MOVLW      34
0x06B1	0x0086      	MOVWF      FSR1
0x06B2	0x3000      	MOVLW      0
0x06B3	0x0087      	MOVWF      FSR1H
0x06B4	0x267C      	CALL       1660
0x06B5	0x0008      	RETURN
;Tractor.c,0 :: ?ICS_guc_choice
0x069E	0x3401 ;?ICS_guc_choice+0
; end of ?ICS_guc_choice
;Tractor.c,0 :: ?ICS_guc_buzz_state
0x069F	0x3400 ;?ICS_guc_buzz_state+0
; end of ?ICS_guc_buzz_state
;Tractor.c,0 :: ?ICS_guc_sec
0x06A0	0x3400 ;?ICS_guc_sec+0
0x06A1	0x3400 ;?ICS_guc_sec+1
; end of ?ICS_guc_sec
;tmr0.c,0 :: ?ICS_guc_min
0x06A2	0x3400 ;?ICS_guc_min+0
0x06A3	0x3400 ;?ICS_guc_min+1
; end of ?ICS_guc_min
;Tractor.c,0 :: ?ICS_demo_time
0x06A4	0x3400 ;?ICS_demo_time+0
0x06A5	0x3400 ;?ICS_demo_time+1
; end of ?ICS_demo_time
;tmr0.c,0 :: ?ICS_guc_togg_half
0x06A6	0x3401 ;?ICS_guc_togg_half+0
; end of ?ICS_guc_togg_half
Symbol List:
//** Routines locations **
//ADDRESS    SIZE    PROCEDURE
//----------------------------------------------
0x0004      [17]    _interrupt
0x0015       [3]    _TMR2_StartTimer
0x0018      [26]    _TMR0_CallBack_Half_Sec
0x0032       [9]    _TMR2_Initialize
0x003B       [4]    _TMR0_Reload
0x003F       [8]    _PWM3_Initialize
0x0047      [15]    _TMR0_Initialize
0x0056     [390]    _check_cond
0x01DC    [1043]    _exe_cond
0x05EF      [43]    _sys_init
0x061A      [98]    _TMR0_ISR
0x067C       [9]    ___CC2DW
0x0685      [21]    _main
//** Variables locations ** 
//ADDRESS    SIZE    VARIABLE
//----------------------------------------------
0x0000       [1]    INDF0
0x0001       [1]    INDF1
0x0003       [1]    STATUS
0x0004       [1]    FSR0L
0x0005       [1]    FSR0H
0x0006       [1]    FSR1L
0x0007       [1]    FSR1H
0x000A       [1]    PCLATH
0x000B       [0]    GIE_bit
0x000B       [0]    TMR0IE_bit
0x000B       [0]    TMR0IF_bit
0x000C       [1]    PORTA
0x000E       [1]    PORTC
0x0011       [0]    TMR2IF_bit
0x0015       [1]    TMR0
0x001A       [1]    TMR2
0x001B       [1]    PR2
0x001C       [1]    T2CON
0x001C       [0]    TMR2ON_bit
0x0022       [1]    _guc_choice
0x0023       [1]    _guc_buzz_state
0x0024       [2]    _guc_sec
0x0026       [2]    _guc_min
0x0028       [2]    _demo_time
0x002A       [1]    _guc_togg_half
0x002B      [12]    _guc_cycle
0x0037       [2]    _half_sec
0x0039       [1]    _timer0ReloadVal
0x003A       [2]    _one_sec
0x003C       [1]    sys_init_i_L0
0x0070       [1]    R0
0x0071       [1]    R1
0x0072       [1]    R2
0x0073       [1]    R3
0x0074       [1]    R4
0x0075       [1]    R5
0x0076       [1]    R6
0x0077       [1]    R7
0x0078       [1]    R8
0x0079       [1]    R9
0x007A       [1]    R10
0x007B       [1]    R11
0x007C       [1]    R12
0x007D       [1]    R13
0x007E       [1]    R14
0x007F       [1]    R15
0x008C       [1]    TRISA
0x008E       [1]    TRISC
0x0095       [1]    OPTION_REG
0x0097       [1]    WDTCON
0x0099       [1]    OSCCON
0x018C       [1]    ANSELA
0x018E       [1]    ANSELC
0x0617       [1]    PWM3DCL
0x0618       [1]    PWM3DCH
0x0619       [1]    PWM3CON
//** Constants locations ** 
//ADDRESS    SIZE    CONSTANT
//----------------------------------------------
0x069E       [1]    ?ICS_guc_choice
0x069F       [1]    ?ICS_guc_buzz_state
0x06A0       [2]    ?ICS_guc_sec
0x06A2       [2]    ?ICS_guc_min
0x06A4       [2]    ?ICS_demo_time
0x06A6       [1]    ?ICS_guc_togg_half
