;  LST file generated by mikroListExporter - v.2.0 
; Date/Time: 14-Jan-19 9:23:22 PM
;----------------------------------------------

;Address Opcode 	ASM
0x0000	0x2B6F      	GOTO       879
_interrupt:
;APP_OPSM.c,14 :: 		void interrupt()
0x0004	0x0870      	MOVF       R0, 0
0x0005	0x0020      	MOVLB      0
0x0006	0x00A1      	MOVWF      33
0x0007	0x0871      	MOVF       R1, 0
0x0008	0x00A0      	MOVWF      32
;APP_OPSM.c,16 :: 		if(TMR0IE_bit == 1 && TMR0IF_bit == 1)   /* interrupt handler*/
0x0009	0x3180      	MOVLP      0
0x000A	0x1E8B      	BTFSS      TMR0IE_bit, BitPos(TMR0IE_bit+0)
0x000B	0x2810      	GOTO       L_interrupt2
0x000C	0x1D0B      	BTFSS      TMR0IF_bit, BitPos(TMR0IF_bit+0)
0x000D	0x2810      	GOTO       L_interrupt2
L__interrupt68:
;APP_OPSM.c,18 :: 		TMR0_ISR();
0x000E	0x2312      	CALL       _TMR0_ISR
;APP_OPSM.c,27 :: 		}
0x000F	0x2810      	GOTO       L_interrupt3
L_interrupt2:
;APP_OPSM.c,30 :: 		}
L_interrupt3:
;APP_OPSM.c,31 :: 		}
L_end_interrupt:
L__interrupt73:
0x0010	0x0821      	MOVF       33, 0
0x0011	0x00F0      	MOVWF      R0
0x0012	0x0820      	MOVF       32, 0
0x0013	0x00F1      	MOVWF      R1
0x0014	0x0009      	RETFIE     %s
; end of _interrupt
_TMR0_CallBack_Half_Sec:
;tmr0.c,76 :: 		void TMR0_CallBack_Half_Sec(void)
;tmr0.c,79 :: 		if(guc_togg_half==1)
0x0015	0x0020      	MOVLB      0
0x0016	0x0839      	MOVF       _guc_togg_half, 0
0x0017	0x3A01      	XORLW      1
0x0018	0x1D03      	BTFSS      STATUS, 2
0x0019	0x281B      	GOTO       L_TMR0_CallBack_Half_Sec4
;tmr0.c,84 :: 		BUZZER=1;
0x001A	0x150C      	BSF        PORTA, 2
;tmr0.c,86 :: 		}
L_TMR0_CallBack_Half_Sec4:
;tmr0.c,88 :: 		if(guc_togg_half==0)
0x001B	0x0839      	MOVF       _guc_togg_half, 0
0x001C	0x3A00      	XORLW      0
0x001D	0x1D03      	BTFSS      STATUS, 2
0x001E	0x2820      	GOTO       L_TMR0_CallBack_Half_Sec5
;tmr0.c,98 :: 		BUZZER = 0;
0x001F	0x110C      	BCF        PORTA, 2
;tmr0.c,100 :: 		}
L_TMR0_CallBack_Half_Sec5:
;tmr0.c,101 :: 		}
L_end_TMR0_CallBack_Half_Sec:
0x0020	0x0008      	RETURN
; end of _TMR0_CallBack_Half_Sec
_TMR0_Reload:
;tmr0.c,17 :: 		void TMR0_Reload(void)
;tmr0.c,19 :: 		TMR0 = timer0ReloadVal;     /* Write to the Timer0 register*/
0x0021	0x0020      	MOVLB      0
0x0022	0x083F      	MOVF       _timer0ReloadVal, 0
0x0023	0x0095      	MOVWF      TMR0
;tmr0.c,20 :: 		}
L_end_TMR0_Reload:
0x0024	0x0008      	RETURN
; end of _TMR0_Reload
_TMR0_Initialize:
;tmr0.c,7 :: 		void TMR0_Initialize(void)
;tmr0.c,10 :: 		OPTION_REG = (uint8)((OPTION_REG & 0xC0) | 0xD7 & 0x3F);
0x0025	0x30C0      	MOVLW      192
0x0026	0x0021      	MOVLB      1
0x0027	0x0515      	ANDWF      OPTION_REG, 0
0x0028	0x00F0      	MOVWF      R0
0x0029	0x3017      	MOVLW      23
0x002A	0x0470      	IORWF       R0, 0
0x002B	0x0095      	MOVWF      OPTION_REG
;tmr0.c,11 :: 		TMR0 = 0xF8;              /* TMR0 248;*/
0x002C	0x30F8      	MOVLW      248
0x002D	0x0020      	MOVLB      0
0x002E	0x0095      	MOVWF      TMR0
;tmr0.c,12 :: 		timer0ReloadVal= 0xF8;     /* Load the TMR value to reload variable */
0x002F	0x30F8      	MOVLW      248
0x0030	0x00BF      	MOVWF      _timer0ReloadVal
;tmr0.c,13 :: 		TMR0IF_bit = 0;           /*Clear Interrupt flag before enabling the interrupt*/
0x0031	0x110B      	BCF        TMR0IF_bit, BitPos(TMR0IF_bit+0)
;tmr0.c,14 :: 		TMR0IE_bit = 1;           /* Enabling TMR0 interrupt */
0x0032	0x168B      	BSF        TMR0IE_bit, BitPos(TMR0IE_bit+0)
;tmr0.c,15 :: 		}
L_end_TMR0_Initialize:
0x0033	0x0008      	RETURN
; end of _TMR0_Initialize
_CHCK_COND:
;APP_OPSM.c,33 :: 		void CHCK_COND(uint8 x)
;APP_OPSM.c,36 :: 		guc_deb[x]++;
0x0034	0x3026      	MOVLW      _guc_deb
0x0035	0x00F1      	MOVWF      R1
0x0036	0x3000      	MOVLW      hi_addr(_guc_deb)
0x0037	0x00F2      	MOVWF      R2
0x0038	0x0020      	MOVLB      0
0x0039	0x0840      	MOVF       FARG_CHCK_COND_x, 0
0x003A	0x07F1      	ADDWF      R1, 1
0x003B	0x1803      	BTFSC      STATUS, 0
0x003C	0x0AF2      	INCF       R2, 1
0x003D	0x0871      	MOVF       R1, 0
0x003E	0x0084      	MOVWF      FSR0
0x003F	0x0872      	MOVF       R2, 0
0x0040	0x0085      	MOVWF      FSR0H
0x0041	0x0800      	MOVF       INDF0, 0
0x0042	0x00F0      	MOVWF      R0
0x0043	0x0AF0      	INCF       R0, 1
0x0044	0x0871      	MOVF       R1, 0
0x0045	0x0086      	MOVWF      FSR1
0x0046	0x0872      	MOVF       R2, 0
0x0047	0x0087      	MOVWF      FSR1H
0x0048	0x0870      	MOVF       R0, 0
0x0049	0x0081      	MOVWF      INDF1
;APP_OPSM.c,37 :: 		for(i=0;i<=TOTAL_COND && i!=x;i++){guc_deb[i] = 0;}
0x004A	0x01F3      	CLRF       R3
L_CHCK_COND4:
0x004B	0x0873      	MOVF       R3, 0
0x004C	0x3C10      	SUBLW      16
0x004D	0x1C03      	BTFSS      STATUS, 0
0x004E	0x285E      	GOTO       L_CHCK_COND5
0x004F	0x0873      	MOVF       R3, 0
0x0050	0x0640      	XORWF      FARG_CHCK_COND_x, 0
0x0051	0x1903      	BTFSC      STATUS, 2
0x0052	0x285E      	GOTO       L_CHCK_COND5
L__CHCK_COND69:
0x0053	0x3026      	MOVLW      _guc_deb
0x0054	0x0086      	MOVWF      FSR1
0x0055	0x3000      	MOVLW      hi_addr(_guc_deb)
0x0056	0x0087      	MOVWF      FSR1H
0x0057	0x0873      	MOVF       R3, 0
0x0058	0x0786      	ADDWF      FSR1, 1
0x0059	0x1803      	BTFSC      STATUS, 0
0x005A	0x0A87      	INCF       FSR1H, 1
0x005B	0x0181      	CLRF       INDF1
0x005C	0x0AF3      	INCF       R3, 1
0x005D	0x284B      	GOTO       L_CHCK_COND4
L_CHCK_COND5:
;APP_OPSM.c,38 :: 		if(guc_deb[x] > DEBO_TIME){ guc_choice = x; guc_deb[x] = 0;}
0x005E	0x3026      	MOVLW      _guc_deb
0x005F	0x0084      	MOVWF      FSR0
0x0060	0x3000      	MOVLW      hi_addr(_guc_deb)
0x0061	0x0085      	MOVWF      FSR0H
0x0062	0x0840      	MOVF       FARG_CHCK_COND_x, 0
0x0063	0x0784      	ADDWF      FSR0, 1
0x0064	0x1803      	BTFSC      STATUS, 0
0x0065	0x0A85      	INCF       FSR0H, 1
0x0066	0x0800      	MOVF       INDF0, 0
0x0067	0x00F1      	MOVWF      R1
0x0068	0x0871      	MOVF       R1, 0
0x0069	0x3C0A      	SUBLW      10
0x006A	0x1803      	BTFSC      STATUS, 0
0x006B	0x2877      	GOTO       L_CHCK_COND9
0x006C	0x0840      	MOVF       FARG_CHCK_COND_x, 0
0x006D	0x00B6      	MOVWF      _guc_choice
0x006E	0x3026      	MOVLW      _guc_deb
0x006F	0x0086      	MOVWF      FSR1
0x0070	0x3000      	MOVLW      hi_addr(_guc_deb)
0x0071	0x0087      	MOVWF      FSR1H
0x0072	0x0840      	MOVF       FARG_CHCK_COND_x, 0
0x0073	0x0786      	ADDWF      FSR1, 1
0x0074	0x1803      	BTFSC      STATUS, 0
0x0075	0x0A87      	INCF       FSR1H, 1
0x0076	0x0181      	CLRF       INDF1
L_CHCK_COND9:
;APP_OPSM.c,39 :: 		}
L_end_CHCK_COND:
0x0077	0x0008      	RETURN
; end of _CHCK_COND
_check_cond:
;APP_OPSM.c,42 :: 		void check_cond()
;APP_OPSM.c,44 :: 		guc_choice = 0;
0x0078	0x0020      	MOVLB      0
0x0079	0x01B6      	CLRF       _guc_choice
;APP_OPSM.c,45 :: 		if(COND1){ CHCK_COND(1); }
0x007A	0x1D8E      	BTFSS      PORTC, 3
0x007B	0x2880      	GOTO       L__check_cond76
0x007C	0x1D0E      	BTFSS      PORTC, 2
0x007D	0x2880      	GOTO       L__check_cond76
0x007E	0x1403      	BSF        STATUS, 0
0x007F	0x2881      	GOTO       L__check_cond77
L__check_cond76:
0x0080	0x1003      	BCF        STATUS, 0
L__check_cond77:
0x0081	0x1C03      	BTFSS      STATUS, 0
0x0082	0x2887      	GOTO       L__check_cond78
0x0083	0x1C8E      	BTFSS      PORTC, 1
0x0084	0x2887      	GOTO       L__check_cond78
0x0085	0x1470      	BSF        R0, 0
0x0086	0x2888      	GOTO       L__check_cond79
L__check_cond78:
0x0087	0x1070      	BCF        R0, 0
L__check_cond79:
0x0088	0x1C70      	BTFSS      R0, 0
0x0089	0x288E      	GOTO       L__check_cond80
0x008A	0x1C0E      	BTFSS      PORTC, 0
0x008B	0x288E      	GOTO       L__check_cond80
0x008C	0x1403      	BSF        STATUS, 0
0x008D	0x288F      	GOTO       L__check_cond81
L__check_cond80:
0x008E	0x1003      	BCF        STATUS, 0
L__check_cond81:
0x008F	0x1C03      	BTFSS      STATUS, 0
0x0090	0x2895      	GOTO       L_check_cond10
0x0091	0x3001      	MOVLW      1
0x0092	0x00C0      	MOVWF      FARG_CHCK_COND_x
0x0093	0x2034      	CALL       _CHCK_COND
0x0094	0x2A58      	GOTO       L_check_cond11
L_check_cond10:
;APP_OPSM.c,46 :: 		else if(COND2){ CHCK_COND(2); }
0x0095	0x1D8E      	BTFSS      PORTC, 3
0x0096	0x289B      	GOTO       L__check_cond82
0x0097	0x1D0E      	BTFSS      PORTC, 2
0x0098	0x289B      	GOTO       L__check_cond82
0x0099	0x1403      	BSF        STATUS, 0
0x009A	0x289C      	GOTO       L__check_cond83
L__check_cond82:
0x009B	0x1003      	BCF        STATUS, 0
L__check_cond83:
0x009C	0x1C03      	BTFSS      STATUS, 0
0x009D	0x28A2      	GOTO       L__check_cond84
0x009E	0x1C8E      	BTFSS      PORTC, 1
0x009F	0x28A2      	GOTO       L__check_cond84
0x00A0	0x1470      	BSF        R0, 0
0x00A1	0x28A3      	GOTO       L__check_cond85
L__check_cond84:
0x00A2	0x1070      	BCF        R0, 0
L__check_cond85:
0x00A3	0x180E      	BTFSC      PORTC, 0
0x00A4	0x28A7      	GOTO       L__check_cond86
0x00A5	0x1403      	BSF        STATUS, 0
0x00A6	0x28A8      	GOTO       L__check_cond87
L__check_cond86:
0x00A7	0x1003      	BCF        STATUS, 0
L__check_cond87:
0x00A8	0x1C70      	BTFSS      R0, 0
0x00A9	0x28AE      	GOTO       L__check_cond88
0x00AA	0x1C03      	BTFSS      STATUS, 0
0x00AB	0x28AE      	GOTO       L__check_cond88
0x00AC	0x1470      	BSF        R0, 0
0x00AD	0x28AF      	GOTO       L__check_cond89
L__check_cond88:
0x00AE	0x1070      	BCF        R0, 0
L__check_cond89:
0x00AF	0x1C70      	BTFSS      R0, 0
0x00B0	0x28B5      	GOTO       L_check_cond12
0x00B1	0x3002      	MOVLW      2
0x00B2	0x00C0      	MOVWF      FARG_CHCK_COND_x
0x00B3	0x2034      	CALL       _CHCK_COND
0x00B4	0x2A58      	GOTO       L_check_cond13
L_check_cond12:
;APP_OPSM.c,47 :: 		else if(COND3){ CHCK_COND(3); }
0x00B5	0x190E      	BTFSC      PORTC, 2
0x00B6	0x28B9      	GOTO       L__check_cond90
0x00B7	0x1403      	BSF        STATUS, 0
0x00B8	0x28BA      	GOTO       L__check_cond91
L__check_cond90:
0x00B9	0x1003      	BCF        STATUS, 0
L__check_cond91:
0x00BA	0x1D8E      	BTFSS      PORTC, 3
0x00BB	0x28C0      	GOTO       L__check_cond92
0x00BC	0x1C03      	BTFSS      STATUS, 0
0x00BD	0x28C0      	GOTO       L__check_cond92
0x00BE	0x1470      	BSF        R0, 0
0x00BF	0x28C1      	GOTO       L__check_cond93
L__check_cond92:
0x00C0	0x1070      	BCF        R0, 0
L__check_cond93:
0x00C1	0x1C70      	BTFSS      R0, 0
0x00C2	0x28C7      	GOTO       L__check_cond94
0x00C3	0x1C8E      	BTFSS      PORTC, 1
0x00C4	0x28C7      	GOTO       L__check_cond94
0x00C5	0x1403      	BSF        STATUS, 0
0x00C6	0x28C8      	GOTO       L__check_cond95
L__check_cond94:
0x00C7	0x1003      	BCF        STATUS, 0
L__check_cond95:
0x00C8	0x1C03      	BTFSS      STATUS, 0
0x00C9	0x28CE      	GOTO       L__check_cond96
0x00CA	0x1C0E      	BTFSS      PORTC, 0
0x00CB	0x28CE      	GOTO       L__check_cond96
0x00CC	0x1470      	BSF        R0, 0
0x00CD	0x28CF      	GOTO       L__check_cond97
L__check_cond96:
0x00CE	0x1070      	BCF        R0, 0
L__check_cond97:
0x00CF	0x1C70      	BTFSS      R0, 0
0x00D0	0x28D5      	GOTO       L_check_cond14
0x00D1	0x3003      	MOVLW      3
0x00D2	0x00C0      	MOVWF      FARG_CHCK_COND_x
0x00D3	0x2034      	CALL       _CHCK_COND
0x00D4	0x2A58      	GOTO       L_check_cond15
L_check_cond14:
;APP_OPSM.c,48 :: 		else if(COND4){ CHCK_COND(4); }
0x00D5	0x190E      	BTFSC      PORTC, 2
0x00D6	0x28D9      	GOTO       L__check_cond98
0x00D7	0x1403      	BSF        STATUS, 0
0x00D8	0x28DA      	GOTO       L__check_cond99
L__check_cond98:
0x00D9	0x1003      	BCF        STATUS, 0
L__check_cond99:
0x00DA	0x1D8E      	BTFSS      PORTC, 3
0x00DB	0x28E0      	GOTO       L__check_cond100
0x00DC	0x1C03      	BTFSS      STATUS, 0
0x00DD	0x28E0      	GOTO       L__check_cond100
0x00DE	0x1470      	BSF        R0, 0
0x00DF	0x28E1      	GOTO       L__check_cond101
L__check_cond100:
0x00E0	0x1070      	BCF        R0, 0
L__check_cond101:
0x00E1	0x1C70      	BTFSS      R0, 0
0x00E2	0x28E7      	GOTO       L__check_cond102
0x00E3	0x1C8E      	BTFSS      PORTC, 1
0x00E4	0x28E7      	GOTO       L__check_cond102
0x00E5	0x1470      	BSF        R0, 0
0x00E6	0x28E8      	GOTO       L__check_cond103
L__check_cond102:
0x00E7	0x1070      	BCF        R0, 0
L__check_cond103:
0x00E8	0x180E      	BTFSC      PORTC, 0
0x00E9	0x28EC      	GOTO       L__check_cond104
0x00EA	0x1403      	BSF        STATUS, 0
0x00EB	0x28ED      	GOTO       L__check_cond105
L__check_cond104:
0x00EC	0x1003      	BCF        STATUS, 0
L__check_cond105:
0x00ED	0x1C70      	BTFSS      R0, 0
0x00EE	0x28F3      	GOTO       L__check_cond106
0x00EF	0x1C03      	BTFSS      STATUS, 0
0x00F0	0x28F3      	GOTO       L__check_cond106
0x00F1	0x1470      	BSF        R0, 0
0x00F2	0x28F4      	GOTO       L__check_cond107
L__check_cond106:
0x00F3	0x1070      	BCF        R0, 0
L__check_cond107:
0x00F4	0x1C70      	BTFSS      R0, 0
0x00F5	0x28FA      	GOTO       L_check_cond16
0x00F6	0x3004      	MOVLW      4
0x00F7	0x00C0      	MOVWF      FARG_CHCK_COND_x
0x00F8	0x2034      	CALL       _CHCK_COND
0x00F9	0x2A58      	GOTO       L_check_cond17
L_check_cond16:
;APP_OPSM.c,49 :: 		else if(COND5){ CHCK_COND(5); }
0x00FA	0x1D8E      	BTFSS      PORTC, 3
0x00FB	0x2900      	GOTO       L__check_cond108
0x00FC	0x1D0E      	BTFSS      PORTC, 2
0x00FD	0x2900      	GOTO       L__check_cond108
0x00FE	0x1470      	BSF        R0, 0
0x00FF	0x2901      	GOTO       L__check_cond109
L__check_cond108:
0x0100	0x1070      	BCF        R0, 0
L__check_cond109:
0x0101	0x188E      	BTFSC      PORTC, 1
0x0102	0x2905      	GOTO       L__check_cond110
0x0103	0x1403      	BSF        STATUS, 0
0x0104	0x2906      	GOTO       L__check_cond111
L__check_cond110:
0x0105	0x1003      	BCF        STATUS, 0
L__check_cond111:
0x0106	0x1C70      	BTFSS      R0, 0
0x0107	0x290C      	GOTO       L__check_cond112
0x0108	0x1C03      	BTFSS      STATUS, 0
0x0109	0x290C      	GOTO       L__check_cond112
0x010A	0x1470      	BSF        R0, 0
0x010B	0x290D      	GOTO       L__check_cond113
L__check_cond112:
0x010C	0x1070      	BCF        R0, 0
L__check_cond113:
0x010D	0x1C70      	BTFSS      R0, 0
0x010E	0x2913      	GOTO       L__check_cond114
0x010F	0x1C0E      	BTFSS      PORTC, 0
0x0110	0x2913      	GOTO       L__check_cond114
0x0111	0x1403      	BSF        STATUS, 0
0x0112	0x2914      	GOTO       L__check_cond115
L__check_cond114:
0x0113	0x1003      	BCF        STATUS, 0
L__check_cond115:
0x0114	0x1C03      	BTFSS      STATUS, 0
0x0115	0x291A      	GOTO       L_check_cond18
0x0116	0x3005      	MOVLW      5
0x0117	0x00C0      	MOVWF      FARG_CHCK_COND_x
0x0118	0x2034      	CALL       _CHCK_COND
0x0119	0x2A58      	GOTO       L_check_cond19
L_check_cond18:
;APP_OPSM.c,50 :: 		else if(COND6){ CHCK_COND(6); }
0x011A	0x1D8E      	BTFSS      PORTC, 3
0x011B	0x2920      	GOTO       L__check_cond116
0x011C	0x1D0E      	BTFSS      PORTC, 2
0x011D	0x2920      	GOTO       L__check_cond116
0x011E	0x1470      	BSF        R0, 0
0x011F	0x2921      	GOTO       L__check_cond117
L__check_cond116:
0x0120	0x1070      	BCF        R0, 0
L__check_cond117:
0x0121	0x188E      	BTFSC      PORTC, 1
0x0122	0x2925      	GOTO       L__check_cond118
0x0123	0x1403      	BSF        STATUS, 0
0x0124	0x2926      	GOTO       L__check_cond119
L__check_cond118:
0x0125	0x1003      	BCF        STATUS, 0
L__check_cond119:
0x0126	0x1C70      	BTFSS      R0, 0
0x0127	0x292C      	GOTO       L__check_cond120
0x0128	0x1C03      	BTFSS      STATUS, 0
0x0129	0x292C      	GOTO       L__check_cond120
0x012A	0x1470      	BSF        R0, 0
0x012B	0x292D      	GOTO       L__check_cond121
L__check_cond120:
0x012C	0x1070      	BCF        R0, 0
L__check_cond121:
0x012D	0x180E      	BTFSC      PORTC, 0
0x012E	0x2931      	GOTO       L__check_cond122
0x012F	0x1403      	BSF        STATUS, 0
0x0130	0x2932      	GOTO       L__check_cond123
L__check_cond122:
0x0131	0x1003      	BCF        STATUS, 0
L__check_cond123:
0x0132	0x1C70      	BTFSS      R0, 0
0x0133	0x2938      	GOTO       L__check_cond124
0x0134	0x1C03      	BTFSS      STATUS, 0
0x0135	0x2938      	GOTO       L__check_cond124
0x0136	0x1470      	BSF        R0, 0
0x0137	0x2939      	GOTO       L__check_cond125
L__check_cond124:
0x0138	0x1070      	BCF        R0, 0
L__check_cond125:
0x0139	0x1C70      	BTFSS      R0, 0
0x013A	0x293F      	GOTO       L_check_cond20
0x013B	0x3006      	MOVLW      6
0x013C	0x00C0      	MOVWF      FARG_CHCK_COND_x
0x013D	0x2034      	CALL       _CHCK_COND
0x013E	0x2A58      	GOTO       L_check_cond21
L_check_cond20:
;APP_OPSM.c,51 :: 		else if(COND7){ CHCK_COND(7); }
0x013F	0x190E      	BTFSC      PORTC, 2
0x0140	0x2943      	GOTO       L__check_cond126
0x0141	0x1403      	BSF        STATUS, 0
0x0142	0x2944      	GOTO       L__check_cond127
L__check_cond126:
0x0143	0x1003      	BCF        STATUS, 0
L__check_cond127:
0x0144	0x1D8E      	BTFSS      PORTC, 3
0x0145	0x294A      	GOTO       L__check_cond128
0x0146	0x1C03      	BTFSS      STATUS, 0
0x0147	0x294A      	GOTO       L__check_cond128
0x0148	0x1470      	BSF        R0, 0
0x0149	0x294B      	GOTO       L__check_cond129
L__check_cond128:
0x014A	0x1070      	BCF        R0, 0
L__check_cond129:
0x014B	0x188E      	BTFSC      PORTC, 1
0x014C	0x294F      	GOTO       L__check_cond130
0x014D	0x1403      	BSF        STATUS, 0
0x014E	0x2950      	GOTO       L__check_cond131
L__check_cond130:
0x014F	0x1003      	BCF        STATUS, 0
L__check_cond131:
0x0150	0x1C70      	BTFSS      R0, 0
0x0151	0x2956      	GOTO       L__check_cond132
0x0152	0x1C03      	BTFSS      STATUS, 0
0x0153	0x2956      	GOTO       L__check_cond132
0x0154	0x1470      	BSF        R0, 0
0x0155	0x2957      	GOTO       L__check_cond133
L__check_cond132:
0x0156	0x1070      	BCF        R0, 0
L__check_cond133:
0x0157	0x1C70      	BTFSS      R0, 0
0x0158	0x295D      	GOTO       L__check_cond134
0x0159	0x1C0E      	BTFSS      PORTC, 0
0x015A	0x295D      	GOTO       L__check_cond134
0x015B	0x1403      	BSF        STATUS, 0
0x015C	0x295E      	GOTO       L__check_cond135
L__check_cond134:
0x015D	0x1003      	BCF        STATUS, 0
L__check_cond135:
0x015E	0x1C03      	BTFSS      STATUS, 0
0x015F	0x2964      	GOTO       L_check_cond22
0x0160	0x3007      	MOVLW      7
0x0161	0x00C0      	MOVWF      FARG_CHCK_COND_x
0x0162	0x2034      	CALL       _CHCK_COND
0x0163	0x2A58      	GOTO       L_check_cond23
L_check_cond22:
;APP_OPSM.c,52 :: 		else if(COND8){ CHCK_COND(8); }
0x0164	0x190E      	BTFSC      PORTC, 2
0x0165	0x2968      	GOTO       L__check_cond136
0x0166	0x1403      	BSF        STATUS, 0
0x0167	0x2969      	GOTO       L__check_cond137
L__check_cond136:
0x0168	0x1003      	BCF        STATUS, 0
L__check_cond137:
0x0169	0x1D8E      	BTFSS      PORTC, 3
0x016A	0x296F      	GOTO       L__check_cond138
0x016B	0x1C03      	BTFSS      STATUS, 0
0x016C	0x296F      	GOTO       L__check_cond138
0x016D	0x1470      	BSF        R0, 0
0x016E	0x2970      	GOTO       L__check_cond139
L__check_cond138:
0x016F	0x1070      	BCF        R0, 0
L__check_cond139:
0x0170	0x188E      	BTFSC      PORTC, 1
0x0171	0x2974      	GOTO       L__check_cond140
0x0172	0x1403      	BSF        STATUS, 0
0x0173	0x2975      	GOTO       L__check_cond141
L__check_cond140:
0x0174	0x1003      	BCF        STATUS, 0
L__check_cond141:
0x0175	0x1C70      	BTFSS      R0, 0
0x0176	0x297B      	GOTO       L__check_cond142
0x0177	0x1C03      	BTFSS      STATUS, 0
0x0178	0x297B      	GOTO       L__check_cond142
0x0179	0x1470      	BSF        R0, 0
0x017A	0x297C      	GOTO       L__check_cond143
L__check_cond142:
0x017B	0x1070      	BCF        R0, 0
L__check_cond143:
0x017C	0x180E      	BTFSC      PORTC, 0
0x017D	0x2980      	GOTO       L__check_cond144
0x017E	0x1403      	BSF        STATUS, 0
0x017F	0x2981      	GOTO       L__check_cond145
L__check_cond144:
0x0180	0x1003      	BCF        STATUS, 0
L__check_cond145:
0x0181	0x1C70      	BTFSS      R0, 0
0x0182	0x2987      	GOTO       L__check_cond146
0x0183	0x1C03      	BTFSS      STATUS, 0
0x0184	0x2987      	GOTO       L__check_cond146
0x0185	0x1470      	BSF        R0, 0
0x0186	0x2988      	GOTO       L__check_cond147
L__check_cond146:
0x0187	0x1070      	BCF        R0, 0
L__check_cond147:
0x0188	0x1C70      	BTFSS      R0, 0
0x0189	0x298E      	GOTO       L_check_cond24
0x018A	0x3008      	MOVLW      8
0x018B	0x00C0      	MOVWF      FARG_CHCK_COND_x
0x018C	0x2034      	CALL       _CHCK_COND
0x018D	0x2A58      	GOTO       L_check_cond25
L_check_cond24:
;APP_OPSM.c,53 :: 		else if(COND9){ CHCK_COND(9); }
0x018E	0x198E      	BTFSC      PORTC, 3
0x018F	0x2992      	GOTO       L__check_cond148
0x0190	0x1403      	BSF        STATUS, 0
0x0191	0x2993      	GOTO       L__check_cond149
L__check_cond148:
0x0192	0x1003      	BCF        STATUS, 0
L__check_cond149:
0x0193	0x1C03      	BTFSS      STATUS, 0
0x0194	0x2999      	GOTO       L__check_cond150
0x0195	0x1D0E      	BTFSS      PORTC, 2
0x0196	0x2999      	GOTO       L__check_cond150
0x0197	0x1470      	BSF        R0, 0
0x0198	0x299A      	GOTO       L__check_cond151
L__check_cond150:
0x0199	0x1070      	BCF        R0, 0
L__check_cond151:
0x019A	0x188E      	BTFSC      PORTC, 1
0x019B	0x299E      	GOTO       L__check_cond152
0x019C	0x1403      	BSF        STATUS, 0
0x019D	0x299F      	GOTO       L__check_cond153
L__check_cond152:
0x019E	0x1003      	BCF        STATUS, 0
L__check_cond153:
0x019F	0x1C70      	BTFSS      R0, 0
0x01A0	0x29A5      	GOTO       L__check_cond154
0x01A1	0x1C03      	BTFSS      STATUS, 0
0x01A2	0x29A5      	GOTO       L__check_cond154
0x01A3	0x1470      	BSF        R0, 0
0x01A4	0x29A6      	GOTO       L__check_cond155
L__check_cond154:
0x01A5	0x1070      	BCF        R0, 0
L__check_cond155:
0x01A6	0x1C70      	BTFSS      R0, 0
0x01A7	0x29AC      	GOTO       L__check_cond156
0x01A8	0x1C0E      	BTFSS      PORTC, 0
0x01A9	0x29AC      	GOTO       L__check_cond156
0x01AA	0x1403      	BSF        STATUS, 0
0x01AB	0x29AD      	GOTO       L__check_cond157
L__check_cond156:
0x01AC	0x1003      	BCF        STATUS, 0
L__check_cond157:
0x01AD	0x1C03      	BTFSS      STATUS, 0
0x01AE	0x29B3      	GOTO       L_check_cond26
0x01AF	0x3009      	MOVLW      9
0x01B0	0x00C0      	MOVWF      FARG_CHCK_COND_x
0x01B1	0x2034      	CALL       _CHCK_COND
0x01B2	0x2A58      	GOTO       L_check_cond27
L_check_cond26:
;APP_OPSM.c,54 :: 		else if(COND10){ CHCK_COND(10); }
0x01B3	0x198E      	BTFSC      PORTC, 3
0x01B4	0x29B7      	GOTO       L__check_cond158
0x01B5	0x1403      	BSF        STATUS, 0
0x01B6	0x29B8      	GOTO       L__check_cond159
L__check_cond158:
0x01B7	0x1003      	BCF        STATUS, 0
L__check_cond159:
0x01B8	0x1C03      	BTFSS      STATUS, 0
0x01B9	0x29BE      	GOTO       L__check_cond160
0x01BA	0x1D0E      	BTFSS      PORTC, 2
0x01BB	0x29BE      	GOTO       L__check_cond160
0x01BC	0x1470      	BSF        R0, 0
0x01BD	0x29BF      	GOTO       L__check_cond161
L__check_cond160:
0x01BE	0x1070      	BCF        R0, 0
L__check_cond161:
0x01BF	0x188E      	BTFSC      PORTC, 1
0x01C0	0x29C3      	GOTO       L__check_cond162
0x01C1	0x1403      	BSF        STATUS, 0
0x01C2	0x29C4      	GOTO       L__check_cond163
L__check_cond162:
0x01C3	0x1003      	BCF        STATUS, 0
L__check_cond163:
0x01C4	0x1C70      	BTFSS      R0, 0
0x01C5	0x29CA      	GOTO       L__check_cond164
0x01C6	0x1C03      	BTFSS      STATUS, 0
0x01C7	0x29CA      	GOTO       L__check_cond164
0x01C8	0x1470      	BSF        R0, 0
0x01C9	0x29CB      	GOTO       L__check_cond165
L__check_cond164:
0x01CA	0x1070      	BCF        R0, 0
L__check_cond165:
0x01CB	0x180E      	BTFSC      PORTC, 0
0x01CC	0x29CF      	GOTO       L__check_cond166
0x01CD	0x1403      	BSF        STATUS, 0
0x01CE	0x29D0      	GOTO       L__check_cond167
L__check_cond166:
0x01CF	0x1003      	BCF        STATUS, 0
L__check_cond167:
0x01D0	0x1C70      	BTFSS      R0, 0
0x01D1	0x29D6      	GOTO       L__check_cond168
0x01D2	0x1C03      	BTFSS      STATUS, 0
0x01D3	0x29D6      	GOTO       L__check_cond168
0x01D4	0x1470      	BSF        R0, 0
0x01D5	0x29D7      	GOTO       L__check_cond169
L__check_cond168:
0x01D6	0x1070      	BCF        R0, 0
L__check_cond169:
0x01D7	0x1C70      	BTFSS      R0, 0
0x01D8	0x29DD      	GOTO       L_check_cond28
0x01D9	0x300A      	MOVLW      10
0x01DA	0x00C0      	MOVWF      FARG_CHCK_COND_x
0x01DB	0x2034      	CALL       _CHCK_COND
0x01DC	0x2A58      	GOTO       L_check_cond29
L_check_cond28:
;APP_OPSM.c,55 :: 		else if(COND11){ CHCK_COND(11); }
0x01DD	0x198E      	BTFSC      PORTC, 3
0x01DE	0x29E1      	GOTO       L__check_cond170
0x01DF	0x1470      	BSF        R0, 0
0x01E0	0x29E2      	GOTO       L__check_cond171
L__check_cond170:
0x01E1	0x1070      	BCF        R0, 0
L__check_cond171:
0x01E2	0x190E      	BTFSC      PORTC, 2
0x01E3	0x29E6      	GOTO       L__check_cond172
0x01E4	0x1403      	BSF        STATUS, 0
0x01E5	0x29E7      	GOTO       L__check_cond173
L__check_cond172:
0x01E6	0x1003      	BCF        STATUS, 0
L__check_cond173:
0x01E7	0x1C70      	BTFSS      R0, 0
0x01E8	0x29ED      	GOTO       L__check_cond174
0x01E9	0x1C03      	BTFSS      STATUS, 0
0x01EA	0x29ED      	GOTO       L__check_cond174
0x01EB	0x1470      	BSF        R0, 0
0x01EC	0x29EE      	GOTO       L__check_cond175
L__check_cond174:
0x01ED	0x1070      	BCF        R0, 0
L__check_cond175:
0x01EE	0x188E      	BTFSC      PORTC, 1
0x01EF	0x29F2      	GOTO       L__check_cond176
0x01F0	0x1403      	BSF        STATUS, 0
0x01F1	0x29F3      	GOTO       L__check_cond177
L__check_cond176:
0x01F2	0x1003      	BCF        STATUS, 0
L__check_cond177:
0x01F3	0x1C70      	BTFSS      R0, 0
0x01F4	0x29F9      	GOTO       L__check_cond178
0x01F5	0x1C03      	BTFSS      STATUS, 0
0x01F6	0x29F9      	GOTO       L__check_cond178
0x01F7	0x1470      	BSF        R0, 0
0x01F8	0x29FA      	GOTO       L__check_cond179
L__check_cond178:
0x01F9	0x1070      	BCF        R0, 0
L__check_cond179:
0x01FA	0x1C70      	BTFSS      R0, 0
0x01FB	0x2A00      	GOTO       L__check_cond180
0x01FC	0x1C0E      	BTFSS      PORTC, 0
0x01FD	0x2A00      	GOTO       L__check_cond180
0x01FE	0x1403      	BSF        STATUS, 0
0x01FF	0x2A01      	GOTO       L__check_cond181
L__check_cond180:
0x0200	0x1003      	BCF        STATUS, 0
L__check_cond181:
0x0201	0x1C03      	BTFSS      STATUS, 0
0x0202	0x2A07      	GOTO       L_check_cond30
0x0203	0x300B      	MOVLW      11
0x0204	0x00C0      	MOVWF      FARG_CHCK_COND_x
0x0205	0x2034      	CALL       _CHCK_COND
0x0206	0x2A58      	GOTO       L_check_cond31
L_check_cond30:
;APP_OPSM.c,56 :: 		else if(COND12){ CHCK_COND(12); }
0x0207	0x198E      	BTFSC      PORTC, 3
0x0208	0x2A0B      	GOTO       L__check_cond182
0x0209	0x1470      	BSF        R0, 0
0x020A	0x2A0C      	GOTO       L__check_cond183
L__check_cond182:
0x020B	0x1070      	BCF        R0, 0
L__check_cond183:
0x020C	0x190E      	BTFSC      PORTC, 2
0x020D	0x2A10      	GOTO       L__check_cond184
0x020E	0x1403      	BSF        STATUS, 0
0x020F	0x2A11      	GOTO       L__check_cond185
L__check_cond184:
0x0210	0x1003      	BCF        STATUS, 0
L__check_cond185:
0x0211	0x1C70      	BTFSS      R0, 0
0x0212	0x2A17      	GOTO       L__check_cond186
0x0213	0x1C03      	BTFSS      STATUS, 0
0x0214	0x2A17      	GOTO       L__check_cond186
0x0215	0x1470      	BSF        R0, 0
0x0216	0x2A18      	GOTO       L__check_cond187
L__check_cond186:
0x0217	0x1070      	BCF        R0, 0
L__check_cond187:
0x0218	0x188E      	BTFSC      PORTC, 1
0x0219	0x2A1C      	GOTO       L__check_cond188
0x021A	0x1403      	BSF        STATUS, 0
0x021B	0x2A1D      	GOTO       L__check_cond189
L__check_cond188:
0x021C	0x1003      	BCF        STATUS, 0
L__check_cond189:
0x021D	0x1C70      	BTFSS      R0, 0
0x021E	0x2A23      	GOTO       L__check_cond190
0x021F	0x1C03      	BTFSS      STATUS, 0
0x0220	0x2A23      	GOTO       L__check_cond190
0x0221	0x1470      	BSF        R0, 0
0x0222	0x2A24      	GOTO       L__check_cond191
L__check_cond190:
0x0223	0x1070      	BCF        R0, 0
L__check_cond191:
0x0224	0x180E      	BTFSC      PORTC, 0
0x0225	0x2A28      	GOTO       L__check_cond192
0x0226	0x1403      	BSF        STATUS, 0
0x0227	0x2A29      	GOTO       L__check_cond193
L__check_cond192:
0x0228	0x1003      	BCF        STATUS, 0
L__check_cond193:
0x0229	0x1C70      	BTFSS      R0, 0
0x022A	0x2A2F      	GOTO       L__check_cond194
0x022B	0x1C03      	BTFSS      STATUS, 0
0x022C	0x2A2F      	GOTO       L__check_cond194
0x022D	0x1470      	BSF        R0, 0
0x022E	0x2A30      	GOTO       L__check_cond195
L__check_cond194:
0x022F	0x1070      	BCF        R0, 0
L__check_cond195:
0x0230	0x1C70      	BTFSS      R0, 0
0x0231	0x2A36      	GOTO       L_check_cond32
0x0232	0x300C      	MOVLW      12
0x0233	0x00C0      	MOVWF      FARG_CHCK_COND_x
0x0234	0x2034      	CALL       _CHCK_COND
0x0235	0x2A58      	GOTO       L_check_cond33
L_check_cond32:
;APP_OPSM.c,57 :: 		else if(COND13){ CHCK_COND(13); }
0x0236	0x198E      	BTFSC      PORTC, 3
0x0237	0x2A3A      	GOTO       L__check_cond196
0x0238	0x1403      	BSF        STATUS, 0
0x0239	0x2A3B      	GOTO       L__check_cond197
L__check_cond196:
0x023A	0x1003      	BCF        STATUS, 0
L__check_cond197:
0x023B	0x1C03      	BTFSS      STATUS, 0
0x023C	0x2A41      	GOTO       L__check_cond198
0x023D	0x1D0E      	BTFSS      PORTC, 2
0x023E	0x2A41      	GOTO       L__check_cond198
0x023F	0x1470      	BSF        R0, 0
0x0240	0x2A42      	GOTO       L__check_cond199
L__check_cond198:
0x0241	0x1070      	BCF        R0, 0
L__check_cond199:
0x0242	0x1C70      	BTFSS      R0, 0
0x0243	0x2A48      	GOTO       L__check_cond200
0x0244	0x1C8E      	BTFSS      PORTC, 1
0x0245	0x2A48      	GOTO       L__check_cond200
0x0246	0x1403      	BSF        STATUS, 0
0x0247	0x2A49      	GOTO       L__check_cond201
L__check_cond200:
0x0248	0x1003      	BCF        STATUS, 0
L__check_cond201:
0x0249	0x1C03      	BTFSS      STATUS, 0
0x024A	0x2A4F      	GOTO       L__check_cond202
0x024B	0x1C0E      	BTFSS      PORTC, 0
0x024C	0x2A4F      	GOTO       L__check_cond202
0x024D	0x1470      	BSF        R0, 0
0x024E	0x2A50      	GOTO       L__check_cond203
L__check_cond202:
0x024F	0x1070      	BCF        R0, 0
L__check_cond203:
0x0250	0x1C70      	BTFSS      R0, 0
0x0251	0x2A56      	GOTO       L_check_cond34
0x0252	0x300D      	MOVLW      13
0x0253	0x00C0      	MOVWF      FARG_CHCK_COND_x
0x0254	0x2034      	CALL       _CHCK_COND
0x0255	0x2A58      	GOTO       L_check_cond35
L_check_cond34:
;APP_OPSM.c,58 :: 		else {guc_choice = 14;}
0x0256	0x300E      	MOVLW      14
0x0257	0x00B6      	MOVWF      _guc_choice
L_check_cond35:
L_check_cond33:
L_check_cond31:
L_check_cond29:
L_check_cond27:
L_check_cond25:
L_check_cond23:
L_check_cond21:
L_check_cond19:
L_check_cond17:
L_check_cond15:
L_check_cond13:
L_check_cond11:
;APP_OPSM.c,60 :: 		asm CLRWDT ;
0x0258	0x0064      	CLRWDT
;APP_OPSM.c,62 :: 		}
L_end_check_cond:
0x0259	0x0008      	RETURN
; end of _check_cond
_exe_cond:
;APP_OPSM.c,64 :: 		void exe_cond()
;APP_OPSM.c,66 :: 		if(guc_choice == 1 || guc_choice == 2 || guc_choice == 3
0x025A	0x0020      	MOVLB      0
0x025B	0x0836      	MOVF       _guc_choice, 0
0x025C	0x3A01      	XORLW      1
0x025D	0x1903      	BTFSC      STATUS, 2
0x025E	0x2A70      	GOTO       L__exe_cond71
0x025F	0x0836      	MOVF       _guc_choice, 0
0x0260	0x3A02      	XORLW      2
0x0261	0x1903      	BTFSC      STATUS, 2
0x0262	0x2A70      	GOTO       L__exe_cond71
0x0263	0x0836      	MOVF       _guc_choice, 0
0x0264	0x3A03      	XORLW      3
0x0265	0x1903      	BTFSC      STATUS, 2
0x0266	0x2A70      	GOTO       L__exe_cond71
;APP_OPSM.c,67 :: 		|| guc_choice == 4 || guc_choice == 5 ){guc_buzz_state=1;}
0x0267	0x0836      	MOVF       _guc_choice, 0
0x0268	0x3A04      	XORLW      4
0x0269	0x1903      	BTFSC      STATUS, 2
0x026A	0x2A70      	GOTO       L__exe_cond71
0x026B	0x0836      	MOVF       _guc_choice, 0
0x026C	0x3A05      	XORLW      5
0x026D	0x1903      	BTFSC      STATUS, 2
0x026E	0x2A70      	GOTO       L__exe_cond71
0x026F	0x2A73      	GOTO       L_exe_cond38
L__exe_cond71:
0x0270	0x3001      	MOVLW      1
0x0271	0x00A3      	MOVWF      _guc_buzz_state
0x0272	0x2A74      	GOTO       L_exe_cond39
L_exe_cond38:
;APP_OPSM.c,68 :: 		else { guc_buzz_state=0;}
0x0273	0x01A3      	CLRF       _guc_buzz_state
L_exe_cond39:
;APP_OPSM.c,70 :: 		if( guc_choice == 6 || guc_choice == 7 || guc_choice == 8
0x0274	0x0836      	MOVF       _guc_choice, 0
0x0275	0x3A06      	XORLW      6
0x0276	0x1903      	BTFSC      STATUS, 2
0x0277	0x2A91      	GOTO       L__exe_cond70
0x0278	0x0836      	MOVF       _guc_choice, 0
0x0279	0x3A07      	XORLW      7
0x027A	0x1903      	BTFSC      STATUS, 2
0x027B	0x2A91      	GOTO       L__exe_cond70
0x027C	0x0836      	MOVF       _guc_choice, 0
0x027D	0x3A08      	XORLW      8
0x027E	0x1903      	BTFSC      STATUS, 2
0x027F	0x2A91      	GOTO       L__exe_cond70
;APP_OPSM.c,71 :: 		|| guc_choice == 9 || guc_choice == 10 || guc_choice == 11
0x0280	0x0836      	MOVF       _guc_choice, 0
0x0281	0x3A09      	XORLW      9
0x0282	0x1903      	BTFSC      STATUS, 2
0x0283	0x2A91      	GOTO       L__exe_cond70
0x0284	0x0836      	MOVF       _guc_choice, 0
0x0285	0x3A0A      	XORLW      10
0x0286	0x1903      	BTFSC      STATUS, 2
0x0287	0x2A91      	GOTO       L__exe_cond70
0x0288	0x0836      	MOVF       _guc_choice, 0
0x0289	0x3A0B      	XORLW      11
0x028A	0x1903      	BTFSC      STATUS, 2
0x028B	0x2A91      	GOTO       L__exe_cond70
;APP_OPSM.c,72 :: 		|| guc_choice == 12 )
0x028C	0x0836      	MOVF       _guc_choice, 0
0x028D	0x3A0C      	XORLW      12
0x028E	0x1903      	BTFSC      STATUS, 2
0x028F	0x2A91      	GOTO       L__exe_cond70
0x0290	0x2A93      	GOTO       L_exe_cond42
L__exe_cond70:
;APP_OPSM.c,73 :: 		{P_IND = 1;}
0x0291	0x160E      	BSF        PORTC, 4
0x0292	0x2A94      	GOTO       L_exe_cond43
L_exe_cond42:
;APP_OPSM.c,74 :: 		else { P_IND = 0;}
0x0293	0x120E      	BCF        PORTC, 4
L_exe_cond43:
;APP_OPSM.c,82 :: 		if(guc_choice == 2)
0x0294	0x0836      	MOVF       _guc_choice, 0
0x0295	0x3A02      	XORLW      2
0x0296	0x1D03      	BTFSS      STATUS, 2
0x0297	0x2AC7      	GOTO       L_exe_cond44
;APP_OPSM.c,84 :: 		guc_sec=0; RELAY_SOL = 1;while(guc_sec<6);
0x0298	0x01B7      	CLRF       _guc_sec
0x0299	0x01B8      	CLRF       _guc_sec+1
0x029A	0x168E      	BSF        PORTC, 5
L_exe_cond45:
0x029B	0x3000      	MOVLW      0
0x029C	0x0238      	SUBWF      _guc_sec+1, 0
0x029D	0x1D03      	BTFSS      STATUS, 2
0x029E	0x2AA1      	GOTO       L__exe_cond205
0x029F	0x3006      	MOVLW      6
0x02A0	0x0237      	SUBWF      _guc_sec, 0
L__exe_cond205:
0x02A1	0x1803      	BTFSC      STATUS, 0
0x02A2	0x2AA4      	GOTO       L_exe_cond46
0x02A3	0x2A9B      	GOTO       L_exe_cond45
L_exe_cond46:
;APP_OPSM.c,85 :: 		RELAY_SOL = 0;rel_lock = 1;
0x02A4	0x128E      	BCF        PORTC, 5
0x02A5	0x3001      	MOVLW      1
0x02A6	0x00BA      	MOVWF      _rel_lock
;APP_OPSM.c,86 :: 		while(COND2)asm CLRWDT ;
L_exe_cond47:
0x02A7	0x1D8E      	BTFSS      PORTC, 3
0x02A8	0x2AAD      	GOTO       L__exe_cond206
0x02A9	0x1D0E      	BTFSS      PORTC, 2
0x02AA	0x2AAD      	GOTO       L__exe_cond206
0x02AB	0x1403      	BSF        STATUS, 0
0x02AC	0x2AAE      	GOTO       L__exe_cond207
L__exe_cond206:
0x02AD	0x1003      	BCF        STATUS, 0
L__exe_cond207:
0x02AE	0x1C03      	BTFSS      STATUS, 0
0x02AF	0x2AB4      	GOTO       L__exe_cond208
0x02B0	0x1C8E      	BTFSS      PORTC, 1
0x02B1	0x2AB4      	GOTO       L__exe_cond208
0x02B2	0x1471      	BSF        R1, 0
0x02B3	0x2AB5      	GOTO       L__exe_cond209
L__exe_cond208:
0x02B4	0x1071      	BCF        R1, 0
L__exe_cond209:
0x02B5	0x180E      	BTFSC      PORTC, 0
0x02B6	0x2AB9      	GOTO       L__exe_cond210
0x02B7	0x1403      	BSF        STATUS, 0
0x02B8	0x2ABA      	GOTO       L__exe_cond211
L__exe_cond210:
0x02B9	0x1003      	BCF        STATUS, 0
L__exe_cond211:
0x02BA	0x1C71      	BTFSS      R1, 0
0x02BB	0x2AC0      	GOTO       L__exe_cond212
0x02BC	0x1C03      	BTFSS      STATUS, 0
0x02BD	0x2AC0      	GOTO       L__exe_cond212
0x02BE	0x1471      	BSF        R1, 0
0x02BF	0x2AC1      	GOTO       L__exe_cond213
L__exe_cond212:
0x02C0	0x1071      	BCF        R1, 0
L__exe_cond213:
0x02C1	0x1C71      	BTFSS      R1, 0
0x02C2	0x2AC5      	GOTO       L_exe_cond48
0x02C3	0x0064      	CLRWDT
0x02C4	0x2AA7      	GOTO       L_exe_cond47
L_exe_cond48:
;APP_OPSM.c,87 :: 		guc_buzz_state=0;
0x02C5	0x01A3      	CLRF       _guc_buzz_state
;APP_OPSM.c,88 :: 		}
0x02C6	0x2B00      	GOTO       L_exe_cond49
L_exe_cond44:
;APP_OPSM.c,89 :: 		else if(guc_choice == 6)
0x02C7	0x0836      	MOVF       _guc_choice, 0
0x02C8	0x3A06      	XORLW      6
0x02C9	0x1D03      	BTFSS      STATUS, 2
0x02CA	0x2AFF      	GOTO       L_exe_cond50
;APP_OPSM.c,92 :: 		guc_sec=0; RELAY_SOL = 1;while(guc_sec<6);
0x02CB	0x01B7      	CLRF       _guc_sec
0x02CC	0x01B8      	CLRF       _guc_sec+1
0x02CD	0x168E      	BSF        PORTC, 5
L_exe_cond51:
0x02CE	0x3000      	MOVLW      0
0x02CF	0x0238      	SUBWF      _guc_sec+1, 0
0x02D0	0x1D03      	BTFSS      STATUS, 2
0x02D1	0x2AD4      	GOTO       L__exe_cond214
0x02D2	0x3006      	MOVLW      6
0x02D3	0x0237      	SUBWF      _guc_sec, 0
L__exe_cond214:
0x02D4	0x1803      	BTFSC      STATUS, 0
0x02D5	0x2AD7      	GOTO       L_exe_cond52
0x02D6	0x2ACE      	GOTO       L_exe_cond51
L_exe_cond52:
;APP_OPSM.c,93 :: 		RELAY_SOL = 0;rel_lock = 1;
0x02D7	0x128E      	BCF        PORTC, 5
0x02D8	0x3001      	MOVLW      1
0x02D9	0x00BA      	MOVWF      _rel_lock
;APP_OPSM.c,94 :: 		while(COND6)asm CLRWDT ;
L_exe_cond53:
0x02DA	0x1D8E      	BTFSS      PORTC, 3
0x02DB	0x2AE0      	GOTO       L__exe_cond215
0x02DC	0x1D0E      	BTFSS      PORTC, 2
0x02DD	0x2AE0      	GOTO       L__exe_cond215
0x02DE	0x1471      	BSF        R1, 0
0x02DF	0x2AE1      	GOTO       L__exe_cond216
L__exe_cond215:
0x02E0	0x1071      	BCF        R1, 0
L__exe_cond216:
0x02E1	0x188E      	BTFSC      PORTC, 1
0x02E2	0x2AE5      	GOTO       L__exe_cond217
0x02E3	0x1403      	BSF        STATUS, 0
0x02E4	0x2AE6      	GOTO       L__exe_cond218
L__exe_cond217:
0x02E5	0x1003      	BCF        STATUS, 0
L__exe_cond218:
0x02E6	0x1C71      	BTFSS      R1, 0
0x02E7	0x2AEC      	GOTO       L__exe_cond219
0x02E8	0x1C03      	BTFSS      STATUS, 0
0x02E9	0x2AEC      	GOTO       L__exe_cond219
0x02EA	0x1471      	BSF        R1, 0
0x02EB	0x2AED      	GOTO       L__exe_cond220
L__exe_cond219:
0x02EC	0x1071      	BCF        R1, 0
L__exe_cond220:
0x02ED	0x180E      	BTFSC      PORTC, 0
0x02EE	0x2AF1      	GOTO       L__exe_cond221
0x02EF	0x1403      	BSF        STATUS, 0
0x02F0	0x2AF2      	GOTO       L__exe_cond222
L__exe_cond221:
0x02F1	0x1003      	BCF        STATUS, 0
L__exe_cond222:
0x02F2	0x1C71      	BTFSS      R1, 0
0x02F3	0x2AF8      	GOTO       L__exe_cond223
0x02F4	0x1C03      	BTFSS      STATUS, 0
0x02F5	0x2AF8      	GOTO       L__exe_cond223
0x02F6	0x1471      	BSF        R1, 0
0x02F7	0x2AF9      	GOTO       L__exe_cond224
L__exe_cond223:
0x02F8	0x1071      	BCF        R1, 0
L__exe_cond224:
0x02F9	0x1C71      	BTFSS      R1, 0
0x02FA	0x2AFD      	GOTO       L_exe_cond54
0x02FB	0x0064      	CLRWDT
0x02FC	0x2ADA      	GOTO       L_exe_cond53
L_exe_cond54:
;APP_OPSM.c,95 :: 		guc_buzz_state=0;
0x02FD	0x01A3      	CLRF       _guc_buzz_state
;APP_OPSM.c,96 :: 		}
0x02FE	0x2B00      	GOTO       L_exe_cond55
L_exe_cond50:
;APP_OPSM.c,97 :: 		else { RELAY_SOL = 0;}
0x02FF	0x128E      	BCF        PORTC, 5
L_exe_cond55:
L_exe_cond49:
;APP_OPSM.c,99 :: 		if (guc_choice == 14)
0x0300	0x0836      	MOVF       _guc_choice, 0
0x0301	0x3A0E      	XORLW      14
0x0302	0x1D03      	BTFSS      STATUS, 2
0x0303	0x2B08      	GOTO       L_exe_cond56
;APP_OPSM.c,101 :: 		guc_buzz_state=0;
0x0304	0x01A3      	CLRF       _guc_buzz_state
;APP_OPSM.c,102 :: 		P_IND = 0;
0x0305	0x120E      	BCF        PORTC, 4
;APP_OPSM.c,103 :: 		RELAY_SOL = 0;
0x0306	0x128E      	BCF        PORTC, 5
;APP_OPSM.c,104 :: 		BUZZER = 0;
0x0307	0x110C      	BCF        PORTA, 2
;APP_OPSM.c,105 :: 		}
L_exe_cond56:
;APP_OPSM.c,106 :: 		}
L_end_exe_cond:
0x0308	0x0008      	RETURN
; end of _exe_cond
___CC2DW:
;__Lib_System.c,71 :: 		
;__Lib_System.c,73 :: 		
_CC2DL_Loop1:
;__Lib_System.c,74 :: 		
0x0309	0x0012      	MOVIW      FSR0++ 
;__Lib_System.c,75 :: 		
0x030A	0x001E      	MOVWI      FSR1++ 
;__Lib_System.c,76 :: 		
0x030B	0x03F0      	DECF       R0, 1
;__Lib_System.c,77 :: 		
0x030C	0x1D03      	BTFSS      STATUS, 2
;__Lib_System.c,78 :: 		
0x030D	0x2B09      	GOTO       _CC2DL_Loop1
;__Lib_System.c,79 :: 		
0x030E	0x03F1      	DECF       R1, 1
;__Lib_System.c,80 :: 		
0x030F	0x1D03      	BTFSS      STATUS, 2
;__Lib_System.c,81 :: 		
0x0310	0x2B09      	GOTO       _CC2DL_Loop1
;__Lib_System.c,83 :: 		
L_end___CC2DW:
0x0311	0x0008      	RETURN
; end of ___CC2DW
_TMR0_ISR:
;tmr0.c,22 :: 		void TMR0_ISR(void)
;tmr0.c,25 :: 		TMR0_Reload();
0x0312	0x2021      	CALL       _TMR0_Reload
;tmr0.c,26 :: 		TMR0IF_bit = 0;     /*Clear the TMR0 interrupt flag8*/
0x0313	0x110B      	BCF        TMR0IF_bit, BitPos(TMR0IF_bit+0)
;tmr0.c,27 :: 		asm CLRWDT ;
0x0314	0x0064      	CLRWDT
;tmr0.c,28 :: 		if(one_sec>1048)           /*Timer for 1 sec*/
0x0315	0x083C      	MOVF       _one_sec+1, 0
0x0316	0x3C04      	SUBLW      4
0x0317	0x1D03      	BTFSS      STATUS, 2
0x0318	0x2B1B      	GOTO       L__TMR0_ISR9
0x0319	0x083B      	MOVF       _one_sec, 0
0x031A	0x3C18      	SUBLW      24
L__TMR0_ISR9:
0x031B	0x1803      	BTFSC      STATUS, 0
0x031C	0x2B29      	GOTO       L_TMR0_ISR0
;tmr0.c,30 :: 		one_sec=0;
0x031D	0x01BB      	CLRF       _one_sec
0x031E	0x01BC      	CLRF       _one_sec+1
;tmr0.c,31 :: 		guc_sec++;
0x031F	0x3001      	MOVLW      1
0x0320	0x0737      	ADDWF      _guc_sec, 0
0x0321	0x00F0      	MOVWF      R0
0x0322	0x3000      	MOVLW      0
0x0323	0x3D38      	ADDWFC     _guc_sec+1, 0
0x0324	0x00F1      	MOVWF      R1
0x0325	0x0870      	MOVF       R0, 0
0x0326	0x00B7      	MOVWF      _guc_sec
0x0327	0x0871      	MOVF       R1, 0
0x0328	0x00B8      	MOVWF      _guc_sec+1
;tmr0.c,49 :: 		}
L_TMR0_ISR0:
;tmr0.c,51 :: 		if(half_sec>512) /*Timer count for 0.5 sec*/
0x0329	0x083E      	MOVF       _half_sec+1, 0
0x032A	0x3C02      	SUBLW      2
0x032B	0x1D03      	BTFSS      STATUS, 2
0x032C	0x2B2F      	GOTO       L__TMR0_ISR10
0x032D	0x083D      	MOVF       _half_sec, 0
0x032E	0x3C00      	SUBLW      0
L__TMR0_ISR10:
0x032F	0x1803      	BTFSC      STATUS, 0
0x0330	0x2B3C      	GOTO       L_TMR0_ISR1
;tmr0.c,53 :: 		half_sec=0;
0x0331	0x01BD      	CLRF       _half_sec
0x0332	0x01BE      	CLRF       _half_sec+1
;tmr0.c,54 :: 		if(guc_buzz_state==1)
0x0333	0x0823      	MOVF       _guc_buzz_state, 0
0x0334	0x3A01      	XORLW      1
0x0335	0x1D03      	BTFSS      STATUS, 2
0x0336	0x2B3B      	GOTO       L_TMR0_ISR2
;tmr0.c,56 :: 		guc_togg_half ^= 1;
0x0337	0x3001      	MOVLW      1
0x0338	0x06B9      	XORWF      _guc_togg_half, 1
;tmr0.c,57 :: 		TMR0_CallBack_Half_Sec();
0x0339	0x2015      	CALL       _TMR0_CallBack_Half_Sec
;tmr0.c,58 :: 		}
0x033A	0x2B3C      	GOTO       L_TMR0_ISR3
L_TMR0_ISR2:
;tmr0.c,69 :: 		BUZZER = 0;
0x033B	0x110C      	BCF        PORTA, 2
;tmr0.c,71 :: 		}
L_TMR0_ISR3:
;tmr0.c,72 :: 		}
L_TMR0_ISR1:
;tmr0.c,73 :: 		one_sec++;half_sec++;
0x033C	0x3001      	MOVLW      1
0x033D	0x073B      	ADDWF      _one_sec, 0
0x033E	0x00F0      	MOVWF      R0
0x033F	0x3000      	MOVLW      0
0x0340	0x3D3C      	ADDWFC     _one_sec+1, 0
0x0341	0x00F1      	MOVWF      R1
0x0342	0x0870      	MOVF       R0, 0
0x0343	0x00BB      	MOVWF      _one_sec
0x0344	0x0871      	MOVF       R1, 0
0x0345	0x00BC      	MOVWF      _one_sec+1
0x0346	0x3001      	MOVLW      1
0x0347	0x073D      	ADDWF      _half_sec, 0
0x0348	0x00F0      	MOVWF      R0
0x0349	0x3000      	MOVLW      0
0x034A	0x3D3E      	ADDWFC     _half_sec+1, 0
0x034B	0x00F1      	MOVWF      R1
0x034C	0x0870      	MOVF       R0, 0
0x034D	0x00BD      	MOVWF      _half_sec
0x034E	0x0871      	MOVF       R1, 0
0x034F	0x00BE      	MOVWF      _half_sec+1
;tmr0.c,74 :: 		}
L_end_TMR0_ISR:
0x0350	0x0008      	RETURN
; end of _TMR0_ISR
_sys_init:
;APP_OPSM.c,109 :: 		void sys_init()
;APP_OPSM.c,112 :: 		OSCCON = 0x72;   /* SCS INTOSC; SPLLEN disabled; IRCF 8MHz_HF; */
0x0351	0x3072      	MOVLW      114
0x0352	0x0021      	MOVLB      1
0x0353	0x0099      	MOVWF      OSCCON
;APP_OPSM.c,114 :: 		PORTA = 0x00;
0x0354	0x0020      	MOVLB      0
0x0355	0x018C      	CLRF       PORTA
;APP_OPSM.c,115 :: 		LATA = 0x00;
0x0356	0x0022      	MOVLB      2
0x0357	0x018C      	CLRF       LATA
;APP_OPSM.c,116 :: 		ANSELA = 0x00;
0x0358	0x0023      	MOVLB      3
0x0359	0x018C      	CLRF       ANSELA
;APP_OPSM.c,117 :: 		TRISA = 0x20;
0x035A	0x3020      	MOVLW      32
0x035B	0x0021      	MOVLB      1
0x035C	0x008C      	MOVWF      TRISA
;APP_OPSM.c,119 :: 		PORTC = 0x00;
0x035D	0x0020      	MOVLB      0
0x035E	0x018E      	CLRF       PORTC
;APP_OPSM.c,120 :: 		ANSELC = 0x00;
0x035F	0x0023      	MOVLB      3
0x0360	0x018E      	CLRF       ANSELC
;APP_OPSM.c,121 :: 		LATC = 0x00;
0x0361	0x0022      	MOVLB      2
0x0362	0x018E      	CLRF       LATC
;APP_OPSM.c,122 :: 		TRISC = 0x0F;
0x0363	0x300F      	MOVLW      15
0x0364	0x0021      	MOVLB      1
0x0365	0x008E      	MOVWF      TRISC
;APP_OPSM.c,124 :: 		BUZZER = 0;
0x0366	0x0020      	MOVLB      0
0x0367	0x110C      	BCF        PORTA, 2
;APP_OPSM.c,125 :: 		RELAY_SOL = 0;
0x0368	0x128E      	BCF        PORTC, 5
;APP_OPSM.c,128 :: 		WDTCON = 0x17;   /*WDTPS 1:65536; SWDTEN ON; */
0x0369	0x3017      	MOVLW      23
0x036A	0x0021      	MOVLB      1
0x036B	0x0097      	MOVWF      WDTCON
;APP_OPSM.c,129 :: 		TMR0_Initialize();
0x036C	0x2025      	CALL       _TMR0_Initialize
;APP_OPSM.c,140 :: 		GIE_bit = 1;     /* Enable INTs  */
0x036D	0x178B      	BSF        GIE_bit, BitPos(GIE_bit+0)
;APP_OPSM.c,145 :: 		}
L_end_sys_init:
0x036E	0x0008      	RETURN
; end of _sys_init
_main:
0x036F	0x239C      	CALL       924
;APP_OPSM.c,159 :: 		void main()
;APP_OPSM.c,161 :: 		sys_init();
0x0370	0x2351      	CALL       _sys_init
;APP_OPSM.c,162 :: 		demo_time = 0;
0x0371	0x01A4      	CLRF       _demo_time
0x0372	0x01A5      	CLRF       _demo_time+1
;APP_OPSM.c,164 :: 		while(1)
L_main65:
;APP_OPSM.c,166 :: 		check_cond();                 /*Check the condition*/
0x0373	0x2078      	CALL       _check_cond
;APP_OPSM.c,167 :: 		if(guc_choice > 0)
0x0374	0x0836      	MOVF       _guc_choice, 0
0x0375	0x3C00      	SUBLW      0
0x0376	0x1803      	BTFSC      STATUS, 0
0x0377	0x2B7B      	GOTO       L_main67
;APP_OPSM.c,169 :: 		diag_choice = guc_choice;
0x0378	0x0836      	MOVF       _guc_choice, 0
0x0379	0x00A2      	MOVWF      _diag_choice
;APP_OPSM.c,170 :: 		exe_cond();
0x037A	0x225A      	CALL       _exe_cond
;APP_OPSM.c,171 :: 		}
L_main67:
;APP_OPSM.c,172 :: 		guc_choice=0;                 /*Clear the condition*/
0x037B	0x01B6      	CLRF       _guc_choice
;APP_OPSM.c,180 :: 		asm CLRWDT ;
0x037C	0x0064      	CLRWDT
;APP_OPSM.c,181 :: 		}
0x037D	0x2B73      	GOTO       L_main65
;APP_OPSM.c,182 :: 		}
L_end_main:
0x037E	0x2B7E      	GOTO       $+0
; end of _main
0x039C	0x3082      	MOVLW      130
0x039D	0x0084      	MOVWF      FSR0
0x039E	0x3083      	MOVLW      131
0x039F	0x0085      	MOVWF      FSR0H
0x03A0	0x3019      	MOVLW      25
0x03A1	0x00F0      	MOVWF      R0
0x03A2	0x3001      	MOVLW      1
0x03A3	0x00F1      	MOVWF      R1
0x03A4	0x3022      	MOVLW      34
0x03A5	0x0086      	MOVWF      FSR1
0x03A6	0x3000      	MOVLW      0
0x03A7	0x0087      	MOVWF      FSR1H
0x03A8	0x2309      	CALL       777
0x03A9	0x0008      	RETURN
;APP_OPSM.c,0 :: ?ICS_diag_choice
0x0382	0x3400 ;?ICS_diag_choice+0
; end of ?ICS_diag_choice
;APP_OPSM.c,0 :: ?ICS_guc_buzz_state
0x0383	0x3400 ;?ICS_guc_buzz_state+0
; end of ?ICS_guc_buzz_state
;APP_OPSM.c,0 :: ?ICS_demo_time
0x0384	0x3400 ;?ICS_demo_time+0
0x0385	0x3400 ;?ICS_demo_time+1
; end of ?ICS_demo_time
;APP_OPSM.c,0 :: ?ICS_guc_deb
0x0386	0x3400 ;?ICS_guc_deb+0
0x0387	0x3400 ;?ICS_guc_deb+1
0x0388	0x3400 ;?ICS_guc_deb+2
0x0389	0x3400 ;?ICS_guc_deb+3
0x038A	0x3400 ;?ICS_guc_deb+4
0x038B	0x3400 ;?ICS_guc_deb+5
0x038C	0x3400 ;?ICS_guc_deb+6
0x038D	0x3400 ;?ICS_guc_deb+7
0x038E	0x3400 ;?ICS_guc_deb+8
0x038F	0x3400 ;?ICS_guc_deb+9
0x0390	0x3400 ;?ICS_guc_deb+10
0x0391	0x3400 ;?ICS_guc_deb+11
0x0392	0x3400 ;?ICS_guc_deb+12
0x0393	0x3400 ;?ICS_guc_deb+13
0x0394	0x3400 ;?ICS_guc_deb+14
0x0395	0x3400 ;?ICS_guc_deb+15
; end of ?ICS_guc_deb
;APP_OPSM.c,0 :: ?ICS_guc_choice
0x0396	0x3400 ;?ICS_guc_choice+0
; end of ?ICS_guc_choice
;APP_OPSM.c,0 :: ?ICS_guc_sec
0x0397	0x3400 ;?ICS_guc_sec+0
0x0398	0x3400 ;?ICS_guc_sec+1
; end of ?ICS_guc_sec
;tmr0.c,0 :: ?ICS_guc_togg_half
0x0399	0x3401 ;?ICS_guc_togg_half+0
; end of ?ICS_guc_togg_half
;APP_OPSM.c,0 :: ?ICS_rel_lock
0x039A	0x3400 ;?ICS_rel_lock+0
; end of ?ICS_rel_lock
Symbol List:
//** Routines locations **
//ADDRESS    SIZE    PROCEDURE
//----------------------------------------------
0x0004      [17]    _interrupt
0x0015      [12]    _TMR0_CallBack_Half_Sec
0x0021       [4]    _TMR0_Reload
0x0025      [15]    _TMR0_Initialize
0x0034      [68]    _CHCK_COND
0x0078     [482]    _check_cond
0x025A     [175]    _exe_cond
0x0309       [9]    ___CC2DW
0x0312      [63]    _TMR0_ISR
0x0351      [30]    _sys_init
0x036F      [15]    _main
//** Variables locations ** 
//ADDRESS    SIZE    VARIABLE
//----------------------------------------------
0x0000       [1]    INDF0
0x0001       [1]    INDF1
0x0003       [1]    STATUS
0x0004       [1]    FSR0L
0x0005       [1]    FSR0H
0x0006       [1]    FSR1L
0x0007       [1]    FSR1H
0x000A       [1]    PCLATH
0x000B       [0]    TMR0IF_bit
0x000B       [0]    GIE_bit
0x000B       [0]    TMR0IE_bit
0x000C       [1]    PORTA
0x000E       [1]    PORTC
0x0015       [1]    TMR0
0x0022       [1]    _diag_choice
0x0023       [1]    _guc_buzz_state
0x0024       [2]    _demo_time
0x0026      [16]    _guc_deb
0x0036       [1]    _guc_choice
0x0037       [2]    _guc_sec
0x0039       [1]    _guc_togg_half
0x003A       [1]    _rel_lock
0x003B       [2]    _one_sec
0x003D       [2]    _half_sec
0x003F       [1]    _timer0ReloadVal
0x0040       [1]    FARG_CHCK_COND_x
0x0070       [1]    R0
0x0071       [1]    R1
0x0072       [1]    R2
0x0073       [1]    R3
0x0074       [1]    R4
0x0075       [1]    R5
0x0076       [1]    R6
0x0077       [1]    R7
0x0078       [1]    R8
0x0079       [1]    R9
0x007A       [1]    R10
0x007B       [1]    R11
0x007C       [1]    R12
0x007D       [1]    R13
0x007E       [1]    R14
0x007F       [1]    R15
0x008C       [1]    TRISA
0x008E       [1]    TRISC
0x0095       [1]    OPTION_REG
0x0097       [1]    WDTCON
0x0099       [1]    OSCCON
0x010C       [1]    LATA
0x010E       [1]    LATC
0x018C       [1]    ANSELA
0x018E       [1]    ANSELC
//** Constants locations ** 
//ADDRESS    SIZE    CONSTANT
//----------------------------------------------
0x0382       [1]    ?ICS_diag_choice
0x0383       [1]    ?ICS_guc_buzz_state
0x0384       [2]    ?ICS_demo_time
0x0386      [16]    ?ICS_guc_deb
0x0396       [1]    ?ICS_guc_choice
0x0397       [2]    ?ICS_guc_sec
0x0399       [1]    ?ICS_guc_togg_half
0x039A       [1]    ?ICS_rel_lock
