0	1	mikroCPIC1618.exe -MSF -DBG -pP16F1503 -RA -DL -O11111114 -fo8 -N"D:\PIC Project\tractor\source code\micro_1503\v1.5\tractor.mcppi" -SP"C:\Users\Public\Documents\Mikroelektronika\mikroC PRO for PIC\Defs\" -SP"C:\Users\Public\Documents\Mikroelektronika\mikroC PRO for PIC\Uses\P16_Enh\" -SP"D:\PIC Project\tractor\source code\micro_1503\v1.5\" -SP"D:\PIC Project\tractor\source code\micro_1503\v2_2\" -IP"D:\PIC Project\tractor\source code\micro_1503\v2_2\" -IP"D:\PIC Project\tractor\source code\micro_1503\v1.5\" "pwm3.c" "tmr0.c" "tmr2.c" "Tractor.c" "__Lib_Math.mcl" "__Lib_MathDouble.mcl" "__Lib_System.mcl" "__Lib_Delays.mcl" "__Lib_PWM_150x.mcl"	 
hint: 0	1139	Available RAM: 112 [bytes], Available ROM: 2048 [bytes]	 
diagnostics: 0	122	Compilation Started	P16F1503.c
diagnostics: 1571	123	Compiled Successfully	P16F1503.c
diagnostics: 0	122	Compilation Started	__Lib_Delays.c
diagnostics: 123	123	Compiled Successfully	__Lib_Delays.c
diagnostics: 0	122	Compilation Started	types.h
diagnostics: 14	123	Compiled Successfully	pwm3.c
diagnostics: 0	122	Compilation Started	types.h
diagnostics: 95	123	Compiled Successfully	tmr0.c
diagnostics: 0	122	Compilation Started	types.h
diagnostics: 17	123	Compiled Successfully	tmr2.c
diagnostics: 0	122	Compilation Started	types.h
hint: 189	1163	Variable 'flag' has been declared, but not used	Tractor.c
diagnostics: 207	123	Compiled Successfully	Tractor.c
diagnostics: 0	127	All files Compiled in 578 ms	 
hint: 0	1144	Used RAM (bytes): 69 (62%)  Free RAM (bytes): 43 (38%)	Used RAM (bytes): 69 (62%)  Free RAM (bytes): 43 (38%)
hint: 0	1144	Used ROM (program words): 983 (48%)  Free ROM (program words): 1065 (52%)	Used ROM (program words): 983 (48%)  Free ROM (program words): 1065 (52%)
diagnostics: 0	125	Project Linked Successfully	tractor.mcppi
diagnostics: 0	128	Linked in 125 ms	 
diagnostics: 0	129	Project 'tractor.mcppi' completed: 1141 ms	 
diagnostics: 0	103	Finished successfully: 25 Oct 2018, 22:11:43	tractor.mcppi
