;  LST file generated by mikroListExporter - v.2.0 
; Date/Time: 14-Jan-18 4:54:17 PM
;----------------------------------------------

;Address Opcode 	ASM
0x0000	0x2C3D      	GOTO       1085
_interrupt:
;Tractor.c,37 :: 		void interrupt()
0x0004	0x0870      	MOVF       R0, 0
0x0005	0x0020      	MOVLB      0
0x0006	0x00A2      	MOVWF      34
0x0007	0x0871      	MOVF       R1, 0
0x0008	0x00A1      	MOVWF      33
0x0009	0x0872      	MOVF       R2, 0
0x000A	0x00A0      	MOVWF      32
;Tractor.c,39 :: 		if(TMR0IE_bit == 1 && TMR0IF_bit == 1)   /* interrupt handler*/
0x000B	0x3180      	MOVLP      0
0x000C	0x1E8B      	BTFSS      TMR0IE_bit, BitPos(TMR0IE_bit+0)
0x000D	0x2812      	GOTO       L_interrupt2
0x000E	0x1D0B      	BTFSS      TMR0IF_bit, BitPos(TMR0IF_bit+0)
0x000F	0x2812      	GOTO       L_interrupt2
L__interrupt75:
;Tractor.c,41 :: 		TMR0_ISR();
0x0010	0x2096      	CALL       _TMR0_ISR
;Tractor.c,42 :: 		}
0x0011	0x2812      	GOTO       L_interrupt3
L_interrupt2:
;Tractor.c,45 :: 		}
L_interrupt3:
;Tractor.c,46 :: 		}
L_end_interrupt:
L__interrupt77:
0x0012	0x0822      	MOVF       34, 0
0x0013	0x00F0      	MOVWF      R0
0x0014	0x0821      	MOVF       33, 0
0x0015	0x00F1      	MOVWF      R1
0x0016	0x0820      	MOVF       32, 0
0x0017	0x00F2      	MOVWF      R2
0x0018	0x0009      	RETFIE     %s
; end of _interrupt
_TMR1_ReadTimer:
;tmr1.c,26 :: 		uint16 TMR1_ReadTimer(void)
;tmr1.c,32 :: 		readValLow = TMR1L;
0x0019	0x0020      	MOVLB      0
0x001A	0x0816      	MOVF       TMR1L, 0
0x001B	0x00F6      	MOVWF      R6
;tmr1.c,33 :: 		readValHigh = TMR1H;
0x001C	0x0817      	MOVF       TMR1H, 0
0x001D	0x00F5      	MOVWF      R5
;tmr1.c,35 :: 		readVal = ((uint16)readValHigh << 8) | readValLow;
0x001E	0x0875      	MOVF       R5, 0
0x001F	0x00F3      	MOVWF      R3
0x0020	0x01F4      	CLRF       R4
0x0021	0x0873      	MOVF       R3, 0
0x0022	0x00F1      	MOVWF      R1
0x0023	0x01F0      	CLRF       R0
0x0024	0x0876      	MOVF       R6, 0
0x0025	0x04F0      	IORWF       R0, 1
0x0026	0x3000      	MOVLW      0
0x0027	0x04F1      	IORWF       R1, 1
;tmr1.c,37 :: 		return readVal;
;tmr1.c,38 :: 		}
L_end_TMR1_ReadTimer:
0x0028	0x0008      	RETURN
; end of _TMR1_ReadTimer
_TMR1_StartTimer:
;tmr1.c,16 :: 		void TMR1_StartTimer(void)
;tmr1.c,18 :: 		TMR1ON_bit = 1;
0x0029	0x0020      	MOVLB      0
0x002A	0x1418      	BSF        TMR1ON_bit, BitPos(TMR1ON_bit+0)
;tmr1.c,19 :: 		}
L_end_TMR1_StartTimer:
0x002B	0x0008      	RETURN
; end of _TMR1_StartTimer
_TMR2_StartTimer:
;tmr2.c,14 :: 		void TMR2_StartTimer(void)
;tmr2.c,16 :: 		TMR2ON_bit = 1;   /* Start the Timer by writing to TMRxON bit*/
0x002C	0x0020      	MOVLB      0
0x002D	0x151C      	BSF        TMR2ON_bit, BitPos(TMR2ON_bit+0)
;tmr2.c,17 :: 		}
L_end_TMR2_StartTimer:
0x002E	0x0008      	RETURN
; end of _TMR2_StartTimer
_TMR0_Initialize:
;tmr0.c,12 :: 		void TMR0_Initialize(void)
;tmr0.c,15 :: 		OPTION_REG = (uint8)((OPTION_REG & 0xC0) | 0xD7 & 0x3F);
0x002F	0x30C0      	MOVLW      192
0x0030	0x0021      	MOVLB      1
0x0031	0x0515      	ANDWF      OPTION_REG, 0
0x0032	0x00F0      	MOVWF      R0
0x0033	0x3017      	MOVLW      23
0x0034	0x0470      	IORWF       R0, 0
0x0035	0x0095      	MOVWF      OPTION_REG
;tmr0.c,16 :: 		TMR0 = 0xF8;              /* TMR0 248;*/
0x0036	0x30F8      	MOVLW      248
0x0037	0x0020      	MOVLB      0
0x0038	0x0095      	MOVWF      TMR0
;tmr0.c,17 :: 		timer0ReloadVal= 0xF8;     /* Load the TMR value to reload variable */
0x0039	0x30F8      	MOVLW      248
0x003A	0x00C9      	MOVWF      _timer0ReloadVal
;tmr0.c,18 :: 		TMR0IF_bit = 0;           /*Clear Interrupt flag before enabling the interrupt*/
0x003B	0x110B      	BCF        TMR0IF_bit, BitPos(TMR0IF_bit+0)
;tmr0.c,19 :: 		TMR0IE_bit = 1;           /* Enabling TMR0 interrupt */
0x003C	0x168B      	BSF        TMR0IE_bit, BitPos(TMR0IE_bit+0)
;tmr0.c,20 :: 		}
L_end_TMR0_Initialize:
0x003D	0x0008      	RETURN
; end of _TMR0_Initialize
_Check_Engine:
;tmr1.c,48 :: 		void Check_Engine()
;tmr1.c,51 :: 		count = TMR1_ReadTimer();
0x003E	0x2019      	CALL       _TMR1_ReadTimer
;tmr1.c,52 :: 		if(count > 100) Eng_On = 1;
0x003F	0x0871      	MOVF       R1, 0
0x0040	0x3C00      	SUBLW      0
0x0041	0x1D03      	BTFSS      STATUS, 2
0x0042	0x2845      	GOTO       L__Check_Engine12
0x0043	0x0870      	MOVF       R0, 0
0x0044	0x3C64      	SUBLW      100
L__Check_Engine12:
0x0045	0x1803      	BTFSC      STATUS, 0
0x0046	0x284A      	GOTO       L_Check_Engine4
0x0047	0x3001      	MOVLW      1
0x0048	0x00A8      	MOVWF      _Eng_On
0x0049	0x284B      	GOTO       L_Check_Engine5
L_Check_Engine4:
;tmr1.c,53 :: 		else Eng_On = 0;
0x004A	0x01A8      	CLRF       _Eng_On
L_Check_Engine5:
;tmr1.c,55 :: 		}
L_end_Check_Engine:
0x004B	0x0008      	RETURN
; end of _Check_Engine
_PWM3_Initialize:
;pwm3.c,3 :: 		void PWM3_Initialize(void)
;pwm3.c,5 :: 		TRISA=0x00;
0x004C	0x0021      	MOVLB      1
0x004D	0x018C      	CLRF       TRISA
;pwm3.c,6 :: 		PWM3DCH = 0x04;
0x004E	0x3004      	MOVLW      4
0x004F	0x002C      	MOVLB      12
0x0050	0x0098      	MOVWF      PWM3DCH
;pwm3.c,7 :: 		PWM3DCL = 0x40;
0x0051	0x3040      	MOVLW      64
0x0052	0x0097      	MOVWF      PWM3DCL
;pwm3.c,8 :: 		}
L_end_PWM3_Initialize:
0x0053	0x0008      	RETURN
; end of _PWM3_Initialize
_TMR1_Initialize:
;tmr1.c,6 :: 		void TMR1_Initialize(void)
;tmr1.c,8 :: 		T1CON = 0x84;
0x0054	0x3084      	MOVLW      132
0x0055	0x0020      	MOVLB      0
0x0056	0x0098      	MOVWF      T1CON
;tmr1.c,9 :: 		T1GCON = 0x40;
0x0057	0x3040      	MOVLW      64
0x0058	0x0099      	MOVWF      T1GCON
;tmr1.c,10 :: 		TMR1H = 0x00;
0x0059	0x0197      	CLRF       TMR1H
;tmr1.c,11 :: 		TMR1L = 0x00;
0x005A	0x0196      	CLRF       TMR1L
;tmr1.c,12 :: 		TMR1IF_bit = 0;
0x005B	0x1011      	BCF        TMR1IF_bit, BitPos(TMR1IF_bit+0)
;tmr1.c,13 :: 		TMR1_StartTimer();
0x005C	0x2029      	CALL       _TMR1_StartTimer
;tmr1.c,14 :: 		}
L_end_TMR1_Initialize:
0x005D	0x0008      	RETURN
; end of _TMR1_Initialize
_TMR0_Reload:
;tmr0.c,22 :: 		void TMR0_Reload(void)
;tmr0.c,24 :: 		TMR0 = timer0ReloadVal;     /* Write to the Timer0 register*/
0x005E	0x0020      	MOVLB      0
0x005F	0x0849      	MOVF       _timer0ReloadVal, 0
0x0060	0x0095      	MOVWF      TMR0
;tmr0.c,25 :: 		}
L_end_TMR0_Reload:
0x0061	0x0008      	RETURN
; end of _TMR0_Reload
_TMR2_Initialize:
;tmr2.c,5 :: 		void TMR2_Initialize(void)
;tmr2.c,7 :: 		T2CON = 0x07;    /* T2CKPS 1:64; T2OUTPS 1:1; TMR2ON on*/
0x0062	0x3007      	MOVLW      7
0x0063	0x0020      	MOVLB      0
0x0064	0x009C      	MOVWF      T2CON
;tmr2.c,8 :: 		PR2 = 0x8;      /* PR2 8;*/
0x0065	0x3008      	MOVLW      8
0x0066	0x009B      	MOVWF      PR2
;tmr2.c,9 :: 		TMR2 = 0x00;     /* TMR2 0; */
0x0067	0x019A      	CLRF       TMR2
;tmr2.c,10 :: 		TMR2IF_bit = 0;    /* Clearing IF flag. */
0x0068	0x1091      	BCF        TMR2IF_bit, BitPos(TMR2IF_bit+0)
;tmr2.c,11 :: 		TMR2_StartTimer();     /*Start TMR2 */
0x0069	0x202C      	CALL       _TMR2_StartTimer
;tmr2.c,12 :: 		}
L_end_TMR2_Initialize:
0x006A	0x0008      	RETURN
; end of _TMR2_Initialize
_TMR1_WriteTimer:
;tmr1.c,40 :: 		void TMR1_WriteTimer(uint16 timerVal)
;tmr1.c,42 :: 		while(TMR1ON_bit != 0){TMR1ON_bit = 0;}
L_TMR1_WriteTimer0:
0x006B	0x0020      	MOVLB      0
0x006C	0x1C18      	BTFSS      TMR1ON_bit, BitPos(TMR1ON_bit+0)
0x006D	0x2870      	GOTO       L_TMR1_WriteTimer1
0x006E	0x1018      	BCF        TMR1ON_bit, BitPos(TMR1ON_bit+0)
0x006F	0x286B      	GOTO       L_TMR1_WriteTimer0
L_TMR1_WriteTimer1:
;tmr1.c,43 :: 		TMR1H = (timerVal >> 8);
0x0070	0x084E      	MOVF       FARG_TMR1_WriteTimer_timerVal+1, 0
0x0071	0x00F0      	MOVWF      R0
0x0072	0x01F1      	CLRF       R1
0x0073	0x0870      	MOVF       R0, 0
0x0074	0x0097      	MOVWF      TMR1H
;tmr1.c,44 :: 		TMR1L = timerVal;
0x0075	0x084D      	MOVF       FARG_TMR1_WriteTimer_timerVal, 0
0x0076	0x0096      	MOVWF      TMR1L
;tmr1.c,45 :: 		while(TMR1ON_bit != 1){TMR1ON_bit = 1;}
L_TMR1_WriteTimer2:
0x0077	0x1818      	BTFSC      TMR1ON_bit, BitPos(TMR1ON_bit+0)
0x0078	0x287B      	GOTO       L_TMR1_WriteTimer3
0x0079	0x1418      	BSF        TMR1ON_bit, BitPos(TMR1ON_bit+0)
0x007A	0x2877      	GOTO       L_TMR1_WriteTimer2
L_TMR1_WriteTimer3:
;tmr1.c,46 :: 		}
L_end_TMR1_WriteTimer:
0x007B	0x0008      	RETURN
; end of _TMR1_WriteTimer
_TMR0_CallBack_Half_Sec:
;tmr0.c,73 :: 		void TMR0_CallBack_Half_Sec(void)
;tmr0.c,76 :: 		if(guc_togg_half==1)
0x007C	0x0020      	MOVLB      0
0x007D	0x082C      	MOVF       _guc_togg_half, 0
0x007E	0x3A01      	XORLW      1
0x007F	0x1D03      	BTFSS      STATUS, 2
0x0080	0x2884      	GOTO       L_TMR0_CallBack_Half_Sec9
;tmr0.c,79 :: 		PWM3CON = PWM_ON;  /*Enable PWM */
0x0081	0x30D0      	MOVLW      208
0x0082	0x002C      	MOVLB      12
0x0083	0x0099      	MOVWF      PWM3CON
;tmr0.c,83 :: 		}
L_TMR0_CallBack_Half_Sec9:
;tmr0.c,85 :: 		if(guc_togg_half==0)
0x0084	0x0020      	MOVLB      0
0x0085	0x082C      	MOVF       _guc_togg_half, 0
0x0086	0x3A00      	XORLW      0
0x0087	0x1D03      	BTFSS      STATUS, 2
0x0088	0x2895      	GOTO       L_TMR0_CallBack_Half_Sec10
;tmr0.c,88 :: 		GIE_bit = 0;               /* Disable INTs  */
0x0089	0x138B      	BCF        GIE_bit, BitPos(GIE_bit+0)
;tmr0.c,89 :: 		while(BUZZER == 1);
L_TMR0_CallBack_Half_Sec11:
0x008A	0x1D0C      	BTFSS      PORTA, 2
0x008B	0x288D      	GOTO       L_TMR0_CallBack_Half_Sec12
0x008C	0x288A      	GOTO       L_TMR0_CallBack_Half_Sec11
L_TMR0_CallBack_Half_Sec12:
;tmr0.c,90 :: 		PWM3CON = PWM_OFF;        /*Diable PWM */
0x008D	0x002C      	MOVLB      12
0x008E	0x0199      	CLRF       PWM3CON
;tmr0.c,91 :: 		while(BUZZER == 1)
L_TMR0_CallBack_Half_Sec13:
0x008F	0x0020      	MOVLB      0
0x0090	0x1D0C      	BTFSS      PORTA, 2
0x0091	0x2894      	GOTO       L_TMR0_CallBack_Half_Sec14
;tmr0.c,92 :: 		BUZZER = 0;
0x0092	0x110C      	BCF        PORTA, 2
0x0093	0x288F      	GOTO       L_TMR0_CallBack_Half_Sec13
L_TMR0_CallBack_Half_Sec14:
;tmr0.c,93 :: 		GIE_bit = 1;              /* Enable INTs  */
0x0094	0x178B      	BSF        GIE_bit, BitPos(GIE_bit+0)
;tmr0.c,97 :: 		}
L_TMR0_CallBack_Half_Sec10:
;tmr0.c,98 :: 		}
L_end_TMR0_CallBack_Half_Sec:
0x0095	0x0008      	RETURN
; end of _TMR0_CallBack_Half_Sec
_TMR0_ISR:
;tmr0.c,27 :: 		void TMR0_ISR(void)
;tmr0.c,29 :: 		TMR0_Reload();
0x0096	0x205E      	CALL       _TMR0_Reload
;tmr0.c,30 :: 		TMR0IF_bit = 0;     /*Clear the TMR0 interrupt flag8*/
0x0097	0x110B      	BCF        TMR0IF_bit, BitPos(TMR0IF_bit+0)
;tmr0.c,31 :: 		asm CLRWDT ;
0x0098	0x0064      	CLRWDT
;tmr0.c,32 :: 		if(one_sec>1048)           /*Timer for 1 sec*/
0x0099	0x0848      	MOVF       _one_sec+1, 0
0x009A	0x3C04      	SUBLW      4
0x009B	0x1D03      	BTFSS      STATUS, 2
0x009C	0x289F      	GOTO       L__TMR0_ISR18
0x009D	0x0847      	MOVF       _one_sec, 0
0x009E	0x3C18      	SUBLW      24
L__TMR0_ISR18:
0x009F	0x1803      	BTFSC      STATUS, 0
0x00A0	0x28C9      	GOTO       L_TMR0_ISR0
;tmr0.c,34 :: 		Check_Engine();
0x00A1	0x203E      	CALL       _Check_Engine
;tmr0.c,35 :: 		one_sec=0;
0x00A2	0x01C7      	CLRF       _one_sec
0x00A3	0x01C8      	CLRF       _one_sec+1
;tmr0.c,36 :: 		guc_sec++;
0x00A4	0x0A29      	INCF       _guc_sec, 0
0x00A5	0x00F0      	MOVWF      R0
0x00A6	0x0870      	MOVF       R0, 0
0x00A7	0x00A9      	MOVWF      _guc_sec
;tmr0.c,38 :: 		guc_min++;
0x00A8	0x3001      	MOVLW      1
0x00A9	0x0725      	ADDWF      _guc_min, 0
0x00AA	0x00F0      	MOVWF      R0
0x00AB	0x3000      	MOVLW      0
0x00AC	0x3D26      	ADDWFC     _guc_min+1, 0
0x00AD	0x00F1      	MOVWF      R1
0x00AE	0x0870      	MOVF       R0, 0
0x00AF	0x00A5      	MOVWF      _guc_min
0x00B0	0x0871      	MOVF       R1, 0
0x00B1	0x00A6      	MOVWF      _guc_min+1
;tmr0.c,39 :: 		if(guc_min>60)
0x00B2	0x0826      	MOVF       _guc_min+1, 0
0x00B3	0x3C00      	SUBLW      0
0x00B4	0x1D03      	BTFSS      STATUS, 2
0x00B5	0x28B8      	GOTO       L__TMR0_ISR19
0x00B6	0x0825      	MOVF       _guc_min, 0
0x00B7	0x3C3C      	SUBLW      60
L__TMR0_ISR19:
0x00B8	0x1803      	BTFSC      STATUS, 0
0x00B9	0x28C6      	GOTO       L_TMR0_ISR1
;tmr0.c,41 :: 		guc_min=0;
0x00BA	0x01A5      	CLRF       _guc_min
0x00BB	0x01A6      	CLRF       _guc_min+1
;tmr0.c,42 :: 		demo_time++;
0x00BC	0x3001      	MOVLW      1
0x00BD	0x0723      	ADDWF      _demo_time, 0
0x00BE	0x00F0      	MOVWF      R0
0x00BF	0x3000      	MOVLW      0
0x00C0	0x3D24      	ADDWFC     _demo_time+1, 0
0x00C1	0x00F1      	MOVWF      R1
0x00C2	0x0870      	MOVF       R0, 0
0x00C3	0x00A3      	MOVWF      _demo_time
0x00C4	0x0871      	MOVF       R1, 0
0x00C5	0x00A4      	MOVWF      _demo_time+1
;tmr0.c,43 :: 		}
L_TMR0_ISR1:
;tmr0.c,45 :: 		TMR1_WriteTimer(0x0000);
0x00C6	0x01CD      	CLRF       FARG_TMR1_WriteTimer_timerVal
0x00C7	0x01CE      	CLRF       FARG_TMR1_WriteTimer_timerVal+1
0x00C8	0x206B      	CALL       _TMR1_WriteTimer
;tmr0.c,46 :: 		}
L_TMR0_ISR0:
;tmr0.c,48 :: 		if(half_sec>512) /*Timer count for 0.5 sec*/
0x00C9	0x084B      	MOVF       _half_sec+1, 0
0x00CA	0x3C02      	SUBLW      2
0x00CB	0x1D03      	BTFSS      STATUS, 2
0x00CC	0x28CF      	GOTO       L__TMR0_ISR20
0x00CD	0x084A      	MOVF       _half_sec, 0
0x00CE	0x3C00      	SUBLW      0
L__TMR0_ISR20:
0x00CF	0x1803      	BTFSC      STATUS, 0
0x00D0	0x28E7      	GOTO       L_TMR0_ISR2
;tmr0.c,50 :: 		half_sec=0;
0x00D1	0x01CA      	CLRF       _half_sec
0x00D2	0x01CB      	CLRF       _half_sec+1
;tmr0.c,51 :: 		if(guc_buzz_state==1)
0x00D3	0x0827      	MOVF       _guc_buzz_state, 0
0x00D4	0x3A01      	XORLW      1
0x00D5	0x1D03      	BTFSS      STATUS, 2
0x00D6	0x28DB      	GOTO       L_TMR0_ISR3
;tmr0.c,53 :: 		guc_togg_half ^= 1;
0x00D7	0x3001      	MOVLW      1
0x00D8	0x06AC      	XORWF      _guc_togg_half, 1
;tmr0.c,54 :: 		TMR0_CallBack_Half_Sec();
0x00D9	0x207C      	CALL       _TMR0_CallBack_Half_Sec
;tmr0.c,55 :: 		}
0x00DA	0x28E7      	GOTO       L_TMR0_ISR4
L_TMR0_ISR3:
;tmr0.c,59 :: 		GIE_bit = 0;              /* Disable INTs  */
0x00DB	0x138B      	BCF        GIE_bit, BitPos(GIE_bit+0)
;tmr0.c,60 :: 		while(BUZZER == 1);
L_TMR0_ISR5:
0x00DC	0x1D0C      	BTFSS      PORTA, 2
0x00DD	0x28DF      	GOTO       L_TMR0_ISR6
0x00DE	0x28DC      	GOTO       L_TMR0_ISR5
L_TMR0_ISR6:
;tmr0.c,61 :: 		PWM3CON = PWM_OFF;        /*Diable PWM */
0x00DF	0x002C      	MOVLB      12
0x00E0	0x0199      	CLRF       PWM3CON
;tmr0.c,62 :: 		while(BUZZER == 1)
L_TMR0_ISR7:
0x00E1	0x0020      	MOVLB      0
0x00E2	0x1D0C      	BTFSS      PORTA, 2
0x00E3	0x28E6      	GOTO       L_TMR0_ISR8
;tmr0.c,63 :: 		BUZZER = 0;
0x00E4	0x110C      	BCF        PORTA, 2
0x00E5	0x28E1      	GOTO       L_TMR0_ISR7
L_TMR0_ISR8:
;tmr0.c,64 :: 		GIE_bit = 1;              /* Enable INTs  */
0x00E6	0x178B      	BSF        GIE_bit, BitPos(GIE_bit+0)
;tmr0.c,68 :: 		}
L_TMR0_ISR4:
;tmr0.c,69 :: 		}
L_TMR0_ISR2:
;tmr0.c,70 :: 		one_sec++;half_sec++;
0x00E7	0x3001      	MOVLW      1
0x00E8	0x0747      	ADDWF      _one_sec, 0
0x00E9	0x00F0      	MOVWF      R0
0x00EA	0x3000      	MOVLW      0
0x00EB	0x3D48      	ADDWFC     _one_sec+1, 0
0x00EC	0x00F1      	MOVWF      R1
0x00ED	0x0870      	MOVF       R0, 0
0x00EE	0x00C7      	MOVWF      _one_sec
0x00EF	0x0871      	MOVF       R1, 0
0x00F0	0x00C8      	MOVWF      _one_sec+1
0x00F1	0x3001      	MOVLW      1
0x00F2	0x074A      	ADDWF      _half_sec, 0
0x00F3	0x00F0      	MOVWF      R0
0x00F4	0x3000      	MOVLW      0
0x00F5	0x3D4B      	ADDWFC     _half_sec+1, 0
0x00F6	0x00F1      	MOVWF      R1
0x00F7	0x0870      	MOVF       R0, 0
0x00F8	0x00CA      	MOVWF      _half_sec
0x00F9	0x0871      	MOVF       R1, 0
0x00FA	0x00CB      	MOVWF      _half_sec+1
;tmr0.c,71 :: 		}
L_end_TMR0_ISR:
0x00FB	0x0008      	RETURN
; end of _TMR0_ISR
_exe_cond:
;Tractor.c,81 :: 		void exe_cond()
;Tractor.c,83 :: 		guc_sec=0;
0x00FC	0x0020      	MOVLB      0
0x00FD	0x01A9      	CLRF       _guc_sec
0x00FE	0x01AA      	CLRF       _guc_sec+1
;Tractor.c,84 :: 		switch(guc_choice)
0x00FF	0x2A25      	GOTO       L_exe_cond29
;Tractor.c,86 :: 		case 1: guc_buzz_state=1;
L_exe_cond31:
0x0100	0x3001      	MOVLW      1
0x0101	0x00A7      	MOVWF      _guc_buzz_state
;Tractor.c,87 :: 		RELAY_STR = 0;
0x0102	0x128E      	BCF        PORTC, 5
;Tractor.c,88 :: 		while(COND1);
L_exe_cond32:
0x0103	0x1D8E      	BTFSS      PORTC, 3
0x0104	0x2909      	GOTO       L__exe_cond170
0x0105	0x1D0E      	BTFSS      PORTC, 2
0x0106	0x2909      	GOTO       L__exe_cond170
0x0107	0x1403      	BSF        STATUS, 0
0x0108	0x290A      	GOTO       L__exe_cond171
L__exe_cond170:
0x0109	0x1003      	BCF        STATUS, 0
L__exe_cond171:
0x010A	0x1C03      	BTFSS      STATUS, 0
0x010B	0x2910      	GOTO       L__exe_cond172
0x010C	0x1C8E      	BTFSS      PORTC, 1
0x010D	0x2910      	GOTO       L__exe_cond172
0x010E	0x1472      	BSF        R2, 0
0x010F	0x2911      	GOTO       L__exe_cond173
L__exe_cond172:
0x0110	0x1072      	BCF        R2, 0
L__exe_cond173:
0x0111	0x0828      	MOVF       _Eng_On, 0
0x0112	0x3001      	MOVLW      1
0x0113	0x1D03      	BTFSS      STATUS, 2
0x0114	0x3000      	MOVLW      0
0x0115	0x00F1      	MOVWF      R1
0x0116	0x01F0      	CLRF       R0
0x0117	0x1872      	BTFSC      R2, 0
0x0118	0x0AF0      	INCF       R0, 1
0x0119	0x0871      	MOVF       R1, 0
0x011A	0x05F0      	ANDWF      R0, 1
0x011B	0x1903      	BTFSC      STATUS, 2
0x011C	0x291E      	GOTO       L_exe_cond33
0x011D	0x2903      	GOTO       L_exe_cond32
L_exe_cond33:
;Tractor.c,89 :: 		RELAY_STR = 1;
0x011E	0x168E      	BSF        PORTC, 5
;Tractor.c,90 :: 		guc_buzz_state=0;
0x011F	0x01A7      	CLRF       _guc_buzz_state
;Tractor.c,91 :: 		break;
0x0120	0x2A46      	GOTO       L_exe_cond30
;Tractor.c,93 :: 		case 2: guc_buzz_state=1;
L_exe_cond34:
0x0121	0x3001      	MOVLW      1
0x0122	0x00A7      	MOVWF      _guc_buzz_state
;Tractor.c,94 :: 		RELAY_SOL = 1;
0x0123	0x160E      	BSF        PORTC, 4
;Tractor.c,95 :: 		while(guc_sec<6);
L_exe_cond35:
0x0124	0x3000      	MOVLW      0
0x0125	0x022A      	SUBWF      _guc_sec+1, 0
0x0126	0x1D03      	BTFSS      STATUS, 2
0x0127	0x292A      	GOTO       L__exe_cond174
0x0128	0x3006      	MOVLW      6
0x0129	0x0229      	SUBWF      _guc_sec, 0
L__exe_cond174:
0x012A	0x1803      	BTFSC      STATUS, 0
0x012B	0x292D      	GOTO       L_exe_cond36
0x012C	0x2924      	GOTO       L_exe_cond35
L_exe_cond36:
;Tractor.c,96 :: 		RELAY_SOL = 0;
0x012D	0x120E      	BCF        PORTC, 4
;Tractor.c,97 :: 		while(COND2);
L_exe_cond37:
0x012E	0x1D8E      	BTFSS      PORTC, 3
0x012F	0x2934      	GOTO       L__exe_cond175
0x0130	0x1D0E      	BTFSS      PORTC, 2
0x0131	0x2934      	GOTO       L__exe_cond175
0x0132	0x1403      	BSF        STATUS, 0
0x0133	0x2935      	GOTO       L__exe_cond176
L__exe_cond175:
0x0134	0x1003      	BCF        STATUS, 0
L__exe_cond176:
0x0135	0x1C03      	BTFSS      STATUS, 0
0x0136	0x293B      	GOTO       L__exe_cond177
0x0137	0x1C8E      	BTFSS      PORTC, 1
0x0138	0x293B      	GOTO       L__exe_cond177
0x0139	0x1472      	BSF        R2, 0
0x013A	0x293C      	GOTO       L__exe_cond178
L__exe_cond177:
0x013B	0x1072      	BCF        R2, 0
L__exe_cond178:
0x013C	0x01F0      	CLRF       R0
0x013D	0x1872      	BTFSC      R2, 0
0x013E	0x0AF0      	INCF       R0, 1
0x013F	0x0828      	MOVF       _Eng_On, 0
0x0140	0x05F0      	ANDWF      R0, 1
0x0141	0x1903      	BTFSC      STATUS, 2
0x0142	0x2944      	GOTO       L_exe_cond38
0x0143	0x292E      	GOTO       L_exe_cond37
L_exe_cond38:
;Tractor.c,98 :: 		guc_buzz_state=0;
0x0144	0x01A7      	CLRF       _guc_buzz_state
;Tractor.c,99 :: 		break;
0x0145	0x2A46      	GOTO       L_exe_cond30
;Tractor.c,101 :: 		case 3: guc_buzz_state=1;
L_exe_cond39:
0x0146	0x3001      	MOVLW      1
0x0147	0x00A7      	MOVWF      _guc_buzz_state
;Tractor.c,102 :: 		while(COND3);
L_exe_cond40:
0x0148	0x190E      	BTFSC      PORTC, 2
0x0149	0x294C      	GOTO       L__exe_cond179
0x014A	0x1403      	BSF        STATUS, 0
0x014B	0x294D      	GOTO       L__exe_cond180
L__exe_cond179:
0x014C	0x1003      	BCF        STATUS, 0
L__exe_cond180:
0x014D	0x1D8E      	BTFSS      PORTC, 3
0x014E	0x2953      	GOTO       L__exe_cond181
0x014F	0x1C03      	BTFSS      STATUS, 0
0x0150	0x2953      	GOTO       L__exe_cond181
0x0151	0x1472      	BSF        R2, 0
0x0152	0x2954      	GOTO       L__exe_cond182
L__exe_cond181:
0x0153	0x1072      	BCF        R2, 0
L__exe_cond182:
0x0154	0x1C72      	BTFSS      R2, 0
0x0155	0x295A      	GOTO       L__exe_cond183
0x0156	0x1C8E      	BTFSS      PORTC, 1
0x0157	0x295A      	GOTO       L__exe_cond183
0x0158	0x1472      	BSF        R2, 0
0x0159	0x295B      	GOTO       L__exe_cond184
L__exe_cond183:
0x015A	0x1072      	BCF        R2, 0
L__exe_cond184:
0x015B	0x0828      	MOVF       _Eng_On, 0
0x015C	0x3001      	MOVLW      1
0x015D	0x1D03      	BTFSS      STATUS, 2
0x015E	0x3000      	MOVLW      0
0x015F	0x00F1      	MOVWF      R1
0x0160	0x01F0      	CLRF       R0
0x0161	0x1872      	BTFSC      R2, 0
0x0162	0x0AF0      	INCF       R0, 1
0x0163	0x0871      	MOVF       R1, 0
0x0164	0x05F0      	ANDWF      R0, 1
0x0165	0x1903      	BTFSC      STATUS, 2
0x0166	0x2968      	GOTO       L_exe_cond41
0x0167	0x2948      	GOTO       L_exe_cond40
L_exe_cond41:
;Tractor.c,103 :: 		guc_buzz_state=0;
0x0168	0x01A7      	CLRF       _guc_buzz_state
;Tractor.c,104 :: 		break;
0x0169	0x2A46      	GOTO       L_exe_cond30
;Tractor.c,106 :: 		case 4: guc_buzz_state=1;
L_exe_cond42:
0x016A	0x3001      	MOVLW      1
0x016B	0x00A7      	MOVWF      _guc_buzz_state
;Tractor.c,107 :: 		while(COND4);
L_exe_cond43:
0x016C	0x190E      	BTFSC      PORTC, 2
0x016D	0x2970      	GOTO       L__exe_cond185
0x016E	0x1403      	BSF        STATUS, 0
0x016F	0x2971      	GOTO       L__exe_cond186
L__exe_cond185:
0x0170	0x1003      	BCF        STATUS, 0
L__exe_cond186:
0x0171	0x1D8E      	BTFSS      PORTC, 3
0x0172	0x2977      	GOTO       L__exe_cond187
0x0173	0x1C03      	BTFSS      STATUS, 0
0x0174	0x2977      	GOTO       L__exe_cond187
0x0175	0x1472      	BSF        R2, 0
0x0176	0x2978      	GOTO       L__exe_cond188
L__exe_cond187:
0x0177	0x1072      	BCF        R2, 0
L__exe_cond188:
0x0178	0x1C72      	BTFSS      R2, 0
0x0179	0x297E      	GOTO       L__exe_cond189
0x017A	0x1C8E      	BTFSS      PORTC, 1
0x017B	0x297E      	GOTO       L__exe_cond189
0x017C	0x1403      	BSF        STATUS, 0
0x017D	0x297F      	GOTO       L__exe_cond190
L__exe_cond189:
0x017E	0x1003      	BCF        STATUS, 0
L__exe_cond190:
0x017F	0x01F0      	CLRF       R0
0x0180	0x1803      	BTFSC      STATUS, 0
0x0181	0x0AF0      	INCF       R0, 1
0x0182	0x0828      	MOVF       _Eng_On, 0
0x0183	0x05F0      	ANDWF      R0, 1
0x0184	0x1903      	BTFSC      STATUS, 2
0x0185	0x2987      	GOTO       L_exe_cond44
0x0186	0x296C      	GOTO       L_exe_cond43
L_exe_cond44:
;Tractor.c,108 :: 		guc_buzz_state=0;
0x0187	0x01A7      	CLRF       _guc_buzz_state
;Tractor.c,109 :: 		break;
0x0188	0x2A46      	GOTO       L_exe_cond30
;Tractor.c,111 :: 		case 5: guc_buzz_state=1;
L_exe_cond45:
0x0189	0x3001      	MOVLW      1
0x018A	0x00A7      	MOVWF      _guc_buzz_state
;Tractor.c,112 :: 		RELAY_STR = 0;
0x018B	0x128E      	BCF        PORTC, 5
;Tractor.c,113 :: 		while(COND5);
L_exe_cond46:
0x018C	0x1D8E      	BTFSS      PORTC, 3
0x018D	0x2992      	GOTO       L__exe_cond191
0x018E	0x1D0E      	BTFSS      PORTC, 2
0x018F	0x2992      	GOTO       L__exe_cond191
0x0190	0x1472      	BSF        R2, 0
0x0191	0x2993      	GOTO       L__exe_cond192
L__exe_cond191:
0x0192	0x1072      	BCF        R2, 0
L__exe_cond192:
0x0193	0x188E      	BTFSC      PORTC, 1
0x0194	0x2997      	GOTO       L__exe_cond193
0x0195	0x1403      	BSF        STATUS, 0
0x0196	0x2998      	GOTO       L__exe_cond194
L__exe_cond193:
0x0197	0x1003      	BCF        STATUS, 0
L__exe_cond194:
0x0198	0x1C72      	BTFSS      R2, 0
0x0199	0x299E      	GOTO       L__exe_cond195
0x019A	0x1C03      	BTFSS      STATUS, 0
0x019B	0x299E      	GOTO       L__exe_cond195
0x019C	0x1472      	BSF        R2, 0
0x019D	0x299F      	GOTO       L__exe_cond196
L__exe_cond195:
0x019E	0x1072      	BCF        R2, 0
L__exe_cond196:
0x019F	0x0828      	MOVF       _Eng_On, 0
0x01A0	0x3001      	MOVLW      1
0x01A1	0x1D03      	BTFSS      STATUS, 2
0x01A2	0x3000      	MOVLW      0
0x01A3	0x00F1      	MOVWF      R1
0x01A4	0x01F0      	CLRF       R0
0x01A5	0x1872      	BTFSC      R2, 0
0x01A6	0x0AF0      	INCF       R0, 1
0x01A7	0x0871      	MOVF       R1, 0
0x01A8	0x05F0      	ANDWF      R0, 1
0x01A9	0x1903      	BTFSC      STATUS, 2
0x01AA	0x29AC      	GOTO       L_exe_cond47
0x01AB	0x298C      	GOTO       L_exe_cond46
L_exe_cond47:
;Tractor.c,114 :: 		RELAY_STR = 1;
0x01AC	0x168E      	BSF        PORTC, 5
;Tractor.c,115 :: 		guc_buzz_state=0;
0x01AD	0x01A7      	CLRF       _guc_buzz_state
;Tractor.c,116 :: 		break;
0x01AE	0x2A46      	GOTO       L_exe_cond30
;Tractor.c,118 :: 		case 6: RELAY_SOL = 1;
L_exe_cond48:
0x01AF	0x160E      	BSF        PORTC, 4
;Tractor.c,119 :: 		while(guc_sec<6);
L_exe_cond49:
0x01B0	0x3000      	MOVLW      0
0x01B1	0x022A      	SUBWF      _guc_sec+1, 0
0x01B2	0x1D03      	BTFSS      STATUS, 2
0x01B3	0x29B6      	GOTO       L__exe_cond197
0x01B4	0x3006      	MOVLW      6
0x01B5	0x0229      	SUBWF      _guc_sec, 0
L__exe_cond197:
0x01B6	0x1803      	BTFSC      STATUS, 0
0x01B7	0x29B9      	GOTO       L_exe_cond50
0x01B8	0x29B0      	GOTO       L_exe_cond49
L_exe_cond50:
;Tractor.c,120 :: 		RELAY_SOL = 0;
0x01B9	0x120E      	BCF        PORTC, 4
;Tractor.c,121 :: 		while(COND6);
L_exe_cond51:
0x01BA	0x1D8E      	BTFSS      PORTC, 3
0x01BB	0x29C0      	GOTO       L__exe_cond198
0x01BC	0x1D0E      	BTFSS      PORTC, 2
0x01BD	0x29C0      	GOTO       L__exe_cond198
0x01BE	0x1472      	BSF        R2, 0
0x01BF	0x29C1      	GOTO       L__exe_cond199
L__exe_cond198:
0x01C0	0x1072      	BCF        R2, 0
L__exe_cond199:
0x01C1	0x188E      	BTFSC      PORTC, 1
0x01C2	0x29C5      	GOTO       L__exe_cond200
0x01C3	0x1403      	BSF        STATUS, 0
0x01C4	0x29C6      	GOTO       L__exe_cond201
L__exe_cond200:
0x01C5	0x1003      	BCF        STATUS, 0
L__exe_cond201:
0x01C6	0x1C72      	BTFSS      R2, 0
0x01C7	0x29CC      	GOTO       L__exe_cond202
0x01C8	0x1C03      	BTFSS      STATUS, 0
0x01C9	0x29CC      	GOTO       L__exe_cond202
0x01CA	0x1472      	BSF        R2, 0
0x01CB	0x29CD      	GOTO       L__exe_cond203
L__exe_cond202:
0x01CC	0x1072      	BCF        R2, 0
L__exe_cond203:
0x01CD	0x01F0      	CLRF       R0
0x01CE	0x1872      	BTFSC      R2, 0
0x01CF	0x0AF0      	INCF       R0, 1
0x01D0	0x0828      	MOVF       _Eng_On, 0
0x01D1	0x05F0      	ANDWF      R0, 1
0x01D2	0x1903      	BTFSC      STATUS, 2
0x01D3	0x29D5      	GOTO       L_exe_cond52
0x01D4	0x29BA      	GOTO       L_exe_cond51
L_exe_cond52:
;Tractor.c,122 :: 		break;
0x01D5	0x2A46      	GOTO       L_exe_cond30
;Tractor.c,124 :: 		case 9: RELAY_STR = 0;
L_exe_cond53:
0x01D6	0x128E      	BCF        PORTC, 5
;Tractor.c,125 :: 		while(COND9);
L_exe_cond54:
0x01D7	0x198E      	BTFSC      PORTC, 3
0x01D8	0x29DB      	GOTO       L__exe_cond204
0x01D9	0x1403      	BSF        STATUS, 0
0x01DA	0x29DC      	GOTO       L__exe_cond205
L__exe_cond204:
0x01DB	0x1003      	BCF        STATUS, 0
L__exe_cond205:
0x01DC	0x1C03      	BTFSS      STATUS, 0
0x01DD	0x29E2      	GOTO       L__exe_cond206
0x01DE	0x1D0E      	BTFSS      PORTC, 2
0x01DF	0x29E2      	GOTO       L__exe_cond206
0x01E0	0x1472      	BSF        R2, 0
0x01E1	0x29E3      	GOTO       L__exe_cond207
L__exe_cond206:
0x01E2	0x1072      	BCF        R2, 0
L__exe_cond207:
0x01E3	0x188E      	BTFSC      PORTC, 1
0x01E4	0x29E7      	GOTO       L__exe_cond208
0x01E5	0x1403      	BSF        STATUS, 0
0x01E6	0x29E8      	GOTO       L__exe_cond209
L__exe_cond208:
0x01E7	0x1003      	BCF        STATUS, 0
L__exe_cond209:
0x01E8	0x1C72      	BTFSS      R2, 0
0x01E9	0x29EE      	GOTO       L__exe_cond210
0x01EA	0x1C03      	BTFSS      STATUS, 0
0x01EB	0x29EE      	GOTO       L__exe_cond210
0x01EC	0x1472      	BSF        R2, 0
0x01ED	0x29EF      	GOTO       L__exe_cond211
L__exe_cond210:
0x01EE	0x1072      	BCF        R2, 0
L__exe_cond211:
0x01EF	0x0828      	MOVF       _Eng_On, 0
0x01F0	0x3001      	MOVLW      1
0x01F1	0x1D03      	BTFSS      STATUS, 2
0x01F2	0x3000      	MOVLW      0
0x01F3	0x00F1      	MOVWF      R1
0x01F4	0x01F0      	CLRF       R0
0x01F5	0x1872      	BTFSC      R2, 0
0x01F6	0x0AF0      	INCF       R0, 1
0x01F7	0x0871      	MOVF       R1, 0
0x01F8	0x05F0      	ANDWF      R0, 1
0x01F9	0x1903      	BTFSC      STATUS, 2
0x01FA	0x29FC      	GOTO       L_exe_cond55
0x01FB	0x29D7      	GOTO       L_exe_cond54
L_exe_cond55:
;Tractor.c,126 :: 		RELAY_STR = 1;
0x01FC	0x168E      	BSF        PORTC, 5
;Tractor.c,127 :: 		break;
0x01FD	0x2A46      	GOTO       L_exe_cond30
;Tractor.c,129 :: 		case 13: RELAY_STR = 0;
L_exe_cond56:
0x01FE	0x128E      	BCF        PORTC, 5
;Tractor.c,130 :: 		while(COND13);
L_exe_cond57:
0x01FF	0x198E      	BTFSC      PORTC, 3
0x0200	0x2A03      	GOTO       L__exe_cond212
0x0201	0x1403      	BSF        STATUS, 0
0x0202	0x2A04      	GOTO       L__exe_cond213
L__exe_cond212:
0x0203	0x1003      	BCF        STATUS, 0
L__exe_cond213:
0x0204	0x1C03      	BTFSS      STATUS, 0
0x0205	0x2A0A      	GOTO       L__exe_cond214
0x0206	0x1D0E      	BTFSS      PORTC, 2
0x0207	0x2A0A      	GOTO       L__exe_cond214
0x0208	0x1472      	BSF        R2, 0
0x0209	0x2A0B      	GOTO       L__exe_cond215
L__exe_cond214:
0x020A	0x1072      	BCF        R2, 0
L__exe_cond215:
0x020B	0x1C72      	BTFSS      R2, 0
0x020C	0x2A11      	GOTO       L__exe_cond216
0x020D	0x1C8E      	BTFSS      PORTC, 1
0x020E	0x2A11      	GOTO       L__exe_cond216
0x020F	0x1472      	BSF        R2, 0
0x0210	0x2A12      	GOTO       L__exe_cond217
L__exe_cond216:
0x0211	0x1072      	BCF        R2, 0
L__exe_cond217:
0x0212	0x0828      	MOVF       _Eng_On, 0
0x0213	0x3001      	MOVLW      1
0x0214	0x1D03      	BTFSS      STATUS, 2
0x0215	0x3000      	MOVLW      0
0x0216	0x00F1      	MOVWF      R1
0x0217	0x01F0      	CLRF       R0
0x0218	0x1872      	BTFSC      R2, 0
0x0219	0x0AF0      	INCF       R0, 1
0x021A	0x0871      	MOVF       R1, 0
0x021B	0x05F0      	ANDWF      R0, 1
0x021C	0x1903      	BTFSC      STATUS, 2
0x021D	0x2A1F      	GOTO       L_exe_cond58
0x021E	0x29FF      	GOTO       L_exe_cond57
L_exe_cond58:
;Tractor.c,131 :: 		RELAY_STR = 1;
0x021F	0x168E      	BSF        PORTC, 5
;Tractor.c,132 :: 		break;
0x0220	0x2A46      	GOTO       L_exe_cond30
;Tractor.c,134 :: 		default: guc_choice=0;
L_exe_cond59:
0x0221	0x01AB      	CLRF       _guc_choice
;Tractor.c,135 :: 		guc_buzz_state=0;
0x0222	0x01A7      	CLRF       _guc_buzz_state
;Tractor.c,136 :: 		RELAY_STR = 1;
0x0223	0x168E      	BSF        PORTC, 5
;Tractor.c,137 :: 		break;
0x0224	0x2A46      	GOTO       L_exe_cond30
;Tractor.c,138 :: 		}
L_exe_cond29:
0x0225	0x082B      	MOVF       _guc_choice, 0
0x0226	0x3A01      	XORLW      1
0x0227	0x1903      	BTFSC      STATUS, 2
0x0228	0x2900      	GOTO       L_exe_cond31
0x0229	0x082B      	MOVF       _guc_choice, 0
0x022A	0x3A02      	XORLW      2
0x022B	0x1903      	BTFSC      STATUS, 2
0x022C	0x2921      	GOTO       L_exe_cond34
0x022D	0x082B      	MOVF       _guc_choice, 0
0x022E	0x3A03      	XORLW      3
0x022F	0x1903      	BTFSC      STATUS, 2
0x0230	0x2946      	GOTO       L_exe_cond39
0x0231	0x082B      	MOVF       _guc_choice, 0
0x0232	0x3A04      	XORLW      4
0x0233	0x1903      	BTFSC      STATUS, 2
0x0234	0x296A      	GOTO       L_exe_cond42
0x0235	0x082B      	MOVF       _guc_choice, 0
0x0236	0x3A05      	XORLW      5
0x0237	0x1903      	BTFSC      STATUS, 2
0x0238	0x2989      	GOTO       L_exe_cond45
0x0239	0x082B      	MOVF       _guc_choice, 0
0x023A	0x3A06      	XORLW      6
0x023B	0x1903      	BTFSC      STATUS, 2
0x023C	0x29AF      	GOTO       L_exe_cond48
0x023D	0x082B      	MOVF       _guc_choice, 0
0x023E	0x3A09      	XORLW      9
0x023F	0x1903      	BTFSC      STATUS, 2
0x0240	0x29D6      	GOTO       L_exe_cond53
0x0241	0x082B      	MOVF       _guc_choice, 0
0x0242	0x3A0D      	XORLW      13
0x0243	0x1903      	BTFSC      STATUS, 2
0x0244	0x29FE      	GOTO       L_exe_cond56
0x0245	0x2A21      	GOTO       L_exe_cond59
L_exe_cond30:
;Tractor.c,139 :: 		}
L_end_exe_cond:
0x0246	0x0008      	RETURN
; end of _exe_cond
_check_cond:
;Tractor.c,48 :: 		void check_cond()
;Tractor.c,50 :: 		uint8 cnt = 0 ;
;Tractor.c,52 :: 		if(COND1) guc_choice=1;
0x0247	0x0020      	MOVLB      0
0x0248	0x1D8E      	BTFSS      PORTC, 3
0x0249	0x2A4E      	GOTO       L__check_cond79
0x024A	0x1D0E      	BTFSS      PORTC, 2
0x024B	0x2A4E      	GOTO       L__check_cond79
0x024C	0x1403      	BSF        STATUS, 0
0x024D	0x2A4F      	GOTO       L__check_cond80
L__check_cond79:
0x024E	0x1003      	BCF        STATUS, 0
L__check_cond80:
0x024F	0x1C03      	BTFSS      STATUS, 0
0x0250	0x2A55      	GOTO       L__check_cond81
0x0251	0x1C8E      	BTFSS      PORTC, 1
0x0252	0x2A55      	GOTO       L__check_cond81
0x0253	0x1472      	BSF        R2, 0
0x0254	0x2A56      	GOTO       L__check_cond82
L__check_cond81:
0x0255	0x1072      	BCF        R2, 0
L__check_cond82:
0x0256	0x0828      	MOVF       _Eng_On, 0
0x0257	0x3001      	MOVLW      1
0x0258	0x1D03      	BTFSS      STATUS, 2
0x0259	0x3000      	MOVLW      0
0x025A	0x00F1      	MOVWF      R1
0x025B	0x01F0      	CLRF       R0
0x025C	0x1872      	BTFSC      R2, 0
0x025D	0x0AF0      	INCF       R0, 1
0x025E	0x0871      	MOVF       R1, 0
0x025F	0x05F0      	ANDWF      R0, 1
0x0260	0x1903      	BTFSC      STATUS, 2
0x0261	0x2A65      	GOTO       L_check_cond4
0x0262	0x3001      	MOVLW      1
0x0263	0x00AB      	MOVWF      _guc_choice
0x0264	0x2C01      	GOTO       L_check_cond5
L_check_cond4:
;Tractor.c,53 :: 		else if(COND2) guc_choice=2;
0x0265	0x1D8E      	BTFSS      PORTC, 3
0x0266	0x2A6B      	GOTO       L__check_cond83
0x0267	0x1D0E      	BTFSS      PORTC, 2
0x0268	0x2A6B      	GOTO       L__check_cond83
0x0269	0x1403      	BSF        STATUS, 0
0x026A	0x2A6C      	GOTO       L__check_cond84
L__check_cond83:
0x026B	0x1003      	BCF        STATUS, 0
L__check_cond84:
0x026C	0x1C03      	BTFSS      STATUS, 0
0x026D	0x2A72      	GOTO       L__check_cond85
0x026E	0x1C8E      	BTFSS      PORTC, 1
0x026F	0x2A72      	GOTO       L__check_cond85
0x0270	0x1472      	BSF        R2, 0
0x0271	0x2A73      	GOTO       L__check_cond86
L__check_cond85:
0x0272	0x1072      	BCF        R2, 0
L__check_cond86:
0x0273	0x01F0      	CLRF       R0
0x0274	0x1872      	BTFSC      R2, 0
0x0275	0x0AF0      	INCF       R0, 1
0x0276	0x0828      	MOVF       _Eng_On, 0
0x0277	0x05F0      	ANDWF      R0, 1
0x0278	0x1903      	BTFSC      STATUS, 2
0x0279	0x2A7D      	GOTO       L_check_cond6
0x027A	0x3002      	MOVLW      2
0x027B	0x00AB      	MOVWF      _guc_choice
0x027C	0x2C01      	GOTO       L_check_cond7
L_check_cond6:
;Tractor.c,54 :: 		else if(COND3) guc_choice=3;
0x027D	0x190E      	BTFSC      PORTC, 2
0x027E	0x2A81      	GOTO       L__check_cond87
0x027F	0x1403      	BSF        STATUS, 0
0x0280	0x2A82      	GOTO       L__check_cond88
L__check_cond87:
0x0281	0x1003      	BCF        STATUS, 0
L__check_cond88:
0x0282	0x1D8E      	BTFSS      PORTC, 3
0x0283	0x2A88      	GOTO       L__check_cond89
0x0284	0x1C03      	BTFSS      STATUS, 0
0x0285	0x2A88      	GOTO       L__check_cond89
0x0286	0x1472      	BSF        R2, 0
0x0287	0x2A89      	GOTO       L__check_cond90
L__check_cond89:
0x0288	0x1072      	BCF        R2, 0
L__check_cond90:
0x0289	0x1C72      	BTFSS      R2, 0
0x028A	0x2A8F      	GOTO       L__check_cond91
0x028B	0x1C8E      	BTFSS      PORTC, 1
0x028C	0x2A8F      	GOTO       L__check_cond91
0x028D	0x1472      	BSF        R2, 0
0x028E	0x2A90      	GOTO       L__check_cond92
L__check_cond91:
0x028F	0x1072      	BCF        R2, 0
L__check_cond92:
0x0290	0x0828      	MOVF       _Eng_On, 0
0x0291	0x3001      	MOVLW      1
0x0292	0x1D03      	BTFSS      STATUS, 2
0x0293	0x3000      	MOVLW      0
0x0294	0x00F1      	MOVWF      R1
0x0295	0x01F0      	CLRF       R0
0x0296	0x1872      	BTFSC      R2, 0
0x0297	0x0AF0      	INCF       R0, 1
0x0298	0x0871      	MOVF       R1, 0
0x0299	0x05F0      	ANDWF      R0, 1
0x029A	0x1903      	BTFSC      STATUS, 2
0x029B	0x2A9F      	GOTO       L_check_cond8
0x029C	0x3003      	MOVLW      3
0x029D	0x00AB      	MOVWF      _guc_choice
0x029E	0x2C01      	GOTO       L_check_cond9
L_check_cond8:
;Tractor.c,55 :: 		else if(COND4) guc_choice=4;
0x029F	0x190E      	BTFSC      PORTC, 2
0x02A0	0x2AA3      	GOTO       L__check_cond93
0x02A1	0x1403      	BSF        STATUS, 0
0x02A2	0x2AA4      	GOTO       L__check_cond94
L__check_cond93:
0x02A3	0x1003      	BCF        STATUS, 0
L__check_cond94:
0x02A4	0x1D8E      	BTFSS      PORTC, 3
0x02A5	0x2AAA      	GOTO       L__check_cond95
0x02A6	0x1C03      	BTFSS      STATUS, 0
0x02A7	0x2AAA      	GOTO       L__check_cond95
0x02A8	0x1472      	BSF        R2, 0
0x02A9	0x2AAB      	GOTO       L__check_cond96
L__check_cond95:
0x02AA	0x1072      	BCF        R2, 0
L__check_cond96:
0x02AB	0x1C72      	BTFSS      R2, 0
0x02AC	0x2AB1      	GOTO       L__check_cond97
0x02AD	0x1C8E      	BTFSS      PORTC, 1
0x02AE	0x2AB1      	GOTO       L__check_cond97
0x02AF	0x1403      	BSF        STATUS, 0
0x02B0	0x2AB2      	GOTO       L__check_cond98
L__check_cond97:
0x02B1	0x1003      	BCF        STATUS, 0
L__check_cond98:
0x02B2	0x01F0      	CLRF       R0
0x02B3	0x1803      	BTFSC      STATUS, 0
0x02B4	0x0AF0      	INCF       R0, 1
0x02B5	0x0828      	MOVF       _Eng_On, 0
0x02B6	0x05F0      	ANDWF      R0, 1
0x02B7	0x1903      	BTFSC      STATUS, 2
0x02B8	0x2ABC      	GOTO       L_check_cond10
0x02B9	0x3004      	MOVLW      4
0x02BA	0x00AB      	MOVWF      _guc_choice
0x02BB	0x2C01      	GOTO       L_check_cond11
L_check_cond10:
;Tractor.c,56 :: 		else if(COND5) guc_choice=5;
0x02BC	0x1D8E      	BTFSS      PORTC, 3
0x02BD	0x2AC2      	GOTO       L__check_cond99
0x02BE	0x1D0E      	BTFSS      PORTC, 2
0x02BF	0x2AC2      	GOTO       L__check_cond99
0x02C0	0x1472      	BSF        R2, 0
0x02C1	0x2AC3      	GOTO       L__check_cond100
L__check_cond99:
0x02C2	0x1072      	BCF        R2, 0
L__check_cond100:
0x02C3	0x188E      	BTFSC      PORTC, 1
0x02C4	0x2AC7      	GOTO       L__check_cond101
0x02C5	0x1403      	BSF        STATUS, 0
0x02C6	0x2AC8      	GOTO       L__check_cond102
L__check_cond101:
0x02C7	0x1003      	BCF        STATUS, 0
L__check_cond102:
0x02C8	0x1C72      	BTFSS      R2, 0
0x02C9	0x2ACE      	GOTO       L__check_cond103
0x02CA	0x1C03      	BTFSS      STATUS, 0
0x02CB	0x2ACE      	GOTO       L__check_cond103
0x02CC	0x1472      	BSF        R2, 0
0x02CD	0x2ACF      	GOTO       L__check_cond104
L__check_cond103:
0x02CE	0x1072      	BCF        R2, 0
L__check_cond104:
0x02CF	0x0828      	MOVF       _Eng_On, 0
0x02D0	0x3001      	MOVLW      1
0x02D1	0x1D03      	BTFSS      STATUS, 2
0x02D2	0x3000      	MOVLW      0
0x02D3	0x00F1      	MOVWF      R1
0x02D4	0x01F0      	CLRF       R0
0x02D5	0x1872      	BTFSC      R2, 0
0x02D6	0x0AF0      	INCF       R0, 1
0x02D7	0x0871      	MOVF       R1, 0
0x02D8	0x05F0      	ANDWF      R0, 1
0x02D9	0x1903      	BTFSC      STATUS, 2
0x02DA	0x2ADE      	GOTO       L_check_cond12
0x02DB	0x3005      	MOVLW      5
0x02DC	0x00AB      	MOVWF      _guc_choice
0x02DD	0x2C01      	GOTO       L_check_cond13
L_check_cond12:
;Tractor.c,57 :: 		else if(COND6) guc_choice=6;
0x02DE	0x1D8E      	BTFSS      PORTC, 3
0x02DF	0x2AE4      	GOTO       L__check_cond105
0x02E0	0x1D0E      	BTFSS      PORTC, 2
0x02E1	0x2AE4      	GOTO       L__check_cond105
0x02E2	0x1472      	BSF        R2, 0
0x02E3	0x2AE5      	GOTO       L__check_cond106
L__check_cond105:
0x02E4	0x1072      	BCF        R2, 0
L__check_cond106:
0x02E5	0x188E      	BTFSC      PORTC, 1
0x02E6	0x2AE9      	GOTO       L__check_cond107
0x02E7	0x1403      	BSF        STATUS, 0
0x02E8	0x2AEA      	GOTO       L__check_cond108
L__check_cond107:
0x02E9	0x1003      	BCF        STATUS, 0
L__check_cond108:
0x02EA	0x1C72      	BTFSS      R2, 0
0x02EB	0x2AF0      	GOTO       L__check_cond109
0x02EC	0x1C03      	BTFSS      STATUS, 0
0x02ED	0x2AF0      	GOTO       L__check_cond109
0x02EE	0x1472      	BSF        R2, 0
0x02EF	0x2AF1      	GOTO       L__check_cond110
L__check_cond109:
0x02F0	0x1072      	BCF        R2, 0
L__check_cond110:
0x02F1	0x01F0      	CLRF       R0
0x02F2	0x1872      	BTFSC      R2, 0
0x02F3	0x0AF0      	INCF       R0, 1
0x02F4	0x0828      	MOVF       _Eng_On, 0
0x02F5	0x05F0      	ANDWF      R0, 1
0x02F6	0x1903      	BTFSC      STATUS, 2
0x02F7	0x2AFB      	GOTO       L_check_cond14
0x02F8	0x3006      	MOVLW      6
0x02F9	0x00AB      	MOVWF      _guc_choice
0x02FA	0x2C01      	GOTO       L_check_cond15
L_check_cond14:
;Tractor.c,58 :: 		else if(COND7) guc_choice=7;
0x02FB	0x190E      	BTFSC      PORTC, 2
0x02FC	0x2AFF      	GOTO       L__check_cond111
0x02FD	0x1403      	BSF        STATUS, 0
0x02FE	0x2B00      	GOTO       L__check_cond112
L__check_cond111:
0x02FF	0x1003      	BCF        STATUS, 0
L__check_cond112:
0x0300	0x1D8E      	BTFSS      PORTC, 3
0x0301	0x2B06      	GOTO       L__check_cond113
0x0302	0x1C03      	BTFSS      STATUS, 0
0x0303	0x2B06      	GOTO       L__check_cond113
0x0304	0x1472      	BSF        R2, 0
0x0305	0x2B07      	GOTO       L__check_cond114
L__check_cond113:
0x0306	0x1072      	BCF        R2, 0
L__check_cond114:
0x0307	0x188E      	BTFSC      PORTC, 1
0x0308	0x2B0B      	GOTO       L__check_cond115
0x0309	0x1403      	BSF        STATUS, 0
0x030A	0x2B0C      	GOTO       L__check_cond116
L__check_cond115:
0x030B	0x1003      	BCF        STATUS, 0
L__check_cond116:
0x030C	0x1C72      	BTFSS      R2, 0
0x030D	0x2B12      	GOTO       L__check_cond117
0x030E	0x1C03      	BTFSS      STATUS, 0
0x030F	0x2B12      	GOTO       L__check_cond117
0x0310	0x1472      	BSF        R2, 0
0x0311	0x2B13      	GOTO       L__check_cond118
L__check_cond117:
0x0312	0x1072      	BCF        R2, 0
L__check_cond118:
0x0313	0x0828      	MOVF       _Eng_On, 0
0x0314	0x3001      	MOVLW      1
0x0315	0x1D03      	BTFSS      STATUS, 2
0x0316	0x3000      	MOVLW      0
0x0317	0x00F1      	MOVWF      R1
0x0318	0x01F0      	CLRF       R0
0x0319	0x1872      	BTFSC      R2, 0
0x031A	0x0AF0      	INCF       R0, 1
0x031B	0x0871      	MOVF       R1, 0
0x031C	0x05F0      	ANDWF      R0, 1
0x031D	0x1903      	BTFSC      STATUS, 2
0x031E	0x2B22      	GOTO       L_check_cond16
0x031F	0x3007      	MOVLW      7
0x0320	0x00AB      	MOVWF      _guc_choice
0x0321	0x2C01      	GOTO       L_check_cond17
L_check_cond16:
;Tractor.c,59 :: 		else if(COND8) guc_choice=8;
0x0322	0x190E      	BTFSC      PORTC, 2
0x0323	0x2B26      	GOTO       L__check_cond119
0x0324	0x1403      	BSF        STATUS, 0
0x0325	0x2B27      	GOTO       L__check_cond120
L__check_cond119:
0x0326	0x1003      	BCF        STATUS, 0
L__check_cond120:
0x0327	0x1D8E      	BTFSS      PORTC, 3
0x0328	0x2B2D      	GOTO       L__check_cond121
0x0329	0x1C03      	BTFSS      STATUS, 0
0x032A	0x2B2D      	GOTO       L__check_cond121
0x032B	0x1472      	BSF        R2, 0
0x032C	0x2B2E      	GOTO       L__check_cond122
L__check_cond121:
0x032D	0x1072      	BCF        R2, 0
L__check_cond122:
0x032E	0x188E      	BTFSC      PORTC, 1
0x032F	0x2B32      	GOTO       L__check_cond123
0x0330	0x1403      	BSF        STATUS, 0
0x0331	0x2B33      	GOTO       L__check_cond124
L__check_cond123:
0x0332	0x1003      	BCF        STATUS, 0
L__check_cond124:
0x0333	0x1C72      	BTFSS      R2, 0
0x0334	0x2B39      	GOTO       L__check_cond125
0x0335	0x1C03      	BTFSS      STATUS, 0
0x0336	0x2B39      	GOTO       L__check_cond125
0x0337	0x1472      	BSF        R2, 0
0x0338	0x2B3A      	GOTO       L__check_cond126
L__check_cond125:
0x0339	0x1072      	BCF        R2, 0
L__check_cond126:
0x033A	0x01F0      	CLRF       R0
0x033B	0x1872      	BTFSC      R2, 0
0x033C	0x0AF0      	INCF       R0, 1
0x033D	0x0828      	MOVF       _Eng_On, 0
0x033E	0x05F0      	ANDWF      R0, 1
0x033F	0x1903      	BTFSC      STATUS, 2
0x0340	0x2B44      	GOTO       L_check_cond18
0x0341	0x3008      	MOVLW      8
0x0342	0x00AB      	MOVWF      _guc_choice
0x0343	0x2C01      	GOTO       L_check_cond19
L_check_cond18:
;Tractor.c,60 :: 		else if(COND9) guc_choice=9;
0x0344	0x198E      	BTFSC      PORTC, 3
0x0345	0x2B48      	GOTO       L__check_cond127
0x0346	0x1403      	BSF        STATUS, 0
0x0347	0x2B49      	GOTO       L__check_cond128
L__check_cond127:
0x0348	0x1003      	BCF        STATUS, 0
L__check_cond128:
0x0349	0x1C03      	BTFSS      STATUS, 0
0x034A	0x2B4F      	GOTO       L__check_cond129
0x034B	0x1D0E      	BTFSS      PORTC, 2
0x034C	0x2B4F      	GOTO       L__check_cond129
0x034D	0x1472      	BSF        R2, 0
0x034E	0x2B50      	GOTO       L__check_cond130
L__check_cond129:
0x034F	0x1072      	BCF        R2, 0
L__check_cond130:
0x0350	0x188E      	BTFSC      PORTC, 1
0x0351	0x2B54      	GOTO       L__check_cond131
0x0352	0x1403      	BSF        STATUS, 0
0x0353	0x2B55      	GOTO       L__check_cond132
L__check_cond131:
0x0354	0x1003      	BCF        STATUS, 0
L__check_cond132:
0x0355	0x1C72      	BTFSS      R2, 0
0x0356	0x2B5B      	GOTO       L__check_cond133
0x0357	0x1C03      	BTFSS      STATUS, 0
0x0358	0x2B5B      	GOTO       L__check_cond133
0x0359	0x1472      	BSF        R2, 0
0x035A	0x2B5C      	GOTO       L__check_cond134
L__check_cond133:
0x035B	0x1072      	BCF        R2, 0
L__check_cond134:
0x035C	0x0828      	MOVF       _Eng_On, 0
0x035D	0x3001      	MOVLW      1
0x035E	0x1D03      	BTFSS      STATUS, 2
0x035F	0x3000      	MOVLW      0
0x0360	0x00F1      	MOVWF      R1
0x0361	0x01F0      	CLRF       R0
0x0362	0x1872      	BTFSC      R2, 0
0x0363	0x0AF0      	INCF       R0, 1
0x0364	0x0871      	MOVF       R1, 0
0x0365	0x05F0      	ANDWF      R0, 1
0x0366	0x1903      	BTFSC      STATUS, 2
0x0367	0x2B6B      	GOTO       L_check_cond20
0x0368	0x3009      	MOVLW      9
0x0369	0x00AB      	MOVWF      _guc_choice
0x036A	0x2C01      	GOTO       L_check_cond21
L_check_cond20:
;Tractor.c,61 :: 		else if(COND10) guc_choice=10;
0x036B	0x198E      	BTFSC      PORTC, 3
0x036C	0x2B6F      	GOTO       L__check_cond135
0x036D	0x1403      	BSF        STATUS, 0
0x036E	0x2B70      	GOTO       L__check_cond136
L__check_cond135:
0x036F	0x1003      	BCF        STATUS, 0
L__check_cond136:
0x0370	0x1C03      	BTFSS      STATUS, 0
0x0371	0x2B76      	GOTO       L__check_cond137
0x0372	0x1D0E      	BTFSS      PORTC, 2
0x0373	0x2B76      	GOTO       L__check_cond137
0x0374	0x1472      	BSF        R2, 0
0x0375	0x2B77      	GOTO       L__check_cond138
L__check_cond137:
0x0376	0x1072      	BCF        R2, 0
L__check_cond138:
0x0377	0x188E      	BTFSC      PORTC, 1
0x0378	0x2B7B      	GOTO       L__check_cond139
0x0379	0x1403      	BSF        STATUS, 0
0x037A	0x2B7C      	GOTO       L__check_cond140
L__check_cond139:
0x037B	0x1003      	BCF        STATUS, 0
L__check_cond140:
0x037C	0x1C72      	BTFSS      R2, 0
0x037D	0x2B82      	GOTO       L__check_cond141
0x037E	0x1C03      	BTFSS      STATUS, 0
0x037F	0x2B82      	GOTO       L__check_cond141
0x0380	0x1472      	BSF        R2, 0
0x0381	0x2B83      	GOTO       L__check_cond142
L__check_cond141:
0x0382	0x1072      	BCF        R2, 0
L__check_cond142:
0x0383	0x01F0      	CLRF       R0
0x0384	0x1872      	BTFSC      R2, 0
0x0385	0x0AF0      	INCF       R0, 1
0x0386	0x0828      	MOVF       _Eng_On, 0
0x0387	0x05F0      	ANDWF      R0, 1
0x0388	0x1903      	BTFSC      STATUS, 2
0x0389	0x2B8D      	GOTO       L_check_cond22
0x038A	0x300A      	MOVLW      10
0x038B	0x00AB      	MOVWF      _guc_choice
0x038C	0x2C01      	GOTO       L_check_cond23
L_check_cond22:
;Tractor.c,62 :: 		else if(COND11) guc_choice=11;
0x038D	0x198E      	BTFSC      PORTC, 3
0x038E	0x2B91      	GOTO       L__check_cond143
0x038F	0x1472      	BSF        R2, 0
0x0390	0x2B92      	GOTO       L__check_cond144
L__check_cond143:
0x0391	0x1072      	BCF        R2, 0
L__check_cond144:
0x0392	0x190E      	BTFSC      PORTC, 2
0x0393	0x2B96      	GOTO       L__check_cond145
0x0394	0x1403      	BSF        STATUS, 0
0x0395	0x2B97      	GOTO       L__check_cond146
L__check_cond145:
0x0396	0x1003      	BCF        STATUS, 0
L__check_cond146:
0x0397	0x1C72      	BTFSS      R2, 0
0x0398	0x2B9D      	GOTO       L__check_cond147
0x0399	0x1C03      	BTFSS      STATUS, 0
0x039A	0x2B9D      	GOTO       L__check_cond147
0x039B	0x1472      	BSF        R2, 0
0x039C	0x2B9E      	GOTO       L__check_cond148
L__check_cond147:
0x039D	0x1072      	BCF        R2, 0
L__check_cond148:
0x039E	0x188E      	BTFSC      PORTC, 1
0x039F	0x2BA2      	GOTO       L__check_cond149
0x03A0	0x1403      	BSF        STATUS, 0
0x03A1	0x2BA3      	GOTO       L__check_cond150
L__check_cond149:
0x03A2	0x1003      	BCF        STATUS, 0
L__check_cond150:
0x03A3	0x1C72      	BTFSS      R2, 0
0x03A4	0x2BA9      	GOTO       L__check_cond151
0x03A5	0x1C03      	BTFSS      STATUS, 0
0x03A6	0x2BA9      	GOTO       L__check_cond151
0x03A7	0x1472      	BSF        R2, 0
0x03A8	0x2BAA      	GOTO       L__check_cond152
L__check_cond151:
0x03A9	0x1072      	BCF        R2, 0
L__check_cond152:
0x03AA	0x0828      	MOVF       _Eng_On, 0
0x03AB	0x3001      	MOVLW      1
0x03AC	0x1D03      	BTFSS      STATUS, 2
0x03AD	0x3000      	MOVLW      0
0x03AE	0x00F1      	MOVWF      R1
0x03AF	0x01F0      	CLRF       R0
0x03B0	0x1872      	BTFSC      R2, 0
0x03B1	0x0AF0      	INCF       R0, 1
0x03B2	0x0871      	MOVF       R1, 0
0x03B3	0x05F0      	ANDWF      R0, 1
0x03B4	0x1903      	BTFSC      STATUS, 2
0x03B5	0x2BB9      	GOTO       L_check_cond24
0x03B6	0x300B      	MOVLW      11
0x03B7	0x00AB      	MOVWF      _guc_choice
0x03B8	0x2C01      	GOTO       L_check_cond25
L_check_cond24:
;Tractor.c,63 :: 		else if(COND12) guc_choice=12;
0x03B9	0x198E      	BTFSC      PORTC, 3
0x03BA	0x2BBD      	GOTO       L__check_cond153
0x03BB	0x1472      	BSF        R2, 0
0x03BC	0x2BBE      	GOTO       L__check_cond154
L__check_cond153:
0x03BD	0x1072      	BCF        R2, 0
L__check_cond154:
0x03BE	0x190E      	BTFSC      PORTC, 2
0x03BF	0x2BC2      	GOTO       L__check_cond155
0x03C0	0x1403      	BSF        STATUS, 0
0x03C1	0x2BC3      	GOTO       L__check_cond156
L__check_cond155:
0x03C2	0x1003      	BCF        STATUS, 0
L__check_cond156:
0x03C3	0x1C72      	BTFSS      R2, 0
0x03C4	0x2BC9      	GOTO       L__check_cond157
0x03C5	0x1C03      	BTFSS      STATUS, 0
0x03C6	0x2BC9      	GOTO       L__check_cond157
0x03C7	0x1472      	BSF        R2, 0
0x03C8	0x2BCA      	GOTO       L__check_cond158
L__check_cond157:
0x03C9	0x1072      	BCF        R2, 0
L__check_cond158:
0x03CA	0x188E      	BTFSC      PORTC, 1
0x03CB	0x2BCE      	GOTO       L__check_cond159
0x03CC	0x1403      	BSF        STATUS, 0
0x03CD	0x2BCF      	GOTO       L__check_cond160
L__check_cond159:
0x03CE	0x1003      	BCF        STATUS, 0
L__check_cond160:
0x03CF	0x1C72      	BTFSS      R2, 0
0x03D0	0x2BD5      	GOTO       L__check_cond161
0x03D1	0x1C03      	BTFSS      STATUS, 0
0x03D2	0x2BD5      	GOTO       L__check_cond161
0x03D3	0x1472      	BSF        R2, 0
0x03D4	0x2BD6      	GOTO       L__check_cond162
L__check_cond161:
0x03D5	0x1072      	BCF        R2, 0
L__check_cond162:
0x03D6	0x01F0      	CLRF       R0
0x03D7	0x1872      	BTFSC      R2, 0
0x03D8	0x0AF0      	INCF       R0, 1
0x03D9	0x0828      	MOVF       _Eng_On, 0
0x03DA	0x05F0      	ANDWF      R0, 1
0x03DB	0x1903      	BTFSC      STATUS, 2
0x03DC	0x2BE0      	GOTO       L_check_cond26
0x03DD	0x300C      	MOVLW      12
0x03DE	0x00AB      	MOVWF      _guc_choice
0x03DF	0x2C01      	GOTO       L_check_cond27
L_check_cond26:
;Tractor.c,64 :: 		else if(COND13) guc_choice=13;
0x03E0	0x198E      	BTFSC      PORTC, 3
0x03E1	0x2BE4      	GOTO       L__check_cond163
0x03E2	0x1403      	BSF        STATUS, 0
0x03E3	0x2BE5      	GOTO       L__check_cond164
L__check_cond163:
0x03E4	0x1003      	BCF        STATUS, 0
L__check_cond164:
0x03E5	0x1C03      	BTFSS      STATUS, 0
0x03E6	0x2BEB      	GOTO       L__check_cond165
0x03E7	0x1D0E      	BTFSS      PORTC, 2
0x03E8	0x2BEB      	GOTO       L__check_cond165
0x03E9	0x1472      	BSF        R2, 0
0x03EA	0x2BEC      	GOTO       L__check_cond166
L__check_cond165:
0x03EB	0x1072      	BCF        R2, 0
L__check_cond166:
0x03EC	0x1C72      	BTFSS      R2, 0
0x03ED	0x2BF2      	GOTO       L__check_cond167
0x03EE	0x1C8E      	BTFSS      PORTC, 1
0x03EF	0x2BF2      	GOTO       L__check_cond167
0x03F0	0x1472      	BSF        R2, 0
0x03F1	0x2BF3      	GOTO       L__check_cond168
L__check_cond167:
0x03F2	0x1072      	BCF        R2, 0
L__check_cond168:
0x03F3	0x0828      	MOVF       _Eng_On, 0
0x03F4	0x3001      	MOVLW      1
0x03F5	0x1D03      	BTFSS      STATUS, 2
0x03F6	0x3000      	MOVLW      0
0x03F7	0x00F1      	MOVWF      R1
0x03F8	0x01F0      	CLRF       R0
0x03F9	0x1872      	BTFSC      R2, 0
0x03FA	0x0AF0      	INCF       R0, 1
0x03FB	0x0871      	MOVF       R1, 0
0x03FC	0x05F0      	ANDWF      R0, 1
0x03FD	0x1903      	BTFSC      STATUS, 2
0x03FE	0x2C01      	GOTO       L_check_cond28
0x03FF	0x300D      	MOVLW      13
0x0400	0x00AB      	MOVWF      _guc_choice
L_check_cond28:
L_check_cond27:
L_check_cond25:
L_check_cond23:
L_check_cond21:
L_check_cond19:
L_check_cond17:
L_check_cond15:
L_check_cond13:
L_check_cond11:
L_check_cond9:
L_check_cond7:
L_check_cond5:
;Tractor.c,79 :: 		}
L_end_check_cond:
0x0401	0x0008      	RETURN
; end of _check_cond
_sys_init:
;Tractor.c,181 :: 		void sys_init()
;Tractor.c,184 :: 		OSCCON = 0x72;   /* SCS INTOSC; SPLLEN disabled; IRCF 8MHz_HF; */
0x0402	0x3072      	MOVLW      114
0x0403	0x0021      	MOVLB      1
0x0404	0x0099      	MOVWF      OSCCON
;Tractor.c,185 :: 		LATA = 0x00;
0x0405	0x0022      	MOVLB      2
0x0406	0x018C      	CLRF       LATA
;Tractor.c,186 :: 		LATC = 0x00;
0x0407	0x018E      	CLRF       LATC
;Tractor.c,188 :: 		TRISA=0x20;
0x0408	0x3020      	MOVLW      32
0x0409	0x0021      	MOVLB      1
0x040A	0x008C      	MOVWF      TRISA
;Tractor.c,189 :: 		TRISC=0x2F;
0x040B	0x302F      	MOVLW      47
0x040C	0x008E      	MOVWF      TRISC
;Tractor.c,191 :: 		ANSELA=0x00;
0x040D	0x0023      	MOVLB      3
0x040E	0x018C      	CLRF       ANSELA
;Tractor.c,192 :: 		ANSELC=0x00;
0x040F	0x018E      	CLRF       ANSELC
;Tractor.c,195 :: 		BUZZER = 0;
0x0410	0x0020      	MOVLB      0
0x0411	0x110C      	BCF        PORTA, 2
;Tractor.c,196 :: 		RELAY_SOL = 0;
0x0412	0x120E      	BCF        PORTC, 4
;Tractor.c,197 :: 		RELAY_STR = 0;
0x0413	0x128E      	BCF        PORTC, 5
;Tractor.c,200 :: 		WDTCON = 0x17;   /*WDTPS 1:65536; SWDTEN ON; */
0x0414	0x3017      	MOVLW      23
0x0415	0x0021      	MOVLB      1
0x0416	0x0097      	MOVWF      WDTCON
;Tractor.c,201 :: 		TMR0_Initialize();
0x0417	0x202F      	CALL       _TMR0_Initialize
;Tractor.c,202 :: 		TMR1_Initialize();
0x0418	0x2054      	CALL       _TMR1_Initialize
;Tractor.c,204 :: 		TMR2_Initialize();
0x0419	0x2062      	CALL       _TMR2_Initialize
;Tractor.c,205 :: 		PWM3_Initialize();
0x041A	0x204C      	CALL       _PWM3_Initialize
;Tractor.c,207 :: 		for(i=0;i<6;i++) guc_cycle[i]=0;
0x041B	0x0020      	MOVLB      0
0x041C	0x01CC      	CLRF       sys_init_i_L0
L_sys_init66:
0x041D	0x3006      	MOVLW      6
0x041E	0x024C      	SUBWF      sys_init_i_L0, 0
0x041F	0x1803      	BTFSC      STATUS, 0
0x0420	0x2C31      	GOTO       L_sys_init67
0x0421	0x084C      	MOVF       sys_init_i_L0, 0
0x0422	0x00F0      	MOVWF      R0
0x0423	0x01F1      	CLRF       R1
0x0424	0x35F0      	LSLF       R0, 1
0x0425	0x0DF1      	RLF        R1, 1
0x0426	0x302D      	MOVLW      _guc_cycle
0x0427	0x0770      	ADDWF      R0, 0
0x0428	0x0086      	MOVWF      FSR1
0x0429	0x3000      	MOVLW      hi_addr(_guc_cycle)
0x042A	0x3D71      	ADDWFC     R1, 0
0x042B	0x0087      	MOVWF      FSR1H
0x042C	0x0181      	CLRF       INDF1
0x042D	0x3141      	ADDFSR     1, 1
0x042E	0x0181      	CLRF       INDF1
0x042F	0x0ACC      	INCF       sys_init_i_L0, 1
0x0430	0x2C1D      	GOTO       L_sys_init66
L_sys_init67:
;Tractor.c,208 :: 		GIE_bit = 1;     /* Enable INTs  */
0x0431	0x178B      	BSF        GIE_bit, BitPos(GIE_bit+0)
;Tractor.c,209 :: 		RELAY_STR = 1;
0x0432	0x168E      	BSF        PORTC, 5
;Tractor.c,210 :: 		}
L_end_sys_init:
0x0433	0x0008      	RETURN
; end of _sys_init
___CC2DW:
;__Lib_System.c,71 :: 		
;__Lib_System.c,73 :: 		
_CC2DL_Loop1:
;__Lib_System.c,74 :: 		
0x0434	0x0012      	MOVIW      FSR0++ 
;__Lib_System.c,75 :: 		
0x0435	0x001E      	MOVWI      FSR1++ 
;__Lib_System.c,76 :: 		
0x0436	0x03F0      	DECF       R0, 1
;__Lib_System.c,77 :: 		
0x0437	0x1D03      	BTFSS      STATUS, 2
;__Lib_System.c,78 :: 		
0x0438	0x2C34      	GOTO       _CC2DL_Loop1
;__Lib_System.c,79 :: 		
0x0439	0x03F1      	DECF       R1, 1
;__Lib_System.c,80 :: 		
0x043A	0x1D03      	BTFSS      STATUS, 2
;__Lib_System.c,81 :: 		
0x043B	0x2C34      	GOTO       _CC2DL_Loop1
;__Lib_System.c,83 :: 		
L_end___CC2DW:
0x043C	0x0008      	RETURN
; end of ___CC2DW
_main:
0x043D	0x2460      	CALL       1120
;Tractor.c,212 :: 		void main()
;Tractor.c,215 :: 		sys_init();
0x043E	0x2402      	CALL       _sys_init
;Tractor.c,216 :: 		demo_time = 0;
0x043F	0x01A3      	CLRF       _demo_time
0x0440	0x01A4      	CLRF       _demo_time+1
;Tractor.c,218 :: 		while(1)
L_main69:
;Tractor.c,220 :: 		check_cond();                 /*Check the condition*/
0x0441	0x2247      	CALL       _check_cond
;Tractor.c,221 :: 		if(guc_choice>0)
0x0442	0x082B      	MOVF       _guc_choice, 0
0x0443	0x3C00      	SUBLW      0
0x0444	0x1803      	BTFSC      STATUS, 0
0x0445	0x2C47      	GOTO       L_main71
;Tractor.c,222 :: 		exe_cond();               /*Execute the condtion*/
0x0446	0x20FC      	CALL       _exe_cond
L_main71:
;Tractor.c,223 :: 		guc_choice=0;                 /*Clear the condition*/
0x0447	0x01AB      	CLRF       _guc_choice
;Tractor.c,225 :: 		if(demo_time>360)
0x0448	0x0824      	MOVF       _demo_time+1, 0
0x0449	0x3C01      	SUBLW      1
0x044A	0x1D03      	BTFSS      STATUS, 2
0x044B	0x2C4E      	GOTO       L__main223
0x044C	0x0823      	MOVF       _demo_time, 0
0x044D	0x3C68      	SUBLW      104
L__main223:
0x044E	0x1803      	BTFSC      STATUS, 0
0x044F	0x2C51      	GOTO       L_main72
;Tractor.c,227 :: 		while(1);
L_main73:
0x0450	0x2C50      	GOTO       L_main73
;Tractor.c,228 :: 		}
L_main72:
;Tractor.c,230 :: 		}
0x0451	0x2C41      	GOTO       L_main69
;Tractor.c,231 :: 		}
L_end_main:
0x0452	0x2C52      	GOTO       $+0
; end of _main
0x0460	0x3056      	MOVLW      86
0x0461	0x0084      	MOVWF      FSR0
0x0462	0x3084      	MOVLW      132
0x0463	0x0085      	MOVWF      FSR0H
0x0464	0x300A      	MOVLW      10
0x0465	0x00F0      	MOVWF      R0
0x0466	0x3001      	MOVLW      1
0x0467	0x00F1      	MOVWF      R1
0x0468	0x3023      	MOVLW      35
0x0469	0x0086      	MOVWF      FSR1
0x046A	0x3000      	MOVLW      0
0x046B	0x0087      	MOVWF      FSR1H
0x046C	0x2434      	CALL       1076
0x046D	0x0008      	RETURN
;Tractor.c,0 :: ?ICS_demo_time
0x0456	0x3400 ;?ICS_demo_time+0
0x0457	0x3400 ;?ICS_demo_time+1
; end of ?ICS_demo_time
;tmr0.c,0 :: ?ICS_guc_min
0x0458	0x3400 ;?ICS_guc_min+0
0x0459	0x3400 ;?ICS_guc_min+1
; end of ?ICS_guc_min
;Tractor.c,0 :: ?ICS_guc_buzz_state
0x045A	0x3400 ;?ICS_guc_buzz_state+0
; end of ?ICS_guc_buzz_state
;Tractor.c,0 :: ?ICS_Eng_On
0x045B	0x3400 ;?ICS_Eng_On+0
; end of ?ICS_Eng_On
;Tractor.c,0 :: ?ICS_guc_sec
0x045C	0x3400 ;?ICS_guc_sec+0
0x045D	0x3400 ;?ICS_guc_sec+1
; end of ?ICS_guc_sec
;Tractor.c,0 :: ?ICS_guc_choice
0x045E	0x3401 ;?ICS_guc_choice+0
; end of ?ICS_guc_choice
;tmr0.c,0 :: ?ICS_guc_togg_half
0x045F	0x3401 ;?ICS_guc_togg_half+0
; end of ?ICS_guc_togg_half
Symbol List:
//** Routines locations **
//ADDRESS    SIZE    PROCEDURE
//----------------------------------------------
0x0004      [21]    _interrupt
0x0019      [16]    _TMR1_ReadTimer
0x0029       [3]    _TMR1_StartTimer
0x002C       [3]    _TMR2_StartTimer
0x002F      [15]    _TMR0_Initialize
0x003E      [14]    _Check_Engine
0x004C       [8]    _PWM3_Initialize
0x0054      [10]    _TMR1_Initialize
0x005E       [4]    _TMR0_Reload
0x0062       [9]    _TMR2_Initialize
0x006B      [17]    _TMR1_WriteTimer
0x007C      [26]    _TMR0_CallBack_Half_Sec
0x0096     [102]    _TMR0_ISR
0x00FC     [331]    _exe_cond
0x0247     [443]    _check_cond
0x0402      [50]    _sys_init
0x0434       [9]    ___CC2DW
0x043D      [21]    _main
//** Variables locations ** 
//ADDRESS    SIZE    VARIABLE
//----------------------------------------------
0x0000       [1]    INDF0
0x0001       [1]    INDF1
0x0003       [1]    STATUS
0x0004       [1]    FSR0L
0x0005       [1]    FSR0H
0x0006       [1]    FSR1L
0x0007       [1]    FSR1H
0x000A       [1]    PCLATH
0x000B       [0]    GIE_bit
0x000B       [0]    TMR0IF_bit
0x000B       [0]    TMR0IE_bit
0x000C       [1]    PORTA
0x000E       [1]    PORTC
0x0011       [0]    TMR2IF_bit
0x0011       [0]    TMR1IF_bit
0x0015       [1]    TMR0
0x0016       [1]    TMR1L
0x0017       [1]    TMR1H
0x0018       [0]    TMR1ON_bit
0x0018       [1]    T1CON
0x0019       [1]    T1GCON
0x001A       [1]    TMR2
0x001B       [1]    PR2
0x001C       [0]    TMR2ON_bit
0x001C       [1]    T2CON
0x0023       [2]    _demo_time
0x0025       [2]    _guc_min
0x0027       [1]    _guc_buzz_state
0x0028       [1]    _Eng_On
0x0029       [2]    _guc_sec
0x002B       [1]    _guc_choice
0x002C       [1]    _guc_togg_half
0x002D      [26]    _guc_cycle
0x0047       [2]    _one_sec
0x0049       [1]    _timer0ReloadVal
0x004A       [2]    _half_sec
0x004C       [1]    sys_init_i_L0
0x004D       [2]    FARG_TMR1_WriteTimer_timerVal
0x0070       [1]    R0
0x0071       [1]    R1
0x0072       [1]    R2
0x0073       [1]    R3
0x0074       [1]    R4
0x0075       [1]    R5
0x0076       [1]    R6
0x0077       [1]    R7
0x0078       [1]    R8
0x0079       [1]    R9
0x007A       [1]    R10
0x007B       [1]    R11
0x007C       [1]    R12
0x007D       [1]    R13
0x007E       [1]    R14
0x007F       [1]    R15
0x008C       [1]    TRISA
0x008E       [1]    TRISC
0x0095       [1]    OPTION_REG
0x0097       [1]    WDTCON
0x0099       [1]    OSCCON
0x010C       [1]    LATA
0x010E       [1]    LATC
0x018C       [1]    ANSELA
0x018E       [1]    ANSELC
0x0617       [1]    PWM3DCL
0x0618       [1]    PWM3DCH
0x0619       [1]    PWM3CON
//** Constants locations ** 
//ADDRESS    SIZE    CONSTANT
//----------------------------------------------
0x0456       [2]    ?ICS_demo_time
0x0458       [2]    ?ICS_guc_min
0x045A       [1]    ?ICS_guc_buzz_state
0x045B       [1]    ?ICS_Eng_On
0x045C       [2]    ?ICS_guc_sec
0x045E       [1]    ?ICS_guc_choice
0x045F       [1]    ?ICS_guc_togg_half
