0	1	mikroCPIC1618.exe -MSF -DBG -pP16F1824 -UICD -RA -DL -O11111114 -fo8 -N"C:\Users\sahil\Desktop\PIC Project\tractor\source code\Micro c\Tractor.mcppi" -SP"C:\Users\Public\Documents\Mikroelektronika\mikroC PRO for PIC\Defs\" -SP"C:\Users\Public\Documents\Mikroelektronika\mikroC PRO for PIC\Uses\P16_Enh\" -SP"C:\Users\sahil\Desktop\PIC Project\tractor\source code\Micro c\" -SP"C:\Users\sahil\Desktop\PIC Project\tractor\source code\" -IP"C:\Users\sahil\Desktop\PIC Project\tractor\source code\" -IP"C:\Users\sahil\Desktop\PIC Project\tractor\source code\Micro c\" "Tractor.c" "memory.c" "pwm3.c" "tmr0.c" "tmr2.c" "__Lib_Math.mcl" "__Lib_MathDouble.mcl" "__Lib_System.mcl" "__Lib_Delays.mcl" "__Lib_PWM_c53a2c1.mcl"	 
hint: 0	1139	Available RAM: 240 [bytes], Available ROM: 4096 [bytes]	 
diagnostics: 0	122	Compilation Started	P16F1824.c
diagnostics: 1335	123	Compiled Successfully	P16F1824.c
diagnostics: 0	122	Compilation Started	__Lib_Delays.c
diagnostics: 123	123	Compiled Successfully	__Lib_Delays.c
diagnostics: 0	122	Compilation Started	types.h
diagnostics: 172	123	Compiled Successfully	Tractor.c
diagnostics: 0	122	Compilation Started	types.h
diagnostics: 42	123	Compiled Successfully	memory.c
diagnostics: 0	122	Compilation Started	types.h
diagnostics: 16	123	Compiled Successfully	pwm3.c
diagnostics: 0	122	Compilation Started	types.h
warning: -6	1507	Unknown pragma line ignored: ''	tmr0.h
warning: -6	1507	Unknown pragma line ignored: ''	tmr0.h
warning: -6	1507	Unknown pragma line ignored: ''	tmr0.h
warning: -6	1507	Unknown pragma line ignored: ''	tmr0.h
warning: -6	1507	Unknown pragma line ignored: ''	tmr0.h
warning: -6	1507	Unknown pragma line ignored: ''	tmr0.h
warning: -6	1507	Unknown pragma line ignored: ''	tmr0.h
warning: -6	1507	Unknown pragma line ignored: ''	tmr0.h
warning: -6	1507	Unknown pragma line ignored: ''	tmr0.h
warning: -6	1507	Unknown pragma line ignored: ''	tmr0.h
warning: -6	1507	Unknown pragma line ignored: ''	tmr0.h
warning: -6	1507	Unknown pragma line ignored: ''	tmr0.h
warning: -6	1507	Unknown pragma line ignored: ''	tmr0.h
warning: -6	1507	Unknown pragma line ignored: ''	tmr0.h
warning: -6	1507	Unknown pragma line ignored: ''	tmr0.h
diagnostics: 79	123	Compiled Successfully	tmr0.c
diagnostics: 0	122	Compilation Started	types.h
diagnostics: 17	123	Compiled Successfully	tmr2.c
diagnostics: 0	127	All files Compiled in 10125 ms	 
hint: 0	1144	Used RAM (bytes): 13 (5%)  Free RAM (bytes): 227 (95%)	Used RAM (bytes): 13 (5%)  Free RAM (bytes): 227 (95%)
hint: 0	1144	Used ROM (program words): 916 (22%)  Free ROM (program words): 3180 (78%)	Used ROM (program words): 916 (22%)  Free ROM (program words): 3180 (78%)
diagnostics: 0	125	Project Linked Successfully	Tractor.mcppi
diagnostics: 0	128	Linked in 32 ms	 
diagnostics: 0	129	Project 'Tractor.mcppi' completed: 13282 ms	 
diagnostics: 0	103	Finished successfully: 23 Apr 2017, 15:01:37	Tractor.mcppi
