;  LST file generated by mikroListExporter - v.2.0 
; Date/Time: 20-Dec-18 11:56:30 PM
;----------------------------------------------

;Address Opcode 	ASM
0x0000	0x2BC9      	GOTO       969
_interrupt:
;APP_OPSM.c,14 :: 		void interrupt()
0x0004	0x0870      	MOVF       R0, 0
0x0005	0x0020      	MOVLB      0
0x0006	0x00A1      	MOVWF      33
0x0007	0x0871      	MOVF       R1, 0
0x0008	0x00A0      	MOVWF      32
;APP_OPSM.c,16 :: 		if(TMR0IE_bit == 1 && TMR0IF_bit == 1)   /* interrupt handler*/
0x0009	0x3180      	MOVLP      0
0x000A	0x1E8B      	BTFSS      TMR0IE_bit, BitPos(TMR0IE_bit+0)
0x000B	0x2810      	GOTO       L_interrupt2
0x000C	0x1D0B      	BTFSS      TMR0IF_bit, BitPos(TMR0IF_bit+0)
0x000D	0x2810      	GOTO       L_interrupt2
L__interrupt72:
;APP_OPSM.c,18 :: 		TMR0_ISR();
0x000E	0x2380      	CALL       _TMR0_ISR
;APP_OPSM.c,27 :: 		}
0x000F	0x2810      	GOTO       L_interrupt3
L_interrupt2:
;APP_OPSM.c,30 :: 		}
L_interrupt3:
;APP_OPSM.c,31 :: 		}
L_end_interrupt:
L__interrupt76:
0x0010	0x0821      	MOVF       33, 0
0x0011	0x00F0      	MOVWF      R0
0x0012	0x0820      	MOVF       32, 0
0x0013	0x00F1      	MOVWF      R1
0x0014	0x0009      	RETFIE     %s
; end of _interrupt
_TMR0_CallBack_Half_Sec:
;tmr0.c,74 :: 		void TMR0_CallBack_Half_Sec(void)
;tmr0.c,77 :: 		if(guc_togg_half==1)
0x0015	0x0020      	MOVLB      0
0x0016	0x0825      	MOVF       _guc_togg_half, 0
0x0017	0x3A01      	XORLW      1
0x0018	0x1D03      	BTFSS      STATUS, 2
0x0019	0x281B      	GOTO       L_TMR0_CallBack_Half_Sec3
;tmr0.c,82 :: 		BUZZER=1;
0x001A	0x150C      	BSF        PORTA, 2
;tmr0.c,84 :: 		}
L_TMR0_CallBack_Half_Sec3:
;tmr0.c,86 :: 		if(guc_togg_half==0)
0x001B	0x0825      	MOVF       _guc_togg_half, 0
0x001C	0x3A00      	XORLW      0
0x001D	0x1D03      	BTFSS      STATUS, 2
0x001E	0x2820      	GOTO       L_TMR0_CallBack_Half_Sec4
;tmr0.c,96 :: 		BUZZER = 0;
0x001F	0x110C      	BCF        PORTA, 2
;tmr0.c,98 :: 		}
L_TMR0_CallBack_Half_Sec4:
;tmr0.c,99 :: 		}
L_end_TMR0_CallBack_Half_Sec:
0x0020	0x0008      	RETURN
; end of _TMR0_CallBack_Half_Sec
_TMR0_Reload:
;tmr0.c,17 :: 		void TMR0_Reload(void)
;tmr0.c,19 :: 		TMR0 = timer0ReloadVal;     /* Write to the Timer0 register*/
0x0021	0x0020      	MOVLB      0
0x0022	0x084C      	MOVF       _timer0ReloadVal, 0
0x0023	0x0095      	MOVWF      TMR0
;tmr0.c,20 :: 		}
L_end_TMR0_Reload:
0x0024	0x0008      	RETURN
; end of _TMR0_Reload
_TMR0_Initialize:
;tmr0.c,7 :: 		void TMR0_Initialize(void)
;tmr0.c,10 :: 		OPTION_REG = (uint8)((OPTION_REG & 0xC0) | 0xD7 & 0x3F);
0x0025	0x30C0      	MOVLW      192
0x0026	0x0021      	MOVLB      1
0x0027	0x0515      	ANDWF      OPTION_REG, 0
0x0028	0x00F0      	MOVWF      R0
0x0029	0x3017      	MOVLW      23
0x002A	0x0470      	IORWF       R0, 0
0x002B	0x0095      	MOVWF      OPTION_REG
;tmr0.c,11 :: 		TMR0 = 0xF8;              /* TMR0 248;*/
0x002C	0x30F8      	MOVLW      248
0x002D	0x0020      	MOVLB      0
0x002E	0x0095      	MOVWF      TMR0
;tmr0.c,12 :: 		timer0ReloadVal= 0xF8;     /* Load the TMR value to reload variable */
0x002F	0x30F8      	MOVLW      248
0x0030	0x00CC      	MOVWF      _timer0ReloadVal
;tmr0.c,13 :: 		TMR0IF_bit = 0;           /*Clear Interrupt flag before enabling the interrupt*/
0x0031	0x110B      	BCF        TMR0IF_bit, BitPos(TMR0IF_bit+0)
;tmr0.c,14 :: 		TMR0IE_bit = 1;           /* Enabling TMR0 interrupt */
0x0032	0x168B      	BSF        TMR0IE_bit, BitPos(TMR0IE_bit+0)
;tmr0.c,15 :: 		}
L_end_TMR0_Initialize:
0x0033	0x0008      	RETURN
; end of _TMR0_Initialize
_CHCK_COND:
;APP_OPSM.c,33 :: 		void CHCK_COND(uint8 x)
;APP_OPSM.c,36 :: 		guc_deb[x]++;
0x0034	0x0020      	MOVLB      0
0x0035	0x084F      	MOVF       FARG_CHCK_COND_x, 0
0x0036	0x00F0      	MOVWF      R0
0x0037	0x01F1      	CLRF       R1
0x0038	0x35F0      	LSLF       R0, 1
0x0039	0x0DF1      	RLF        R1, 1
0x003A	0x3027      	MOVLW      _guc_deb
0x003B	0x0770      	ADDWF      R0, 0
0x003C	0x00F2      	MOVWF      R2
0x003D	0x3000      	MOVLW      hi_addr(_guc_deb)
0x003E	0x3D71      	ADDWFC     R1, 0
0x003F	0x00F3      	MOVWF      R3
0x0040	0x0872      	MOVF       R2, 0
0x0041	0x0084      	MOVWF      FSR0
0x0042	0x0873      	MOVF       R3, 0
0x0043	0x0085      	MOVWF      FSR0H
0x0044	0x0800      	MOVF       INDF0, 0
0x0045	0x00F0      	MOVWF      R0
0x0046	0x3101      	ADDFSR     0, 1
0x0047	0x0800      	MOVF       INDF0, 0
0x0048	0x00F1      	MOVWF      R1
0x0049	0x0AF0      	INCF       R0, 1
0x004A	0x1903      	BTFSC      STATUS, 2
0x004B	0x0AF1      	INCF       R1, 1
0x004C	0x0872      	MOVF       R2, 0
0x004D	0x0086      	MOVWF      FSR1
0x004E	0x0873      	MOVF       R3, 0
0x004F	0x0087      	MOVWF      FSR1H
0x0050	0x0870      	MOVF       R0, 0
0x0051	0x0081      	MOVWF      INDF1
0x0052	0x0871      	MOVF       R1, 0
0x0053	0x3141      	ADDFSR     1, 1
0x0054	0x0081      	MOVWF      INDF1
;APP_OPSM.c,37 :: 		for(i=0;i<=TOTAL_COND && i!=x;i++){guc_deb[i] = 0;}
0x0055	0x01F4      	CLRF       R4
L_CHCK_COND4:
0x0056	0x0874      	MOVF       R4, 0
0x0057	0x3C11      	SUBLW      17
0x0058	0x1C03      	BTFSS      STATUS, 0
0x0059	0x286E      	GOTO       L_CHCK_COND5
0x005A	0x0874      	MOVF       R4, 0
0x005B	0x064F      	XORWF      FARG_CHCK_COND_x, 0
0x005C	0x1903      	BTFSC      STATUS, 2
0x005D	0x286E      	GOTO       L_CHCK_COND5
L__CHCK_COND73:
0x005E	0x0874      	MOVF       R4, 0
0x005F	0x00F0      	MOVWF      R0
0x0060	0x01F1      	CLRF       R1
0x0061	0x35F0      	LSLF       R0, 1
0x0062	0x0DF1      	RLF        R1, 1
0x0063	0x3027      	MOVLW      _guc_deb
0x0064	0x0770      	ADDWF      R0, 0
0x0065	0x0086      	MOVWF      FSR1
0x0066	0x3000      	MOVLW      hi_addr(_guc_deb)
0x0067	0x3D71      	ADDWFC     R1, 0
0x0068	0x0087      	MOVWF      FSR1H
0x0069	0x0181      	CLRF       INDF1
0x006A	0x3141      	ADDFSR     1, 1
0x006B	0x0181      	CLRF       INDF1
0x006C	0x0AF4      	INCF       R4, 1
0x006D	0x2856      	GOTO       L_CHCK_COND4
L_CHCK_COND5:
;APP_OPSM.c,38 :: 		if(guc_deb[x] > DEBO_TIME){ guc_choice = x; guc_deb[x] = 0;}
0x006E	0x084F      	MOVF       FARG_CHCK_COND_x, 0
0x006F	0x00F0      	MOVWF      R0
0x0070	0x01F1      	CLRF       R1
0x0071	0x35F0      	LSLF       R0, 1
0x0072	0x0DF1      	RLF        R1, 1
0x0073	0x3027      	MOVLW      _guc_deb
0x0074	0x0770      	ADDWF      R0, 0
0x0075	0x0084      	MOVWF      FSR0
0x0076	0x3000      	MOVLW      hi_addr(_guc_deb)
0x0077	0x3D71      	ADDWFC     R1, 0
0x0078	0x0085      	MOVWF      FSR0H
0x0079	0x0800      	MOVF       INDF0, 0
0x007A	0x00F1      	MOVWF      R1
0x007B	0x3101      	ADDFSR     0, 1
0x007C	0x0800      	MOVF       INDF0, 0
0x007D	0x00F2      	MOVWF      R2
0x007E	0x0872      	MOVF       R2, 0
0x007F	0x3C4E      	SUBLW      78
0x0080	0x1D03      	BTFSS      STATUS, 2
0x0081	0x2884      	GOTO       L__CHCK_COND78
0x0082	0x0871      	MOVF       R1, 0
0x0083	0x3C20      	SUBLW      32
L__CHCK_COND78:
0x0084	0x1803      	BTFSC      STATUS, 0
0x0085	0x2896      	GOTO       L_CHCK_COND9
0x0086	0x084F      	MOVF       FARG_CHCK_COND_x, 0
0x0087	0x00A6      	MOVWF      _guc_choice
0x0088	0x084F      	MOVF       FARG_CHCK_COND_x, 0
0x0089	0x00F0      	MOVWF      R0
0x008A	0x01F1      	CLRF       R1
0x008B	0x35F0      	LSLF       R0, 1
0x008C	0x0DF1      	RLF        R1, 1
0x008D	0x3027      	MOVLW      _guc_deb
0x008E	0x0770      	ADDWF      R0, 0
0x008F	0x0086      	MOVWF      FSR1
0x0090	0x3000      	MOVLW      hi_addr(_guc_deb)
0x0091	0x3D71      	ADDWFC     R1, 0
0x0092	0x0087      	MOVWF      FSR1H
0x0093	0x0181      	CLRF       INDF1
0x0094	0x3141      	ADDFSR     1, 1
0x0095	0x0181      	CLRF       INDF1
L_CHCK_COND9:
;APP_OPSM.c,39 :: 		}
L_end_CHCK_COND:
0x0096	0x0008      	RETURN
; end of _CHCK_COND
_check_cond:
;APP_OPSM.c,42 :: 		void check_cond()
;APP_OPSM.c,44 :: 		guc_choice = 0;
0x0097	0x0020      	MOVLB      0
0x0098	0x01A6      	CLRF       _guc_choice
;APP_OPSM.c,45 :: 		if(COND1){ CHCK_COND(1); }
0x0099	0x190E      	BTFSC      PORTC, 2
0x009A	0x289D      	GOTO       L__check_cond80
0x009B	0x1403      	BSF        STATUS, 0
0x009C	0x289E      	GOTO       L__check_cond81
L__check_cond80:
0x009D	0x1003      	BCF        STATUS, 0
L__check_cond81:
0x009E	0x1C03      	BTFSS      STATUS, 0
0x009F	0x28A4      	GOTO       L__check_cond82
0x00A0	0x1C8E      	BTFSS      PORTC, 1
0x00A1	0x28A4      	GOTO       L__check_cond82
0x00A2	0x1470      	BSF        R0, 0
0x00A3	0x28A5      	GOTO       L__check_cond83
L__check_cond82:
0x00A4	0x1070      	BCF        R0, 0
L__check_cond83:
0x00A5	0x1C70      	BTFSS      R0, 0
0x00A6	0x28AB      	GOTO       L__check_cond84
0x00A7	0x1C0E      	BTFSS      PORTC, 0
0x00A8	0x28AB      	GOTO       L__check_cond84
0x00A9	0x1470      	BSF        R0, 0
0x00AA	0x28AC      	GOTO       L__check_cond85
L__check_cond84:
0x00AB	0x1070      	BCF        R0, 0
L__check_cond85:
0x00AC	0x1A8C      	BTFSC      PORTA, 5
0x00AD	0x28B0      	GOTO       L__check_cond86
0x00AE	0x1403      	BSF        STATUS, 0
0x00AF	0x28B1      	GOTO       L__check_cond87
L__check_cond86:
0x00B0	0x1003      	BCF        STATUS, 0
L__check_cond87:
0x00B1	0x1C70      	BTFSS      R0, 0
0x00B2	0x28B7      	GOTO       L__check_cond88
0x00B3	0x1C03      	BTFSS      STATUS, 0
0x00B4	0x28B7      	GOTO       L__check_cond88
0x00B5	0x1470      	BSF        R0, 0
0x00B6	0x28B8      	GOTO       L__check_cond89
L__check_cond88:
0x00B7	0x1070      	BCF        R0, 0
L__check_cond89:
0x00B8	0x1C70      	BTFSS      R0, 0
0x00B9	0x28BE      	GOTO       L_check_cond10
0x00BA	0x3001      	MOVLW      1
0x00BB	0x00CF      	MOVWF      FARG_CHCK_COND_x
0x00BC	0x2034      	CALL       _CHCK_COND
0x00BD	0x2AF1      	GOTO       L_check_cond11
L_check_cond10:
;APP_OPSM.c,46 :: 		else if(COND2){ CHCK_COND(2); }
0x00BE	0x190E      	BTFSC      PORTC, 2
0x00BF	0x28C2      	GOTO       L__check_cond90
0x00C0	0x1403      	BSF        STATUS, 0
0x00C1	0x28C3      	GOTO       L__check_cond91
L__check_cond90:
0x00C2	0x1003      	BCF        STATUS, 0
L__check_cond91:
0x00C3	0x1C03      	BTFSS      STATUS, 0
0x00C4	0x28C9      	GOTO       L__check_cond92
0x00C5	0x1C8E      	BTFSS      PORTC, 1
0x00C6	0x28C9      	GOTO       L__check_cond92
0x00C7	0x1470      	BSF        R0, 0
0x00C8	0x28CA      	GOTO       L__check_cond93
L__check_cond92:
0x00C9	0x1070      	BCF        R0, 0
L__check_cond93:
0x00CA	0x1C70      	BTFSS      R0, 0
0x00CB	0x28D0      	GOTO       L__check_cond94
0x00CC	0x1C0E      	BTFSS      PORTC, 0
0x00CD	0x28D0      	GOTO       L__check_cond94
0x00CE	0x1403      	BSF        STATUS, 0
0x00CF	0x28D1      	GOTO       L__check_cond95
L__check_cond94:
0x00D0	0x1003      	BCF        STATUS, 0
L__check_cond95:
0x00D1	0x1C03      	BTFSS      STATUS, 0
0x00D2	0x28D7      	GOTO       L__check_cond96
0x00D3	0x1E8C      	BTFSS      PORTA, 5
0x00D4	0x28D7      	GOTO       L__check_cond96
0x00D5	0x1470      	BSF        R0, 0
0x00D6	0x28D8      	GOTO       L__check_cond97
L__check_cond96:
0x00D7	0x1070      	BCF        R0, 0
L__check_cond97:
0x00D8	0x1C70      	BTFSS      R0, 0
0x00D9	0x28DE      	GOTO       L_check_cond12
0x00DA	0x3002      	MOVLW      2
0x00DB	0x00CF      	MOVWF      FARG_CHCK_COND_x
0x00DC	0x2034      	CALL       _CHCK_COND
0x00DD	0x2AF1      	GOTO       L_check_cond13
L_check_cond12:
;APP_OPSM.c,47 :: 		else if(COND3){ CHCK_COND(3); }
0x00DE	0x190E      	BTFSC      PORTC, 2
0x00DF	0x28E2      	GOTO       L__check_cond98
0x00E0	0x1403      	BSF        STATUS, 0
0x00E1	0x28E3      	GOTO       L__check_cond99
L__check_cond98:
0x00E2	0x1003      	BCF        STATUS, 0
L__check_cond99:
0x00E3	0x1C03      	BTFSS      STATUS, 0
0x00E4	0x28E9      	GOTO       L__check_cond100
0x00E5	0x1C8E      	BTFSS      PORTC, 1
0x00E6	0x28E9      	GOTO       L__check_cond100
0x00E7	0x1470      	BSF        R0, 0
0x00E8	0x28EA      	GOTO       L__check_cond101
L__check_cond100:
0x00E9	0x1070      	BCF        R0, 0
L__check_cond101:
0x00EA	0x180E      	BTFSC      PORTC, 0
0x00EB	0x28EE      	GOTO       L__check_cond102
0x00EC	0x1403      	BSF        STATUS, 0
0x00ED	0x28EF      	GOTO       L__check_cond103
L__check_cond102:
0x00EE	0x1003      	BCF        STATUS, 0
L__check_cond103:
0x00EF	0x1C70      	BTFSS      R0, 0
0x00F0	0x28F5      	GOTO       L__check_cond104
0x00F1	0x1C03      	BTFSS      STATUS, 0
0x00F2	0x28F5      	GOTO       L__check_cond104
0x00F3	0x1470      	BSF        R0, 0
0x00F4	0x28F6      	GOTO       L__check_cond105
L__check_cond104:
0x00F5	0x1070      	BCF        R0, 0
L__check_cond105:
0x00F6	0x1A8C      	BTFSC      PORTA, 5
0x00F7	0x28FA      	GOTO       L__check_cond106
0x00F8	0x1403      	BSF        STATUS, 0
0x00F9	0x28FB      	GOTO       L__check_cond107
L__check_cond106:
0x00FA	0x1003      	BCF        STATUS, 0
L__check_cond107:
0x00FB	0x1C70      	BTFSS      R0, 0
0x00FC	0x2901      	GOTO       L__check_cond108
0x00FD	0x1C03      	BTFSS      STATUS, 0
0x00FE	0x2901      	GOTO       L__check_cond108
0x00FF	0x1470      	BSF        R0, 0
0x0100	0x2902      	GOTO       L__check_cond109
L__check_cond108:
0x0101	0x1070      	BCF        R0, 0
L__check_cond109:
0x0102	0x1C70      	BTFSS      R0, 0
0x0103	0x2908      	GOTO       L_check_cond14
0x0104	0x3003      	MOVLW      3
0x0105	0x00CF      	MOVWF      FARG_CHCK_COND_x
0x0106	0x2034      	CALL       _CHCK_COND
0x0107	0x2AF1      	GOTO       L_check_cond15
L_check_cond14:
;APP_OPSM.c,48 :: 		else if(COND4){ CHCK_COND(4); }
0x0108	0x190E      	BTFSC      PORTC, 2
0x0109	0x290C      	GOTO       L__check_cond110
0x010A	0x1403      	BSF        STATUS, 0
0x010B	0x290D      	GOTO       L__check_cond111
L__check_cond110:
0x010C	0x1003      	BCF        STATUS, 0
L__check_cond111:
0x010D	0x1C03      	BTFSS      STATUS, 0
0x010E	0x2913      	GOTO       L__check_cond112
0x010F	0x1C8E      	BTFSS      PORTC, 1
0x0110	0x2913      	GOTO       L__check_cond112
0x0111	0x1470      	BSF        R0, 0
0x0112	0x2914      	GOTO       L__check_cond113
L__check_cond112:
0x0113	0x1070      	BCF        R0, 0
L__check_cond113:
0x0114	0x180E      	BTFSC      PORTC, 0
0x0115	0x2918      	GOTO       L__check_cond114
0x0116	0x1403      	BSF        STATUS, 0
0x0117	0x2919      	GOTO       L__check_cond115
L__check_cond114:
0x0118	0x1003      	BCF        STATUS, 0
L__check_cond115:
0x0119	0x1C70      	BTFSS      R0, 0
0x011A	0x291F      	GOTO       L__check_cond116
0x011B	0x1C03      	BTFSS      STATUS, 0
0x011C	0x291F      	GOTO       L__check_cond116
0x011D	0x1470      	BSF        R0, 0
0x011E	0x2920      	GOTO       L__check_cond117
L__check_cond116:
0x011F	0x1070      	BCF        R0, 0
L__check_cond117:
0x0120	0x1C70      	BTFSS      R0, 0
0x0121	0x2926      	GOTO       L__check_cond118
0x0122	0x1E8C      	BTFSS      PORTA, 5
0x0123	0x2926      	GOTO       L__check_cond118
0x0124	0x1403      	BSF        STATUS, 0
0x0125	0x2927      	GOTO       L__check_cond119
L__check_cond118:
0x0126	0x1003      	BCF        STATUS, 0
L__check_cond119:
0x0127	0x1C03      	BTFSS      STATUS, 0
0x0128	0x292D      	GOTO       L_check_cond16
0x0129	0x3004      	MOVLW      4
0x012A	0x00CF      	MOVWF      FARG_CHCK_COND_x
0x012B	0x2034      	CALL       _CHCK_COND
0x012C	0x2AF1      	GOTO       L_check_cond17
L_check_cond16:
;APP_OPSM.c,49 :: 		else if(COND5){ CHCK_COND(5); }
0x012D	0x190E      	BTFSC      PORTC, 2
0x012E	0x2931      	GOTO       L__check_cond120
0x012F	0x1470      	BSF        R0, 0
0x0130	0x2932      	GOTO       L__check_cond121
L__check_cond120:
0x0131	0x1070      	BCF        R0, 0
L__check_cond121:
0x0132	0x188E      	BTFSC      PORTC, 1
0x0133	0x2936      	GOTO       L__check_cond122
0x0134	0x1403      	BSF        STATUS, 0
0x0135	0x2937      	GOTO       L__check_cond123
L__check_cond122:
0x0136	0x1003      	BCF        STATUS, 0
L__check_cond123:
0x0137	0x1C70      	BTFSS      R0, 0
0x0138	0x293D      	GOTO       L__check_cond124
0x0139	0x1C03      	BTFSS      STATUS, 0
0x013A	0x293D      	GOTO       L__check_cond124
0x013B	0x1470      	BSF        R0, 0
0x013C	0x293E      	GOTO       L__check_cond125
L__check_cond124:
0x013D	0x1070      	BCF        R0, 0
L__check_cond125:
0x013E	0x1C70      	BTFSS      R0, 0
0x013F	0x2944      	GOTO       L__check_cond126
0x0140	0x1C0E      	BTFSS      PORTC, 0
0x0141	0x2944      	GOTO       L__check_cond126
0x0142	0x1470      	BSF        R0, 0
0x0143	0x2945      	GOTO       L__check_cond127
L__check_cond126:
0x0144	0x1070      	BCF        R0, 0
L__check_cond127:
0x0145	0x1A8C      	BTFSC      PORTA, 5
0x0146	0x2949      	GOTO       L__check_cond128
0x0147	0x1403      	BSF        STATUS, 0
0x0148	0x294A      	GOTO       L__check_cond129
L__check_cond128:
0x0149	0x1003      	BCF        STATUS, 0
L__check_cond129:
0x014A	0x1C70      	BTFSS      R0, 0
0x014B	0x2950      	GOTO       L__check_cond130
0x014C	0x1C03      	BTFSS      STATUS, 0
0x014D	0x2950      	GOTO       L__check_cond130
0x014E	0x1470      	BSF        R0, 0
0x014F	0x2951      	GOTO       L__check_cond131
L__check_cond130:
0x0150	0x1070      	BCF        R0, 0
L__check_cond131:
0x0151	0x1C70      	BTFSS      R0, 0
0x0152	0x2957      	GOTO       L_check_cond18
0x0153	0x3005      	MOVLW      5
0x0154	0x00CF      	MOVWF      FARG_CHCK_COND_x
0x0155	0x2034      	CALL       _CHCK_COND
0x0156	0x2AF1      	GOTO       L_check_cond19
L_check_cond18:
;APP_OPSM.c,50 :: 		else if(COND6){ CHCK_COND(6); }
0x0157	0x190E      	BTFSC      PORTC, 2
0x0158	0x295B      	GOTO       L__check_cond132
0x0159	0x1470      	BSF        R0, 0
0x015A	0x295C      	GOTO       L__check_cond133
L__check_cond132:
0x015B	0x1070      	BCF        R0, 0
L__check_cond133:
0x015C	0x188E      	BTFSC      PORTC, 1
0x015D	0x2960      	GOTO       L__check_cond134
0x015E	0x1403      	BSF        STATUS, 0
0x015F	0x2961      	GOTO       L__check_cond135
L__check_cond134:
0x0160	0x1003      	BCF        STATUS, 0
L__check_cond135:
0x0161	0x1C70      	BTFSS      R0, 0
0x0162	0x2967      	GOTO       L__check_cond136
0x0163	0x1C03      	BTFSS      STATUS, 0
0x0164	0x2967      	GOTO       L__check_cond136
0x0165	0x1470      	BSF        R0, 0
0x0166	0x2968      	GOTO       L__check_cond137
L__check_cond136:
0x0167	0x1070      	BCF        R0, 0
L__check_cond137:
0x0168	0x1C70      	BTFSS      R0, 0
0x0169	0x296E      	GOTO       L__check_cond138
0x016A	0x1C0E      	BTFSS      PORTC, 0
0x016B	0x296E      	GOTO       L__check_cond138
0x016C	0x1403      	BSF        STATUS, 0
0x016D	0x296F      	GOTO       L__check_cond139
L__check_cond138:
0x016E	0x1003      	BCF        STATUS, 0
L__check_cond139:
0x016F	0x1C03      	BTFSS      STATUS, 0
0x0170	0x2975      	GOTO       L__check_cond140
0x0171	0x1E8C      	BTFSS      PORTA, 5
0x0172	0x2975      	GOTO       L__check_cond140
0x0173	0x1470      	BSF        R0, 0
0x0174	0x2976      	GOTO       L__check_cond141
L__check_cond140:
0x0175	0x1070      	BCF        R0, 0
L__check_cond141:
0x0176	0x1C70      	BTFSS      R0, 0
0x0177	0x297C      	GOTO       L_check_cond20
0x0178	0x3006      	MOVLW      6
0x0179	0x00CF      	MOVWF      FARG_CHCK_COND_x
0x017A	0x2034      	CALL       _CHCK_COND
0x017B	0x2AF1      	GOTO       L_check_cond21
L_check_cond20:
;APP_OPSM.c,51 :: 		else if(COND7){ CHCK_COND(7); }
0x017C	0x190E      	BTFSC      PORTC, 2
0x017D	0x2980      	GOTO       L__check_cond142
0x017E	0x1470      	BSF        R0, 0
0x017F	0x2981      	GOTO       L__check_cond143
L__check_cond142:
0x0180	0x1070      	BCF        R0, 0
L__check_cond143:
0x0181	0x188E      	BTFSC      PORTC, 1
0x0182	0x2985      	GOTO       L__check_cond144
0x0183	0x1403      	BSF        STATUS, 0
0x0184	0x2986      	GOTO       L__check_cond145
L__check_cond144:
0x0185	0x1003      	BCF        STATUS, 0
L__check_cond145:
0x0186	0x1C70      	BTFSS      R0, 0
0x0187	0x298C      	GOTO       L__check_cond146
0x0188	0x1C03      	BTFSS      STATUS, 0
0x0189	0x298C      	GOTO       L__check_cond146
0x018A	0x1470      	BSF        R0, 0
0x018B	0x298D      	GOTO       L__check_cond147
L__check_cond146:
0x018C	0x1070      	BCF        R0, 0
L__check_cond147:
0x018D	0x180E      	BTFSC      PORTC, 0
0x018E	0x2991      	GOTO       L__check_cond148
0x018F	0x1403      	BSF        STATUS, 0
0x0190	0x2992      	GOTO       L__check_cond149
L__check_cond148:
0x0191	0x1003      	BCF        STATUS, 0
L__check_cond149:
0x0192	0x1C70      	BTFSS      R0, 0
0x0193	0x2998      	GOTO       L__check_cond150
0x0194	0x1C03      	BTFSS      STATUS, 0
0x0195	0x2998      	GOTO       L__check_cond150
0x0196	0x1470      	BSF        R0, 0
0x0197	0x2999      	GOTO       L__check_cond151
L__check_cond150:
0x0198	0x1070      	BCF        R0, 0
L__check_cond151:
0x0199	0x1A8C      	BTFSC      PORTA, 5
0x019A	0x299D      	GOTO       L__check_cond152
0x019B	0x1403      	BSF        STATUS, 0
0x019C	0x299E      	GOTO       L__check_cond153
L__check_cond152:
0x019D	0x1003      	BCF        STATUS, 0
L__check_cond153:
0x019E	0x1C70      	BTFSS      R0, 0
0x019F	0x29A4      	GOTO       L__check_cond154
0x01A0	0x1C03      	BTFSS      STATUS, 0
0x01A1	0x29A4      	GOTO       L__check_cond154
0x01A2	0x1470      	BSF        R0, 0
0x01A3	0x29A5      	GOTO       L__check_cond155
L__check_cond154:
0x01A4	0x1070      	BCF        R0, 0
L__check_cond155:
0x01A5	0x1C70      	BTFSS      R0, 0
0x01A6	0x29AB      	GOTO       L_check_cond22
0x01A7	0x3007      	MOVLW      7
0x01A8	0x00CF      	MOVWF      FARG_CHCK_COND_x
0x01A9	0x2034      	CALL       _CHCK_COND
0x01AA	0x2AF1      	GOTO       L_check_cond23
L_check_cond22:
;APP_OPSM.c,52 :: 		else if(COND8){ CHCK_COND(8); }
0x01AB	0x190E      	BTFSC      PORTC, 2
0x01AC	0x29AF      	GOTO       L__check_cond156
0x01AD	0x1470      	BSF        R0, 0
0x01AE	0x29B0      	GOTO       L__check_cond157
L__check_cond156:
0x01AF	0x1070      	BCF        R0, 0
L__check_cond157:
0x01B0	0x188E      	BTFSC      PORTC, 1
0x01B1	0x29B4      	GOTO       L__check_cond158
0x01B2	0x1403      	BSF        STATUS, 0
0x01B3	0x29B5      	GOTO       L__check_cond159
L__check_cond158:
0x01B4	0x1003      	BCF        STATUS, 0
L__check_cond159:
0x01B5	0x1C70      	BTFSS      R0, 0
0x01B6	0x29BB      	GOTO       L__check_cond160
0x01B7	0x1C03      	BTFSS      STATUS, 0
0x01B8	0x29BB      	GOTO       L__check_cond160
0x01B9	0x1470      	BSF        R0, 0
0x01BA	0x29BC      	GOTO       L__check_cond161
L__check_cond160:
0x01BB	0x1070      	BCF        R0, 0
L__check_cond161:
0x01BC	0x180E      	BTFSC      PORTC, 0
0x01BD	0x29C0      	GOTO       L__check_cond162
0x01BE	0x1403      	BSF        STATUS, 0
0x01BF	0x29C1      	GOTO       L__check_cond163
L__check_cond162:
0x01C0	0x1003      	BCF        STATUS, 0
L__check_cond163:
0x01C1	0x1C70      	BTFSS      R0, 0
0x01C2	0x29C7      	GOTO       L__check_cond164
0x01C3	0x1C03      	BTFSS      STATUS, 0
0x01C4	0x29C7      	GOTO       L__check_cond164
0x01C5	0x1470      	BSF        R0, 0
0x01C6	0x29C8      	GOTO       L__check_cond165
L__check_cond164:
0x01C7	0x1070      	BCF        R0, 0
L__check_cond165:
0x01C8	0x1C70      	BTFSS      R0, 0
0x01C9	0x29CE      	GOTO       L__check_cond166
0x01CA	0x1E8C      	BTFSS      PORTA, 5
0x01CB	0x29CE      	GOTO       L__check_cond166
0x01CC	0x1403      	BSF        STATUS, 0
0x01CD	0x29CF      	GOTO       L__check_cond167
L__check_cond166:
0x01CE	0x1003      	BCF        STATUS, 0
L__check_cond167:
0x01CF	0x1C03      	BTFSS      STATUS, 0
0x01D0	0x29D5      	GOTO       L_check_cond24
0x01D1	0x3008      	MOVLW      8
0x01D2	0x00CF      	MOVWF      FARG_CHCK_COND_x
0x01D3	0x2034      	CALL       _CHCK_COND
0x01D4	0x2AF1      	GOTO       L_check_cond25
L_check_cond24:
;APP_OPSM.c,53 :: 		else if(COND9){ CHCK_COND(9); }
0x01D5	0x1D0E      	BTFSS      PORTC, 2
0x01D6	0x29DB      	GOTO       L__check_cond168
0x01D7	0x1C8E      	BTFSS      PORTC, 1
0x01D8	0x29DB      	GOTO       L__check_cond168
0x01D9	0x1403      	BSF        STATUS, 0
0x01DA	0x29DC      	GOTO       L__check_cond169
L__check_cond168:
0x01DB	0x1003      	BCF        STATUS, 0
L__check_cond169:
0x01DC	0x1C03      	BTFSS      STATUS, 0
0x01DD	0x29E2      	GOTO       L__check_cond170
0x01DE	0x1C0E      	BTFSS      PORTC, 0
0x01DF	0x29E2      	GOTO       L__check_cond170
0x01E0	0x1470      	BSF        R0, 0
0x01E1	0x29E3      	GOTO       L__check_cond171
L__check_cond170:
0x01E2	0x1070      	BCF        R0, 0
L__check_cond171:
0x01E3	0x1A8C      	BTFSC      PORTA, 5
0x01E4	0x29E7      	GOTO       L__check_cond172
0x01E5	0x1403      	BSF        STATUS, 0
0x01E6	0x29E8      	GOTO       L__check_cond173
L__check_cond172:
0x01E7	0x1003      	BCF        STATUS, 0
L__check_cond173:
0x01E8	0x1C70      	BTFSS      R0, 0
0x01E9	0x29EE      	GOTO       L__check_cond174
0x01EA	0x1C03      	BTFSS      STATUS, 0
0x01EB	0x29EE      	GOTO       L__check_cond174
0x01EC	0x1470      	BSF        R0, 0
0x01ED	0x29EF      	GOTO       L__check_cond175
L__check_cond174:
0x01EE	0x1070      	BCF        R0, 0
L__check_cond175:
0x01EF	0x1C70      	BTFSS      R0, 0
0x01F0	0x29F5      	GOTO       L_check_cond26
0x01F1	0x3009      	MOVLW      9
0x01F2	0x00CF      	MOVWF      FARG_CHCK_COND_x
0x01F3	0x2034      	CALL       _CHCK_COND
0x01F4	0x2AF1      	GOTO       L_check_cond27
L_check_cond26:
;APP_OPSM.c,54 :: 		else if(COND10){ CHCK_COND(10); }
0x01F5	0x1D0E      	BTFSS      PORTC, 2
0x01F6	0x29FB      	GOTO       L__check_cond176
0x01F7	0x1C8E      	BTFSS      PORTC, 1
0x01F8	0x29FB      	GOTO       L__check_cond176
0x01F9	0x1403      	BSF        STATUS, 0
0x01FA	0x29FC      	GOTO       L__check_cond177
L__check_cond176:
0x01FB	0x1003      	BCF        STATUS, 0
L__check_cond177:
0x01FC	0x1C03      	BTFSS      STATUS, 0
0x01FD	0x2A02      	GOTO       L__check_cond178
0x01FE	0x1C0E      	BTFSS      PORTC, 0
0x01FF	0x2A02      	GOTO       L__check_cond178
0x0200	0x1470      	BSF        R0, 0
0x0201	0x2A03      	GOTO       L__check_cond179
L__check_cond178:
0x0202	0x1070      	BCF        R0, 0
L__check_cond179:
0x0203	0x1C70      	BTFSS      R0, 0
0x0204	0x2A09      	GOTO       L__check_cond180
0x0205	0x1E8C      	BTFSS      PORTA, 5
0x0206	0x2A09      	GOTO       L__check_cond180
0x0207	0x1403      	BSF        STATUS, 0
0x0208	0x2A0A      	GOTO       L__check_cond181
L__check_cond180:
0x0209	0x1003      	BCF        STATUS, 0
L__check_cond181:
0x020A	0x1C03      	BTFSS      STATUS, 0
0x020B	0x2A10      	GOTO       L_check_cond28
0x020C	0x300A      	MOVLW      10
0x020D	0x00CF      	MOVWF      FARG_CHCK_COND_x
0x020E	0x2034      	CALL       _CHCK_COND
0x020F	0x2AF1      	GOTO       L_check_cond29
L_check_cond28:
;APP_OPSM.c,55 :: 		else if(COND11){ CHCK_COND(11); }
0x0210	0x1D0E      	BTFSS      PORTC, 2
0x0211	0x2A16      	GOTO       L__check_cond182
0x0212	0x1C8E      	BTFSS      PORTC, 1
0x0213	0x2A16      	GOTO       L__check_cond182
0x0214	0x1470      	BSF        R0, 0
0x0215	0x2A17      	GOTO       L__check_cond183
L__check_cond182:
0x0216	0x1070      	BCF        R0, 0
L__check_cond183:
0x0217	0x180E      	BTFSC      PORTC, 0
0x0218	0x2A1B      	GOTO       L__check_cond184
0x0219	0x1403      	BSF        STATUS, 0
0x021A	0x2A1C      	GOTO       L__check_cond185
L__check_cond184:
0x021B	0x1003      	BCF        STATUS, 0
L__check_cond185:
0x021C	0x1C70      	BTFSS      R0, 0
0x021D	0x2A22      	GOTO       L__check_cond186
0x021E	0x1C03      	BTFSS      STATUS, 0
0x021F	0x2A22      	GOTO       L__check_cond186
0x0220	0x1470      	BSF        R0, 0
0x0221	0x2A23      	GOTO       L__check_cond187
L__check_cond186:
0x0222	0x1070      	BCF        R0, 0
L__check_cond187:
0x0223	0x1A8C      	BTFSC      PORTA, 5
0x0224	0x2A27      	GOTO       L__check_cond188
0x0225	0x1403      	BSF        STATUS, 0
0x0226	0x2A28      	GOTO       L__check_cond189
L__check_cond188:
0x0227	0x1003      	BCF        STATUS, 0
L__check_cond189:
0x0228	0x1C70      	BTFSS      R0, 0
0x0229	0x2A2E      	GOTO       L__check_cond190
0x022A	0x1C03      	BTFSS      STATUS, 0
0x022B	0x2A2E      	GOTO       L__check_cond190
0x022C	0x1470      	BSF        R0, 0
0x022D	0x2A2F      	GOTO       L__check_cond191
L__check_cond190:
0x022E	0x1070      	BCF        R0, 0
L__check_cond191:
0x022F	0x1C70      	BTFSS      R0, 0
0x0230	0x2A35      	GOTO       L_check_cond30
0x0231	0x300B      	MOVLW      11
0x0232	0x00CF      	MOVWF      FARG_CHCK_COND_x
0x0233	0x2034      	CALL       _CHCK_COND
0x0234	0x2AF1      	GOTO       L_check_cond31
L_check_cond30:
;APP_OPSM.c,56 :: 		else if(COND12){ CHCK_COND(12); }
0x0235	0x1D0E      	BTFSS      PORTC, 2
0x0236	0x2A3B      	GOTO       L__check_cond192
0x0237	0x1C8E      	BTFSS      PORTC, 1
0x0238	0x2A3B      	GOTO       L__check_cond192
0x0239	0x1470      	BSF        R0, 0
0x023A	0x2A3C      	GOTO       L__check_cond193
L__check_cond192:
0x023B	0x1070      	BCF        R0, 0
L__check_cond193:
0x023C	0x180E      	BTFSC      PORTC, 0
0x023D	0x2A40      	GOTO       L__check_cond194
0x023E	0x1403      	BSF        STATUS, 0
0x023F	0x2A41      	GOTO       L__check_cond195
L__check_cond194:
0x0240	0x1003      	BCF        STATUS, 0
L__check_cond195:
0x0241	0x1C70      	BTFSS      R0, 0
0x0242	0x2A47      	GOTO       L__check_cond196
0x0243	0x1C03      	BTFSS      STATUS, 0
0x0244	0x2A47      	GOTO       L__check_cond196
0x0245	0x1470      	BSF        R0, 0
0x0246	0x2A48      	GOTO       L__check_cond197
L__check_cond196:
0x0247	0x1070      	BCF        R0, 0
L__check_cond197:
0x0248	0x1C70      	BTFSS      R0, 0
0x0249	0x2A4E      	GOTO       L__check_cond198
0x024A	0x1E8C      	BTFSS      PORTA, 5
0x024B	0x2A4E      	GOTO       L__check_cond198
0x024C	0x1403      	BSF        STATUS, 0
0x024D	0x2A4F      	GOTO       L__check_cond199
L__check_cond198:
0x024E	0x1003      	BCF        STATUS, 0
L__check_cond199:
0x024F	0x1C03      	BTFSS      STATUS, 0
0x0250	0x2A55      	GOTO       L_check_cond32
0x0251	0x300C      	MOVLW      12
0x0252	0x00CF      	MOVWF      FARG_CHCK_COND_x
0x0253	0x2034      	CALL       _CHCK_COND
0x0254	0x2AF1      	GOTO       L_check_cond33
L_check_cond32:
;APP_OPSM.c,57 :: 		else if(COND13){ CHCK_COND(13); }
0x0255	0x188E      	BTFSC      PORTC, 1
0x0256	0x2A59      	GOTO       L__check_cond200
0x0257	0x1403      	BSF        STATUS, 0
0x0258	0x2A5A      	GOTO       L__check_cond201
L__check_cond200:
0x0259	0x1003      	BCF        STATUS, 0
L__check_cond201:
0x025A	0x1D0E      	BTFSS      PORTC, 2
0x025B	0x2A60      	GOTO       L__check_cond202
0x025C	0x1C03      	BTFSS      STATUS, 0
0x025D	0x2A60      	GOTO       L__check_cond202
0x025E	0x1470      	BSF        R0, 0
0x025F	0x2A61      	GOTO       L__check_cond203
L__check_cond202:
0x0260	0x1070      	BCF        R0, 0
L__check_cond203:
0x0261	0x1C70      	BTFSS      R0, 0
0x0262	0x2A67      	GOTO       L__check_cond204
0x0263	0x1C0E      	BTFSS      PORTC, 0
0x0264	0x2A67      	GOTO       L__check_cond204
0x0265	0x1470      	BSF        R0, 0
0x0266	0x2A68      	GOTO       L__check_cond205
L__check_cond204:
0x0267	0x1070      	BCF        R0, 0
L__check_cond205:
0x0268	0x1A8C      	BTFSC      PORTA, 5
0x0269	0x2A6C      	GOTO       L__check_cond206
0x026A	0x1403      	BSF        STATUS, 0
0x026B	0x2A6D      	GOTO       L__check_cond207
L__check_cond206:
0x026C	0x1003      	BCF        STATUS, 0
L__check_cond207:
0x026D	0x1C70      	BTFSS      R0, 0
0x026E	0x2A73      	GOTO       L__check_cond208
0x026F	0x1C03      	BTFSS      STATUS, 0
0x0270	0x2A73      	GOTO       L__check_cond208
0x0271	0x1470      	BSF        R0, 0
0x0272	0x2A74      	GOTO       L__check_cond209
L__check_cond208:
0x0273	0x1070      	BCF        R0, 0
L__check_cond209:
0x0274	0x1C70      	BTFSS      R0, 0
0x0275	0x2A7A      	GOTO       L_check_cond34
0x0276	0x300D      	MOVLW      13
0x0277	0x00CF      	MOVWF      FARG_CHCK_COND_x
0x0278	0x2034      	CALL       _CHCK_COND
0x0279	0x2AF1      	GOTO       L_check_cond35
L_check_cond34:
;APP_OPSM.c,58 :: 		else if(COND14){ CHCK_COND(14); }
0x027A	0x188E      	BTFSC      PORTC, 1
0x027B	0x2A7E      	GOTO       L__check_cond210
0x027C	0x1403      	BSF        STATUS, 0
0x027D	0x2A7F      	GOTO       L__check_cond211
L__check_cond210:
0x027E	0x1003      	BCF        STATUS, 0
L__check_cond211:
0x027F	0x1D0E      	BTFSS      PORTC, 2
0x0280	0x2A85      	GOTO       L__check_cond212
0x0281	0x1C03      	BTFSS      STATUS, 0
0x0282	0x2A85      	GOTO       L__check_cond212
0x0283	0x1470      	BSF        R0, 0
0x0284	0x2A86      	GOTO       L__check_cond213
L__check_cond212:
0x0285	0x1070      	BCF        R0, 0
L__check_cond213:
0x0286	0x1C70      	BTFSS      R0, 0
0x0287	0x2A8C      	GOTO       L__check_cond214
0x0288	0x1C0E      	BTFSS      PORTC, 0
0x0289	0x2A8C      	GOTO       L__check_cond214
0x028A	0x1403      	BSF        STATUS, 0
0x028B	0x2A8D      	GOTO       L__check_cond215
L__check_cond214:
0x028C	0x1003      	BCF        STATUS, 0
L__check_cond215:
0x028D	0x1C03      	BTFSS      STATUS, 0
0x028E	0x2A93      	GOTO       L__check_cond216
0x028F	0x1E8C      	BTFSS      PORTA, 5
0x0290	0x2A93      	GOTO       L__check_cond216
0x0291	0x1470      	BSF        R0, 0
0x0292	0x2A94      	GOTO       L__check_cond217
L__check_cond216:
0x0293	0x1070      	BCF        R0, 0
L__check_cond217:
0x0294	0x1C70      	BTFSS      R0, 0
0x0295	0x2A9A      	GOTO       L_check_cond36
0x0296	0x300E      	MOVLW      14
0x0297	0x00CF      	MOVWF      FARG_CHCK_COND_x
0x0298	0x2034      	CALL       _CHCK_COND
0x0299	0x2AF1      	GOTO       L_check_cond37
L_check_cond36:
;APP_OPSM.c,59 :: 		else if(COND15){ CHCK_COND(15); }
0x029A	0x188E      	BTFSC      PORTC, 1
0x029B	0x2A9E      	GOTO       L__check_cond218
0x029C	0x1403      	BSF        STATUS, 0
0x029D	0x2A9F      	GOTO       L__check_cond219
L__check_cond218:
0x029E	0x1003      	BCF        STATUS, 0
L__check_cond219:
0x029F	0x1D0E      	BTFSS      PORTC, 2
0x02A0	0x2AA5      	GOTO       L__check_cond220
0x02A1	0x1C03      	BTFSS      STATUS, 0
0x02A2	0x2AA5      	GOTO       L__check_cond220
0x02A3	0x1470      	BSF        R0, 0
0x02A4	0x2AA6      	GOTO       L__check_cond221
L__check_cond220:
0x02A5	0x1070      	BCF        R0, 0
L__check_cond221:
0x02A6	0x180E      	BTFSC      PORTC, 0
0x02A7	0x2AAA      	GOTO       L__check_cond222
0x02A8	0x1403      	BSF        STATUS, 0
0x02A9	0x2AAB      	GOTO       L__check_cond223
L__check_cond222:
0x02AA	0x1003      	BCF        STATUS, 0
L__check_cond223:
0x02AB	0x1C70      	BTFSS      R0, 0
0x02AC	0x2AB1      	GOTO       L__check_cond224
0x02AD	0x1C03      	BTFSS      STATUS, 0
0x02AE	0x2AB1      	GOTO       L__check_cond224
0x02AF	0x1470      	BSF        R0, 0
0x02B0	0x2AB2      	GOTO       L__check_cond225
L__check_cond224:
0x02B1	0x1070      	BCF        R0, 0
L__check_cond225:
0x02B2	0x1A8C      	BTFSC      PORTA, 5
0x02B3	0x2AB6      	GOTO       L__check_cond226
0x02B4	0x1403      	BSF        STATUS, 0
0x02B5	0x2AB7      	GOTO       L__check_cond227
L__check_cond226:
0x02B6	0x1003      	BCF        STATUS, 0
L__check_cond227:
0x02B7	0x1C70      	BTFSS      R0, 0
0x02B8	0x2ABD      	GOTO       L__check_cond228
0x02B9	0x1C03      	BTFSS      STATUS, 0
0x02BA	0x2ABD      	GOTO       L__check_cond228
0x02BB	0x1470      	BSF        R0, 0
0x02BC	0x2ABE      	GOTO       L__check_cond229
L__check_cond228:
0x02BD	0x1070      	BCF        R0, 0
L__check_cond229:
0x02BE	0x1C70      	BTFSS      R0, 0
0x02BF	0x2AC4      	GOTO       L_check_cond38
0x02C0	0x300F      	MOVLW      15
0x02C1	0x00CF      	MOVWF      FARG_CHCK_COND_x
0x02C2	0x2034      	CALL       _CHCK_COND
0x02C3	0x2AF1      	GOTO       L_check_cond39
L_check_cond38:
;APP_OPSM.c,60 :: 		else if(COND15){ CHCK_COND(16); }
0x02C4	0x188E      	BTFSC      PORTC, 1
0x02C5	0x2AC8      	GOTO       L__check_cond230
0x02C6	0x1403      	BSF        STATUS, 0
0x02C7	0x2AC9      	GOTO       L__check_cond231
L__check_cond230:
0x02C8	0x1003      	BCF        STATUS, 0
L__check_cond231:
0x02C9	0x1D0E      	BTFSS      PORTC, 2
0x02CA	0x2ACF      	GOTO       L__check_cond232
0x02CB	0x1C03      	BTFSS      STATUS, 0
0x02CC	0x2ACF      	GOTO       L__check_cond232
0x02CD	0x1470      	BSF        R0, 0
0x02CE	0x2AD0      	GOTO       L__check_cond233
L__check_cond232:
0x02CF	0x1070      	BCF        R0, 0
L__check_cond233:
0x02D0	0x180E      	BTFSC      PORTC, 0
0x02D1	0x2AD4      	GOTO       L__check_cond234
0x02D2	0x1403      	BSF        STATUS, 0
0x02D3	0x2AD5      	GOTO       L__check_cond235
L__check_cond234:
0x02D4	0x1003      	BCF        STATUS, 0
L__check_cond235:
0x02D5	0x1C70      	BTFSS      R0, 0
0x02D6	0x2ADB      	GOTO       L__check_cond236
0x02D7	0x1C03      	BTFSS      STATUS, 0
0x02D8	0x2ADB      	GOTO       L__check_cond236
0x02D9	0x1470      	BSF        R0, 0
0x02DA	0x2ADC      	GOTO       L__check_cond237
L__check_cond236:
0x02DB	0x1070      	BCF        R0, 0
L__check_cond237:
0x02DC	0x1A8C      	BTFSC      PORTA, 5
0x02DD	0x2AE0      	GOTO       L__check_cond238
0x02DE	0x1403      	BSF        STATUS, 0
0x02DF	0x2AE1      	GOTO       L__check_cond239
L__check_cond238:
0x02E0	0x1003      	BCF        STATUS, 0
L__check_cond239:
0x02E1	0x1C70      	BTFSS      R0, 0
0x02E2	0x2AE7      	GOTO       L__check_cond240
0x02E3	0x1C03      	BTFSS      STATUS, 0
0x02E4	0x2AE7      	GOTO       L__check_cond240
0x02E5	0x1470      	BSF        R0, 0
0x02E6	0x2AE8      	GOTO       L__check_cond241
L__check_cond240:
0x02E7	0x1070      	BCF        R0, 0
L__check_cond241:
0x02E8	0x1C70      	BTFSS      R0, 0
0x02E9	0x2AEE      	GOTO       L_check_cond40
0x02EA	0x3010      	MOVLW      16
0x02EB	0x00CF      	MOVWF      FARG_CHCK_COND_x
0x02EC	0x2034      	CALL       _CHCK_COND
0x02ED	0x2AF1      	GOTO       L_check_cond41
L_check_cond40:
;APP_OPSM.c,61 :: 		else {CHCK_COND(17);}
0x02EE	0x3011      	MOVLW      17
0x02EF	0x00CF      	MOVWF      FARG_CHCK_COND_x
0x02F0	0x2034      	CALL       _CHCK_COND
L_check_cond41:
L_check_cond39:
L_check_cond37:
L_check_cond35:
L_check_cond33:
L_check_cond31:
L_check_cond29:
L_check_cond27:
L_check_cond25:
L_check_cond23:
L_check_cond21:
L_check_cond19:
L_check_cond17:
L_check_cond15:
L_check_cond13:
L_check_cond11:
;APP_OPSM.c,63 :: 		asm CLRWDT ;
0x02F1	0x0064      	CLRWDT
;APP_OPSM.c,65 :: 		}
L_end_check_cond:
0x02F2	0x0008      	RETURN
; end of _check_cond
_exe_cond:
;APP_OPSM.c,67 :: 		void exe_cond()
;APP_OPSM.c,69 :: 		if(guc_choice == 1 || guc_choice == 2 || guc_choice == 9
0x02F3	0x0020      	MOVLB      0
0x02F4	0x0826      	MOVF       _guc_choice, 0
0x02F5	0x3A01      	XORLW      1
0x02F6	0x1903      	BTFSC      STATUS, 2
0x02F7	0x2B05      	GOTO       L__exe_cond74
0x02F8	0x0826      	MOVF       _guc_choice, 0
0x02F9	0x3A02      	XORLW      2
0x02FA	0x1903      	BTFSC      STATUS, 2
0x02FB	0x2B05      	GOTO       L__exe_cond74
0x02FC	0x0826      	MOVF       _guc_choice, 0
0x02FD	0x3A09      	XORLW      9
0x02FE	0x1903      	BTFSC      STATUS, 2
0x02FF	0x2B05      	GOTO       L__exe_cond74
;APP_OPSM.c,70 :: 		|| guc_choice == 10){guc_buzz_state=1;}
0x0300	0x0826      	MOVF       _guc_choice, 0
0x0301	0x3A0A      	XORLW      10
0x0302	0x1903      	BTFSC      STATUS, 2
0x0303	0x2B05      	GOTO       L__exe_cond74
0x0304	0x2B08      	GOTO       L_exe_cond44
L__exe_cond74:
0x0305	0x3001      	MOVLW      1
0x0306	0x00A4      	MOVWF      _guc_buzz_state
0x0307	0x2B09      	GOTO       L_exe_cond45
L_exe_cond44:
;APP_OPSM.c,71 :: 		else { guc_buzz_state=0;}
0x0308	0x01A4      	CLRF       _guc_buzz_state
L_exe_cond45:
;APP_OPSM.c,73 :: 		if(guc_choice == 17)
0x0309	0x0826      	MOVF       _guc_choice, 0
0x030A	0x3A11      	XORLW      17
0x030B	0x1D03      	BTFSS      STATUS, 2
0x030C	0x2B0F      	GOTO       L_exe_cond46
;APP_OPSM.c,74 :: 		{P_IND = 1;}
0x030D	0x158E      	BSF        PORTC, 3
0x030E	0x2B10      	GOTO       L_exe_cond47
L_exe_cond46:
;APP_OPSM.c,75 :: 		else { P_IND = 0;}
0x030F	0x118E      	BCF        PORTC, 3
L_exe_cond47:
;APP_OPSM.c,83 :: 		if(guc_choice == 9)
0x0310	0x0826      	MOVF       _guc_choice, 0
0x0311	0x3A09      	XORLW      9
0x0312	0x1D03      	BTFSS      STATUS, 2
0x0313	0x2B41      	GOTO       L_exe_cond48
;APP_OPSM.c,85 :: 		guc_sec=0; RELAY_SOL = 1;while(guc_sec<6);
0x0314	0x01A2      	CLRF       _guc_sec
0x0315	0x01A3      	CLRF       _guc_sec+1
0x0316	0x168E      	BSF        PORTC, 5
L_exe_cond49:
0x0317	0x3000      	MOVLW      0
0x0318	0x0223      	SUBWF      _guc_sec+1, 0
0x0319	0x1D03      	BTFSS      STATUS, 2
0x031A	0x2B1D      	GOTO       L__exe_cond243
0x031B	0x3006      	MOVLW      6
0x031C	0x0222      	SUBWF      _guc_sec, 0
L__exe_cond243:
0x031D	0x1803      	BTFSC      STATUS, 0
0x031E	0x2B20      	GOTO       L_exe_cond50
0x031F	0x2B17      	GOTO       L_exe_cond49
L_exe_cond50:
;APP_OPSM.c,86 :: 		RELAY_SOL = 0;
0x0320	0x128E      	BCF        PORTC, 5
;APP_OPSM.c,87 :: 		while(COND9)asm CLRWDT ;
L_exe_cond51:
0x0321	0x1D0E      	BTFSS      PORTC, 2
0x0322	0x2B27      	GOTO       L__exe_cond244
0x0323	0x1C8E      	BTFSS      PORTC, 1
0x0324	0x2B27      	GOTO       L__exe_cond244
0x0325	0x1403      	BSF        STATUS, 0
0x0326	0x2B28      	GOTO       L__exe_cond245
L__exe_cond244:
0x0327	0x1003      	BCF        STATUS, 0
L__exe_cond245:
0x0328	0x1C03      	BTFSS      STATUS, 0
0x0329	0x2B2E      	GOTO       L__exe_cond246
0x032A	0x1C0E      	BTFSS      PORTC, 0
0x032B	0x2B2E      	GOTO       L__exe_cond246
0x032C	0x1471      	BSF        R1, 0
0x032D	0x2B2F      	GOTO       L__exe_cond247
L__exe_cond246:
0x032E	0x1071      	BCF        R1, 0
L__exe_cond247:
0x032F	0x1A8C      	BTFSC      PORTA, 5
0x0330	0x2B33      	GOTO       L__exe_cond248
0x0331	0x1403      	BSF        STATUS, 0
0x0332	0x2B34      	GOTO       L__exe_cond249
L__exe_cond248:
0x0333	0x1003      	BCF        STATUS, 0
L__exe_cond249:
0x0334	0x1C71      	BTFSS      R1, 0
0x0335	0x2B3A      	GOTO       L__exe_cond250
0x0336	0x1C03      	BTFSS      STATUS, 0
0x0337	0x2B3A      	GOTO       L__exe_cond250
0x0338	0x1471      	BSF        R1, 0
0x0339	0x2B3B      	GOTO       L__exe_cond251
L__exe_cond250:
0x033A	0x1071      	BCF        R1, 0
L__exe_cond251:
0x033B	0x1C71      	BTFSS      R1, 0
0x033C	0x2B3F      	GOTO       L_exe_cond52
0x033D	0x0064      	CLRWDT
0x033E	0x2B21      	GOTO       L_exe_cond51
L_exe_cond52:
;APP_OPSM.c,88 :: 		guc_buzz_state=0;
0x033F	0x01A4      	CLRF       _guc_buzz_state
;APP_OPSM.c,89 :: 		}
0x0340	0x2B6E      	GOTO       L_exe_cond53
L_exe_cond48:
;APP_OPSM.c,90 :: 		else if(guc_choice == 10)
0x0341	0x0826      	MOVF       _guc_choice, 0
0x0342	0x3A0A      	XORLW      10
0x0343	0x1D03      	BTFSS      STATUS, 2
0x0344	0x2B6D      	GOTO       L_exe_cond54
;APP_OPSM.c,93 :: 		guc_sec=0; RELAY_SOL = 1;while(guc_sec<6);
0x0345	0x01A2      	CLRF       _guc_sec
0x0346	0x01A3      	CLRF       _guc_sec+1
0x0347	0x168E      	BSF        PORTC, 5
L_exe_cond55:
0x0348	0x3000      	MOVLW      0
0x0349	0x0223      	SUBWF      _guc_sec+1, 0
0x034A	0x1D03      	BTFSS      STATUS, 2
0x034B	0x2B4E      	GOTO       L__exe_cond252
0x034C	0x3006      	MOVLW      6
0x034D	0x0222      	SUBWF      _guc_sec, 0
L__exe_cond252:
0x034E	0x1803      	BTFSC      STATUS, 0
0x034F	0x2B51      	GOTO       L_exe_cond56
0x0350	0x2B48      	GOTO       L_exe_cond55
L_exe_cond56:
;APP_OPSM.c,94 :: 		RELAY_SOL = 0;
0x0351	0x128E      	BCF        PORTC, 5
;APP_OPSM.c,95 :: 		while(COND10)asm CLRWDT ;
L_exe_cond57:
0x0352	0x1D0E      	BTFSS      PORTC, 2
0x0353	0x2B58      	GOTO       L__exe_cond253
0x0354	0x1C8E      	BTFSS      PORTC, 1
0x0355	0x2B58      	GOTO       L__exe_cond253
0x0356	0x1403      	BSF        STATUS, 0
0x0357	0x2B59      	GOTO       L__exe_cond254
L__exe_cond253:
0x0358	0x1003      	BCF        STATUS, 0
L__exe_cond254:
0x0359	0x1C03      	BTFSS      STATUS, 0
0x035A	0x2B5F      	GOTO       L__exe_cond255
0x035B	0x1C0E      	BTFSS      PORTC, 0
0x035C	0x2B5F      	GOTO       L__exe_cond255
0x035D	0x1471      	BSF        R1, 0
0x035E	0x2B60      	GOTO       L__exe_cond256
L__exe_cond255:
0x035F	0x1071      	BCF        R1, 0
L__exe_cond256:
0x0360	0x1C71      	BTFSS      R1, 0
0x0361	0x2B66      	GOTO       L__exe_cond257
0x0362	0x1E8C      	BTFSS      PORTA, 5
0x0363	0x2B66      	GOTO       L__exe_cond257
0x0364	0x1403      	BSF        STATUS, 0
0x0365	0x2B67      	GOTO       L__exe_cond258
L__exe_cond257:
0x0366	0x1003      	BCF        STATUS, 0
L__exe_cond258:
0x0367	0x1C03      	BTFSS      STATUS, 0
0x0368	0x2B6B      	GOTO       L_exe_cond58
0x0369	0x0064      	CLRWDT
0x036A	0x2B52      	GOTO       L_exe_cond57
L_exe_cond58:
;APP_OPSM.c,96 :: 		guc_buzz_state=0;
0x036B	0x01A4      	CLRF       _guc_buzz_state
;APP_OPSM.c,97 :: 		}
0x036C	0x2B6E      	GOTO       L_exe_cond59
L_exe_cond54:
;APP_OPSM.c,98 :: 		else { RELAY_SOL = 0;}
0x036D	0x128E      	BCF        PORTC, 5
L_exe_cond59:
L_exe_cond53:
;APP_OPSM.c,100 :: 		if (guc_choice == 17)
0x036E	0x0826      	MOVF       _guc_choice, 0
0x036F	0x3A11      	XORLW      17
0x0370	0x1D03      	BTFSS      STATUS, 2
0x0371	0x2B76      	GOTO       L_exe_cond60
;APP_OPSM.c,102 :: 		guc_buzz_state=0;
0x0372	0x01A4      	CLRF       _guc_buzz_state
;APP_OPSM.c,103 :: 		P_IND = 0;
0x0373	0x118E      	BCF        PORTC, 3
;APP_OPSM.c,104 :: 		RELAY_SOL = 0;
0x0374	0x128E      	BCF        PORTC, 5
;APP_OPSM.c,105 :: 		BUZZER = 0;
0x0375	0x110C      	BCF        PORTA, 2
;APP_OPSM.c,106 :: 		}
L_exe_cond60:
;APP_OPSM.c,107 :: 		}
L_end_exe_cond:
0x0376	0x0008      	RETURN
; end of _exe_cond
___CC2DW:
;__Lib_System.c,71 :: 		
;__Lib_System.c,73 :: 		
_CC2DL_Loop1:
;__Lib_System.c,74 :: 		
0x0377	0x0012      	MOVIW      FSR0++ 
;__Lib_System.c,75 :: 		
0x0378	0x001E      	MOVWI      FSR1++ 
;__Lib_System.c,76 :: 		
0x0379	0x03F0      	DECF       R0, 1
;__Lib_System.c,77 :: 		
0x037A	0x1D03      	BTFSS      STATUS, 2
;__Lib_System.c,78 :: 		
0x037B	0x2B77      	GOTO       _CC2DL_Loop1
;__Lib_System.c,79 :: 		
0x037C	0x03F1      	DECF       R1, 1
;__Lib_System.c,80 :: 		
0x037D	0x1D03      	BTFSS      STATUS, 2
;__Lib_System.c,81 :: 		
0x037E	0x2B77      	GOTO       _CC2DL_Loop1
;__Lib_System.c,83 :: 		
L_end___CC2DW:
0x037F	0x0008      	RETURN
; end of ___CC2DW
_TMR0_ISR:
;tmr0.c,22 :: 		void TMR0_ISR(void)
;tmr0.c,27 :: 		TMR0_Reload();
0x0380	0x2021      	CALL       _TMR0_Reload
;tmr0.c,28 :: 		TMR0IF_bit = 0;     /*Clear the TMR0 interrupt flag8*/
0x0381	0x110B      	BCF        TMR0IF_bit, BitPos(TMR0IF_bit+0)
;tmr0.c,29 :: 		asm CLRWDT ;
0x0382	0x0064      	CLRWDT
;tmr0.c,30 :: 		if(one_sec>1048)           /*Timer for 1 sec*/
0x0383	0x084E      	MOVF       _one_sec+1, 0
0x0384	0x3C04      	SUBLW      4
0x0385	0x1D03      	BTFSS      STATUS, 2
0x0386	0x2B89      	GOTO       L__TMR0_ISR8
0x0387	0x084D      	MOVF       _one_sec, 0
0x0388	0x3C18      	SUBLW      24
L__TMR0_ISR8:
0x0389	0x1803      	BTFSC      STATUS, 0
0x038A	0x2BA0      	GOTO       L_TMR0_ISR0
;tmr0.c,32 :: 		one_sec=0;
0x038B	0x01CD      	CLRF       _one_sec
0x038C	0x01CE      	CLRF       _one_sec+1
;tmr0.c,33 :: 		guc_sec++;
0x038D	0x3001      	MOVLW      1
0x038E	0x0722      	ADDWF      _guc_sec, 0
0x038F	0x00F0      	MOVWF      R0
0x0390	0x3000      	MOVLW      0
0x0391	0x3D23      	ADDWFC     _guc_sec+1, 0
0x0392	0x00F1      	MOVWF      R1
0x0393	0x0870      	MOVF       R0, 0
0x0394	0x00A2      	MOVWF      _guc_sec
0x0395	0x0871      	MOVF       R1, 0
0x0396	0x00A3      	MOVWF      _guc_sec+1
;tmr0.c,52 :: 		if(guc_buzz_state==1)
0x0397	0x0824      	MOVF       _guc_buzz_state, 0
0x0398	0x3A01      	XORLW      1
0x0399	0x1D03      	BTFSS      STATUS, 2
0x039A	0x2B9F      	GOTO       L_TMR0_ISR1
;tmr0.c,54 :: 		guc_togg_half ^= 1;
0x039B	0x3001      	MOVLW      1
0x039C	0x06A5      	XORWF      _guc_togg_half, 1
;tmr0.c,55 :: 		TMR0_CallBack_Half_Sec();
0x039D	0x2015      	CALL       _TMR0_CallBack_Half_Sec
;tmr0.c,56 :: 		}
0x039E	0x2BA0      	GOTO       L_TMR0_ISR2
L_TMR0_ISR1:
;tmr0.c,67 :: 		BUZZER = 0;
0x039F	0x110C      	BCF        PORTA, 2
;tmr0.c,69 :: 		}
L_TMR0_ISR2:
;tmr0.c,70 :: 		}
L_TMR0_ISR0:
;tmr0.c,71 :: 		one_sec++;
0x03A0	0x3001      	MOVLW      1
0x03A1	0x074D      	ADDWF      _one_sec, 0
0x03A2	0x00F0      	MOVWF      R0
0x03A3	0x3000      	MOVLW      0
0x03A4	0x3D4E      	ADDWFC     _one_sec+1, 0
0x03A5	0x00F1      	MOVWF      R1
0x03A6	0x0870      	MOVF       R0, 0
0x03A7	0x00CD      	MOVWF      _one_sec
0x03A8	0x0871      	MOVF       R1, 0
0x03A9	0x00CE      	MOVWF      _one_sec+1
;tmr0.c,72 :: 		}
L_end_TMR0_ISR:
0x03AA	0x0008      	RETURN
; end of _TMR0_ISR
_sys_init:
;APP_OPSM.c,110 :: 		void sys_init()
;APP_OPSM.c,113 :: 		OSCCON = 0x72;   /* SCS INTOSC; SPLLEN disabled; IRCF 8MHz_HF; */
0x03AB	0x3072      	MOVLW      114
0x03AC	0x0021      	MOVLB      1
0x03AD	0x0099      	MOVWF      OSCCON
;APP_OPSM.c,115 :: 		PORTA = 0x00;
0x03AE	0x0020      	MOVLB      0
0x03AF	0x018C      	CLRF       PORTA
;APP_OPSM.c,116 :: 		LATA = 0x00;
0x03B0	0x0022      	MOVLB      2
0x03B1	0x018C      	CLRF       LATA
;APP_OPSM.c,117 :: 		ANSELA = 0x00;
0x03B2	0x0023      	MOVLB      3
0x03B3	0x018C      	CLRF       ANSELA
;APP_OPSM.c,118 :: 		TRISA = 0x20;
0x03B4	0x3020      	MOVLW      32
0x03B5	0x0021      	MOVLB      1
0x03B6	0x008C      	MOVWF      TRISA
;APP_OPSM.c,120 :: 		PORTC = 0x00;
0x03B7	0x0020      	MOVLB      0
0x03B8	0x018E      	CLRF       PORTC
;APP_OPSM.c,121 :: 		ANSELC = 0x00;
0x03B9	0x0023      	MOVLB      3
0x03BA	0x018E      	CLRF       ANSELC
;APP_OPSM.c,122 :: 		LATC = 0x00;
0x03BB	0x0022      	MOVLB      2
0x03BC	0x018E      	CLRF       LATC
;APP_OPSM.c,123 :: 		TRISC = 0x07;
0x03BD	0x3007      	MOVLW      7
0x03BE	0x0021      	MOVLB      1
0x03BF	0x008E      	MOVWF      TRISC
;APP_OPSM.c,125 :: 		BUZZER = 0;
0x03C0	0x0020      	MOVLB      0
0x03C1	0x110C      	BCF        PORTA, 2
;APP_OPSM.c,126 :: 		RELAY_SOL = 0;
0x03C2	0x128E      	BCF        PORTC, 5
;APP_OPSM.c,129 :: 		WDTCON = 0x17;   /*WDTPS 1:65536; SWDTEN ON; */
0x03C3	0x3017      	MOVLW      23
0x03C4	0x0021      	MOVLB      1
0x03C5	0x0097      	MOVWF      WDTCON
;APP_OPSM.c,130 :: 		TMR0_Initialize();
0x03C6	0x2025      	CALL       _TMR0_Initialize
;APP_OPSM.c,141 :: 		GIE_bit = 1;     /* Enable INTs  */
0x03C7	0x178B      	BSF        GIE_bit, BitPos(GIE_bit+0)
;APP_OPSM.c,146 :: 		}
L_end_sys_init:
0x03C8	0x0008      	RETURN
; end of _sys_init
_main:
0x03C9	0x2406      	CALL       1030
;APP_OPSM.c,160 :: 		void main()
;APP_OPSM.c,162 :: 		sys_init();
0x03CA	0x23AB      	CALL       _sys_init
;APP_OPSM.c,163 :: 		demo_time = 0;
0x03CB	0x01CA      	CLRF       _demo_time
0x03CC	0x01CB      	CLRF       _demo_time+1
;APP_OPSM.c,165 :: 		while(1)
L_main69:
;APP_OPSM.c,167 :: 		check_cond();                 /*Check the condition*/
0x03CD	0x2097      	CALL       _check_cond
;APP_OPSM.c,168 :: 		if(guc_choice > 0)
0x03CE	0x0826      	MOVF       _guc_choice, 0
0x03CF	0x3C00      	SUBLW      0
0x03D0	0x1803      	BTFSC      STATUS, 0
0x03D1	0x2BD5      	GOTO       L_main71
;APP_OPSM.c,170 :: 		diag_choice = guc_choice;
0x03D2	0x0826      	MOVF       _guc_choice, 0
0x03D3	0x00C9      	MOVWF      _diag_choice
;APP_OPSM.c,171 :: 		exe_cond();
0x03D4	0x22F3      	CALL       _exe_cond
;APP_OPSM.c,172 :: 		}
L_main71:
;APP_OPSM.c,173 :: 		guc_choice=0;                 /*Clear the condition*/
0x03D5	0x01A6      	CLRF       _guc_choice
;APP_OPSM.c,181 :: 		asm CLRWDT ;
0x03D6	0x0064      	CLRWDT
;APP_OPSM.c,182 :: 		}
0x03D7	0x2BCD      	GOTO       L_main69
;APP_OPSM.c,183 :: 		}
L_end_main:
0x03D8	0x2BD8      	GOTO       $+0
; end of _main
0x0406	0x30DC      	MOVLW      220
0x0407	0x0084      	MOVWF      FSR0
0x0408	0x3083      	MOVLW      131
0x0409	0x0085      	MOVWF      FSR0H
0x040A	0x302A      	MOVLW      42
0x040B	0x00F0      	MOVWF      R0
0x040C	0x3001      	MOVLW      1
0x040D	0x00F1      	MOVWF      R1
0x040E	0x3022      	MOVLW      34
0x040F	0x0086      	MOVWF      FSR1
0x0410	0x3000      	MOVLW      0
0x0411	0x0087      	MOVWF      FSR1H
0x0412	0x2377      	CALL       887
0x0413	0x0008      	RETURN
;APP_OPSM.c,0 :: ?ICS_guc_sec
0x03DC	0x3400 ;?ICS_guc_sec+0
0x03DD	0x3400 ;?ICS_guc_sec+1
; end of ?ICS_guc_sec
;APP_OPSM.c,0 :: ?ICS_guc_buzz_state
0x03DE	0x3400 ;?ICS_guc_buzz_state+0
; end of ?ICS_guc_buzz_state
;tmr0.c,0 :: ?ICS_guc_togg_half
0x03DF	0x3401 ;?ICS_guc_togg_half+0
; end of ?ICS_guc_togg_half
;APP_OPSM.c,0 :: ?ICS_guc_choice
0x03E0	0x3400 ;?ICS_guc_choice+0
; end of ?ICS_guc_choice
;APP_OPSM.c,0 :: ?ICS_guc_deb
0x03E1	0x3400 ;?ICS_guc_deb+0
0x03E2	0x3400 ;?ICS_guc_deb+1
0x03E3	0x3400 ;?ICS_guc_deb+2
0x03E4	0x3400 ;?ICS_guc_deb+3
0x03E5	0x3400 ;?ICS_guc_deb+4
0x03E6	0x3400 ;?ICS_guc_deb+5
0x03E7	0x3400 ;?ICS_guc_deb+6
0x03E8	0x3400 ;?ICS_guc_deb+7
0x03E9	0x3400 ;?ICS_guc_deb+8
0x03EA	0x3400 ;?ICS_guc_deb+9
0x03EB	0x3400 ;?ICS_guc_deb+10
0x03EC	0x3400 ;?ICS_guc_deb+11
0x03ED	0x3400 ;?ICS_guc_deb+12
0x03EE	0x3400 ;?ICS_guc_deb+13
0x03EF	0x3400 ;?ICS_guc_deb+14
0x03F0	0x3400 ;?ICS_guc_deb+15
0x03F1	0x3400 ;?ICS_guc_deb+16
0x03F2	0x3400 ;?ICS_guc_deb+17
0x03F3	0x3400 ;?ICS_guc_deb+18
0x03F4	0x3400 ;?ICS_guc_deb+19
0x03F5	0x3400 ;?ICS_guc_deb+20
0x03F6	0x3400 ;?ICS_guc_deb+21
0x03F7	0x3400 ;?ICS_guc_deb+22
0x03F8	0x3400 ;?ICS_guc_deb+23
0x03F9	0x3400 ;?ICS_guc_deb+24
0x03FA	0x3400 ;?ICS_guc_deb+25
0x03FB	0x3400 ;?ICS_guc_deb+26
0x03FC	0x3400 ;?ICS_guc_deb+27
0x03FD	0x3400 ;?ICS_guc_deb+28
0x03FE	0x3400 ;?ICS_guc_deb+29
0x03FF	0x3400 ;?ICS_guc_deb+30
0x0400	0x3400 ;?ICS_guc_deb+31
0x0401	0x3400 ;?ICS_guc_deb+32
0x0402	0x3400 ;?ICS_guc_deb+33
; end of ?ICS_guc_deb
;APP_OPSM.c,0 :: ?ICS_diag_choice
0x0403	0x3400 ;?ICS_diag_choice+0
; end of ?ICS_diag_choice
;APP_OPSM.c,0 :: ?ICS_demo_time
0x0404	0x3400 ;?ICS_demo_time+0
0x0405	0x3400 ;?ICS_demo_time+1
; end of ?ICS_demo_time
Symbol List:
//** Routines locations **
//ADDRESS    SIZE    PROCEDURE
//----------------------------------------------
0x0004      [17]    _interrupt
0x0015      [12]    _TMR0_CallBack_Half_Sec
0x0021       [4]    _TMR0_Reload
0x0025      [15]    _TMR0_Initialize
0x0034      [99]    _CHCK_COND
0x0097     [604]    _check_cond
0x02F3     [132]    _exe_cond
0x0377       [9]    ___CC2DW
0x0380      [43]    _TMR0_ISR
0x03AB      [30]    _sys_init
0x03C9      [15]    _main
//** Variables locations ** 
//ADDRESS    SIZE    VARIABLE
//----------------------------------------------
0x0000       [1]    INDF0
0x0001       [1]    INDF1
0x0003       [1]    STATUS
0x0004       [1]    FSR0L
0x0005       [1]    FSR0H
0x0006       [1]    FSR1L
0x0007       [1]    FSR1H
0x000A       [1]    PCLATH
0x000B       [0]    GIE_bit
0x000B       [0]    TMR0IE_bit
0x000B       [0]    TMR0IF_bit
0x000C       [1]    PORTA
0x000E       [1]    PORTC
0x0015       [1]    TMR0
0x0022       [2]    _guc_sec
0x0024       [1]    _guc_buzz_state
0x0025       [1]    _guc_togg_half
0x0026       [1]    _guc_choice
0x0027      [34]    _guc_deb
0x0049       [1]    _diag_choice
0x004A       [2]    _demo_time
0x004C       [1]    _timer0ReloadVal
0x004D       [2]    _one_sec
0x004F       [1]    FARG_CHCK_COND_x
0x0070       [1]    R0
0x0071       [1]    R1
0x0072       [1]    R2
0x0073       [1]    R3
0x0074       [1]    R4
0x0075       [1]    R5
0x0076       [1]    R6
0x0077       [1]    R7
0x0078       [1]    R8
0x0079       [1]    R9
0x007A       [1]    R10
0x007B       [1]    R11
0x007C       [1]    R12
0x007D       [1]    R13
0x007E       [1]    R14
0x007F       [1]    R15
0x008C       [1]    TRISA
0x008E       [1]    TRISC
0x0095       [1]    OPTION_REG
0x0097       [1]    WDTCON
0x0099       [1]    OSCCON
0x010C       [1]    LATA
0x010E       [1]    LATC
0x018C       [1]    ANSELA
0x018E       [1]    ANSELC
//** Constants locations ** 
//ADDRESS    SIZE    CONSTANT
//----------------------------------------------
0x03DC       [2]    ?ICS_guc_sec
0x03DE       [1]    ?ICS_guc_buzz_state
0x03DF       [1]    ?ICS_guc_togg_half
0x03E0       [1]    ?ICS_guc_choice
0x03E1      [34]    ?ICS_guc_deb
0x0403       [1]    ?ICS_diag_choice
0x0404       [2]    ?ICS_demo_time
