;  LST file generated by mikroListExporter - v.2.0 
; Date/Time: 24-Apr-16 9:54:55 PM
;----------------------------------------------

;Address Opcode 	ASM
0x0000	0x29FA      	GOTO       506
_Delay_1us:
;__Lib_Delays.c,7 :: 		void Delay_1us() {
;__Lib_Delays.c,8 :: 		Delay_us(1);
0x0003	0x0000      	NOP
0x0004	0x0000      	NOP
;__Lib_Delays.c,9 :: 		}
L_end_Delay_1us:
0x0005	0x0008      	RETURN
; end of _Delay_1us
__Lib_SoftI2C_PutZerosToLATSda:
;__Lib_SoftI2C.c,28 :: 		
;__Lib_SoftI2C.c,36 :: 		
0x0006	0x3008      	MOVLW      Soft_I2C_Sda
;__Lib_SoftI2C.c,37 :: 		
0x0007	0x0084      	MOVWF      FSR
;__Lib_SoftI2C.c,38 :: 		
0x0008	0x0800      	MOVF       INDF, 0
;__Lib_SoftI2C.c,39 :: 		
0x0009	0x0800      	MOVF       INDF, 0
0x000A	0x1283      	BCF        STATUS, 5
0x000B	0x1303      	BCF        STATUS, 6
0x000C	0x00F0      	MOVWF      R0
;__Lib_SoftI2C.c,41 :: 		
0x000D	0x10F0      	BCF        R0, BitPos(Soft_I2C_Sda+0)
;__Lib_SoftI2C.c,43 :: 		
0x000E	0x0870      	MOVF       R0, 0
0x000F	0x0080      	MOVWF      INDF
;__Lib_SoftI2C.c,44 :: 		
L_end_PutZerosToLATSda:
0x0010	0x0008      	RETURN
; end of __Lib_SoftI2C_PutZerosToLATSda
__Lib_SoftI2C_PutZerosToLATScl:
;__Lib_SoftI2C.c,45 :: 		
;__Lib_SoftI2C.c,53 :: 		
0x0011	0x3008      	MOVLW      Soft_I2C_Scl
;__Lib_SoftI2C.c,54 :: 		
0x0012	0x0084      	MOVWF      FSR
;__Lib_SoftI2C.c,55 :: 		
0x0013	0x0800      	MOVF       INDF, 0
;__Lib_SoftI2C.c,56 :: 		
0x0014	0x0800      	MOVF       INDF, 0
0x0015	0x1283      	BCF        STATUS, 5
0x0016	0x1303      	BCF        STATUS, 6
0x0017	0x00F0      	MOVWF      R0
;__Lib_SoftI2C.c,59 :: 		
0x0018	0x1070      	BCF        R0, BitPos(Soft_I2C_Scl+0)
;__Lib_SoftI2C.c,61 :: 		
0x0019	0x0870      	MOVF       R0, 0
0x001A	0x0080      	MOVWF      INDF
;__Lib_SoftI2C.c,62 :: 		
L_end_PutZerosToLATScl:
0x001B	0x0008      	RETURN
; end of __Lib_SoftI2C_PutZerosToLATScl
_Soft_I2C_Write:
;__Lib_SoftI2C.c,194 :: 		
;__Lib_SoftI2C.c,195 :: 		
0x001C	0x3001      	MOVLW      1
0x001D	0x1283      	BCF        STATUS, 5
0x001E	0x1303      	BCF        STATUS, 6
0x001F	0x00B1      	MOVWF      Soft_I2C_Write_result_L0
0x0020	0x3000      	MOVLW      0
0x0021	0x00B2      	MOVWF      Soft_I2C_Write_result_L0+1
;__Lib_SoftI2C.c,197 :: 		
0x0022	0x3080      	MOVLW      128
0x0023	0x00AF      	MOVWF      Soft_I2C_Write_temp_L0
0x0024	0x01B0      	CLRF       Soft_I2C_Write_temp_L0+1
;__Lib_SoftI2C.c,199 :: 		
L_Soft_I2C_Write16:
0x0025	0x082F      	MOVF       Soft_I2C_Write_temp_L0, 0
0x0026	0x0430      	IORWF      Soft_I2C_Write_temp_L0+1, 0
0x0027	0x1903      	BTFSC      STATUS, 2
0x0028	0x2852      	GOTO       L_Soft_I2C_Write17
;__Lib_SoftI2C.c,200 :: 		
0x0029	0x2003      	CALL       _Delay_1us
0x002A	0x2003      	CALL       _Delay_1us
;__Lib_SoftI2C.c,201 :: 		
0x002B	0x2003      	CALL       _Delay_1us
0x002C	0x2003      	CALL       _Delay_1us
;__Lib_SoftI2C.c,203 :: 		
0x002D	0x2011      	CALL       __Lib_SoftI2C_PutZerosToLATScl
;__Lib_SoftI2C.c,204 :: 		
0x002E	0x1683      	BSF        STATUS, 5
0x002F	0x1008      	BCF        Soft_I2C_Scl_Direction, BitPos(Soft_I2C_Scl_Direction+0)
;__Lib_SoftI2C.c,206 :: 		
0x0030	0x2003      	CALL       _Delay_1us
0x0031	0x2003      	CALL       _Delay_1us
;__Lib_SoftI2C.c,208 :: 		
0x0032	0x1283      	BCF        STATUS, 5
0x0033	0x082F      	MOVF       Soft_I2C_Write_temp_L0, 0
0x0034	0x052E      	ANDWF      FARG_Soft_I2C_Write_data_, 0
0x0035	0x00F0      	MOVWF      R0
0x0036	0x3000      	MOVLW      0
0x0037	0x0530      	ANDWF      Soft_I2C_Write_temp_L0+1, 0
0x0038	0x00F1      	MOVWF      R0+1
0x0039	0x0870      	MOVF       R0, 0
0x003A	0x0471      	IORWF      R0+1, 0
0x003B	0x1903      	BTFSC      STATUS, 2
0x003C	0x2840      	GOTO       L_Soft_I2C_Write18
;__Lib_SoftI2C.c,209 :: 		
0x003D	0x1683      	BSF        STATUS, 5
0x003E	0x1488      	BSF        Soft_I2C_Sda_Direction, BitPos(Soft_I2C_Sda_Direction+0)
;__Lib_SoftI2C.c,210 :: 		
0x003F	0x2843      	GOTO       L_Soft_I2C_Write19
L_Soft_I2C_Write18:
;__Lib_SoftI2C.c,212 :: 		
0x0040	0x2006      	CALL       __Lib_SoftI2C_PutZerosToLATSda
;__Lib_SoftI2C.c,213 :: 		
0x0041	0x1683      	BSF        STATUS, 5
0x0042	0x1088      	BCF        Soft_I2C_Sda_Direction, BitPos(Soft_I2C_Sda_Direction+0)
;__Lib_SoftI2C.c,214 :: 		
L_Soft_I2C_Write19:
;__Lib_SoftI2C.c,216 :: 		
0x0043	0x2003      	CALL       _Delay_1us
0x0044	0x2003      	CALL       _Delay_1us
;__Lib_SoftI2C.c,218 :: 		
0x0045	0x1408      	BSF        Soft_I2C_Scl_Direction, BitPos(Soft_I2C_Scl_Direction+0)
;__Lib_SoftI2C.c,220 :: 		
0x0046	0x1283      	BCF        STATUS, 5
0x0047	0x1028      	BCF        __Lib_SoftI2C___StopWaiting, BitPos(__Lib_SoftI2C___StopWaiting+0)
;__Lib_SoftI2C.c,221 :: 		
L_Soft_I2C_Write20:
0x0048	0x1808      	BTFSC      Soft_I2C_Scl, BitPos(Soft_I2C_Scl+0)
0x0049	0x284E      	GOTO       L_Soft_I2C_Write21
;__Lib_SoftI2C.c,222 :: 		
0x004A	0x1C28      	BTFSS      __Lib_SoftI2C___StopWaiting, BitPos(__Lib_SoftI2C___StopWaiting+0)
0x004B	0x284D      	GOTO       L_Soft_I2C_Write22
;__Lib_SoftI2C.c,223 :: 		
0x004C	0x284E      	GOTO       L_Soft_I2C_Write21
L_Soft_I2C_Write22:
0x004D	0x2848      	GOTO       L_Soft_I2C_Write20
L_Soft_I2C_Write21:
;__Lib_SoftI2C.c,225 :: 		
0x004E	0x0CB0      	RRF        Soft_I2C_Write_temp_L0+1, 1
0x004F	0x0CAF      	RRF        Soft_I2C_Write_temp_L0, 1
0x0050	0x13B0      	BCF        Soft_I2C_Write_temp_L0+1, 7
;__Lib_SoftI2C.c,226 :: 		
0x0051	0x2825      	GOTO       L_Soft_I2C_Write16
L_Soft_I2C_Write17:
;__Lib_SoftI2C.c,228 :: 		
0x0052	0x01B1      	CLRF       Soft_I2C_Write_result_L0
0x0053	0x01B2      	CLRF       Soft_I2C_Write_result_L0+1
;__Lib_SoftI2C.c,230 :: 		
0x0054	0x2003      	CALL       _Delay_1us
0x0055	0x2003      	CALL       _Delay_1us
;__Lib_SoftI2C.c,232 :: 		
0x0056	0x2011      	CALL       __Lib_SoftI2C_PutZerosToLATScl
;__Lib_SoftI2C.c,233 :: 		
0x0057	0x1683      	BSF        STATUS, 5
0x0058	0x1008      	BCF        Soft_I2C_Scl_Direction, BitPos(Soft_I2C_Scl_Direction+0)
;__Lib_SoftI2C.c,235 :: 		
0x0059	0x2003      	CALL       _Delay_1us
0x005A	0x2003      	CALL       _Delay_1us
;__Lib_SoftI2C.c,237 :: 		
0x005B	0x1488      	BSF        Soft_I2C_Sda_Direction, BitPos(Soft_I2C_Sda_Direction+0)
;__Lib_SoftI2C.c,239 :: 		
0x005C	0x2003      	CALL       _Delay_1us
0x005D	0x2003      	CALL       _Delay_1us
;__Lib_SoftI2C.c,240 :: 		
0x005E	0x2003      	CALL       _Delay_1us
0x005F	0x2003      	CALL       _Delay_1us
;__Lib_SoftI2C.c,242 :: 		
0x0060	0x1408      	BSF        Soft_I2C_Scl_Direction, BitPos(Soft_I2C_Scl_Direction+0)
;__Lib_SoftI2C.c,244 :: 		
0x0061	0x1283      	BCF        STATUS, 5
0x0062	0x1028      	BCF        __Lib_SoftI2C___StopWaiting, BitPos(__Lib_SoftI2C___StopWaiting+0)
;__Lib_SoftI2C.c,245 :: 		
L_Soft_I2C_Write23:
0x0063	0x1808      	BTFSC      Soft_I2C_Scl, BitPos(Soft_I2C_Scl+0)
0x0064	0x2869      	GOTO       L_Soft_I2C_Write24
;__Lib_SoftI2C.c,246 :: 		
0x0065	0x1C28      	BTFSS      __Lib_SoftI2C___StopWaiting, BitPos(__Lib_SoftI2C___StopWaiting+0)
0x0066	0x2868      	GOTO       L_Soft_I2C_Write25
;__Lib_SoftI2C.c,247 :: 		
0x0067	0x2869      	GOTO       L_Soft_I2C_Write24
L_Soft_I2C_Write25:
0x0068	0x2863      	GOTO       L_Soft_I2C_Write23
L_Soft_I2C_Write24:
;__Lib_SoftI2C.c,249 :: 		
0x0069	0x01B1      	CLRF       Soft_I2C_Write_result_L0
0x006A	0x01B2      	CLRF       Soft_I2C_Write_result_L0+1
;__Lib_SoftI2C.c,251 :: 		
0x006B	0x2003      	CALL       _Delay_1us
0x006C	0x2003      	CALL       _Delay_1us
;__Lib_SoftI2C.c,253 :: 		
0x006D	0x1C88      	BTFSS      Soft_I2C_Sda, BitPos(Soft_I2C_Sda+0)
0x006E	0x2870      	GOTO       L_Soft_I2C_Write26
;__Lib_SoftI2C.c,254 :: 		
0x006F	0x1431      	BSF        Soft_I2C_Write_result_L0, 0
L_Soft_I2C_Write26:
;__Lib_SoftI2C.c,256 :: 		
0x0070	0x2003      	CALL       _Delay_1us
0x0071	0x2003      	CALL       _Delay_1us
;__Lib_SoftI2C.c,257 :: 		
0x0072	0x2003      	CALL       _Delay_1us
0x0073	0x2003      	CALL       _Delay_1us
;__Lib_SoftI2C.c,258 :: 		
0x0074	0x2003      	CALL       _Delay_1us
0x0075	0x2003      	CALL       _Delay_1us
;__Lib_SoftI2C.c,259 :: 		
0x0076	0x2003      	CALL       _Delay_1us
0x0077	0x2003      	CALL       _Delay_1us
;__Lib_SoftI2C.c,260 :: 		
0x0078	0x2003      	CALL       _Delay_1us
0x0079	0x2003      	CALL       _Delay_1us
;__Lib_SoftI2C.c,261 :: 		
0x007A	0x2003      	CALL       _Delay_1us
0x007B	0x2003      	CALL       _Delay_1us
;__Lib_SoftI2C.c,262 :: 		
0x007C	0x2003      	CALL       _Delay_1us
0x007D	0x2003      	CALL       _Delay_1us
;__Lib_SoftI2C.c,263 :: 		
0x007E	0x2003      	CALL       _Delay_1us
0x007F	0x2003      	CALL       _Delay_1us
;__Lib_SoftI2C.c,265 :: 		
0x0080	0x2011      	CALL       __Lib_SoftI2C_PutZerosToLATScl
;__Lib_SoftI2C.c,266 :: 		
0x0081	0x1683      	BSF        STATUS, 5
0x0082	0x1008      	BCF        Soft_I2C_Scl_Direction, BitPos(Soft_I2C_Scl_Direction+0)
;__Lib_SoftI2C.c,267 :: 		
0x0083	0x2006      	CALL       __Lib_SoftI2C_PutZerosToLATSda
;__Lib_SoftI2C.c,268 :: 		
0x0084	0x1683      	BSF        STATUS, 5
0x0085	0x1088      	BCF        Soft_I2C_Sda_Direction, BitPos(Soft_I2C_Sda_Direction+0)
;__Lib_SoftI2C.c,270 :: 		
0x0086	0x1283      	BCF        STATUS, 5
0x0087	0x0831      	MOVF       Soft_I2C_Write_result_L0, 0
0x0088	0x00F0      	MOVWF      R0
;__Lib_SoftI2C.c,271 :: 		
L_end_Soft_I2C_Write:
0x0089	0x0008      	RETURN
; end of _Soft_I2C_Write
_Soft_I2C_Stop:
;__Lib_SoftI2C.c,168 :: 		
;__Lib_SoftI2C.c,170 :: 		
0x008A	0x2006      	CALL       __Lib_SoftI2C_PutZerosToLATSda
;__Lib_SoftI2C.c,171 :: 		
0x008B	0x1683      	BSF        STATUS, 5
0x008C	0x1088      	BCF        Soft_I2C_Sda_Direction, BitPos(Soft_I2C_Sda_Direction+0)
;__Lib_SoftI2C.c,173 :: 		
0x008D	0x2003      	CALL       _Delay_1us
0x008E	0x2003      	CALL       _Delay_1us
;__Lib_SoftI2C.c,175 :: 		
0x008F	0x1408      	BSF        Soft_I2C_Scl_Direction, BitPos(Soft_I2C_Scl_Direction+0)
;__Lib_SoftI2C.c,177 :: 		
0x0090	0x1283      	BCF        STATUS, 5
0x0091	0x1028      	BCF        __Lib_SoftI2C___StopWaiting, BitPos(__Lib_SoftI2C___StopWaiting+0)
;__Lib_SoftI2C.c,178 :: 		
L_Soft_I2C_Stop13:
0x0092	0x1808      	BTFSC      Soft_I2C_Scl, BitPos(Soft_I2C_Scl+0)
0x0093	0x2898      	GOTO       L_Soft_I2C_Stop14
;__Lib_SoftI2C.c,179 :: 		
0x0094	0x1C28      	BTFSS      __Lib_SoftI2C___StopWaiting, BitPos(__Lib_SoftI2C___StopWaiting+0)
0x0095	0x2897      	GOTO       L_Soft_I2C_Stop15
;__Lib_SoftI2C.c,180 :: 		
0x0096	0x2898      	GOTO       L_Soft_I2C_Stop14
L_Soft_I2C_Stop15:
0x0097	0x2892      	GOTO       L_Soft_I2C_Stop13
L_Soft_I2C_Stop14:
;__Lib_SoftI2C.c,182 :: 		
0x0098	0x2003      	CALL       _Delay_1us
0x0099	0x2003      	CALL       _Delay_1us
;__Lib_SoftI2C.c,183 :: 		
0x009A	0x2003      	CALL       _Delay_1us
0x009B	0x2003      	CALL       _Delay_1us
;__Lib_SoftI2C.c,184 :: 		
0x009C	0x2003      	CALL       _Delay_1us
0x009D	0x2003      	CALL       _Delay_1us
;__Lib_SoftI2C.c,185 :: 		
0x009E	0x2003      	CALL       _Delay_1us
0x009F	0x2003      	CALL       _Delay_1us
;__Lib_SoftI2C.c,187 :: 		
0x00A0	0x1683      	BSF        STATUS, 5
0x00A1	0x1488      	BSF        Soft_I2C_Sda_Direction, BitPos(Soft_I2C_Sda_Direction+0)
;__Lib_SoftI2C.c,189 :: 		
0x00A2	0x2003      	CALL       _Delay_1us
0x00A3	0x2003      	CALL       _Delay_1us
;__Lib_SoftI2C.c,190 :: 		
L_end_Soft_I2C_Stop:
0x00A4	0x0008      	RETURN
; end of _Soft_I2C_Stop
_Soft_I2C_Start:
;__Lib_SoftI2C.c,147 :: 		
;__Lib_SoftI2C.c,148 :: 		
0x00A5	0x1683      	BSF        STATUS, 5
0x00A6	0x1303      	BCF        STATUS, 6
0x00A7	0x1488      	BSF        Soft_I2C_Sda_Direction, BitPos(Soft_I2C_Sda_Direction+0)
;__Lib_SoftI2C.c,150 :: 		
0x00A8	0x2003      	CALL       _Delay_1us
0x00A9	0x2003      	CALL       _Delay_1us
;__Lib_SoftI2C.c,152 :: 		
0x00AA	0x1408      	BSF        Soft_I2C_Scl_Direction, BitPos(Soft_I2C_Scl_Direction+0)
;__Lib_SoftI2C.c,154 :: 		
0x00AB	0x2003      	CALL       _Delay_1us
0x00AC	0x2003      	CALL       _Delay_1us
;__Lib_SoftI2C.c,156 :: 		
0x00AD	0x2006      	CALL       __Lib_SoftI2C_PutZerosToLATSda
;__Lib_SoftI2C.c,157 :: 		
0x00AE	0x1683      	BSF        STATUS, 5
0x00AF	0x1088      	BCF        Soft_I2C_Sda_Direction, BitPos(Soft_I2C_Sda_Direction+0)
;__Lib_SoftI2C.c,159 :: 		
0x00B0	0x2003      	CALL       _Delay_1us
0x00B1	0x2003      	CALL       _Delay_1us
;__Lib_SoftI2C.c,161 :: 		
0x00B2	0x2011      	CALL       __Lib_SoftI2C_PutZerosToLATScl
;__Lib_SoftI2C.c,162 :: 		
0x00B3	0x1683      	BSF        STATUS, 5
0x00B4	0x1008      	BCF        Soft_I2C_Scl_Direction, BitPos(Soft_I2C_Scl_Direction+0)
;__Lib_SoftI2C.c,165 :: 		
L_end_Soft_I2C_Start:
0x00B5	0x0008      	RETURN
; end of _Soft_I2C_Start
_colscan:
;keypad.c,17 :: 		char colscan(void)
;keypad.c,19 :: 		return(C0|C1|C2|C3);
0x00B6	0x1283      	BCF        STATUS, 5
0x00B7	0x1303      	BCF        STATUS, 6
0x00B8	0x01F1      	CLRF       R1
0x00B9	0x1A07      	BTFSC      RC4_bit, BitPos(RC4_bit+0)
0x00BA	0x0AF1      	INCF       R1, 1
0x00BB	0x01F0      	CLRF       R0
0x00BC	0x1A87      	BTFSC      RC5_bit, BitPos(RC5_bit+0)
0x00BD	0x0AF0      	INCF       R0, 1
0x00BE	0x0870      	MOVF       R0, 0
0x00BF	0x04F1      	IORWF      R1, 1
0x00C0	0x01F0      	CLRF       R0
0x00C1	0x1B07      	BTFSC      RC6_bit, BitPos(RC6_bit+0)
0x00C2	0x0AF0      	INCF       R0, 1
0x00C3	0x0870      	MOVF       R0, 0
0x00C4	0x04F1      	IORWF      R1, 1
0x00C5	0x01F0      	CLRF       R0
0x00C6	0x1B87      	BTFSC      RC7_bit, BitPos(RC7_bit+0)
0x00C7	0x0AF0      	INCF       R0, 1
0x00C8	0x0871      	MOVF       R1, 0
0x00C9	0x04F0      	IORWF      R0, 1
;keypad.c,20 :: 		}
L_end_colscan:
0x00CA	0x0008      	RETURN
; end of _colscan
_init_cols:
;keypad.c,27 :: 		void init_cols(void)
;keypad.c,29 :: 		C0=C1=C2=C3=0;
0x00CB	0x1283      	BCF        STATUS, 5
0x00CC	0x1303      	BCF        STATUS, 6
0x00CD	0x1387      	BCF        RC7_bit, BitPos(RC7_bit+0)
0x00CE	0x1B87      	BTFSC      RC7_bit, BitPos(RC7_bit+0)
0x00CF	0x28D2      	GOTO       L__init_cols33
0x00D0	0x1307      	BCF        RC6_bit, BitPos(RC6_bit+0)
0x00D1	0x28D3      	GOTO       L__init_cols34
L__init_cols33:
0x00D2	0x1707      	BSF        RC6_bit, BitPos(RC6_bit+0)
L__init_cols34:
0x00D3	0x1B07      	BTFSC      RC6_bit, BitPos(RC6_bit+0)
0x00D4	0x28D7      	GOTO       L__init_cols35
0x00D5	0x1287      	BCF        RC5_bit, BitPos(RC5_bit+0)
0x00D6	0x28D8      	GOTO       L__init_cols36
L__init_cols35:
0x00D7	0x1687      	BSF        RC5_bit, BitPos(RC5_bit+0)
L__init_cols36:
0x00D8	0x1A87      	BTFSC      RC5_bit, BitPos(RC5_bit+0)
0x00D9	0x28DC      	GOTO       L__init_cols37
0x00DA	0x1207      	BCF        RC4_bit, BitPos(RC4_bit+0)
0x00DB	0x28DD      	GOTO       L__init_cols38
L__init_cols37:
0x00DC	0x1607      	BSF        RC4_bit, BitPos(RC4_bit+0)
L__init_cols38:
;keypad.c,30 :: 		}
L_end_init_cols:
0x00DD	0x0008      	RETURN
; end of _init_cols
_write_I2C:
;I2C.c,10 :: 		void write_I2C(uint8_t sa_addr,uint16_t buf_addr,uint8_t dat)
;I2C.c,12 :: 		Soft_I2C_Start();
0x00DE	0x20A5      	CALL       _Soft_I2C_Start
;I2C.c,13 :: 		Soft_I2C_Write(sa_addr | ((buf_addr>>7)&0x0E));
0x00DF	0x3007      	MOVLW      7
0x00E0	0x00F2      	MOVWF      R2
0x00E1	0x1283      	BCF        STATUS, 5
0x00E2	0x082B      	MOVF       FARG_write_I2C_buf_addr, 0
0x00E3	0x00F0      	MOVWF      R0
0x00E4	0x082C      	MOVF       FARG_write_I2C_buf_addr+1, 0
0x00E5	0x00F1      	MOVWF      R0+1
0x00E6	0x0872      	MOVF       R2, 0
L__write_I2C2:
0x00E7	0x1903      	BTFSC      STATUS, 2
0x00E8	0x28EE      	GOTO       L__write_I2C3
0x00E9	0x0CF1      	RRF        R0+1, 1
0x00EA	0x0CF0      	RRF        R0, 1
0x00EB	0x13F1      	BCF        R0+1, 7
0x00EC	0x3EFF      	ADDLW      255
0x00ED	0x28E7      	GOTO       L__write_I2C2
L__write_I2C3:
0x00EE	0x300E      	MOVLW      14
0x00EF	0x05F0      	ANDWF      R0, 1
0x00F0	0x0870      	MOVF       R0, 0
0x00F1	0x042A      	IORWF      FARG_write_I2C_sa_addr, 0
0x00F2	0x00AE      	MOVWF      FARG_Soft_I2C_Write_data_
0x00F3	0x201C      	CALL       _Soft_I2C_Write
;I2C.c,14 :: 		Soft_I2C_Write((uint8_t)buf_addr&0xFF);
0x00F4	0x30FF      	MOVLW      255
0x00F5	0x052B      	ANDWF      FARG_write_I2C_buf_addr, 0
0x00F6	0x00AE      	MOVWF      FARG_Soft_I2C_Write_data_
0x00F7	0x201C      	CALL       _Soft_I2C_Write
;I2C.c,15 :: 		Soft_I2C_Write(dat);
0x00F8	0x082D      	MOVF       FARG_write_I2C_dat, 0
0x00F9	0x00AE      	MOVWF      FARG_Soft_I2C_Write_data_
0x00FA	0x201C      	CALL       _Soft_I2C_Write
;I2C.c,16 :: 		Soft_I2C_Stop();
0x00FB	0x208A      	CALL       _Soft_I2C_Stop
;I2C.c,17 :: 		Delay_ms(10);
0x00FC	0x301A      	MOVLW      26
0x00FD	0x00FC      	MOVWF      R12
0x00FE	0x30F8      	MOVLW      248
0x00FF	0x00FD      	MOVWF      R13
L_write_I2C0:
0x0100	0x0BFD      	DECFSZ     R13, 1
0x0101	0x2900      	GOTO       L_write_I2C0
0x0102	0x0BFC      	DECFSZ     R12, 1
0x0103	0x2900      	GOTO       L_write_I2C0
0x0104	0x0000      	NOP
;I2C.c,18 :: 		}
L_end_write_I2C:
0x0105	0x0008      	RETURN
; end of _write_I2C
_init_rows:
;keypad.c,22 :: 		void init_rows(void)
;keypad.c,24 :: 		R0=R1=R2=R3=1;
0x0106	0x1283      	BCF        STATUS, 5
0x0107	0x1303      	BCF        STATUS, 6
0x0108	0x1587      	BSF        RC3_bit, BitPos(RC3_bit+0)
0x0109	0x1987      	BTFSC      RC3_bit, BitPos(RC3_bit+0)
0x010A	0x290D      	GOTO       L__init_rows26
0x010B	0x1107      	BCF        RC2_bit, BitPos(RC2_bit+0)
0x010C	0x290E      	GOTO       L__init_rows27
L__init_rows26:
0x010D	0x1507      	BSF        RC2_bit, BitPos(RC2_bit+0)
L__init_rows27:
0x010E	0x1907      	BTFSC      RC2_bit, BitPos(RC2_bit+0)
0x010F	0x2912      	GOTO       L__init_rows28
0x0110	0x1087      	BCF        RC1_bit, BitPos(RC1_bit+0)
0x0111	0x2913      	GOTO       L__init_rows29
L__init_rows28:
0x0112	0x1487      	BSF        RC1_bit, BitPos(RC1_bit+0)
L__init_rows29:
0x0113	0x1887      	BTFSC      RC1_bit, BitPos(RC1_bit+0)
0x0114	0x2917      	GOTO       L__init_rows30
0x0115	0x1007      	BCF        RC0_bit, BitPos(RC0_bit+0)
0x0116	0x2918      	GOTO       L__init_rows31
L__init_rows30:
0x0117	0x1407      	BSF        RC0_bit, BitPos(RC0_bit+0)
L__init_rows31:
;keypad.c,25 :: 		}
L_end_init_rows:
0x0118	0x0008      	RETURN
; end of _init_rows
_send_data_lcd:
;Combi_display_transmitter.c,15 :: 		void send_data_lcd()
;Combi_display_transmitter.c,17 :: 		write_I2C(0xD2,CHANNEL_0,channel[0]);
0x0119	0x30D2      	MOVLW      210
0x011A	0x1283      	BCF        STATUS, 5
0x011B	0x1303      	BCF        STATUS, 6
0x011C	0x00AA      	MOVWF      FARG_write_I2C_sa_addr
0x011D	0x3010      	MOVLW      16
0x011E	0x00AB      	MOVWF      FARG_write_I2C_buf_addr
0x011F	0x3000      	MOVLW      0
0x0120	0x00AC      	MOVWF      FARG_write_I2C_buf_addr+1
0x0121	0x0822      	MOVF       _channel, 0
0x0122	0x00AD      	MOVWF      FARG_write_I2C_dat
0x0123	0x20DE      	CALL       _write_I2C
;Combi_display_transmitter.c,18 :: 		write_I2C(0xD2,CHANNEL_1,channel[1]);
0x0124	0x30D2      	MOVLW      210
0x0125	0x1283      	BCF        STATUS, 5
0x0126	0x00AA      	MOVWF      FARG_write_I2C_sa_addr
0x0127	0x3011      	MOVLW      17
0x0128	0x00AB      	MOVWF      FARG_write_I2C_buf_addr
0x0129	0x3000      	MOVLW      0
0x012A	0x00AC      	MOVWF      FARG_write_I2C_buf_addr+1
0x012B	0x0823      	MOVF       _channel+1, 0
0x012C	0x00AD      	MOVWF      FARG_write_I2C_dat
0x012D	0x20DE      	CALL       _write_I2C
;Combi_display_transmitter.c,19 :: 		write_I2C(0xD2,CHANNEL_2,channel[2]);
0x012E	0x30D2      	MOVLW      210
0x012F	0x1283      	BCF        STATUS, 5
0x0130	0x00AA      	MOVWF      FARG_write_I2C_sa_addr
0x0131	0x3012      	MOVLW      18
0x0132	0x00AB      	MOVWF      FARG_write_I2C_buf_addr
0x0133	0x3000      	MOVLW      0
0x0134	0x00AC      	MOVWF      FARG_write_I2C_buf_addr+1
0x0135	0x0824      	MOVF       _channel+2, 0
0x0136	0x00AD      	MOVWF      FARG_write_I2C_dat
0x0137	0x20DE      	CALL       _write_I2C
;Combi_display_transmitter.c,20 :: 		write_I2C(0xD2,CHANNEL_3,channel[3]);
0x0138	0x30D2      	MOVLW      210
0x0139	0x1283      	BCF        STATUS, 5
0x013A	0x00AA      	MOVWF      FARG_write_I2C_sa_addr
0x013B	0x3013      	MOVLW      19
0x013C	0x00AB      	MOVWF      FARG_write_I2C_buf_addr
0x013D	0x3000      	MOVLW      0
0x013E	0x00AC      	MOVWF      FARG_write_I2C_buf_addr+1
0x013F	0x0825      	MOVF       _channel+3, 0
0x0140	0x00AD      	MOVWF      FARG_write_I2C_dat
0x0141	0x20DE      	CALL       _write_I2C
;Combi_display_transmitter.c,21 :: 		write_I2C(0xD2,CHANNEL_4,channel[4]);
0x0142	0x30D2      	MOVLW      210
0x0143	0x1283      	BCF        STATUS, 5
0x0144	0x00AA      	MOVWF      FARG_write_I2C_sa_addr
0x0145	0x3014      	MOVLW      20
0x0146	0x00AB      	MOVWF      FARG_write_I2C_buf_addr
0x0147	0x3000      	MOVLW      0
0x0148	0x00AC      	MOVWF      FARG_write_I2C_buf_addr+1
0x0149	0x0826      	MOVF       _channel+4, 0
0x014A	0x00AD      	MOVWF      FARG_write_I2C_dat
0x014B	0x20DE      	CALL       _write_I2C
;Combi_display_transmitter.c,22 :: 		write_I2C(0xD2,CHANNEL_5,channel[5]);
0x014C	0x30D2      	MOVLW      210
0x014D	0x1283      	BCF        STATUS, 5
0x014E	0x00AA      	MOVWF      FARG_write_I2C_sa_addr
0x014F	0x3015      	MOVLW      21
0x0150	0x00AB      	MOVWF      FARG_write_I2C_buf_addr
0x0151	0x3000      	MOVLW      0
0x0152	0x00AC      	MOVWF      FARG_write_I2C_buf_addr+1
0x0153	0x0827      	MOVF       _channel+5, 0
0x0154	0x00AD      	MOVWF      FARG_write_I2C_dat
0x0155	0x20DE      	CALL       _write_I2C
;Combi_display_transmitter.c,23 :: 		write_I2C(0xD2,RSSI,0x84);
0x0156	0x30D2      	MOVLW      210
0x0157	0x1283      	BCF        STATUS, 5
0x0158	0x00AA      	MOVWF      FARG_write_I2C_sa_addr
0x0159	0x3020      	MOVLW      32
0x015A	0x00AB      	MOVWF      FARG_write_I2C_buf_addr
0x015B	0x3000      	MOVLW      0
0x015C	0x00AC      	MOVWF      FARG_write_I2C_buf_addr+1
0x015D	0x3084      	MOVLW      132
0x015E	0x00AD      	MOVWF      FARG_write_I2C_dat
0x015F	0x20DE      	CALL       _write_I2C
;Combi_display_transmitter.c,24 :: 		write_I2C(0xD2,WEIGHT,0x12);
0x0160	0x30D2      	MOVLW      210
0x0161	0x1283      	BCF        STATUS, 5
0x0162	0x00AA      	MOVWF      FARG_write_I2C_sa_addr
0x0163	0x3030      	MOVLW      48
0x0164	0x00AB      	MOVWF      FARG_write_I2C_buf_addr
0x0165	0x3000      	MOVLW      0
0x0166	0x00AC      	MOVWF      FARG_write_I2C_buf_addr+1
0x0167	0x3012      	MOVLW      18
0x0168	0x00AD      	MOVWF      FARG_write_I2C_dat
0x0169	0x20DE      	CALL       _write_I2C
;Combi_display_transmitter.c,25 :: 		}
L_end_send_data_lcd:
0x016A	0x0008      	RETURN
; end of _send_data_lcd
_keyscan:
;keypad.c,32 :: 		void keyscan()
;keypad.c,36 :: 		init_cols();
0x016B	0x20CB      	CALL       _init_cols
;keypad.c,37 :: 		init_rows();
0x016C	0x2106      	CALL       _init_rows
;keypad.c,38 :: 		for(i=0;i<MAX_CHANNEL;i++) {channel[i]=0xFF;}       //Clear Channel
0x016D	0x01A9      	CLRF       keyscan_i_L0
L_keyscan0:
0x016E	0x3006      	MOVLW      6
0x016F	0x0229      	SUBWF      keyscan_i_L0, 0
0x0170	0x1803      	BTFSC      STATUS, 0
0x0171	0x2979      	GOTO       L_keyscan1
0x0172	0x0829      	MOVF       keyscan_i_L0, 0
0x0173	0x3E22      	ADDLW      _channel
0x0174	0x0084      	MOVWF      FSR
0x0175	0x30FF      	MOVLW      255
0x0176	0x0080      	MOVWF      INDF
0x0177	0x0AA9      	INCF       keyscan_i_L0, 1
0x0178	0x296E      	GOTO       L_keyscan0
L_keyscan1:
;keypad.c,40 :: 		if(colscan())
0x0179	0x20B6      	CALL       _colscan
0x017A	0x0870      	MOVF       R0, 0
0x017B	0x1903      	BTFSC      STATUS, 2
0x017C	0x29EF      	GOTO       L_keyscan3
;keypad.c,43 :: 		R0=1;R1=R2=R3=0;
0x017D	0x1407      	BSF        RC0_bit, BitPos(RC0_bit+0)
0x017E	0x1187      	BCF        RC3_bit, BitPos(RC3_bit+0)
0x017F	0x1987      	BTFSC      RC3_bit, BitPos(RC3_bit+0)
0x0180	0x2983      	GOTO       L__keyscan40
0x0181	0x1107      	BCF        RC2_bit, BitPos(RC2_bit+0)
0x0182	0x2984      	GOTO       L__keyscan41
L__keyscan40:
0x0183	0x1507      	BSF        RC2_bit, BitPos(RC2_bit+0)
L__keyscan41:
0x0184	0x1907      	BTFSC      RC2_bit, BitPos(RC2_bit+0)
0x0185	0x2988      	GOTO       L__keyscan42
0x0186	0x1087      	BCF        RC1_bit, BitPos(RC1_bit+0)
0x0187	0x2989      	GOTO       L__keyscan43
L__keyscan42:
0x0188	0x1487      	BSF        RC1_bit, BitPos(RC1_bit+0)
L__keyscan43:
;keypad.c,44 :: 		if(colscan())
0x0189	0x20B6      	CALL       _colscan
0x018A	0x0870      	MOVF       R0, 0
0x018B	0x1903      	BTFSC      STATUS, 2
0x018C	0x2999      	GOTO       L_keyscan4
;keypad.c,46 :: 		if(C0==1) {channel[0]&=~(1<<0);}
0x018D	0x1E07      	BTFSS      RC4_bit, BitPos(RC4_bit+0)
0x018E	0x2990      	GOTO       L_keyscan5
0x018F	0x1022      	BCF        _channel, 0
L_keyscan5:
;keypad.c,47 :: 		if(C1==1) { channel[0]&=~(1<<1);}
0x0190	0x1E87      	BTFSS      RC5_bit, BitPos(RC5_bit+0)
0x0191	0x2993      	GOTO       L_keyscan6
0x0192	0x10A2      	BCF        _channel, 1
L_keyscan6:
;keypad.c,48 :: 		if(C2==1) { channel[0]&=~(1<<2);}
0x0193	0x1F07      	BTFSS      RC6_bit, BitPos(RC6_bit+0)
0x0194	0x2996      	GOTO       L_keyscan7
0x0195	0x1122      	BCF        _channel, 2
L_keyscan7:
;keypad.c,49 :: 		if(C3==1) { channel[0]&=~(1<<3);}
0x0196	0x1F87      	BTFSS      RC7_bit, BitPos(RC7_bit+0)
0x0197	0x2999      	GOTO       L_keyscan8
0x0198	0x11A2      	BCF        _channel, 3
L_keyscan8:
;keypad.c,50 :: 		}
L_keyscan4:
;keypad.c,52 :: 		R1=1;R0=R2=R3=0;
0x0199	0x1487      	BSF        RC1_bit, BitPos(RC1_bit+0)
0x019A	0x1187      	BCF        RC3_bit, BitPos(RC3_bit+0)
0x019B	0x1987      	BTFSC      RC3_bit, BitPos(RC3_bit+0)
0x019C	0x299F      	GOTO       L__keyscan44
0x019D	0x1107      	BCF        RC2_bit, BitPos(RC2_bit+0)
0x019E	0x29A0      	GOTO       L__keyscan45
L__keyscan44:
0x019F	0x1507      	BSF        RC2_bit, BitPos(RC2_bit+0)
L__keyscan45:
0x01A0	0x1907      	BTFSC      RC2_bit, BitPos(RC2_bit+0)
0x01A1	0x29A4      	GOTO       L__keyscan46
0x01A2	0x1007      	BCF        RC0_bit, BitPos(RC0_bit+0)
0x01A3	0x29A5      	GOTO       L__keyscan47
L__keyscan46:
0x01A4	0x1407      	BSF        RC0_bit, BitPos(RC0_bit+0)
L__keyscan47:
;keypad.c,53 :: 		if(colscan())
0x01A5	0x20B6      	CALL       _colscan
0x01A6	0x0870      	MOVF       R0, 0
0x01A7	0x1903      	BTFSC      STATUS, 2
0x01A8	0x29B6      	GOTO       L_keyscan9
;keypad.c,55 :: 		if(C0==1) {channel[0]&=~(1<<4);}
0x01A9	0x1E07      	BTFSS      RC4_bit, BitPos(RC4_bit+0)
0x01AA	0x29AC      	GOTO       L_keyscan10
0x01AB	0x1222      	BCF        _channel, 4
L_keyscan10:
;keypad.c,56 :: 		if(C1==1) {channel[0]&=~(1<<5);}
0x01AC	0x1E87      	BTFSS      RC5_bit, BitPos(RC5_bit+0)
0x01AD	0x29AF      	GOTO       L_keyscan11
0x01AE	0x12A2      	BCF        _channel, 5
L_keyscan11:
;keypad.c,57 :: 		if(C2==1) {channel[0]&=~(1<<6);}
0x01AF	0x1F07      	BTFSS      RC6_bit, BitPos(RC6_bit+0)
0x01B0	0x29B2      	GOTO       L_keyscan12
0x01B1	0x1322      	BCF        _channel, 6
L_keyscan12:
;keypad.c,58 :: 		if(C3==1) {channel[0]&=~(1<<7);}
0x01B2	0x1F87      	BTFSS      RC7_bit, BitPos(RC7_bit+0)
0x01B3	0x29B6      	GOTO       L_keyscan13
0x01B4	0x307F      	MOVLW      127
0x01B5	0x05A2      	ANDWF      _channel, 1
L_keyscan13:
;keypad.c,59 :: 		}
L_keyscan9:
;keypad.c,60 :: 		R2=1;R0=R1=R3=0;
0x01B6	0x1507      	BSF        RC2_bit, BitPos(RC2_bit+0)
0x01B7	0x1187      	BCF        RC3_bit, BitPos(RC3_bit+0)
0x01B8	0x1987      	BTFSC      RC3_bit, BitPos(RC3_bit+0)
0x01B9	0x29BC      	GOTO       L__keyscan48
0x01BA	0x1087      	BCF        RC1_bit, BitPos(RC1_bit+0)
0x01BB	0x29BD      	GOTO       L__keyscan49
L__keyscan48:
0x01BC	0x1487      	BSF        RC1_bit, BitPos(RC1_bit+0)
L__keyscan49:
0x01BD	0x1887      	BTFSC      RC1_bit, BitPos(RC1_bit+0)
0x01BE	0x29C1      	GOTO       L__keyscan50
0x01BF	0x1007      	BCF        RC0_bit, BitPos(RC0_bit+0)
0x01C0	0x29C2      	GOTO       L__keyscan51
L__keyscan50:
0x01C1	0x1407      	BSF        RC0_bit, BitPos(RC0_bit+0)
L__keyscan51:
;keypad.c,61 :: 		if(colscan())
0x01C2	0x20B6      	CALL       _colscan
0x01C3	0x0870      	MOVF       R0, 0
0x01C4	0x1903      	BTFSC      STATUS, 2
0x01C5	0x29D2      	GOTO       L_keyscan14
;keypad.c,63 :: 		if(C0==1) {channel[1]&=~(1<<0);}
0x01C6	0x1E07      	BTFSS      RC4_bit, BitPos(RC4_bit+0)
0x01C7	0x29C9      	GOTO       L_keyscan15
0x01C8	0x1023      	BCF        _channel+1, 0
L_keyscan15:
;keypad.c,64 :: 		if(C1==1) {channel[1]&=~(1<<1);}
0x01C9	0x1E87      	BTFSS      RC5_bit, BitPos(RC5_bit+0)
0x01CA	0x29CC      	GOTO       L_keyscan16
0x01CB	0x10A3      	BCF        _channel+1, 1
L_keyscan16:
;keypad.c,65 :: 		if(C2==1) {channel[1]&=~(1<<2);}
0x01CC	0x1F07      	BTFSS      RC6_bit, BitPos(RC6_bit+0)
0x01CD	0x29CF      	GOTO       L_keyscan17
0x01CE	0x1123      	BCF        _channel+1, 2
L_keyscan17:
;keypad.c,66 :: 		if(C3==1) {channel[1]&=~(1<<3);}
0x01CF	0x1F87      	BTFSS      RC7_bit, BitPos(RC7_bit+0)
0x01D0	0x29D2      	GOTO       L_keyscan18
0x01D1	0x11A3      	BCF        _channel+1, 3
L_keyscan18:
;keypad.c,67 :: 		}
L_keyscan14:
;keypad.c,68 :: 		R3=1;R0=R2=R1=0;
0x01D2	0x1587      	BSF        RC3_bit, BitPos(RC3_bit+0)
0x01D3	0x1087      	BCF        RC1_bit, BitPos(RC1_bit+0)
0x01D4	0x1887      	BTFSC      RC1_bit, BitPos(RC1_bit+0)
0x01D5	0x29D8      	GOTO       L__keyscan52
0x01D6	0x1107      	BCF        RC2_bit, BitPos(RC2_bit+0)
0x01D7	0x29D9      	GOTO       L__keyscan53
L__keyscan52:
0x01D8	0x1507      	BSF        RC2_bit, BitPos(RC2_bit+0)
L__keyscan53:
0x01D9	0x1907      	BTFSC      RC2_bit, BitPos(RC2_bit+0)
0x01DA	0x29DD      	GOTO       L__keyscan54
0x01DB	0x1007      	BCF        RC0_bit, BitPos(RC0_bit+0)
0x01DC	0x29DE      	GOTO       L__keyscan55
L__keyscan54:
0x01DD	0x1407      	BSF        RC0_bit, BitPos(RC0_bit+0)
L__keyscan55:
;keypad.c,69 :: 		if(colscan())
0x01DE	0x20B6      	CALL       _colscan
0x01DF	0x0870      	MOVF       R0, 0
0x01E0	0x1903      	BTFSC      STATUS, 2
0x01E1	0x29EF      	GOTO       L_keyscan19
;keypad.c,71 :: 		if(C0==1) {channel[1]&=~(1<<4);}
0x01E2	0x1E07      	BTFSS      RC4_bit, BitPos(RC4_bit+0)
0x01E3	0x29E5      	GOTO       L_keyscan20
0x01E4	0x1223      	BCF        _channel+1, 4
L_keyscan20:
;keypad.c,72 :: 		if(C1==1) {channel[1]&=~(1<<5);}
0x01E5	0x1E87      	BTFSS      RC5_bit, BitPos(RC5_bit+0)
0x01E6	0x29E8      	GOTO       L_keyscan21
0x01E7	0x12A3      	BCF        _channel+1, 5
L_keyscan21:
;keypad.c,73 :: 		if(C2==1) {channel[1]&=~(1<<6);}
0x01E8	0x1F07      	BTFSS      RC6_bit, BitPos(RC6_bit+0)
0x01E9	0x29EB      	GOTO       L_keyscan22
0x01EA	0x1323      	BCF        _channel+1, 6
L_keyscan22:
;keypad.c,74 :: 		if(C3==1) {channel[1]&=~(1<<7);}
0x01EB	0x1F87      	BTFSS      RC7_bit, BitPos(RC7_bit+0)
0x01EC	0x29EF      	GOTO       L_keyscan23
0x01ED	0x307F      	MOVLW      127
0x01EE	0x05A3      	ANDWF      _channel+1, 1
L_keyscan23:
;keypad.c,75 :: 		}
L_keyscan19:
;keypad.c,76 :: 		}
L_keyscan3:
;keypad.c,78 :: 		}
L_end_keyscan:
0x01EF	0x0008      	RETURN
; end of _keyscan
_init_uc:
;Combi_display_transmitter.c,6 :: 		void init_uc()
;Combi_display_transmitter.c,8 :: 		TRISA=0x00;
0x01F0	0x1683      	BSF        STATUS, 5
0x01F1	0x1303      	BCF        STATUS, 6
0x01F2	0x0185      	CLRF       TRISA
;Combi_display_transmitter.c,9 :: 		TRISB=0x00;
0x01F3	0x0186      	CLRF       TRISB
;Combi_display_transmitter.c,10 :: 		TRISC=0xF0;
0x01F4	0x30F0      	MOVLW      240
0x01F5	0x0087      	MOVWF      TRISC
;Combi_display_transmitter.c,11 :: 		ANSEL=0x00;
0x01F6	0x1703      	BSF        STATUS, 6
0x01F7	0x0188      	CLRF       ANSEL
;Combi_display_transmitter.c,12 :: 		ANSELH=0x00;
0x01F8	0x0189      	CLRF       ANSELH
;Combi_display_transmitter.c,13 :: 		}
L_end_init_uc:
0x01F9	0x0008      	RETURN
; end of _init_uc
_main:
;Combi_display_transmitter.c,26 :: 		main()
;Combi_display_transmitter.c,28 :: 		init_uc();
0x01FA	0x21F0      	CALL       _init_uc
;Combi_display_transmitter.c,30 :: 		while(1)
L_main0:
;Combi_display_transmitter.c,32 :: 		keyscan();
0x01FB	0x216B      	CALL       _keyscan
;Combi_display_transmitter.c,33 :: 		PORTA=channel[0];
0x01FC	0x0822      	MOVF       _channel, 0
0x01FD	0x0085      	MOVWF      PORTA
;Combi_display_transmitter.c,34 :: 		PORTB=channel[1];
0x01FE	0x0823      	MOVF       _channel+1, 0
0x01FF	0x0086      	MOVWF      PORTB
;Combi_display_transmitter.c,35 :: 		send_data_lcd();
0x0200	0x2119      	CALL       _send_data_lcd
;Combi_display_transmitter.c,37 :: 		}
0x0201	0x29FB      	GOTO       L_main0
;Combi_display_transmitter.c,38 :: 		}
L_end_main:
0x0202	0x2A02      	GOTO       $+0
; end of _main
Symbol List:
//** Routines locations **
//ADDRESS    SIZE    PROCEDURE
//----------------------------------------------
0x0003       [3]    _Delay_1us
0x0006      [11]    __Lib_SoftI2C_PutZerosToLATSda
0x0011      [11]    __Lib_SoftI2C_PutZerosToLATScl
0x001C     [110]    _Soft_I2C_Write
0x008A      [27]    _Soft_I2C_Stop
0x00A5      [17]    _Soft_I2C_Start
0x00B6      [21]    _colscan
0x00CB      [19]    _init_cols
0x00DE      [40]    _write_I2C
0x0106      [19]    _init_rows
0x0119      [82]    _send_data_lcd
0x016B     [133]    _keyscan
0x01F0      [10]    _init_uc
0x01FA       [9]    _main
//** Variables locations ** 
//ADDRESS    SIZE    VARIABLE
//----------------------------------------------
0x0000       [1]    INDF
0x0003       [1]    STATUS
0x0004       [1]    FSR
0x0005       [1]    PORTA
0x0006       [1]    PORTB
0x0007       [0]    RC7_bit
0x0007       [0]    RC1_bit
0x0007       [0]    RC2_bit
0x0007       [0]    RC0_bit
0x0007       [0]    RC5_bit
0x0007       [0]    RC6_bit
0x0007       [0]    RC3_bit
0x0007       [0]    RC4_bit
0x0008       [0]    RD0_bit
0x0008       [0]    Soft_I2C_Sda
0x0008       [0]    Soft_I2C_Scl
0x0008       [0]    RD1_bit
0x000A       [1]    PCLATH
0x0020       [2]    ___DoICPAddr
0x0022       [6]    _channel
0x0028       [0]    __Lib_SoftI2C___StopWaiting
0x0029       [1]    keyscan_i_L0
0x002A       [1]    FARG_write_I2C_sa_addr
0x002B       [2]    FARG_write_I2C_buf_addr
0x002D       [1]    FARG_write_I2C_dat
0x002E       [1]    FARG_Soft_I2C_Write_data_
0x002F       [2]    Soft_I2C_Write_temp_L0
0x0031       [2]    Soft_I2C_Write_result_L0
0x0070       [1]    R0
0x0071       [1]    R1
0x0072       [1]    R2
0x0073       [1]    R3
0x0074       [1]    R4
0x0075       [1]    R5
0x0076       [1]    R6
0x0077       [1]    R7
0x0078       [1]    R8
0x0079       [1]    R9
0x007A       [1]    R10
0x007B       [1]    R11
0x007C       [1]    R12
0x007D       [1]    R13
0x007E       [1]    R14
0x007F       [1]    R15
0x0085       [1]    TRISA
0x0086       [1]    TRISB
0x0087       [1]    TRISC
0x0088       [0]    TRISD0_bit
0x0088       [0]    TRISD1_bit
0x0088       [0]    Soft_I2C_Scl_Direction
0x0088       [0]    Soft_I2C_Sda_Direction
0x0188       [1]    ANSEL
0x0189       [1]    ANSELH
