;  LST file generated by mikroListExporter - v.2.0 
; Date/Time: 22-Jul-17 11:30:37 PM
;----------------------------------------------

;Address Opcode 	ASM
0x0000	0x2A9B      	GOTO       667
_I2C1_Is_Idle:
;__Lib_I2C_c34.c,26 :: 		
;__Lib_I2C_c34.c,27 :: 		
0x0003	0x1683      	BSF        STATUS, 5
0x0004	0x1303      	BCF        STATUS, 6
0x0005	0x1914      	BTFSC      SSPSTAT, 2
0x0006	0x2811      	GOTO       L_I2C1_Is_Idle0
;__Lib_I2C_c34.c,28 :: 		
0x0007	0x301F      	MOVLW      31
0x0008	0x0511      	ANDWF      SSPCON2, 0
0x0009	0x00F1      	MOVWF      R1
0x000A	0x0871      	MOVF       R1, 0
0x000B	0x3A00      	XORLW      0
0x000C	0x1D03      	BTFSS      STATUS, 2
0x000D	0x2811      	GOTO       L_I2C1_Is_Idle1
;__Lib_I2C_c34.c,29 :: 		
0x000E	0x3001      	MOVLW      1
0x000F	0x00F0      	MOVWF      R0
0x0010	0x2812      	GOTO       L_end_I2C1_Is_Idle
L_I2C1_Is_Idle1:
L_I2C1_Is_Idle0:
;__Lib_I2C_c34.c,30 :: 		
0x0011	0x01F0      	CLRF       R0
;__Lib_I2C_c34.c,31 :: 		
L_end_I2C1_Is_Idle:
0x0012	0x0008      	RETURN
; end of _I2C1_Is_Idle
_____DoIFC:
;__Lib_System.c,15 :: 		
;__Lib_System.c,18 :: 		
0x0013	0x1283      	BCF        STATUS, 5
0x0014	0x1303      	BCF        STATUS, 6
0x0015	0x082C      	MOVF       ___DoICPAddr+1, 0
0x0016	0x008A      	MOVWF      PCLATH
;__Lib_System.c,19 :: 		
0x0017	0x082B      	MOVF       ___DoICPAddr, 0
0x0018	0x0082      	MOVWF      PCL
;__Lib_System.c,21 :: 		
L_end_____DoIFC:
0x0019	0x0008      	RETURN
; end of _____DoIFC
_Mul_8X8_U:
;__Lib_Math.c,103 :: 		
;__Lib_Math.c,108 :: 		
0x001A	0x1283      	BCF        STATUS, 5
;__Lib_Math.c,109 :: 		
0x001B	0x1303      	BCF        STATUS, 6
;__Lib_Math.c,110 :: 		
0x001C	0x0870      	MOVF       R0, 0
;__Lib_Math.c,111 :: 		
0x001D	0x00F1      	MOVWF      R1
;__Lib_Math.c,112 :: 		
0x001E	0x01F0      	CLRF       R0
;__Lib_Math.c,113 :: 		
0x001F	0x3008      	MOVLW      8
;__Lib_Math.c,114 :: 		
0x0020	0x00FC      	MOVWF      R12
;__Lib_Math.c,115 :: 		
0x0021	0x0871      	MOVF       R1, 0
;__Lib_Math.c,116 :: 		
0x0022	0x0CF4      	RRF        R4, 1
;__Lib_Math.c,117 :: 		
0x0023	0x1803      	BTFSC      STATUS, 0
;__Lib_Math.c,118 :: 		
0x0024	0x2829      	GOTO       $+5
;__Lib_Math.c,119 :: 		
0x0025	0x0BFC      	DECFSZ     R12, 1
;__Lib_Math.c,120 :: 		
0x0026	0x2822      	GOTO       $-4
;__Lib_Math.c,121 :: 		
0x0027	0x01F1      	CLRF       R1
;__Lib_Math.c,122 :: 		
0x0028	0x3400      	RETLW      0
;__Lib_Math.c,123 :: 		
0x0029	0x1003      	BCF        STATUS, 0
;__Lib_Math.c,124 :: 		
0x002A	0x282E      	GOTO       $+4
;__Lib_Math.c,125 :: 		
0x002B	0x0CF4      	RRF        R4, 1
;__Lib_Math.c,126 :: 		
0x002C	0x1803      	BTFSC      STATUS, 0
;__Lib_Math.c,127 :: 		
0x002D	0x07F1      	ADDWF      R1, 1
;__Lib_Math.c,128 :: 		
0x002E	0x0CF1      	RRF        R1, 1
;__Lib_Math.c,129 :: 		
0x002F	0x0CF0      	RRF        R0, 1
;__Lib_Math.c,130 :: 		
0x0030	0x0BFC      	DECFSZ     R12, 1
;__Lib_Math.c,131 :: 		
0x0031	0x282B      	GOTO       $-6
;__Lib_Math.c,133 :: 		
;__Lib_Math.c,134 :: 		
L_end_Mul_8X8_U:
0x0032	0x0008      	RETURN
; end of _Mul_8X8_U
_I2C1_Stop:
;__Lib_I2C_c34.c,184 :: 		
;__Lib_I2C_c34.c,185 :: 		
0x0033	0x1683      	BSF        STATUS, 5
0x0034	0x1303      	BCF        STATUS, 6
0x0035	0x1511      	BSF        SSPCON2, 2
;__Lib_I2C_c34.c,186 :: 		
L_end_I2C1_Stop:
0x0036	0x0008      	RETURN
; end of _I2C1_Stop
_I2C1_Rd:
;__Lib_I2C_c34.c,85 :: 		
;__Lib_I2C_c34.c,89 :: 		
0x0037	0x1283      	BCF        STATUS, 5
0x0038	0x1303      	BCF        STATUS, 6
0x0039	0x0826      	MOVF       __Lib_I2C_c34__I2C1_TIMEOUT, 0
0x003A	0x00CB      	MOVWF      I2C1_Rd_timeout_L0
0x003B	0x0827      	MOVF       __Lib_I2C_c34__I2C1_TIMEOUT+1, 0
0x003C	0x00CC      	MOVWF      I2C1_Rd_timeout_L0+1
0x003D	0x0828      	MOVF       __Lib_I2C_c34__I2C1_TIMEOUT+2, 0
0x003E	0x00CD      	MOVWF      I2C1_Rd_timeout_L0+2
0x003F	0x0829      	MOVF       __Lib_I2C_c34__I2C1_TIMEOUT+3, 0
0x0040	0x00CE      	MOVWF      I2C1_Rd_timeout_L0+3
;__Lib_I2C_c34.c,91 :: 		
0x0041	0x118C      	BCF        PIR1, 3
;__Lib_I2C_c34.c,92 :: 		
0x0042	0x1683      	BSF        STATUS, 5
0x0043	0x1591      	BSF        SSPCON2, 3
;__Lib_I2C_c34.c,94 :: 		
L_I2C1_Rd16:
0x0044	0x1283      	BCF        STATUS, 5
0x0045	0x198C      	BTFSC      PIR1, 3
0x0046	0x286B      	GOTO       L_I2C1_Rd17
;__Lib_I2C_c34.c,97 :: 		
0x0047	0x0826      	MOVF       __Lib_I2C_c34__I2C1_TIMEOUT, 0
0x0048	0x0427      	IORWF      __Lib_I2C_c34__I2C1_TIMEOUT+1, 0
0x0049	0x0428      	IORWF      __Lib_I2C_c34__I2C1_TIMEOUT+2, 0
0x004A	0x0429      	IORWF      __Lib_I2C_c34__I2C1_TIMEOUT+3, 0
0x004B	0x1903      	BTFSC      STATUS, 2
0x004C	0x286A      	GOTO       L_I2C1_Rd18
;__Lib_I2C_c34.c,99 :: 		
0x004D	0x084B      	MOVF       I2C1_Rd_timeout_L0, 0
0x004E	0x044C      	IORWF      I2C1_Rd_timeout_L0+1, 0
0x004F	0x044D      	IORWF      I2C1_Rd_timeout_L0+2, 0
0x0050	0x044E      	IORWF      I2C1_Rd_timeout_L0+3, 0
0x0051	0x1D03      	BTFSS      STATUS, 2
0x0052	0x2860      	GOTO       L_I2C1_Rd19
;__Lib_I2C_c34.c,101 :: 		
0x0053	0x0832      	MOVF       _I2C1_Timeout_Ptr+2, 0
0x0054	0x0084      	MOVWF      FSR
0x0055	0x3003      	MOVLW      3
0x0056	0x0080      	MOVWF      INDF
0x0057	0x0A84      	INCF       FSR, 1
0x0058	0x0830      	MOVF       _I2C1_Timeout_Ptr, 0
0x0059	0x00AB      	MOVWF      ___DoICPAddr
0x005A	0x0831      	MOVF       _I2C1_Timeout_Ptr+1, 0
0x005B	0x00AC      	MOVWF      ___DoICPAddr+1
0x005C	0x2013      	CALL       _____DoIFC
0x005D	0x118A      	BCF        PCLATH, 3
0x005E	0x120A      	BCF        PCLATH, 4
;__Lib_I2C_c34.c,102 :: 		
0x005F	0x286B      	GOTO       L_I2C1_Rd17
;__Lib_I2C_c34.c,103 :: 		
L_I2C1_Rd19:
;__Lib_I2C_c34.c,104 :: 		
0x0060	0x3001      	MOVLW      1
0x0061	0x1283      	BCF        STATUS, 5
0x0062	0x1303      	BCF        STATUS, 6
0x0063	0x02CB      	SUBWF      I2C1_Rd_timeout_L0, 1
0x0064	0x1C03      	BTFSS      STATUS, 0
0x0065	0x02CC      	SUBWF      I2C1_Rd_timeout_L0+1, 1
0x0066	0x1C03      	BTFSS      STATUS, 0
0x0067	0x02CD      	SUBWF      I2C1_Rd_timeout_L0+2, 1
0x0068	0x1C03      	BTFSS      STATUS, 0
0x0069	0x02CE      	SUBWF      I2C1_Rd_timeout_L0+3, 1
;__Lib_I2C_c34.c,105 :: 		
L_I2C1_Rd18:
;__Lib_I2C_c34.c,106 :: 		
0x006A	0x2844      	GOTO       L_I2C1_Rd16
L_I2C1_Rd17:
0x006B	0x1283      	BCF        STATUS, 5
0x006C	0x1303      	BCF        STATUS, 6
;__Lib_I2C_c34.c,108 :: 		
0x006D	0x0813      	MOVF       SSPBUF, 0
0x006E	0x00CA      	MOVWF      I2C1_Rd_tmp_L0
;__Lib_I2C_c34.c,109 :: 		
0x006F	0x0821      	MOVF       FARG_I2C1_Rd_ack, 0
0x0070	0x3A00      	XORLW      0
0x0071	0x1D03      	BTFSS      STATUS, 2
0x0072	0x2876      	GOTO       L_I2C1_Rd20
;__Lib_I2C_c34.c,110 :: 		
0x0073	0x1683      	BSF        STATUS, 5
0x0074	0x1691      	BSF        SSPCON2, 5
0x0075	0x2878      	GOTO       L_I2C1_Rd21
L_I2C1_Rd20:
0x0076	0x1683      	BSF        STATUS, 5
;__Lib_I2C_c34.c,112 :: 		
0x0077	0x1291      	BCF        SSPCON2, 5
L_I2C1_Rd21:
;__Lib_I2C_c34.c,114 :: 		
0x0078	0x1283      	BCF        STATUS, 5
0x0079	0x118C      	BCF        PIR1, 3
;__Lib_I2C_c34.c,115 :: 		
0x007A	0x1683      	BSF        STATUS, 5
0x007B	0x1611      	BSF        SSPCON2, 4
;__Lib_I2C_c34.c,118 :: 		
0x007C	0x1283      	BCF        STATUS, 5
0x007D	0x0826      	MOVF       __Lib_I2C_c34__I2C1_TIMEOUT, 0
0x007E	0x00CB      	MOVWF      I2C1_Rd_timeout_L0
0x007F	0x0827      	MOVF       __Lib_I2C_c34__I2C1_TIMEOUT+1, 0
0x0080	0x00CC      	MOVWF      I2C1_Rd_timeout_L0+1
0x0081	0x0828      	MOVF       __Lib_I2C_c34__I2C1_TIMEOUT+2, 0
0x0082	0x00CD      	MOVWF      I2C1_Rd_timeout_L0+2
0x0083	0x0829      	MOVF       __Lib_I2C_c34__I2C1_TIMEOUT+3, 0
0x0084	0x00CE      	MOVWF      I2C1_Rd_timeout_L0+3
;__Lib_I2C_c34.c,120 :: 		
L_I2C1_Rd22:
0x0085	0x198C      	BTFSC      PIR1, 3
0x0086	0x28AB      	GOTO       L_I2C1_Rd23
;__Lib_I2C_c34.c,123 :: 		
0x0087	0x0826      	MOVF       __Lib_I2C_c34__I2C1_TIMEOUT, 0
0x0088	0x0427      	IORWF      __Lib_I2C_c34__I2C1_TIMEOUT+1, 0
0x0089	0x0428      	IORWF      __Lib_I2C_c34__I2C1_TIMEOUT+2, 0
0x008A	0x0429      	IORWF      __Lib_I2C_c34__I2C1_TIMEOUT+3, 0
0x008B	0x1903      	BTFSC      STATUS, 2
0x008C	0x28AA      	GOTO       L_I2C1_Rd24
;__Lib_I2C_c34.c,125 :: 		
0x008D	0x084B      	MOVF       I2C1_Rd_timeout_L0, 0
0x008E	0x044C      	IORWF      I2C1_Rd_timeout_L0+1, 0
0x008F	0x044D      	IORWF      I2C1_Rd_timeout_L0+2, 0
0x0090	0x044E      	IORWF      I2C1_Rd_timeout_L0+3, 0
0x0091	0x1D03      	BTFSS      STATUS, 2
0x0092	0x28A0      	GOTO       L_I2C1_Rd25
;__Lib_I2C_c34.c,127 :: 		
0x0093	0x0832      	MOVF       _I2C1_Timeout_Ptr+2, 0
0x0094	0x0084      	MOVWF      FSR
0x0095	0x3003      	MOVLW      3
0x0096	0x0080      	MOVWF      INDF
0x0097	0x0A84      	INCF       FSR, 1
0x0098	0x0830      	MOVF       _I2C1_Timeout_Ptr, 0
0x0099	0x00AB      	MOVWF      ___DoICPAddr
0x009A	0x0831      	MOVF       _I2C1_Timeout_Ptr+1, 0
0x009B	0x00AC      	MOVWF      ___DoICPAddr+1
0x009C	0x2013      	CALL       _____DoIFC
0x009D	0x118A      	BCF        PCLATH, 3
0x009E	0x120A      	BCF        PCLATH, 4
;__Lib_I2C_c34.c,128 :: 		
0x009F	0x28AB      	GOTO       L_I2C1_Rd23
;__Lib_I2C_c34.c,129 :: 		
L_I2C1_Rd25:
;__Lib_I2C_c34.c,130 :: 		
0x00A0	0x3001      	MOVLW      1
0x00A1	0x1283      	BCF        STATUS, 5
0x00A2	0x1303      	BCF        STATUS, 6
0x00A3	0x02CB      	SUBWF      I2C1_Rd_timeout_L0, 1
0x00A4	0x1C03      	BTFSS      STATUS, 0
0x00A5	0x02CC      	SUBWF      I2C1_Rd_timeout_L0+1, 1
0x00A6	0x1C03      	BTFSS      STATUS, 0
0x00A7	0x02CD      	SUBWF      I2C1_Rd_timeout_L0+2, 1
0x00A8	0x1C03      	BTFSS      STATUS, 0
0x00A9	0x02CE      	SUBWF      I2C1_Rd_timeout_L0+3, 1
;__Lib_I2C_c34.c,131 :: 		
L_I2C1_Rd24:
;__Lib_I2C_c34.c,132 :: 		
0x00AA	0x2885      	GOTO       L_I2C1_Rd22
L_I2C1_Rd23:
0x00AB	0x1283      	BCF        STATUS, 5
0x00AC	0x1303      	BCF        STATUS, 6
;__Lib_I2C_c34.c,134 :: 		
0x00AD	0x084A      	MOVF       I2C1_Rd_tmp_L0, 0
0x00AE	0x00F0      	MOVWF      R0
;__Lib_I2C_c34.c,135 :: 		
L_end_I2C1_Rd:
0x00AF	0x0008      	RETURN
; end of _I2C1_Rd
_I2C1_Wr:
;__Lib_I2C_c34.c,137 :: 		
;__Lib_I2C_c34.c,140 :: 		
0x00B0	0x1283      	BCF        STATUS, 5
0x00B1	0x1303      	BCF        STATUS, 6
0x00B2	0x118C      	BCF        PIR1, 3
;__Lib_I2C_c34.c,141 :: 		
0x00B3	0x0820      	MOVF       FARG_I2C1_Wr_data_, 0
0x00B4	0x0093      	MOVWF      SSPBUF
;__Lib_I2C_c34.c,143 :: 		
0x00B5	0x0826      	MOVF       __Lib_I2C_c34__I2C1_TIMEOUT, 0
0x00B6	0x00CA      	MOVWF      I2C1_Wr_timeout_L0
0x00B7	0x0827      	MOVF       __Lib_I2C_c34__I2C1_TIMEOUT+1, 0
0x00B8	0x00CB      	MOVWF      I2C1_Wr_timeout_L0+1
0x00B9	0x0828      	MOVF       __Lib_I2C_c34__I2C1_TIMEOUT+2, 0
0x00BA	0x00CC      	MOVWF      I2C1_Wr_timeout_L0+2
0x00BB	0x0829      	MOVF       __Lib_I2C_c34__I2C1_TIMEOUT+3, 0
0x00BC	0x00CD      	MOVWF      I2C1_Wr_timeout_L0+3
;__Lib_I2C_c34.c,145 :: 		
L_I2C1_Wr26:
0x00BD	0x1683      	BSF        STATUS, 5
0x00BE	0x1D14      	BTFSS      SSPSTAT, 2
0x00BF	0x28E7      	GOTO       L_I2C1_Wr27
;__Lib_I2C_c34.c,148 :: 		
0x00C0	0x1283      	BCF        STATUS, 5
0x00C1	0x0826      	MOVF       __Lib_I2C_c34__I2C1_TIMEOUT, 0
0x00C2	0x0427      	IORWF      __Lib_I2C_c34__I2C1_TIMEOUT+1, 0
0x00C3	0x0428      	IORWF      __Lib_I2C_c34__I2C1_TIMEOUT+2, 0
0x00C4	0x0429      	IORWF      __Lib_I2C_c34__I2C1_TIMEOUT+3, 0
0x00C5	0x1903      	BTFSC      STATUS, 2
0x00C6	0x28E6      	GOTO       L_I2C1_Wr28
;__Lib_I2C_c34.c,150 :: 		
0x00C7	0x084A      	MOVF       I2C1_Wr_timeout_L0, 0
0x00C8	0x044B      	IORWF      I2C1_Wr_timeout_L0+1, 0
0x00C9	0x044C      	IORWF      I2C1_Wr_timeout_L0+2, 0
0x00CA	0x044D      	IORWF      I2C1_Wr_timeout_L0+3, 0
0x00CB	0x1D03      	BTFSS      STATUS, 2
0x00CC	0x28DE      	GOTO       L_I2C1_Wr29
;__Lib_I2C_c34.c,152 :: 		
0x00CD	0x0832      	MOVF       _I2C1_Timeout_Ptr+2, 0
0x00CE	0x0084      	MOVWF      FSR
0x00CF	0x3004      	MOVLW      4
0x00D0	0x0080      	MOVWF      INDF
0x00D1	0x0A84      	INCF       FSR, 1
0x00D2	0x0830      	MOVF       _I2C1_Timeout_Ptr, 0
0x00D3	0x00AB      	MOVWF      ___DoICPAddr
0x00D4	0x0831      	MOVF       _I2C1_Timeout_Ptr+1, 0
0x00D5	0x00AC      	MOVWF      ___DoICPAddr+1
0x00D6	0x2013      	CALL       _____DoIFC
0x00D7	0x118A      	BCF        PCLATH, 3
0x00D8	0x120A      	BCF        PCLATH, 4
;__Lib_I2C_c34.c,153 :: 		
0x00D9	0x3001      	MOVLW      1
0x00DA	0x1283      	BCF        STATUS, 5
0x00DB	0x1303      	BCF        STATUS, 6
0x00DC	0x00F0      	MOVWF      R0
0x00DD	0x2920      	GOTO       L_end_I2C1_Wr
;__Lib_I2C_c34.c,154 :: 		
L_I2C1_Wr29:
;__Lib_I2C_c34.c,155 :: 		
0x00DE	0x3001      	MOVLW      1
0x00DF	0x02CA      	SUBWF      I2C1_Wr_timeout_L0, 1
0x00E0	0x1C03      	BTFSS      STATUS, 0
0x00E1	0x02CB      	SUBWF      I2C1_Wr_timeout_L0+1, 1
0x00E2	0x1C03      	BTFSS      STATUS, 0
0x00E3	0x02CC      	SUBWF      I2C1_Wr_timeout_L0+2, 1
0x00E4	0x1C03      	BTFSS      STATUS, 0
0x00E5	0x02CD      	SUBWF      I2C1_Wr_timeout_L0+3, 1
;__Lib_I2C_c34.c,156 :: 		
L_I2C1_Wr28:
;__Lib_I2C_c34.c,157 :: 		
0x00E6	0x28BD      	GOTO       L_I2C1_Wr26
L_I2C1_Wr27:
0x00E7	0x1283      	BCF        STATUS, 5
;__Lib_I2C_c34.c,159 :: 		
0x00E8	0x0826      	MOVF       __Lib_I2C_c34__I2C1_TIMEOUT, 0
0x00E9	0x00CA      	MOVWF      I2C1_Wr_timeout_L0
0x00EA	0x0827      	MOVF       __Lib_I2C_c34__I2C1_TIMEOUT+1, 0
0x00EB	0x00CB      	MOVWF      I2C1_Wr_timeout_L0+1
0x00EC	0x0828      	MOVF       __Lib_I2C_c34__I2C1_TIMEOUT+2, 0
0x00ED	0x00CC      	MOVWF      I2C1_Wr_timeout_L0+2
0x00EE	0x0829      	MOVF       __Lib_I2C_c34__I2C1_TIMEOUT+3, 0
0x00EF	0x00CD      	MOVWF      I2C1_Wr_timeout_L0+3
;__Lib_I2C_c34.c,161 :: 		
L_I2C1_Wr30:
0x00F0	0x198C      	BTFSC      PIR1, 3
0x00F1	0x2918      	GOTO       L_I2C1_Wr31
;__Lib_I2C_c34.c,164 :: 		
0x00F2	0x0826      	MOVF       __Lib_I2C_c34__I2C1_TIMEOUT, 0
0x00F3	0x0427      	IORWF      __Lib_I2C_c34__I2C1_TIMEOUT+1, 0
0x00F4	0x0428      	IORWF      __Lib_I2C_c34__I2C1_TIMEOUT+2, 0
0x00F5	0x0429      	IORWF      __Lib_I2C_c34__I2C1_TIMEOUT+3, 0
0x00F6	0x1903      	BTFSC      STATUS, 2
0x00F7	0x2917      	GOTO       L_I2C1_Wr32
;__Lib_I2C_c34.c,166 :: 		
0x00F8	0x084A      	MOVF       I2C1_Wr_timeout_L0, 0
0x00F9	0x044B      	IORWF      I2C1_Wr_timeout_L0+1, 0
0x00FA	0x044C      	IORWF      I2C1_Wr_timeout_L0+2, 0
0x00FB	0x044D      	IORWF      I2C1_Wr_timeout_L0+3, 0
0x00FC	0x1D03      	BTFSS      STATUS, 2
0x00FD	0x290F      	GOTO       L_I2C1_Wr33
;__Lib_I2C_c34.c,168 :: 		
0x00FE	0x0832      	MOVF       _I2C1_Timeout_Ptr+2, 0
0x00FF	0x0084      	MOVWF      FSR
0x0100	0x3004      	MOVLW      4
0x0101	0x0080      	MOVWF      INDF
0x0102	0x0A84      	INCF       FSR, 1
0x0103	0x0830      	MOVF       _I2C1_Timeout_Ptr, 0
0x0104	0x00AB      	MOVWF      ___DoICPAddr
0x0105	0x0831      	MOVF       _I2C1_Timeout_Ptr+1, 0
0x0106	0x00AC      	MOVWF      ___DoICPAddr+1
0x0107	0x2013      	CALL       _____DoIFC
0x0108	0x118A      	BCF        PCLATH, 3
0x0109	0x120A      	BCF        PCLATH, 4
;__Lib_I2C_c34.c,169 :: 		
0x010A	0x3001      	MOVLW      1
0x010B	0x1283      	BCF        STATUS, 5
0x010C	0x1303      	BCF        STATUS, 6
0x010D	0x00F0      	MOVWF      R0
0x010E	0x2920      	GOTO       L_end_I2C1_Wr
;__Lib_I2C_c34.c,170 :: 		
L_I2C1_Wr33:
;__Lib_I2C_c34.c,171 :: 		
0x010F	0x3001      	MOVLW      1
0x0110	0x02CA      	SUBWF      I2C1_Wr_timeout_L0, 1
0x0111	0x1C03      	BTFSS      STATUS, 0
0x0112	0x02CB      	SUBWF      I2C1_Wr_timeout_L0+1, 1
0x0113	0x1C03      	BTFSS      STATUS, 0
0x0114	0x02CC      	SUBWF      I2C1_Wr_timeout_L0+2, 1
0x0115	0x1C03      	BTFSS      STATUS, 0
0x0116	0x02CD      	SUBWF      I2C1_Wr_timeout_L0+3, 1
;__Lib_I2C_c34.c,172 :: 		
L_I2C1_Wr32:
;__Lib_I2C_c34.c,173 :: 		
0x0117	0x28F0      	GOTO       L_I2C1_Wr30
L_I2C1_Wr31:
;__Lib_I2C_c34.c,175 :: 		
0x0118	0x1683      	BSF        STATUS, 5
0x0119	0x1B11      	BTFSC      SSPCON2, 6
0x011A	0x291D      	GOTO       L_I2C1_Wr34
;__Lib_I2C_c34.c,176 :: 		
0x011B	0x01F0      	CLRF       R0
0x011C	0x2920      	GOTO       L_end_I2C1_Wr
;__Lib_I2C_c34.c,177 :: 		
L_I2C1_Wr34:
;__Lib_I2C_c34.c,179 :: 		
0x011D	0x1511      	BSF        SSPCON2, 2
;__Lib_I2C_c34.c,180 :: 		
0x011E	0x3002      	MOVLW      2
0x011F	0x00F0      	MOVWF      R0
;__Lib_I2C_c34.c,182 :: 		
L_end_I2C1_Wr:
0x0120	0x0008      	RETURN
; end of _I2C1_Wr
_I2C1_Start:
;__Lib_I2C_c34.c,33 :: 		
;__Lib_I2C_c34.c,37 :: 		
0x0121	0x1283      	BCF        STATUS, 5
0x0122	0x1303      	BCF        STATUS, 6
0x0123	0x0826      	MOVF       __Lib_I2C_c34__I2C1_TIMEOUT, 0
0x0124	0x00CC      	MOVWF      I2C1_Start_timeout_L0
0x0125	0x0827      	MOVF       __Lib_I2C_c34__I2C1_TIMEOUT+1, 0
0x0126	0x00CD      	MOVWF      I2C1_Start_timeout_L0+1
0x0127	0x0828      	MOVF       __Lib_I2C_c34__I2C1_TIMEOUT+2, 0
0x0128	0x00CE      	MOVWF      I2C1_Start_timeout_L0+2
0x0129	0x0829      	MOVF       __Lib_I2C_c34__I2C1_TIMEOUT+3, 0
0x012A	0x00CF      	MOVWF      I2C1_Start_timeout_L0+3
;__Lib_I2C_c34.c,39 :: 		
0x012B	0x01CA      	CLRF       I2C1_Start_j_L0
0x012C	0x01CB      	CLRF       I2C1_Start_j_L0+1
L_I2C1_Start2:
0x012D	0x084B      	MOVF       I2C1_Start_j_L0+1, 0
0x012E	0x3C12      	SUBLW      18
0x012F	0x1D03      	BTFSS      STATUS, 2
0x0130	0x2933      	GOTO       L__I2C1_Start39
0x0131	0x084A      	MOVF       I2C1_Start_j_L0, 0
0x0132	0x3C8E      	SUBLW      142
L__I2C1_Start39:
0x0133	0x1C03      	BTFSS      STATUS, 0
0x0134	0x293F      	GOTO       L_I2C1_Start3
;__Lib_I2C_c34.c,40 :: 		
0x0135	0x2003      	CALL       _I2C1_Is_Idle
0x0136	0x0870      	MOVF       R0, 0
0x0137	0x1903      	BTFSC      STATUS, 2
0x0138	0x293A      	GOTO       L_I2C1_Start5
;__Lib_I2C_c34.c,41 :: 		
0x0139	0x293F      	GOTO       L_I2C1_Start3
L_I2C1_Start5:
;__Lib_I2C_c34.c,39 :: 		
0x013A	0x1283      	BCF        STATUS, 5
0x013B	0x0ACA      	INCF       I2C1_Start_j_L0, 1
0x013C	0x1903      	BTFSC      STATUS, 2
0x013D	0x0ACB      	INCF       I2C1_Start_j_L0+1, 1
;__Lib_I2C_c34.c,42 :: 		
0x013E	0x292D      	GOTO       L_I2C1_Start2
L_I2C1_Start3:
0x013F	0x1283      	BCF        STATUS, 5
;__Lib_I2C_c34.c,44 :: 		
0x0140	0x3012      	MOVLW      18
0x0141	0x024B      	SUBWF      I2C1_Start_j_L0+1, 0
0x0142	0x1D03      	BTFSS      STATUS, 2
0x0143	0x2946      	GOTO       L__I2C1_Start40
0x0144	0x308F      	MOVLW      143
0x0145	0x024A      	SUBWF      I2C1_Start_j_L0, 0
L__I2C1_Start40:
0x0146	0x1C03      	BTFSS      STATUS, 0
0x0147	0x294B      	GOTO       L_I2C1_Start6
;__Lib_I2C_c34.c,45 :: 		
0x0148	0x307B      	MOVLW      123
0x0149	0x00F0      	MOVWF      R0
0x014A	0x2978      	GOTO       L_end_I2C1_Start
L_I2C1_Start6:
;__Lib_I2C_c34.c,47 :: 		
0x014B	0x1683      	BSF        STATUS, 5
0x014C	0x1411      	BSF        SSPCON2, 0
;__Lib_I2C_c34.c,48 :: 		
L_I2C1_Start8:
0x014D	0x1683      	BSF        STATUS, 5
0x014E	0x1C11      	BTFSS      SSPCON2, 0
0x014F	0x2977      	GOTO       L_I2C1_Start9
;__Lib_I2C_c34.c,50 :: 		
0x0150	0x1283      	BCF        STATUS, 5
0x0151	0x0826      	MOVF       __Lib_I2C_c34__I2C1_TIMEOUT, 0
0x0152	0x0427      	IORWF      __Lib_I2C_c34__I2C1_TIMEOUT+1, 0
0x0153	0x0428      	IORWF      __Lib_I2C_c34__I2C1_TIMEOUT+2, 0
0x0154	0x0429      	IORWF      __Lib_I2C_c34__I2C1_TIMEOUT+3, 0
0x0155	0x1903      	BTFSC      STATUS, 2
0x0156	0x2976      	GOTO       L_I2C1_Start10
;__Lib_I2C_c34.c,52 :: 		
0x0157	0x084C      	MOVF       I2C1_Start_timeout_L0, 0
0x0158	0x044D      	IORWF      I2C1_Start_timeout_L0+1, 0
0x0159	0x044E      	IORWF      I2C1_Start_timeout_L0+2, 0
0x015A	0x044F      	IORWF      I2C1_Start_timeout_L0+3, 0
0x015B	0x1D03      	BTFSS      STATUS, 2
0x015C	0x296E      	GOTO       L_I2C1_Start11
;__Lib_I2C_c34.c,54 :: 		
0x015D	0x0832      	MOVF       _I2C1_Timeout_Ptr+2, 0
0x015E	0x0084      	MOVWF      FSR
0x015F	0x3005      	MOVLW      5
0x0160	0x0080      	MOVWF      INDF
0x0161	0x0A84      	INCF       FSR, 1
0x0162	0x0830      	MOVF       _I2C1_Timeout_Ptr, 0
0x0163	0x00AB      	MOVWF      ___DoICPAddr
0x0164	0x0831      	MOVF       _I2C1_Timeout_Ptr+1, 0
0x0165	0x00AC      	MOVWF      ___DoICPAddr+1
0x0166	0x2013      	CALL       _____DoIFC
0x0167	0x118A      	BCF        PCLATH, 3
0x0168	0x120A      	BCF        PCLATH, 4
;__Lib_I2C_c34.c,55 :: 		
0x0169	0x3001      	MOVLW      1
0x016A	0x1283      	BCF        STATUS, 5
0x016B	0x1303      	BCF        STATUS, 6
0x016C	0x00F0      	MOVWF      R0
0x016D	0x2978      	GOTO       L_end_I2C1_Start
;__Lib_I2C_c34.c,56 :: 		
L_I2C1_Start11:
;__Lib_I2C_c34.c,57 :: 		
0x016E	0x3001      	MOVLW      1
0x016F	0x02CC      	SUBWF      I2C1_Start_timeout_L0, 1
0x0170	0x1C03      	BTFSS      STATUS, 0
0x0171	0x02CD      	SUBWF      I2C1_Start_timeout_L0+1, 1
0x0172	0x1C03      	BTFSS      STATUS, 0
0x0173	0x02CE      	SUBWF      I2C1_Start_timeout_L0+2, 1
0x0174	0x1C03      	BTFSS      STATUS, 0
0x0175	0x02CF      	SUBWF      I2C1_Start_timeout_L0+3, 1
;__Lib_I2C_c34.c,58 :: 		
L_I2C1_Start10:
;__Lib_I2C_c34.c,59 :: 		
0x0176	0x294D      	GOTO       L_I2C1_Start8
L_I2C1_Start9:
;__Lib_I2C_c34.c,60 :: 		
0x0177	0x01F0      	CLRF       R0
;__Lib_I2C_c34.c,62 :: 		
L_end_I2C1_Start:
0x0178	0x0008      	RETURN
; end of _I2C1_Start
_I2C1_Repeated_Start:
;__Lib_I2C_c34.c,64 :: 		
;__Lib_I2C_c34.c,67 :: 		
0x0179	0x1283      	BCF        STATUS, 5
0x017A	0x1303      	BCF        STATUS, 6
0x017B	0x0826      	MOVF       __Lib_I2C_c34__I2C1_TIMEOUT, 0
0x017C	0x00CA      	MOVWF      I2C1_Repeated_Start_timeout_L0
0x017D	0x0827      	MOVF       __Lib_I2C_c34__I2C1_TIMEOUT+1, 0
0x017E	0x00CB      	MOVWF      I2C1_Repeated_Start_timeout_L0+1
0x017F	0x0828      	MOVF       __Lib_I2C_c34__I2C1_TIMEOUT+2, 0
0x0180	0x00CC      	MOVWF      I2C1_Repeated_Start_timeout_L0+2
0x0181	0x0829      	MOVF       __Lib_I2C_c34__I2C1_TIMEOUT+3, 0
0x0182	0x00CD      	MOVWF      I2C1_Repeated_Start_timeout_L0+3
;__Lib_I2C_c34.c,69 :: 		
0x0183	0x1683      	BSF        STATUS, 5
0x0184	0x1491      	BSF        SSPCON2, 1
;__Lib_I2C_c34.c,70 :: 		
L_I2C1_Repeated_Start12:
0x0185	0x1683      	BSF        STATUS, 5
0x0186	0x1C91      	BTFSS      SSPCON2, 1
0x0187	0x29AD      	GOTO       L_I2C1_Repeated_Start13
;__Lib_I2C_c34.c,73 :: 		
0x0188	0x1283      	BCF        STATUS, 5
0x0189	0x0826      	MOVF       __Lib_I2C_c34__I2C1_TIMEOUT, 0
0x018A	0x0427      	IORWF      __Lib_I2C_c34__I2C1_TIMEOUT+1, 0
0x018B	0x0428      	IORWF      __Lib_I2C_c34__I2C1_TIMEOUT+2, 0
0x018C	0x0429      	IORWF      __Lib_I2C_c34__I2C1_TIMEOUT+3, 0
0x018D	0x1903      	BTFSC      STATUS, 2
0x018E	0x29AC      	GOTO       L_I2C1_Repeated_Start14
;__Lib_I2C_c34.c,75 :: 		
0x018F	0x084A      	MOVF       I2C1_Repeated_Start_timeout_L0, 0
0x0190	0x044B      	IORWF      I2C1_Repeated_Start_timeout_L0+1, 0
0x0191	0x044C      	IORWF      I2C1_Repeated_Start_timeout_L0+2, 0
0x0192	0x044D      	IORWF      I2C1_Repeated_Start_timeout_L0+3, 0
0x0193	0x1D03      	BTFSS      STATUS, 2
0x0194	0x29A2      	GOTO       L_I2C1_Repeated_Start15
;__Lib_I2C_c34.c,77 :: 		
0x0195	0x0832      	MOVF       _I2C1_Timeout_Ptr+2, 0
0x0196	0x0084      	MOVWF      FSR
0x0197	0x3006      	MOVLW      6
0x0198	0x0080      	MOVWF      INDF
0x0199	0x0A84      	INCF       FSR, 1
0x019A	0x0830      	MOVF       _I2C1_Timeout_Ptr, 0
0x019B	0x00AB      	MOVWF      ___DoICPAddr
0x019C	0x0831      	MOVF       _I2C1_Timeout_Ptr+1, 0
0x019D	0x00AC      	MOVWF      ___DoICPAddr+1
0x019E	0x2013      	CALL       _____DoIFC
0x019F	0x118A      	BCF        PCLATH, 3
0x01A0	0x120A      	BCF        PCLATH, 4
;__Lib_I2C_c34.c,78 :: 		
0x01A1	0x29AD      	GOTO       L_I2C1_Repeated_Start13
;__Lib_I2C_c34.c,79 :: 		
L_I2C1_Repeated_Start15:
;__Lib_I2C_c34.c,80 :: 		
0x01A2	0x3001      	MOVLW      1
0x01A3	0x1283      	BCF        STATUS, 5
0x01A4	0x1303      	BCF        STATUS, 6
0x01A5	0x02CA      	SUBWF      I2C1_Repeated_Start_timeout_L0, 1
0x01A6	0x1C03      	BTFSS      STATUS, 0
0x01A7	0x02CB      	SUBWF      I2C1_Repeated_Start_timeout_L0+1, 1
0x01A8	0x1C03      	BTFSS      STATUS, 0
0x01A9	0x02CC      	SUBWF      I2C1_Repeated_Start_timeout_L0+2, 1
0x01AA	0x1C03      	BTFSS      STATUS, 0
0x01AB	0x02CD      	SUBWF      I2C1_Repeated_Start_timeout_L0+3, 1
;__Lib_I2C_c34.c,81 :: 		
L_I2C1_Repeated_Start14:
;__Lib_I2C_c34.c,82 :: 		
0x01AC	0x2985      	GOTO       L_I2C1_Repeated_Start12
L_I2C1_Repeated_Start13:
;__Lib_I2C_c34.c,83 :: 		
L_end_I2C1_Repeated_Start:
0x01AD	0x0008      	RETURN
; end of _I2C1_Repeated_Start
_Bcd2Dec:
;__Lib_Conversions.c,368 :: 		
;__Lib_Conversions.c,369 :: 		
;__Lib_Conversions.c,371 :: 		
0x01AE	0x1283      	BCF        STATUS, 5
0x01AF	0x1303      	BCF        STATUS, 6
0x01B0	0x0846      	MOVF       FARG_Bcd2Dec_bcdnum, 0
0x01B1	0x00F0      	MOVWF      R0
0x01B2	0x0CF0      	RRF        R0, 1
0x01B3	0x13F0      	BCF        R0, 7
0x01B4	0x0CF0      	RRF        R0, 1
0x01B5	0x13F0      	BCF        R0, 7
0x01B6	0x0CF0      	RRF        R0, 1
0x01B7	0x13F0      	BCF        R0, 7
0x01B8	0x0CF0      	RRF        R0, 1
0x01B9	0x13F0      	BCF        R0, 7
0x01BA	0x300A      	MOVLW      10
0x01BB	0x00F4      	MOVWF      R4
0x01BC	0x201A      	CALL       _Mul_8X8_U
;__Lib_Conversions.c,372 :: 		
0x01BD	0x300F      	MOVLW      15
0x01BE	0x0546      	ANDWF      FARG_Bcd2Dec_bcdnum, 0
0x01BF	0x00F1      	MOVWF      R1
0x01C0	0x0871      	MOVF       R1, 0
0x01C1	0x07F0      	ADDWF      R0, 1
;__Lib_Conversions.c,373 :: 		
;__Lib_Conversions.c,374 :: 		
L_end_Bcd2Dec:
0x01C2	0x0008      	RETURN
; end of _Bcd2Dec
_read_I2C:
;I2C.c,21 :: 		u8 read_I2C(u8 sa_addr,u16 buf_addr)
;I2C.c,23 :: 		u8 buf=0;
0x01C3	0x1283      	BCF        STATUS, 5
0x01C4	0x1303      	BCF        STATUS, 6
0x01C5	0x01C9      	CLRF       read_I2C_buf_L0
;I2C.c,24 :: 		I2C1_Start();
0x01C6	0x2121      	CALL       _I2C1_Start
;I2C.c,25 :: 		I2C1_Wr(sa_addr | ((buf_addr>>7)&0x0E));
0x01C7	0x3007      	MOVLW      7
0x01C8	0x1283      	BCF        STATUS, 5
0x01C9	0x1303      	BCF        STATUS, 6
0x01CA	0x00F2      	MOVWF      R2
0x01CB	0x0847      	MOVF       FARG_read_I2C_buf_addr, 0
0x01CC	0x00F0      	MOVWF      R0
0x01CD	0x0848      	MOVF       FARG_read_I2C_buf_addr+1, 0
0x01CE	0x00F1      	MOVWF      R0+1
0x01CF	0x0872      	MOVF       R2, 0
L__read_I2C7:
0x01D0	0x1903      	BTFSC      STATUS, 2
0x01D1	0x29D7      	GOTO       L__read_I2C8
0x01D2	0x0CF1      	RRF        R0+1, 1
0x01D3	0x0CF0      	RRF        R0, 1
0x01D4	0x13F1      	BCF        R0+1, 7
0x01D5	0x3EFF      	ADDLW      255
0x01D6	0x29D0      	GOTO       L__read_I2C7
L__read_I2C8:
0x01D7	0x300E      	MOVLW      14
0x01D8	0x05F0      	ANDWF      R0, 1
0x01D9	0x0870      	MOVF       R0, 0
0x01DA	0x0446      	IORWF      FARG_read_I2C_sa_addr, 0
0x01DB	0x00A0      	MOVWF      FARG_I2C1_Wr_data_
0x01DC	0x20B0      	CALL       _I2C1_Wr
;I2C.c,26 :: 		I2C1_Wr((u8)buf_addr&0xFF);
0x01DD	0x30FF      	MOVLW      255
0x01DE	0x1283      	BCF        STATUS, 5
0x01DF	0x1303      	BCF        STATUS, 6
0x01E0	0x0547      	ANDWF      FARG_read_I2C_buf_addr, 0
0x01E1	0x00A0      	MOVWF      FARG_I2C1_Wr_data_
0x01E2	0x20B0      	CALL       _I2C1_Wr
;I2C.c,27 :: 		I2C1_Repeated_Start();
0x01E3	0x2179      	CALL       _I2C1_Repeated_Start
;I2C.c,28 :: 		I2C1_wr(sa_addr|1);
0x01E4	0x3001      	MOVLW      1
0x01E5	0x1283      	BCF        STATUS, 5
0x01E6	0x1303      	BCF        STATUS, 6
0x01E7	0x0446      	IORWF      FARG_read_I2C_sa_addr, 0
0x01E8	0x00A0      	MOVWF      FARG_I2C1_Wr_data_
0x01E9	0x20B0      	CALL       _I2C1_Wr
;I2C.c,29 :: 		buf=I2C1_Rd(0);
0x01EA	0x1283      	BCF        STATUS, 5
0x01EB	0x1303      	BCF        STATUS, 6
0x01EC	0x01A1      	CLRF       FARG_I2C1_Rd_ack
0x01ED	0x2037      	CALL       _I2C1_Rd
0x01EE	0x0870      	MOVF       R0, 0
0x01EF	0x00C9      	MOVWF      read_I2C_buf_L0
;I2C.c,30 :: 		I2C1_Stop();
0x01F0	0x2033      	CALL       _I2C1_Stop
;I2C.c,31 :: 		return buf;
0x01F1	0x1283      	BCF        STATUS, 5
0x01F2	0x0849      	MOVF       read_I2C_buf_L0, 0
0x01F3	0x00F0      	MOVWF      R0
;I2C.c,32 :: 		}
L_end_read_I2C:
0x01F4	0x0008      	RETURN
; end of _read_I2C
_____DoICP:
;__Lib_System.c,6 :: 		
;__Lib_System.c,9 :: 		
0x01F5	0x1283      	BCF        STATUS, 5
0x01F6	0x1303      	BCF        STATUS, 6
0x01F7	0x082C      	MOVF       ___DoICPAddr+1, 0
0x01F8	0x008A      	MOVWF      PCLATH
;__Lib_System.c,10 :: 		
0x01F9	0x082B      	MOVF       ___DoICPAddr, 0
0x01FA	0x0082      	MOVWF      PCL
;__Lib_System.c,12 :: 		
L_end_____DoICP:
0x01FB	0x0008      	RETURN
; end of _____DoICP
_Check_time:
;I2C.c,33 :: 		void Check_time(void)
;I2C.c,35 :: 		prev_hrs=hrs;
0x01FC	0x1283      	BCF        STATUS, 5
0x01FD	0x1303      	BCF        STATUS, 6
0x01FE	0x0825      	MOVF       _hrs, 0
0x01FF	0x00A4      	MOVWF      _prev_hrs
;I2C.c,36 :: 		prev_min=mins;
0x0200	0x0823      	MOVF       _mins, 0
0x0201	0x00AA      	MOVWF      _prev_min
;I2C.c,37 :: 		mins=Bcd2Dec(read_I2C(0xD0,0x01));
0x0202	0x30D0      	MOVLW      208
0x0203	0x00C6      	MOVWF      FARG_read_I2C_sa_addr
0x0204	0x3001      	MOVLW      1
0x0205	0x00C7      	MOVWF      FARG_read_I2C_buf_addr
0x0206	0x3000      	MOVLW      0
0x0207	0x00C8      	MOVWF      FARG_read_I2C_buf_addr+1
0x0208	0x21C3      	CALL       _read_I2C
0x0209	0x0870      	MOVF       R0, 0
0x020A	0x00C6      	MOVWF      FARG_Bcd2Dec_bcdnum
0x020B	0x21AE      	CALL       _Bcd2Dec
0x020C	0x0870      	MOVF       R0, 0
0x020D	0x00A3      	MOVWF      _mins
;I2C.c,38 :: 		delay_ms(10);
0x020E	0x301A      	MOVLW      26
0x020F	0x00FC      	MOVWF      R12
0x0210	0x30F8      	MOVLW      248
0x0211	0x00FD      	MOVWF      R13
L_Check_time1:
0x0212	0x0BFD      	DECFSZ     R13, 1
0x0213	0x2A12      	GOTO       L_Check_time1
0x0214	0x0BFC      	DECFSZ     R12, 1
0x0215	0x2A12      	GOTO       L_Check_time1
0x0216	0x0000      	NOP
;I2C.c,39 :: 		hrs=Bcd2Dec(read_I2C(0XD0,0x02));
0x0217	0x30D0      	MOVLW      208
0x0218	0x00C6      	MOVWF      FARG_read_I2C_sa_addr
0x0219	0x3002      	MOVLW      2
0x021A	0x00C7      	MOVWF      FARG_read_I2C_buf_addr
0x021B	0x3000      	MOVLW      0
0x021C	0x00C8      	MOVWF      FARG_read_I2C_buf_addr+1
0x021D	0x21C3      	CALL       _read_I2C
0x021E	0x0870      	MOVF       R0, 0
0x021F	0x00C6      	MOVWF      FARG_Bcd2Dec_bcdnum
0x0220	0x21AE      	CALL       _Bcd2Dec
0x0221	0x0870      	MOVF       R0, 0
0x0222	0x00A5      	MOVWF      _hrs
;I2C.c,40 :: 		delay_ms(10);
0x0223	0x301A      	MOVLW      26
0x0224	0x00FC      	MOVWF      R12
0x0225	0x30F8      	MOVLW      248
0x0226	0x00FD      	MOVWF      R13
L_Check_time2:
0x0227	0x0BFD      	DECFSZ     R13, 1
0x0228	0x2A27      	GOTO       L_Check_time2
0x0229	0x0BFC      	DECFSZ     R12, 1
0x022A	0x2A27      	GOTO       L_Check_time2
0x022B	0x0000      	NOP
;I2C.c,41 :: 		}
L_end_Check_time:
0x022C	0x0008      	RETURN
; end of _Check_time
_write_I2C:
;I2C.c,12 :: 		void write_I2C(u8 sa_addr,u16 buf_addr,u8 dat)
;I2C.c,14 :: 		I2C1_Start();
0x022D	0x2121      	CALL       _I2C1_Start
;I2C.c,15 :: 		I2C1_Wr(sa_addr | ((buf_addr>>7)&0x0E));
0x022E	0x3007      	MOVLW      7
0x022F	0x1283      	BCF        STATUS, 5
0x0230	0x1303      	BCF        STATUS, 6
0x0231	0x00F2      	MOVWF      R2
0x0232	0x0843      	MOVF       FARG_write_I2C_buf_addr, 0
0x0233	0x00F0      	MOVWF      R0
0x0234	0x0844      	MOVF       FARG_write_I2C_buf_addr+1, 0
0x0235	0x00F1      	MOVWF      R0+1
0x0236	0x0872      	MOVF       R2, 0
L__write_I2C4:
0x0237	0x1903      	BTFSC      STATUS, 2
0x0238	0x2A3E      	GOTO       L__write_I2C5
0x0239	0x0CF1      	RRF        R0+1, 1
0x023A	0x0CF0      	RRF        R0, 1
0x023B	0x13F1      	BCF        R0+1, 7
0x023C	0x3EFF      	ADDLW      255
0x023D	0x2A37      	GOTO       L__write_I2C4
L__write_I2C5:
0x023E	0x300E      	MOVLW      14
0x023F	0x05F0      	ANDWF      R0, 1
0x0240	0x0870      	MOVF       R0, 0
0x0241	0x0442      	IORWF      FARG_write_I2C_sa_addr, 0
0x0242	0x00A0      	MOVWF      FARG_I2C1_Wr_data_
0x0243	0x20B0      	CALL       _I2C1_Wr
;I2C.c,16 :: 		I2C1_Wr((u8)buf_addr&0xFF);
0x0244	0x30FF      	MOVLW      255
0x0245	0x1283      	BCF        STATUS, 5
0x0246	0x1303      	BCF        STATUS, 6
0x0247	0x0543      	ANDWF      FARG_write_I2C_buf_addr, 0
0x0248	0x00A0      	MOVWF      FARG_I2C1_Wr_data_
0x0249	0x20B0      	CALL       _I2C1_Wr
;I2C.c,17 :: 		I2C1_Wr(dat);
0x024A	0x1283      	BCF        STATUS, 5
0x024B	0x1303      	BCF        STATUS, 6
0x024C	0x0845      	MOVF       FARG_write_I2C_dat, 0
0x024D	0x00A0      	MOVWF      FARG_I2C1_Wr_data_
0x024E	0x20B0      	CALL       _I2C1_Wr
;I2C.c,18 :: 		I2C1_Stop();
0x024F	0x2033      	CALL       _I2C1_Stop
;I2C.c,19 :: 		Delay_ms(10);
0x0250	0x301A      	MOVLW      26
0x0251	0x00FC      	MOVWF      R12
0x0252	0x30F8      	MOVLW      248
0x0253	0x00FD      	MOVWF      R13
L_write_I2C0:
0x0254	0x0BFD      	DECFSZ     R13, 1
0x0255	0x2A54      	GOTO       L_write_I2C0
0x0256	0x0BFC      	DECFSZ     R12, 1
0x0257	0x2A54      	GOTO       L_write_I2C0
0x0258	0x0000      	NOP
;I2C.c,20 :: 		}
L_end_write_I2C:
0x0259	0x0008      	RETURN
; end of _write_I2C
___CC2DW:
;__Lib_System.c,134 :: 		
;__Lib_System.c,137 :: 		
_CC2D_Loop1:
;__Lib_System.c,139 :: 		
0x025A	0x21F5      	CALL       _____DoICP
0x025B	0x118A      	BCF        PCLATH, 3
0x025C	0x120A      	BCF        PCLATH, 4
;__Lib_System.c,141 :: 		
0x025D	0x0080      	MOVWF      INDF
;__Lib_System.c,142 :: 		
0x025E	0x0A84      	INCF       FSR, 1
;__Lib_System.c,143 :: 		
0x025F	0x0AAB      	INCF       ___DoICPAddr, 1
;__Lib_System.c,145 :: 		
0x0260	0x1903      	BTFSC      STATUS, 2
;__Lib_System.c,146 :: 		
0x0261	0x0AAC      	INCF       ___DoICPAddr+1, 1
;__Lib_System.c,147 :: 		
0x0262	0x03F0      	DECF       R0, 1
;__Lib_System.c,149 :: 		
0x0263	0x1D03      	BTFSS      STATUS, 2
;__Lib_System.c,150 :: 		
0x0264	0x2A5A      	GOTO       _CC2D_Loop1
;__Lib_System.c,152 :: 		
L_end___CC2DW:
0x0265	0x0008      	RETURN
; end of ___CC2DW
_I2C1_Init:
;__Lib_I2C_c34.c,188 :: 		
;__Lib_I2C_c34.c,190 :: 		
0x0266	0x3003      	MOVLW      _I2C1_Is_Idle
0x0267	0x1283      	BCF        STATUS, 5
0x0268	0x1303      	BCF        STATUS, 6
0x0269	0x00AD      	MOVWF      _I2C_Is_Idle_Ptr
0x026A	0x3000      	MOVLW      hi_addr(_I2C1_Is_Idle)
0x026B	0x00AE      	MOVWF      _I2C_Is_Idle_Ptr+1
0x026C	0x3000      	MOVLW      0
0x026D	0x00AF      	MOVWF      _I2C_Is_Idle_Ptr+2
0x026E	0x3000      	MOVLW      0
;__Lib_I2C_c34.c,191 :: 		
0x026F	0x3021      	MOVLW      _I2C1_Start
0x0270	0x00B6      	MOVWF      _I2C_Start_Ptr
0x0271	0x3001      	MOVLW      hi_addr(_I2C1_Start)
0x0272	0x00B7      	MOVWF      _I2C_Start_Ptr+1
0x0273	0x3000      	MOVLW      0
0x0274	0x00B8      	MOVWF      _I2C_Start_Ptr+2
0x0275	0x3000      	MOVLW      0
;__Lib_I2C_c34.c,192 :: 		
0x0276	0x3079      	MOVLW      _I2C1_Repeated_Start
0x0277	0x00B3      	MOVWF      _I2C_Restart_Ptr
0x0278	0x3001      	MOVLW      hi_addr(_I2C1_Repeated_Start)
0x0279	0x00B4      	MOVWF      _I2C_Restart_Ptr+1
0x027A	0x3000      	MOVLW      0
0x027B	0x00B5      	MOVWF      _I2C_Restart_Ptr+2
0x027C	0x3000      	MOVLW      0
;__Lib_I2C_c34.c,193 :: 		
0x027D	0x3037      	MOVLW      _I2C1_Rd
0x027E	0x00BF      	MOVWF      _I2C_Read_Ptr
0x027F	0x3000      	MOVLW      hi_addr(_I2C1_Rd)
0x0280	0x00C0      	MOVWF      _I2C_Read_Ptr+1
0x0281	0x3021      	MOVLW      FARG_I2C1_Rd_ack
0x0282	0x00C1      	MOVWF      _I2C_Read_Ptr+2
0x0283	0x3000      	MOVLW      hi_addr(FARG_I2C1_Rd_ack)
;__Lib_I2C_c34.c,194 :: 		
0x0284	0x30B0      	MOVLW      _I2C1_Wr
0x0285	0x00BC      	MOVWF      _I2C_Write_Ptr
0x0286	0x3000      	MOVLW      hi_addr(_I2C1_Wr)
0x0287	0x00BD      	MOVWF      _I2C_Write_Ptr+1
0x0288	0x3020      	MOVLW      FARG_I2C1_Wr_data_
0x0289	0x00BE      	MOVWF      _I2C_Write_Ptr+2
0x028A	0x3000      	MOVLW      hi_addr(FARG_I2C1_Wr_data_)
;__Lib_I2C_c34.c,195 :: 		
0x028B	0x3033      	MOVLW      _I2C1_Stop
0x028C	0x00B9      	MOVWF      _I2C_Stop_Ptr
0x028D	0x3000      	MOVLW      hi_addr(_I2C1_Stop)
0x028E	0x00BA      	MOVWF      _I2C_Stop_Ptr+1
0x028F	0x3000      	MOVLW      0
0x0290	0x00BB      	MOVWF      _I2C_Stop_Ptr+2
0x0291	0x3000      	MOVLW      0
;__Lib_I2C_c34.c,197 :: 		
0x0292	0x1683      	BSF        STATUS, 5
0x0293	0x1314      	BCF        SSPSTAT, 6
;__Lib_I2C_c34.c,198 :: 		
0x0294	0x1394      	BCF        SSPSTAT, 7
;__Lib_I2C_c34.c,199 :: 		
0x0295	0x1607      	BSF        TRISC4_bit, BitPos(TRISC4_bit+0)
;__Lib_I2C_c34.c,200 :: 		
0x0296	0x1587      	BSF        TRISC3_bit, BitPos(TRISC3_bit+0)
;__Lib_I2C_c34.c,201 :: 		
0x0297	0x3038      	MOVLW      56
0x0298	0x1283      	BCF        STATUS, 5
0x0299	0x0094      	MOVWF      SSPCON
;__Lib_I2C_c34.c,202 :: 		
L_end_I2C1_Init:
0x029A	0x0008      	RETURN
; end of _I2C1_Init
_main:
0x029B	0x22EA      	CALL       746
;fish_tank.c,15 :: 		void main()
;fish_tank.c,17 :: 		ANSEL = 0x00;                        // Configure AN pins as digital I/O
0x029C	0x1683      	BSF        STATUS, 5
0x029D	0x1703      	BSF        STATUS, 6
0x029E	0x0188      	CLRF       ANSEL
;fish_tank.c,18 :: 		ANSELH=0x00;
0x029F	0x0189      	CLRF       ANSELH
;fish_tank.c,19 :: 		I2C1_Init(100000);
0x02A0	0x3014      	MOVLW      20
0x02A1	0x1303      	BCF        STATUS, 6
0x02A2	0x0093      	MOVWF      SSPADD
0x02A3	0x2266      	CALL       _I2C1_Init
;fish_tank.c,22 :: 		delay_ms(1000);
0x02A4	0x300B      	MOVLW      11
0x02A5	0x00FB      	MOVWF      R11
0x02A6	0x3026      	MOVLW      38
0x02A7	0x00FC      	MOVWF      R12
0x02A8	0x305D      	MOVLW      93
0x02A9	0x00FD      	MOVWF      R13
L_main0:
0x02AA	0x0BFD      	DECFSZ     R13, 1
0x02AB	0x2AAA      	GOTO       L_main0
0x02AC	0x0BFC      	DECFSZ     R12, 1
0x02AD	0x2AAA      	GOTO       L_main0
0x02AE	0x0BFB      	DECFSZ     R11, 1
0x02AF	0x2AAA      	GOTO       L_main0
0x02B0	0x0000      	NOP
0x02B1	0x0000      	NOP
;fish_tank.c,24 :: 		write_I2C(0xD0,0x00,0x00);
0x02B2	0x30D0      	MOVLW      208
0x02B3	0x00C2      	MOVWF      FARG_write_I2C_sa_addr
0x02B4	0x01C3      	CLRF       FARG_write_I2C_buf_addr
0x02B5	0x01C4      	CLRF       FARG_write_I2C_buf_addr+1
0x02B6	0x01C5      	CLRF       FARG_write_I2C_dat
0x02B7	0x222D      	CALL       _write_I2C
;fish_tank.c,27 :: 		Check_time();
0x02B8	0x21FC      	CALL       _Check_time
;fish_tank.c,28 :: 		CHECK_VALID_TIME
0x02B9	0x0822      	MOVF       _sec, 0
0x02BA	0x3C3C      	SUBLW      60
0x02BB	0x1C03      	BTFSS      STATUS, 0
0x02BC	0x2AC6      	GOTO       L__main10
0x02BD	0x0823      	MOVF       _mins, 0
0x02BE	0x3C3C      	SUBLW      60
0x02BF	0x1C03      	BTFSS      STATUS, 0
0x02C0	0x2AC6      	GOTO       L__main10
0x02C1	0x0825      	MOVF       _hrs, 0
0x02C2	0x3C18      	SUBLW      24
0x02C3	0x1C03      	BTFSS      STATUS, 0
0x02C4	0x2AC6      	GOTO       L__main10
0x02C5	0x2AC9      	GOTO       L_main3
L__main10:
0x02C6	0x01A2      	CLRF       _sec
0x02C7	0x01A3      	CLRF       _mins
0x02C8	0x01A5      	CLRF       _hrs
L_main3:
;fish_tank.c,33 :: 		while(1)
L_main4:
;fish_tank.c,47 :: 		Check_time();
0x02C9	0x21FC      	CALL       _Check_time
;fish_tank.c,48 :: 		CHECK_VALID_TIME
0x02CA	0x0822      	MOVF       _sec, 0
0x02CB	0x3C3C      	SUBLW      60
0x02CC	0x1C03      	BTFSS      STATUS, 0
0x02CD	0x2AD7      	GOTO       L__main9
0x02CE	0x0823      	MOVF       _mins, 0
0x02CF	0x3C3C      	SUBLW      60
0x02D0	0x1C03      	BTFSS      STATUS, 0
0x02D1	0x2AD7      	GOTO       L__main9
0x02D2	0x0825      	MOVF       _hrs, 0
0x02D3	0x3C18      	SUBLW      24
0x02D4	0x1C03      	BTFSS      STATUS, 0
0x02D5	0x2AD7      	GOTO       L__main9
0x02D6	0x2ADA      	GOTO       L_main8
L__main9:
0x02D7	0x01A2      	CLRF       _sec
0x02D8	0x01A3      	CLRF       _mins
0x02D9	0x01A5      	CLRF       _hrs
L_main8:
;fish_tank.c,49 :: 		}
0x02DA	0x2AC9      	GOTO       L_main4
;fish_tank.c,50 :: 		}
L_end_main:
0x02DB	0x2ADB      	GOTO       $+0
; end of _main
0x02EA	0x3022      	MOVLW      34
0x02EB	0x0084      	MOVWF      FSR
0x02EC	0x3009      	MOVLW      9
0x02ED	0x1283      	BCF        STATUS, 5
0x02EE	0x1303      	BCF        STATUS, 6
0x02EF	0x00F0      	MOVWF      R0
0x02F0	0x30E1      	MOVLW      225
0x02F1	0x00AB      	MOVWF      ___DoICPAddr
0x02F2	0x3002      	MOVLW      2
0x02F3	0x00AC      	MOVWF      44
0x02F4	0x225A      	CALL       602
0x02F5	0x0008      	RETURN
;fish_tank.c,0 :: ?ICS_sec
0x02E1	0x3400 ;?ICS_sec+0
; end of ?ICS_sec
;fish_tank.c,0 :: ?ICS_mins
0x02E2	0x3400 ;?ICS_mins+0
; end of ?ICS_mins
;fish_tank.c,0 :: ?ICS_prev_hrs
0x02E3	0x3400 ;?ICS_prev_hrs+0
; end of ?ICS_prev_hrs
;fish_tank.c,0 :: ?ICS_hrs
0x02E4	0x3400 ;?ICS_hrs+0
; end of ?ICS_hrs
;__Lib_I2C_c34.c,0 :: ?ICS__Lib_I2C_c34__I2C1_TIMEOUT
0x02E5	0x3400 ;?ICS__Lib_I2C_c34__I2C1_TIMEOUT+0
0x02E6	0x3400 ;?ICS__Lib_I2C_c34__I2C1_TIMEOUT+1
0x02E7	0x3400 ;?ICS__Lib_I2C_c34__I2C1_TIMEOUT+2
0x02E8	0x3400 ;?ICS__Lib_I2C_c34__I2C1_TIMEOUT+3
; end of ?ICS__Lib_I2C_c34__I2C1_TIMEOUT
;fish_tank.c,0 :: ?ICS_prev_min
0x02E9	0x3400 ;?ICS_prev_min+0
; end of ?ICS_prev_min
Symbol List:
//** Routines locations **
//ADDRESS    SIZE    PROCEDURE
//----------------------------------------------
0x0003      [16]    _I2C1_Is_Idle
0x0013       [7]    _____DoIFC
0x001A      [25]    _Mul_8X8_U
0x0033       [4]    _I2C1_Stop
0x0037     [121]    _I2C1_Rd
0x00B0     [113]    _I2C1_Wr
0x0121      [88]    _I2C1_Start
0x0179      [53]    _I2C1_Repeated_Start
0x01AE      [21]    _Bcd2Dec
0x01C3      [50]    _read_I2C
0x01F5       [7]    _____DoICP
0x01FC      [49]    _Check_time
0x022D      [45]    _write_I2C
0x025A      [12]    ___CC2DW
0x0266      [53]    _I2C1_Init
0x029B      [64]    _main
//** Variables locations ** 
//ADDRESS    SIZE    VARIABLE
//----------------------------------------------
0x0000       [1]    INDF
0x0002       [1]    PCL
0x0003       [1]    STATUS
0x0004       [1]    FSR
0x0005       [0]    RA4_bit
0x0005       [0]    RA7_bit
0x0005       [0]    RA6_bit
0x0005       [0]    RA0_bit
0x0005       [0]    RA2_bit
0x0005       [0]    RA5_bit
0x000A       [1]    PCLATH
0x000C       [1]    PIR1
0x0013       [1]    SSPBUF
0x0014       [1]    SSPCON
0x0020       [1]    FARG_I2C1_Wr_data_
0x0021       [1]    FARG_I2C1_Rd_ack
0x0022       [1]    _sec
0x0023       [1]    _mins
0x0024       [1]    _prev_hrs
0x0025       [1]    _hrs
0x0026       [4]    __Lib_I2C_c34__I2C1_TIMEOUT
0x002A       [1]    _prev_min
0x002B       [2]    ___DoICPAddr
0x002D       [3]    _I2C_Is_Idle_Ptr
0x0030       [3]    _I2C1_Timeout_Ptr
0x0033       [3]    _I2C_Restart_Ptr
0x0036       [3]    _I2C_Start_Ptr
0x0039       [3]    _I2C_Stop_Ptr
0x003C       [3]    _I2C_Write_Ptr
0x003F       [3]    _I2C_Read_Ptr
0x0042       [1]    FARG_write_I2C_sa_addr
0x0042       [4]    FARG_I2C1_Init_clock
0x0043       [2]    FARG_write_I2C_buf_addr
0x0045       [1]    FARG_write_I2C_dat
0x0046       [1]    FARG_Bcd2Dec_bcdnum
0x0046       [1]    FARG_read_I2C_sa_addr
0x0047       [2]    FARG_read_I2C_buf_addr
0x0049       [1]    read_I2C_buf_L0
0x004A       [2]    I2C1_Start_j_L0
0x004A       [4]    I2C1_Wr_timeout_L0
0x004A       [4]    I2C1_Repeated_Start_timeout_L0
0x004A       [1]    I2C1_Rd_tmp_L0
0x004B       [4]    I2C1_Rd_timeout_L0
0x004C       [4]    I2C1_Start_timeout_L0
0x0070       [1]    R0
0x0071       [1]    R1
0x0072       [1]    R2
0x0073       [1]    R3
0x0074       [1]    R4
0x0075       [1]    R5
0x0076       [1]    R6
0x0077       [1]    R7
0x0078       [1]    R8
0x0079       [1]    R9
0x007A       [1]    R10
0x007B       [1]    R11
0x007C       [1]    R12
0x007D       [1]    R13
0x007E       [1]    R14
0x007F       [1]    R15
0x0085       [0]    TRISA0_bit
0x0085       [0]    TRISA7_bit
0x0085       [0]    TRISA2_bit
0x0085       [0]    TRISA5_bit
0x0085       [0]    TRISA6_bit
0x0085       [0]    TRISA4_bit
0x0087       [0]    TRISC4_bit
0x0087       [0]    TRISC3_bit
0x0091       [1]    SSPCON2
0x0093       [1]    SSPADD
0x0094       [1]    SSPSTAT
0x0188       [1]    ANSEL
0x0189       [1]    ANSELH
//** Constants locations ** 
//ADDRESS    SIZE    CONSTANT
//----------------------------------------------
0x02E1       [1]    ?ICS_sec
0x02E2       [1]    ?ICS_mins
0x02E3       [1]    ?ICS_prev_hrs
0x02E4       [1]    ?ICS_hrs
0x02E5       [4]    ?ICS__Lib_I2C_c34__I2C1_TIMEOUT
0x02E9       [1]    ?ICS_prev_min
