0	1	mikroCPIC1618.exe -MSF -DBG -pP16F886 -RA -DL -O11111114 -fo8 -N"C:\Users\Sahil\Desktop\PIC Project\pr\voltmeter\source\voltmeter.mcppi" -SP"E:\Mikroelektronika\mikroC PRO for PIC\Defs\" -SP"E:\Mikroelektronika\mikroC PRO for PIC\Uses\P16\" -SP"C:\Users\Sahil\Desktop\PIC Project\pr\voltmeter\source\" -IP"C:\Users\Sahil\Desktop\PIC Project\pr\voltmeter\source\" "voltmeter.c" "__Lib_Math.mcl" "__Lib_MathDouble.mcl" "__Lib_System.mcl" "__Lib_Delays.mcl" "__Lib_CString.mcl" "__Lib_Conversions.mcl" "__Lib_ADC_88X.mcl" "__Lib_LcdConsts.mcl" "__Lib_Lcd.mcl"	 
hint: 0	1139	Available RAM: 352 [bytes], Available ROM: 8192 [bytes]	 
diagnostics: 0	122	Compilation Started	P16F886.c
diagnostics: 917	123	Compiled Successfully	P16F886.c
diagnostics: 0	122	Compilation Started	__Lib_Delays.c
diagnostics: 123	123	Compiled Successfully	__Lib_Delays.c
diagnostics: 0	122	Compilation Started	types.h
hint: 198	1163	Variable 'i' has been declared, but not used	voltmeter.c
diagnostics: 206	123	Compiled Successfully	voltmeter.c
hint: 158	1164	Variable 'avg_adc' has been eliminated by optimizer	voltmeter.c
hint: 160	1164	Variable 'real_temp' has been eliminated by optimizer	voltmeter.c
hint: 160	1164	Variable 'dec_temp' has been eliminated by optimizer	voltmeter.c
hint: 197	1164	Variable 'v_sum' has been eliminated by optimizer	voltmeter.c
hint: 197	1164	Variable 'offset' has been eliminated by optimizer	voltmeter.c
diagnostics: 0	127	All files Compiled in 63 ms	 
hint: 0	1144	Used RAM (bytes): 148 (42%)  Free RAM (bytes): 204 (58%)	Used RAM (bytes): 148 (42%)  Free RAM (bytes): 204 (58%)
hint: 0	1144	Used ROM (program words): 2571 (31%)  Free ROM (program words): 5621 (69%)	Used ROM (program words): 2571 (31%)  Free ROM (program words): 5621 (69%)
diagnostics: 0	125	Project Linked Successfully	voltmeter.mcppi
diagnostics: 0	128	Linked in 78 ms	 
diagnostics: 0	129	Project 'voltmeter.mcppi' completed: 312 ms	 
diagnostics: 0	103	Finished successfully: 04 Aug 2016, 23:34:31	voltmeter.mcppi
